[2024-09-21T05:11:04.029+0000] {processor.py:154} INFO - Started process (PID=65) to work on /home/airflow/.local/lib/python3.7/site-packages/airflow/example_dags/example_branch_day_of_week_operator.py
[2024-09-21T05:11:04.029+0000] {processor.py:756} INFO - Processing file /home/airflow/.local/lib/python3.7/site-packages/airflow/example_dags/example_branch_day_of_week_operator.py for tasks to queue
[2024-09-21T05:11:04.030+0000] {logging_mixin.py:120} INFO - [2024-09-21T05:11:04.030+0000] {dagbag.py:537} INFO - Filling up the DagBag from /home/airflow/.local/lib/python3.7/site-packages/airflow/example_dags/example_branch_day_of_week_operator.py
[2024-09-21T05:11:04.041+0000] {processor.py:766} INFO - DAG(s) dict_keys(['example_weekday_branch_operator']) retrieved from /home/airflow/.local/lib/python3.7/site-packages/airflow/example_dags/example_branch_day_of_week_operator.py
[2024-09-21T05:11:04.056+0000] {logging_mixin.py:120} INFO - [2024-09-21T05:11:04.056+0000] {dag.py:2585} INFO - Sync 1 DAGs
[2024-09-21T05:11:04.072+0000] {logging_mixin.py:120} INFO - [2024-09-21T05:11:04.072+0000] {dag.py:3340} INFO - Setting next_dagrun for example_weekday_branch_operator to 2024-09-20T00:00:00+00:00, run_after=2024-09-21T00:00:00+00:00
[2024-09-21T05:11:04.086+0000] {processor.py:176} INFO - Processing /home/airflow/.local/lib/python3.7/site-packages/airflow/example_dags/example_branch_day_of_week_operator.py took 0.059 seconds
[2024-09-21T05:11:34.661+0000] {processor.py:154} INFO - Started process (PID=128) to work on /home/airflow/.local/lib/python3.7/site-packages/airflow/example_dags/example_branch_day_of_week_operator.py
[2024-09-21T05:11:34.664+0000] {processor.py:756} INFO - Processing file /home/airflow/.local/lib/python3.7/site-packages/airflow/example_dags/example_branch_day_of_week_operator.py for tasks to queue
[2024-09-21T05:11:34.665+0000] {logging_mixin.py:120} INFO - [2024-09-21T05:11:34.665+0000] {dagbag.py:537} INFO - Filling up the DagBag from /home/airflow/.local/lib/python3.7/site-packages/airflow/example_dags/example_branch_day_of_week_operator.py
[2024-09-21T05:11:34.672+0000] {processor.py:766} INFO - DAG(s) dict_keys(['example_weekday_branch_operator']) retrieved from /home/airflow/.local/lib/python3.7/site-packages/airflow/example_dags/example_branch_day_of_week_operator.py
[2024-09-21T05:11:34.692+0000] {logging_mixin.py:120} INFO - [2024-09-21T05:11:34.692+0000] {dag.py:2585} INFO - Sync 1 DAGs
[2024-09-21T05:11:34.714+0000] {logging_mixin.py:120} INFO - [2024-09-21T05:11:34.713+0000] {dag.py:3340} INFO - Setting next_dagrun for example_weekday_branch_operator to 2024-09-20T00:00:00+00:00, run_after=2024-09-21T00:00:00+00:00
[2024-09-21T05:11:34.725+0000] {processor.py:176} INFO - Processing /home/airflow/.local/lib/python3.7/site-packages/airflow/example_dags/example_branch_day_of_week_operator.py took 0.065 seconds
[2024-09-21T05:12:05.174+0000] {processor.py:154} INFO - Started process (PID=192) to work on /home/airflow/.local/lib/python3.7/site-packages/airflow/example_dags/example_branch_day_of_week_operator.py
[2024-09-21T05:12:05.174+0000] {processor.py:756} INFO - Processing file /home/airflow/.local/lib/python3.7/site-packages/airflow/example_dags/example_branch_day_of_week_operator.py for tasks to queue
[2024-09-21T05:12:05.175+0000] {logging_mixin.py:120} INFO - [2024-09-21T05:12:05.175+0000] {dagbag.py:537} INFO - Filling up the DagBag from /home/airflow/.local/lib/python3.7/site-packages/airflow/example_dags/example_branch_day_of_week_operator.py
[2024-09-21T05:12:05.183+0000] {processor.py:766} INFO - DAG(s) dict_keys(['example_weekday_branch_operator']) retrieved from /home/airflow/.local/lib/python3.7/site-packages/airflow/example_dags/example_branch_day_of_week_operator.py
[2024-09-21T05:12:05.202+0000] {logging_mixin.py:120} INFO - [2024-09-21T05:12:05.202+0000] {dag.py:2585} INFO - Sync 1 DAGs
[2024-09-21T05:12:05.215+0000] {logging_mixin.py:120} INFO - [2024-09-21T05:12:05.215+0000] {dag.py:3340} INFO - Setting next_dagrun for example_weekday_branch_operator to 2024-09-20T00:00:00+00:00, run_after=2024-09-21T00:00:00+00:00
[2024-09-21T05:12:05.226+0000] {processor.py:176} INFO - Processing /home/airflow/.local/lib/python3.7/site-packages/airflow/example_dags/example_branch_day_of_week_operator.py took 0.053 seconds
[2024-09-21T05:12:35.904+0000] {processor.py:154} INFO - Started process (PID=255) to work on /home/airflow/.local/lib/python3.7/site-packages/airflow/example_dags/example_branch_day_of_week_operator.py
[2024-09-21T05:12:35.906+0000] {processor.py:756} INFO - Processing file /home/airflow/.local/lib/python3.7/site-packages/airflow/example_dags/example_branch_day_of_week_operator.py for tasks to queue
[2024-09-21T05:12:35.907+0000] {logging_mixin.py:120} INFO - [2024-09-21T05:12:35.907+0000] {dagbag.py:537} INFO - Filling up the DagBag from /home/airflow/.local/lib/python3.7/site-packages/airflow/example_dags/example_branch_day_of_week_operator.py
[2024-09-21T05:12:35.916+0000] {processor.py:766} INFO - DAG(s) dict_keys(['example_weekday_branch_operator']) retrieved from /home/airflow/.local/lib/python3.7/site-packages/airflow/example_dags/example_branch_day_of_week_operator.py
[2024-09-21T05:12:35.935+0000] {logging_mixin.py:120} INFO - [2024-09-21T05:12:35.935+0000] {dag.py:2585} INFO - Sync 1 DAGs
[2024-09-21T05:12:35.946+0000] {logging_mixin.py:120} INFO - [2024-09-21T05:12:35.946+0000] {dag.py:3340} INFO - Setting next_dagrun for example_weekday_branch_operator to 2024-09-20T00:00:00+00:00, run_after=2024-09-21T00:00:00+00:00
[2024-09-21T05:12:35.953+0000] {processor.py:176} INFO - Processing /home/airflow/.local/lib/python3.7/site-packages/airflow/example_dags/example_branch_day_of_week_operator.py took 0.051 seconds
[2024-09-21T05:13:06.449+0000] {processor.py:154} INFO - Started process (PID=318) to work on /home/airflow/.local/lib/python3.7/site-packages/airflow/example_dags/example_branch_day_of_week_operator.py
[2024-09-21T05:13:06.449+0000] {processor.py:756} INFO - Processing file /home/airflow/.local/lib/python3.7/site-packages/airflow/example_dags/example_branch_day_of_week_operator.py for tasks to queue
[2024-09-21T05:13:06.449+0000] {logging_mixin.py:120} INFO - [2024-09-21T05:13:06.449+0000] {dagbag.py:537} INFO - Filling up the DagBag from /home/airflow/.local/lib/python3.7/site-packages/airflow/example_dags/example_branch_day_of_week_operator.py
[2024-09-21T05:13:06.457+0000] {processor.py:766} INFO - DAG(s) dict_keys(['example_weekday_branch_operator']) retrieved from /home/airflow/.local/lib/python3.7/site-packages/airflow/example_dags/example_branch_day_of_week_operator.py
[2024-09-21T05:13:06.476+0000] {logging_mixin.py:120} INFO - [2024-09-21T05:13:06.476+0000] {dag.py:2585} INFO - Sync 1 DAGs
[2024-09-21T05:13:06.487+0000] {logging_mixin.py:120} INFO - [2024-09-21T05:13:06.487+0000] {dag.py:3340} INFO - Setting next_dagrun for example_weekday_branch_operator to 2024-09-20T00:00:00+00:00, run_after=2024-09-21T00:00:00+00:00
[2024-09-21T05:13:06.495+0000] {processor.py:176} INFO - Processing /home/airflow/.local/lib/python3.7/site-packages/airflow/example_dags/example_branch_day_of_week_operator.py took 0.048 seconds
[2024-09-21T05:13:36.943+0000] {processor.py:154} INFO - Started process (PID=381) to work on /home/airflow/.local/lib/python3.7/site-packages/airflow/example_dags/example_branch_day_of_week_operator.py
[2024-09-21T05:13:36.944+0000] {processor.py:756} INFO - Processing file /home/airflow/.local/lib/python3.7/site-packages/airflow/example_dags/example_branch_day_of_week_operator.py for tasks to queue
[2024-09-21T05:13:36.944+0000] {logging_mixin.py:120} INFO - [2024-09-21T05:13:36.944+0000] {dagbag.py:537} INFO - Filling up the DagBag from /home/airflow/.local/lib/python3.7/site-packages/airflow/example_dags/example_branch_day_of_week_operator.py
[2024-09-21T05:13:36.954+0000] {processor.py:766} INFO - DAG(s) dict_keys(['example_weekday_branch_operator']) retrieved from /home/airflow/.local/lib/python3.7/site-packages/airflow/example_dags/example_branch_day_of_week_operator.py
[2024-09-21T05:13:36.975+0000] {logging_mixin.py:120} INFO - [2024-09-21T05:13:36.975+0000] {dag.py:2585} INFO - Sync 1 DAGs
[2024-09-21T05:13:36.987+0000] {logging_mixin.py:120} INFO - [2024-09-21T05:13:36.987+0000] {dag.py:3340} INFO - Setting next_dagrun for example_weekday_branch_operator to 2024-09-20T00:00:00+00:00, run_after=2024-09-21T00:00:00+00:00
[2024-09-21T05:13:36.996+0000] {processor.py:176} INFO - Processing /home/airflow/.local/lib/python3.7/site-packages/airflow/example_dags/example_branch_day_of_week_operator.py took 0.055 seconds
[2024-09-21T05:14:07.404+0000] {processor.py:154} INFO - Started process (PID=435) to work on /home/airflow/.local/lib/python3.7/site-packages/airflow/example_dags/example_branch_day_of_week_operator.py
[2024-09-21T05:14:07.404+0000] {processor.py:756} INFO - Processing file /home/airflow/.local/lib/python3.7/site-packages/airflow/example_dags/example_branch_day_of_week_operator.py for tasks to queue
[2024-09-21T05:14:07.405+0000] {logging_mixin.py:120} INFO - [2024-09-21T05:14:07.405+0000] {dagbag.py:537} INFO - Filling up the DagBag from /home/airflow/.local/lib/python3.7/site-packages/airflow/example_dags/example_branch_day_of_week_operator.py
[2024-09-21T05:14:07.412+0000] {processor.py:766} INFO - DAG(s) dict_keys(['example_weekday_branch_operator']) retrieved from /home/airflow/.local/lib/python3.7/site-packages/airflow/example_dags/example_branch_day_of_week_operator.py
[2024-09-21T05:14:07.431+0000] {logging_mixin.py:120} INFO - [2024-09-21T05:14:07.431+0000] {dag.py:2585} INFO - Sync 1 DAGs
[2024-09-21T05:14:07.444+0000] {logging_mixin.py:120} INFO - [2024-09-21T05:14:07.444+0000] {dag.py:3340} INFO - Setting next_dagrun for example_weekday_branch_operator to 2024-09-20T00:00:00+00:00, run_after=2024-09-21T00:00:00+00:00
[2024-09-21T05:14:07.453+0000] {processor.py:176} INFO - Processing /home/airflow/.local/lib/python3.7/site-packages/airflow/example_dags/example_branch_day_of_week_operator.py took 0.050 seconds
[2024-09-21T05:14:37.907+0000] {processor.py:154} INFO - Started process (PID=498) to work on /home/airflow/.local/lib/python3.7/site-packages/airflow/example_dags/example_branch_day_of_week_operator.py
[2024-09-21T05:14:37.907+0000] {processor.py:756} INFO - Processing file /home/airflow/.local/lib/python3.7/site-packages/airflow/example_dags/example_branch_day_of_week_operator.py for tasks to queue
[2024-09-21T05:14:37.907+0000] {logging_mixin.py:120} INFO - [2024-09-21T05:14:37.907+0000] {dagbag.py:537} INFO - Filling up the DagBag from /home/airflow/.local/lib/python3.7/site-packages/airflow/example_dags/example_branch_day_of_week_operator.py
[2024-09-21T05:14:37.915+0000] {processor.py:766} INFO - DAG(s) dict_keys(['example_weekday_branch_operator']) retrieved from /home/airflow/.local/lib/python3.7/site-packages/airflow/example_dags/example_branch_day_of_week_operator.py
[2024-09-21T05:14:37.932+0000] {logging_mixin.py:120} INFO - [2024-09-21T05:14:37.932+0000] {dag.py:2585} INFO - Sync 1 DAGs
[2024-09-21T05:14:37.942+0000] {logging_mixin.py:120} INFO - [2024-09-21T05:14:37.942+0000] {dag.py:3340} INFO - Setting next_dagrun for example_weekday_branch_operator to 2024-09-20T00:00:00+00:00, run_after=2024-09-21T00:00:00+00:00
[2024-09-21T05:14:37.950+0000] {processor.py:176} INFO - Processing /home/airflow/.local/lib/python3.7/site-packages/airflow/example_dags/example_branch_day_of_week_operator.py took 0.045 seconds
[2024-09-21T05:15:08.321+0000] {processor.py:154} INFO - Started process (PID=560) to work on /home/airflow/.local/lib/python3.7/site-packages/airflow/example_dags/example_branch_day_of_week_operator.py
[2024-09-21T05:15:08.322+0000] {processor.py:756} INFO - Processing file /home/airflow/.local/lib/python3.7/site-packages/airflow/example_dags/example_branch_day_of_week_operator.py for tasks to queue
[2024-09-21T05:15:08.323+0000] {logging_mixin.py:120} INFO - [2024-09-21T05:15:08.322+0000] {dagbag.py:537} INFO - Filling up the DagBag from /home/airflow/.local/lib/python3.7/site-packages/airflow/example_dags/example_branch_day_of_week_operator.py
[2024-09-21T05:15:08.331+0000] {processor.py:766} INFO - DAG(s) dict_keys(['example_weekday_branch_operator']) retrieved from /home/airflow/.local/lib/python3.7/site-packages/airflow/example_dags/example_branch_day_of_week_operator.py
[2024-09-21T05:15:08.352+0000] {logging_mixin.py:120} INFO - [2024-09-21T05:15:08.352+0000] {dag.py:2585} INFO - Sync 1 DAGs
[2024-09-21T05:15:08.365+0000] {logging_mixin.py:120} INFO - [2024-09-21T05:15:08.365+0000] {dag.py:3340} INFO - Setting next_dagrun for example_weekday_branch_operator to 2024-09-20T00:00:00+00:00, run_after=2024-09-21T00:00:00+00:00
[2024-09-21T05:15:08.372+0000] {processor.py:176} INFO - Processing /home/airflow/.local/lib/python3.7/site-packages/airflow/example_dags/example_branch_day_of_week_operator.py took 0.053 seconds
[2024-09-21T05:15:38.726+0000] {processor.py:154} INFO - Started process (PID=623) to work on /home/airflow/.local/lib/python3.7/site-packages/airflow/example_dags/example_branch_day_of_week_operator.py
[2024-09-21T05:15:38.726+0000] {processor.py:756} INFO - Processing file /home/airflow/.local/lib/python3.7/site-packages/airflow/example_dags/example_branch_day_of_week_operator.py for tasks to queue
[2024-09-21T05:15:38.726+0000] {logging_mixin.py:120} INFO - [2024-09-21T05:15:38.726+0000] {dagbag.py:537} INFO - Filling up the DagBag from /home/airflow/.local/lib/python3.7/site-packages/airflow/example_dags/example_branch_day_of_week_operator.py
[2024-09-21T05:15:38.734+0000] {processor.py:766} INFO - DAG(s) dict_keys(['example_weekday_branch_operator']) retrieved from /home/airflow/.local/lib/python3.7/site-packages/airflow/example_dags/example_branch_day_of_week_operator.py
[2024-09-21T05:15:38.752+0000] {logging_mixin.py:120} INFO - [2024-09-21T05:15:38.752+0000] {dag.py:2585} INFO - Sync 1 DAGs
[2024-09-21T05:15:38.768+0000] {logging_mixin.py:120} INFO - [2024-09-21T05:15:38.768+0000] {dag.py:3340} INFO - Setting next_dagrun for example_weekday_branch_operator to 2024-09-20T00:00:00+00:00, run_after=2024-09-21T00:00:00+00:00
[2024-09-21T05:15:38.776+0000] {processor.py:176} INFO - Processing /home/airflow/.local/lib/python3.7/site-packages/airflow/example_dags/example_branch_day_of_week_operator.py took 0.052 seconds
[2024-09-21T05:16:09.134+0000] {processor.py:154} INFO - Started process (PID=686) to work on /home/airflow/.local/lib/python3.7/site-packages/airflow/example_dags/example_branch_day_of_week_operator.py
[2024-09-21T05:16:09.135+0000] {processor.py:756} INFO - Processing file /home/airflow/.local/lib/python3.7/site-packages/airflow/example_dags/example_branch_day_of_week_operator.py for tasks to queue
[2024-09-21T05:16:09.135+0000] {logging_mixin.py:120} INFO - [2024-09-21T05:16:09.135+0000] {dagbag.py:537} INFO - Filling up the DagBag from /home/airflow/.local/lib/python3.7/site-packages/airflow/example_dags/example_branch_day_of_week_operator.py
[2024-09-21T05:16:09.142+0000] {processor.py:766} INFO - DAG(s) dict_keys(['example_weekday_branch_operator']) retrieved from /home/airflow/.local/lib/python3.7/site-packages/airflow/example_dags/example_branch_day_of_week_operator.py
[2024-09-21T05:16:09.160+0000] {logging_mixin.py:120} INFO - [2024-09-21T05:16:09.160+0000] {dag.py:2585} INFO - Sync 1 DAGs
[2024-09-21T05:16:09.171+0000] {logging_mixin.py:120} INFO - [2024-09-21T05:16:09.171+0000] {dag.py:3340} INFO - Setting next_dagrun for example_weekday_branch_operator to 2024-09-20T00:00:00+00:00, run_after=2024-09-21T00:00:00+00:00
[2024-09-21T05:16:09.179+0000] {processor.py:176} INFO - Processing /home/airflow/.local/lib/python3.7/site-packages/airflow/example_dags/example_branch_day_of_week_operator.py took 0.046 seconds
[2024-09-21T05:16:39.603+0000] {processor.py:154} INFO - Started process (PID=749) to work on /home/airflow/.local/lib/python3.7/site-packages/airflow/example_dags/example_branch_day_of_week_operator.py
[2024-09-21T05:16:39.603+0000] {processor.py:756} INFO - Processing file /home/airflow/.local/lib/python3.7/site-packages/airflow/example_dags/example_branch_day_of_week_operator.py for tasks to queue
[2024-09-21T05:16:39.604+0000] {logging_mixin.py:120} INFO - [2024-09-21T05:16:39.604+0000] {dagbag.py:537} INFO - Filling up the DagBag from /home/airflow/.local/lib/python3.7/site-packages/airflow/example_dags/example_branch_day_of_week_operator.py
[2024-09-21T05:16:39.612+0000] {processor.py:766} INFO - DAG(s) dict_keys(['example_weekday_branch_operator']) retrieved from /home/airflow/.local/lib/python3.7/site-packages/airflow/example_dags/example_branch_day_of_week_operator.py
[2024-09-21T05:16:39.631+0000] {logging_mixin.py:120} INFO - [2024-09-21T05:16:39.631+0000] {dag.py:2585} INFO - Sync 1 DAGs
[2024-09-21T05:16:39.642+0000] {logging_mixin.py:120} INFO - [2024-09-21T05:16:39.642+0000] {dag.py:3340} INFO - Setting next_dagrun for example_weekday_branch_operator to 2024-09-20T00:00:00+00:00, run_after=2024-09-21T00:00:00+00:00
[2024-09-21T05:16:39.650+0000] {processor.py:176} INFO - Processing /home/airflow/.local/lib/python3.7/site-packages/airflow/example_dags/example_branch_day_of_week_operator.py took 0.049 seconds
