[2024-09-21T05:11:03.242+0000] {processor.py:154} INFO - Started process (PID=50) to work on /home/airflow/.local/lib/python3.7/site-packages/airflow/example_dags/example_kubernetes_executor.py
[2024-09-21T05:11:03.243+0000] {processor.py:756} INFO - Processing file /home/airflow/.local/lib/python3.7/site-packages/airflow/example_dags/example_kubernetes_executor.py for tasks to queue
[2024-09-21T05:11:03.243+0000] {logging_mixin.py:120} INFO - [2024-09-21T05:11:03.243+0000] {dagbag.py:537} INFO - Filling up the DagBag from /home/airflow/.local/lib/python3.7/site-packages/airflow/example_dags/example_kubernetes_executor.py
[2024-09-21T05:11:03.262+0000] {processor.py:766} INFO - DAG(s) dict_keys(['example_kubernetes_executor']) retrieved from /home/airflow/.local/lib/python3.7/site-packages/airflow/example_dags/example_kubernetes_executor.py
[2024-09-21T05:11:03.280+0000] {logging_mixin.py:120} INFO - [2024-09-21T05:11:03.280+0000] {dag.py:2585} INFO - Sync 1 DAGs
[2024-09-21T05:11:03.297+0000] {logging_mixin.py:120} INFO - [2024-09-21T05:11:03.296+0000] {dag.py:3340} INFO - Setting next_dagrun for example_kubernetes_executor to None, run_after=None
[2024-09-21T05:11:03.322+0000] {processor.py:176} INFO - Processing /home/airflow/.local/lib/python3.7/site-packages/airflow/example_dags/example_kubernetes_executor.py took 0.081 seconds
[2024-09-21T05:11:34.004+0000] {processor.py:154} INFO - Started process (PID=113) to work on /home/airflow/.local/lib/python3.7/site-packages/airflow/example_dags/example_kubernetes_executor.py
[2024-09-21T05:11:34.007+0000] {processor.py:756} INFO - Processing file /home/airflow/.local/lib/python3.7/site-packages/airflow/example_dags/example_kubernetes_executor.py for tasks to queue
[2024-09-21T05:11:34.008+0000] {logging_mixin.py:120} INFO - [2024-09-21T05:11:34.008+0000] {dagbag.py:537} INFO - Filling up the DagBag from /home/airflow/.local/lib/python3.7/site-packages/airflow/example_dags/example_kubernetes_executor.py
[2024-09-21T05:11:34.022+0000] {processor.py:766} INFO - DAG(s) dict_keys(['example_kubernetes_executor']) retrieved from /home/airflow/.local/lib/python3.7/site-packages/airflow/example_dags/example_kubernetes_executor.py
[2024-09-21T05:11:34.040+0000] {logging_mixin.py:120} INFO - [2024-09-21T05:11:34.040+0000] {dag.py:2585} INFO - Sync 1 DAGs
[2024-09-21T05:11:34.052+0000] {logging_mixin.py:120} INFO - [2024-09-21T05:11:34.052+0000] {dag.py:3340} INFO - Setting next_dagrun for example_kubernetes_executor to None, run_after=None
[2024-09-21T05:11:34.067+0000] {processor.py:176} INFO - Processing /home/airflow/.local/lib/python3.7/site-packages/airflow/example_dags/example_kubernetes_executor.py took 0.065 seconds
[2024-09-21T05:12:04.668+0000] {processor.py:154} INFO - Started process (PID=177) to work on /home/airflow/.local/lib/python3.7/site-packages/airflow/example_dags/example_kubernetes_executor.py
[2024-09-21T05:12:04.668+0000] {processor.py:756} INFO - Processing file /home/airflow/.local/lib/python3.7/site-packages/airflow/example_dags/example_kubernetes_executor.py for tasks to queue
[2024-09-21T05:12:04.669+0000] {logging_mixin.py:120} INFO - [2024-09-21T05:12:04.669+0000] {dagbag.py:537} INFO - Filling up the DagBag from /home/airflow/.local/lib/python3.7/site-packages/airflow/example_dags/example_kubernetes_executor.py
[2024-09-21T05:12:04.682+0000] {processor.py:766} INFO - DAG(s) dict_keys(['example_kubernetes_executor']) retrieved from /home/airflow/.local/lib/python3.7/site-packages/airflow/example_dags/example_kubernetes_executor.py
[2024-09-21T05:12:04.700+0000] {logging_mixin.py:120} INFO - [2024-09-21T05:12:04.700+0000] {dag.py:2585} INFO - Sync 1 DAGs
[2024-09-21T05:12:04.710+0000] {logging_mixin.py:120} INFO - [2024-09-21T05:12:04.710+0000] {dag.py:3340} INFO - Setting next_dagrun for example_kubernetes_executor to None, run_after=None
[2024-09-21T05:12:04.718+0000] {processor.py:176} INFO - Processing /home/airflow/.local/lib/python3.7/site-packages/airflow/example_dags/example_kubernetes_executor.py took 0.051 seconds
[2024-09-21T05:12:35.388+0000] {processor.py:154} INFO - Started process (PID=240) to work on /home/airflow/.local/lib/python3.7/site-packages/airflow/example_dags/example_kubernetes_executor.py
[2024-09-21T05:12:35.388+0000] {processor.py:756} INFO - Processing file /home/airflow/.local/lib/python3.7/site-packages/airflow/example_dags/example_kubernetes_executor.py for tasks to queue
[2024-09-21T05:12:35.389+0000] {logging_mixin.py:120} INFO - [2024-09-21T05:12:35.388+0000] {dagbag.py:537} INFO - Filling up the DagBag from /home/airflow/.local/lib/python3.7/site-packages/airflow/example_dags/example_kubernetes_executor.py
[2024-09-21T05:12:35.403+0000] {processor.py:766} INFO - DAG(s) dict_keys(['example_kubernetes_executor']) retrieved from /home/airflow/.local/lib/python3.7/site-packages/airflow/example_dags/example_kubernetes_executor.py
[2024-09-21T05:12:35.425+0000] {logging_mixin.py:120} INFO - [2024-09-21T05:12:35.425+0000] {dag.py:2585} INFO - Sync 1 DAGs
[2024-09-21T05:12:35.437+0000] {logging_mixin.py:120} INFO - [2024-09-21T05:12:35.437+0000] {dag.py:3340} INFO - Setting next_dagrun for example_kubernetes_executor to None, run_after=None
[2024-09-21T05:12:35.445+0000] {processor.py:176} INFO - Processing /home/airflow/.local/lib/python3.7/site-packages/airflow/example_dags/example_kubernetes_executor.py took 0.059 seconds
[2024-09-21T05:13:05.871+0000] {processor.py:154} INFO - Started process (PID=303) to work on /home/airflow/.local/lib/python3.7/site-packages/airflow/example_dags/example_kubernetes_executor.py
[2024-09-21T05:13:05.872+0000] {processor.py:756} INFO - Processing file /home/airflow/.local/lib/python3.7/site-packages/airflow/example_dags/example_kubernetes_executor.py for tasks to queue
[2024-09-21T05:13:05.873+0000] {logging_mixin.py:120} INFO - [2024-09-21T05:13:05.873+0000] {dagbag.py:537} INFO - Filling up the DagBag from /home/airflow/.local/lib/python3.7/site-packages/airflow/example_dags/example_kubernetes_executor.py
[2024-09-21T05:13:05.889+0000] {processor.py:766} INFO - DAG(s) dict_keys(['example_kubernetes_executor']) retrieved from /home/airflow/.local/lib/python3.7/site-packages/airflow/example_dags/example_kubernetes_executor.py
[2024-09-21T05:13:05.911+0000] {logging_mixin.py:120} INFO - [2024-09-21T05:13:05.911+0000] {dag.py:2585} INFO - Sync 1 DAGs
[2024-09-21T05:13:05.922+0000] {logging_mixin.py:120} INFO - [2024-09-21T05:13:05.922+0000] {dag.py:3340} INFO - Setting next_dagrun for example_kubernetes_executor to None, run_after=None
[2024-09-21T05:13:05.932+0000] {processor.py:176} INFO - Processing /home/airflow/.local/lib/python3.7/site-packages/airflow/example_dags/example_kubernetes_executor.py took 0.063 seconds
[2024-09-21T05:13:36.355+0000] {processor.py:154} INFO - Started process (PID=364) to work on /home/airflow/.local/lib/python3.7/site-packages/airflow/example_dags/example_kubernetes_executor.py
[2024-09-21T05:13:36.356+0000] {processor.py:756} INFO - Processing file /home/airflow/.local/lib/python3.7/site-packages/airflow/example_dags/example_kubernetes_executor.py for tasks to queue
[2024-09-21T05:13:36.356+0000] {logging_mixin.py:120} INFO - [2024-09-21T05:13:36.356+0000] {dagbag.py:537} INFO - Filling up the DagBag from /home/airflow/.local/lib/python3.7/site-packages/airflow/example_dags/example_kubernetes_executor.py
[2024-09-21T05:13:36.372+0000] {processor.py:766} INFO - DAG(s) dict_keys(['example_kubernetes_executor']) retrieved from /home/airflow/.local/lib/python3.7/site-packages/airflow/example_dags/example_kubernetes_executor.py
[2024-09-21T05:13:36.394+0000] {logging_mixin.py:120} INFO - [2024-09-21T05:13:36.394+0000] {dag.py:2585} INFO - Sync 1 DAGs
[2024-09-21T05:13:36.406+0000] {logging_mixin.py:120} INFO - [2024-09-21T05:13:36.406+0000] {dag.py:3340} INFO - Setting next_dagrun for example_kubernetes_executor to None, run_after=None
[2024-09-21T05:13:36.415+0000] {processor.py:176} INFO - Processing /home/airflow/.local/lib/python3.7/site-packages/airflow/example_dags/example_kubernetes_executor.py took 0.062 seconds
[2024-09-21T05:14:06.882+0000] {processor.py:154} INFO - Started process (PID=420) to work on /home/airflow/.local/lib/python3.7/site-packages/airflow/example_dags/example_kubernetes_executor.py
[2024-09-21T05:14:06.884+0000] {processor.py:756} INFO - Processing file /home/airflow/.local/lib/python3.7/site-packages/airflow/example_dags/example_kubernetes_executor.py for tasks to queue
[2024-09-21T05:14:06.885+0000] {logging_mixin.py:120} INFO - [2024-09-21T05:14:06.885+0000] {dagbag.py:537} INFO - Filling up the DagBag from /home/airflow/.local/lib/python3.7/site-packages/airflow/example_dags/example_kubernetes_executor.py
[2024-09-21T05:14:06.899+0000] {processor.py:766} INFO - DAG(s) dict_keys(['example_kubernetes_executor']) retrieved from /home/airflow/.local/lib/python3.7/site-packages/airflow/example_dags/example_kubernetes_executor.py
[2024-09-21T05:14:06.920+0000] {logging_mixin.py:120} INFO - [2024-09-21T05:14:06.920+0000] {dag.py:2585} INFO - Sync 1 DAGs
[2024-09-21T05:14:06.932+0000] {logging_mixin.py:120} INFO - [2024-09-21T05:14:06.932+0000] {dag.py:3340} INFO - Setting next_dagrun for example_kubernetes_executor to None, run_after=None
[2024-09-21T05:14:06.941+0000] {processor.py:176} INFO - Processing /home/airflow/.local/lib/python3.7/site-packages/airflow/example_dags/example_kubernetes_executor.py took 0.061 seconds
[2024-09-21T05:14:37.363+0000] {processor.py:154} INFO - Started process (PID=483) to work on /home/airflow/.local/lib/python3.7/site-packages/airflow/example_dags/example_kubernetes_executor.py
[2024-09-21T05:14:37.364+0000] {processor.py:756} INFO - Processing file /home/airflow/.local/lib/python3.7/site-packages/airflow/example_dags/example_kubernetes_executor.py for tasks to queue
[2024-09-21T05:14:37.364+0000] {logging_mixin.py:120} INFO - [2024-09-21T05:14:37.364+0000] {dagbag.py:537} INFO - Filling up the DagBag from /home/airflow/.local/lib/python3.7/site-packages/airflow/example_dags/example_kubernetes_executor.py
[2024-09-21T05:14:37.376+0000] {processor.py:766} INFO - DAG(s) dict_keys(['example_kubernetes_executor']) retrieved from /home/airflow/.local/lib/python3.7/site-packages/airflow/example_dags/example_kubernetes_executor.py
[2024-09-21T05:14:37.394+0000] {logging_mixin.py:120} INFO - [2024-09-21T05:14:37.394+0000] {dag.py:2585} INFO - Sync 1 DAGs
[2024-09-21T05:14:37.404+0000] {logging_mixin.py:120} INFO - [2024-09-21T05:14:37.404+0000] {dag.py:3340} INFO - Setting next_dagrun for example_kubernetes_executor to None, run_after=None
[2024-09-21T05:14:37.411+0000] {processor.py:176} INFO - Processing /home/airflow/.local/lib/python3.7/site-packages/airflow/example_dags/example_kubernetes_executor.py took 0.049 seconds
[2024-09-21T05:15:07.821+0000] {processor.py:154} INFO - Started process (PID=545) to work on /home/airflow/.local/lib/python3.7/site-packages/airflow/example_dags/example_kubernetes_executor.py
[2024-09-21T05:15:07.821+0000] {processor.py:756} INFO - Processing file /home/airflow/.local/lib/python3.7/site-packages/airflow/example_dags/example_kubernetes_executor.py for tasks to queue
[2024-09-21T05:15:07.821+0000] {logging_mixin.py:120} INFO - [2024-09-21T05:15:07.821+0000] {dagbag.py:537} INFO - Filling up the DagBag from /home/airflow/.local/lib/python3.7/site-packages/airflow/example_dags/example_kubernetes_executor.py
[2024-09-21T05:15:07.835+0000] {processor.py:766} INFO - DAG(s) dict_keys(['example_kubernetes_executor']) retrieved from /home/airflow/.local/lib/python3.7/site-packages/airflow/example_dags/example_kubernetes_executor.py
[2024-09-21T05:15:07.854+0000] {logging_mixin.py:120} INFO - [2024-09-21T05:15:07.854+0000] {dag.py:2585} INFO - Sync 1 DAGs
[2024-09-21T05:15:07.865+0000] {logging_mixin.py:120} INFO - [2024-09-21T05:15:07.864+0000] {dag.py:3340} INFO - Setting next_dagrun for example_kubernetes_executor to None, run_after=None
[2024-09-21T05:15:07.873+0000] {processor.py:176} INFO - Processing /home/airflow/.local/lib/python3.7/site-packages/airflow/example_dags/example_kubernetes_executor.py took 0.053 seconds
[2024-09-21T05:15:38.227+0000] {processor.py:154} INFO - Started process (PID=608) to work on /home/airflow/.local/lib/python3.7/site-packages/airflow/example_dags/example_kubernetes_executor.py
[2024-09-21T05:15:38.229+0000] {processor.py:756} INFO - Processing file /home/airflow/.local/lib/python3.7/site-packages/airflow/example_dags/example_kubernetes_executor.py for tasks to queue
[2024-09-21T05:15:38.230+0000] {logging_mixin.py:120} INFO - [2024-09-21T05:15:38.230+0000] {dagbag.py:537} INFO - Filling up the DagBag from /home/airflow/.local/lib/python3.7/site-packages/airflow/example_dags/example_kubernetes_executor.py
[2024-09-21T05:15:38.245+0000] {processor.py:766} INFO - DAG(s) dict_keys(['example_kubernetes_executor']) retrieved from /home/airflow/.local/lib/python3.7/site-packages/airflow/example_dags/example_kubernetes_executor.py
[2024-09-21T05:15:38.265+0000] {logging_mixin.py:120} INFO - [2024-09-21T05:15:38.264+0000] {dag.py:2585} INFO - Sync 1 DAGs
[2024-09-21T05:15:38.277+0000] {logging_mixin.py:120} INFO - [2024-09-21T05:15:38.276+0000] {dag.py:3340} INFO - Setting next_dagrun for example_kubernetes_executor to None, run_after=None
[2024-09-21T05:15:38.284+0000] {processor.py:176} INFO - Processing /home/airflow/.local/lib/python3.7/site-packages/airflow/example_dags/example_kubernetes_executor.py took 0.068 seconds
[2024-09-21T05:16:08.645+0000] {processor.py:154} INFO - Started process (PID=671) to work on /home/airflow/.local/lib/python3.7/site-packages/airflow/example_dags/example_kubernetes_executor.py
[2024-09-21T05:16:08.645+0000] {processor.py:756} INFO - Processing file /home/airflow/.local/lib/python3.7/site-packages/airflow/example_dags/example_kubernetes_executor.py for tasks to queue
[2024-09-21T05:16:08.646+0000] {logging_mixin.py:120} INFO - [2024-09-21T05:16:08.646+0000] {dagbag.py:537} INFO - Filling up the DagBag from /home/airflow/.local/lib/python3.7/site-packages/airflow/example_dags/example_kubernetes_executor.py
[2024-09-21T05:16:08.660+0000] {processor.py:766} INFO - DAG(s) dict_keys(['example_kubernetes_executor']) retrieved from /home/airflow/.local/lib/python3.7/site-packages/airflow/example_dags/example_kubernetes_executor.py
[2024-09-21T05:16:08.679+0000] {logging_mixin.py:120} INFO - [2024-09-21T05:16:08.679+0000] {dag.py:2585} INFO - Sync 1 DAGs
[2024-09-21T05:16:08.689+0000] {logging_mixin.py:120} INFO - [2024-09-21T05:16:08.689+0000] {dag.py:3340} INFO - Setting next_dagrun for example_kubernetes_executor to None, run_after=None
[2024-09-21T05:16:08.696+0000] {processor.py:176} INFO - Processing /home/airflow/.local/lib/python3.7/site-packages/airflow/example_dags/example_kubernetes_executor.py took 0.053 seconds
[2024-09-21T05:16:39.069+0000] {processor.py:154} INFO - Started process (PID=734) to work on /home/airflow/.local/lib/python3.7/site-packages/airflow/example_dags/example_kubernetes_executor.py
[2024-09-21T05:16:39.069+0000] {processor.py:756} INFO - Processing file /home/airflow/.local/lib/python3.7/site-packages/airflow/example_dags/example_kubernetes_executor.py for tasks to queue
[2024-09-21T05:16:39.069+0000] {logging_mixin.py:120} INFO - [2024-09-21T05:16:39.069+0000] {dagbag.py:537} INFO - Filling up the DagBag from /home/airflow/.local/lib/python3.7/site-packages/airflow/example_dags/example_kubernetes_executor.py
[2024-09-21T05:16:39.082+0000] {processor.py:766} INFO - DAG(s) dict_keys(['example_kubernetes_executor']) retrieved from /home/airflow/.local/lib/python3.7/site-packages/airflow/example_dags/example_kubernetes_executor.py
[2024-09-21T05:16:39.103+0000] {logging_mixin.py:120} INFO - [2024-09-21T05:16:39.103+0000] {dag.py:2585} INFO - Sync 1 DAGs
[2024-09-21T05:16:39.114+0000] {logging_mixin.py:120} INFO - [2024-09-21T05:16:39.114+0000] {dag.py:3340} INFO - Setting next_dagrun for example_kubernetes_executor to None, run_after=None
[2024-09-21T05:16:39.121+0000] {processor.py:176} INFO - Processing /home/airflow/.local/lib/python3.7/site-packages/airflow/example_dags/example_kubernetes_executor.py took 0.054 seconds
