[2024-09-21T05:11:02.859+0000] {processor.py:154} INFO - Started process (PID=42) to work on /home/airflow/.local/lib/python3.7/site-packages/airflow/example_dags/example_task_group_decorator.py
[2024-09-21T05:11:02.859+0000] {processor.py:756} INFO - Processing file /home/airflow/.local/lib/python3.7/site-packages/airflow/example_dags/example_task_group_decorator.py for tasks to queue
[2024-09-21T05:11:02.860+0000] {logging_mixin.py:120} INFO - [2024-09-21T05:11:02.860+0000] {dagbag.py:537} INFO - Filling up the DagBag from /home/airflow/.local/lib/python3.7/site-packages/airflow/example_dags/example_task_group_decorator.py
[2024-09-21T05:11:02.888+0000] {processor.py:766} INFO - DAG(s) dict_keys(['example_task_group_decorator']) retrieved from /home/airflow/.local/lib/python3.7/site-packages/airflow/example_dags/example_task_group_decorator.py
[2024-09-21T05:11:02.904+0000] {logging_mixin.py:120} INFO - [2024-09-21T05:11:02.904+0000] {dag.py:2585} INFO - Sync 1 DAGs
[2024-09-21T05:11:02.918+0000] {logging_mixin.py:120} INFO - [2024-09-21T05:11:02.918+0000] {dag.py:3340} INFO - Setting next_dagrun for example_task_group_decorator to 2024-09-20T05:11:02.918135+00:00, run_after=2024-09-21T05:11:02.918135+00:00
[2024-09-21T05:11:02.929+0000] {processor.py:176} INFO - Processing /home/airflow/.local/lib/python3.7/site-packages/airflow/example_dags/example_task_group_decorator.py took 0.072 seconds
[2024-09-21T05:11:33.617+0000] {processor.py:154} INFO - Started process (PID=105) to work on /home/airflow/.local/lib/python3.7/site-packages/airflow/example_dags/example_task_group_decorator.py
[2024-09-21T05:11:33.618+0000] {processor.py:756} INFO - Processing file /home/airflow/.local/lib/python3.7/site-packages/airflow/example_dags/example_task_group_decorator.py for tasks to queue
[2024-09-21T05:11:33.618+0000] {logging_mixin.py:120} INFO - [2024-09-21T05:11:33.618+0000] {dagbag.py:537} INFO - Filling up the DagBag from /home/airflow/.local/lib/python3.7/site-packages/airflow/example_dags/example_task_group_decorator.py
[2024-09-21T05:11:33.635+0000] {processor.py:766} INFO - DAG(s) dict_keys(['example_task_group_decorator']) retrieved from /home/airflow/.local/lib/python3.7/site-packages/airflow/example_dags/example_task_group_decorator.py
[2024-09-21T05:11:33.667+0000] {logging_mixin.py:120} INFO - [2024-09-21T05:11:33.667+0000] {dag.py:2585} INFO - Sync 1 DAGs
[2024-09-21T05:11:33.683+0000] {logging_mixin.py:120} INFO - [2024-09-21T05:11:33.682+0000] {dag.py:3340} INFO - Setting next_dagrun for example_task_group_decorator to 2024-09-20T05:11:33.682836+00:00, run_after=2024-09-21T05:11:33.682836+00:00
[2024-09-21T05:11:33.690+0000] {processor.py:176} INFO - Processing /home/airflow/.local/lib/python3.7/site-packages/airflow/example_dags/example_task_group_decorator.py took 0.075 seconds
[2024-09-21T05:12:04.307+0000] {processor.py:154} INFO - Started process (PID=169) to work on /home/airflow/.local/lib/python3.7/site-packages/airflow/example_dags/example_task_group_decorator.py
[2024-09-21T05:12:04.307+0000] {processor.py:756} INFO - Processing file /home/airflow/.local/lib/python3.7/site-packages/airflow/example_dags/example_task_group_decorator.py for tasks to queue
[2024-09-21T05:12:04.307+0000] {logging_mixin.py:120} INFO - [2024-09-21T05:12:04.307+0000] {dagbag.py:537} INFO - Filling up the DagBag from /home/airflow/.local/lib/python3.7/site-packages/airflow/example_dags/example_task_group_decorator.py
[2024-09-21T05:12:04.320+0000] {processor.py:766} INFO - DAG(s) dict_keys(['example_task_group_decorator']) retrieved from /home/airflow/.local/lib/python3.7/site-packages/airflow/example_dags/example_task_group_decorator.py
[2024-09-21T05:12:04.341+0000] {logging_mixin.py:120} INFO - [2024-09-21T05:12:04.341+0000] {dag.py:2585} INFO - Sync 1 DAGs
[2024-09-21T05:12:04.353+0000] {logging_mixin.py:120} INFO - [2024-09-21T05:12:04.353+0000] {dag.py:3340} INFO - Setting next_dagrun for example_task_group_decorator to 2024-09-20T05:12:04.353152+00:00, run_after=2024-09-21T05:12:04.353152+00:00
[2024-09-21T05:12:04.361+0000] {processor.py:176} INFO - Processing /home/airflow/.local/lib/python3.7/site-packages/airflow/example_dags/example_task_group_decorator.py took 0.056 seconds
[2024-09-21T05:12:34.747+0000] {processor.py:154} INFO - Started process (PID=232) to work on /home/airflow/.local/lib/python3.7/site-packages/airflow/example_dags/example_task_group_decorator.py
[2024-09-21T05:12:34.747+0000] {processor.py:756} INFO - Processing file /home/airflow/.local/lib/python3.7/site-packages/airflow/example_dags/example_task_group_decorator.py for tasks to queue
[2024-09-21T05:12:34.749+0000] {logging_mixin.py:120} INFO - [2024-09-21T05:12:34.748+0000] {dagbag.py:537} INFO - Filling up the DagBag from /home/airflow/.local/lib/python3.7/site-packages/airflow/example_dags/example_task_group_decorator.py
[2024-09-21T05:12:34.839+0000] {processor.py:766} INFO - DAG(s) dict_keys(['example_task_group_decorator']) retrieved from /home/airflow/.local/lib/python3.7/site-packages/airflow/example_dags/example_task_group_decorator.py
[2024-09-21T05:12:34.930+0000] {logging_mixin.py:120} INFO - [2024-09-21T05:12:34.930+0000] {dag.py:2585} INFO - Sync 1 DAGs
[2024-09-21T05:12:34.961+0000] {logging_mixin.py:120} INFO - [2024-09-21T05:12:34.961+0000] {dag.py:3340} INFO - Setting next_dagrun for example_task_group_decorator to 2024-09-20T05:12:34.960202+00:00, run_after=2024-09-21T05:12:34.960202+00:00
[2024-09-21T05:12:34.978+0000] {processor.py:176} INFO - Processing /home/airflow/.local/lib/python3.7/site-packages/airflow/example_dags/example_task_group_decorator.py took 0.234 seconds
[2024-09-21T05:13:05.537+0000] {processor.py:154} INFO - Started process (PID=295) to work on /home/airflow/.local/lib/python3.7/site-packages/airflow/example_dags/example_task_group_decorator.py
[2024-09-21T05:13:05.539+0000] {processor.py:756} INFO - Processing file /home/airflow/.local/lib/python3.7/site-packages/airflow/example_dags/example_task_group_decorator.py for tasks to queue
[2024-09-21T05:13:05.539+0000] {logging_mixin.py:120} INFO - [2024-09-21T05:13:05.539+0000] {dagbag.py:537} INFO - Filling up the DagBag from /home/airflow/.local/lib/python3.7/site-packages/airflow/example_dags/example_task_group_decorator.py
[2024-09-21T05:13:05.554+0000] {processor.py:766} INFO - DAG(s) dict_keys(['example_task_group_decorator']) retrieved from /home/airflow/.local/lib/python3.7/site-packages/airflow/example_dags/example_task_group_decorator.py
[2024-09-21T05:13:05.578+0000] {logging_mixin.py:120} INFO - [2024-09-21T05:13:05.578+0000] {dag.py:2585} INFO - Sync 1 DAGs
[2024-09-21T05:13:05.591+0000] {logging_mixin.py:120} INFO - [2024-09-21T05:13:05.591+0000] {dag.py:3340} INFO - Setting next_dagrun for example_task_group_decorator to 2024-09-20T05:13:05.591687+00:00, run_after=2024-09-21T05:13:05.591687+00:00
[2024-09-21T05:13:05.601+0000] {processor.py:176} INFO - Processing /home/airflow/.local/lib/python3.7/site-packages/airflow/example_dags/example_task_group_decorator.py took 0.066 seconds
[2024-09-21T05:13:35.986+0000] {processor.py:154} INFO - Started process (PID=349) to work on /home/airflow/.local/lib/python3.7/site-packages/airflow/example_dags/example_task_group_decorator.py
[2024-09-21T05:13:35.987+0000] {processor.py:756} INFO - Processing file /home/airflow/.local/lib/python3.7/site-packages/airflow/example_dags/example_task_group_decorator.py for tasks to queue
[2024-09-21T05:13:35.987+0000] {logging_mixin.py:120} INFO - [2024-09-21T05:13:35.987+0000] {dagbag.py:537} INFO - Filling up the DagBag from /home/airflow/.local/lib/python3.7/site-packages/airflow/example_dags/example_task_group_decorator.py
[2024-09-21T05:13:36.008+0000] {processor.py:766} INFO - DAG(s) dict_keys(['example_task_group_decorator']) retrieved from /home/airflow/.local/lib/python3.7/site-packages/airflow/example_dags/example_task_group_decorator.py
[2024-09-21T05:13:36.033+0000] {logging_mixin.py:120} INFO - [2024-09-21T05:13:36.032+0000] {dag.py:2585} INFO - Sync 1 DAGs
[2024-09-21T05:13:36.047+0000] {logging_mixin.py:120} INFO - [2024-09-21T05:13:36.047+0000] {dag.py:3340} INFO - Setting next_dagrun for example_task_group_decorator to 2024-09-20T05:13:36.047270+00:00, run_after=2024-09-21T05:13:36.047270+00:00
[2024-09-21T05:13:36.055+0000] {processor.py:176} INFO - Processing /home/airflow/.local/lib/python3.7/site-packages/airflow/example_dags/example_task_group_decorator.py took 0.072 seconds
[2024-09-21T05:14:06.542+0000] {processor.py:154} INFO - Started process (PID=412) to work on /home/airflow/.local/lib/python3.7/site-packages/airflow/example_dags/example_task_group_decorator.py
[2024-09-21T05:14:06.543+0000] {processor.py:756} INFO - Processing file /home/airflow/.local/lib/python3.7/site-packages/airflow/example_dags/example_task_group_decorator.py for tasks to queue
[2024-09-21T05:14:06.543+0000] {logging_mixin.py:120} INFO - [2024-09-21T05:14:06.543+0000] {dagbag.py:537} INFO - Filling up the DagBag from /home/airflow/.local/lib/python3.7/site-packages/airflow/example_dags/example_task_group_decorator.py
[2024-09-21T05:14:06.560+0000] {processor.py:766} INFO - DAG(s) dict_keys(['example_task_group_decorator']) retrieved from /home/airflow/.local/lib/python3.7/site-packages/airflow/example_dags/example_task_group_decorator.py
[2024-09-21T05:14:06.585+0000] {logging_mixin.py:120} INFO - [2024-09-21T05:14:06.585+0000] {dag.py:2585} INFO - Sync 1 DAGs
[2024-09-21T05:14:06.601+0000] {logging_mixin.py:120} INFO - [2024-09-21T05:14:06.601+0000] {dag.py:3340} INFO - Setting next_dagrun for example_task_group_decorator to 2024-09-20T05:14:06.601155+00:00, run_after=2024-09-21T05:14:06.601155+00:00
[2024-09-21T05:14:06.611+0000] {processor.py:176} INFO - Processing /home/airflow/.local/lib/python3.7/site-packages/airflow/example_dags/example_task_group_decorator.py took 0.072 seconds
[2024-09-21T05:14:37.008+0000] {processor.py:154} INFO - Started process (PID=475) to work on /home/airflow/.local/lib/python3.7/site-packages/airflow/example_dags/example_task_group_decorator.py
[2024-09-21T05:14:37.009+0000] {processor.py:756} INFO - Processing file /home/airflow/.local/lib/python3.7/site-packages/airflow/example_dags/example_task_group_decorator.py for tasks to queue
[2024-09-21T05:14:37.009+0000] {logging_mixin.py:120} INFO - [2024-09-21T05:14:37.009+0000] {dagbag.py:537} INFO - Filling up the DagBag from /home/airflow/.local/lib/python3.7/site-packages/airflow/example_dags/example_task_group_decorator.py
[2024-09-21T05:14:37.030+0000] {processor.py:766} INFO - DAG(s) dict_keys(['example_task_group_decorator']) retrieved from /home/airflow/.local/lib/python3.7/site-packages/airflow/example_dags/example_task_group_decorator.py
[2024-09-21T05:14:37.054+0000] {logging_mixin.py:120} INFO - [2024-09-21T05:14:37.054+0000] {dag.py:2585} INFO - Sync 1 DAGs
[2024-09-21T05:14:37.067+0000] {logging_mixin.py:120} INFO - [2024-09-21T05:14:37.067+0000] {dag.py:3340} INFO - Setting next_dagrun for example_task_group_decorator to 2024-09-20T05:14:37.067747+00:00, run_after=2024-09-21T05:14:37.067747+00:00
[2024-09-21T05:14:37.076+0000] {processor.py:176} INFO - Processing /home/airflow/.local/lib/python3.7/site-packages/airflow/example_dags/example_task_group_decorator.py took 0.071 seconds
[2024-09-21T05:15:07.506+0000] {processor.py:154} INFO - Started process (PID=537) to work on /home/airflow/.local/lib/python3.7/site-packages/airflow/example_dags/example_task_group_decorator.py
[2024-09-21T05:15:07.508+0000] {processor.py:756} INFO - Processing file /home/airflow/.local/lib/python3.7/site-packages/airflow/example_dags/example_task_group_decorator.py for tasks to queue
[2024-09-21T05:15:07.508+0000] {logging_mixin.py:120} INFO - [2024-09-21T05:15:07.508+0000] {dagbag.py:537} INFO - Filling up the DagBag from /home/airflow/.local/lib/python3.7/site-packages/airflow/example_dags/example_task_group_decorator.py
[2024-09-21T05:15:07.528+0000] {processor.py:766} INFO - DAG(s) dict_keys(['example_task_group_decorator']) retrieved from /home/airflow/.local/lib/python3.7/site-packages/airflow/example_dags/example_task_group_decorator.py
[2024-09-21T05:15:07.554+0000] {logging_mixin.py:120} INFO - [2024-09-21T05:15:07.554+0000] {dag.py:2585} INFO - Sync 1 DAGs
[2024-09-21T05:15:07.568+0000] {logging_mixin.py:120} INFO - [2024-09-21T05:15:07.567+0000] {dag.py:3340} INFO - Setting next_dagrun for example_task_group_decorator to 2024-09-20T05:15:07.567871+00:00, run_after=2024-09-21T05:15:07.567871+00:00
[2024-09-21T05:15:07.577+0000] {processor.py:176} INFO - Processing /home/airflow/.local/lib/python3.7/site-packages/airflow/example_dags/example_task_group_decorator.py took 0.075 seconds
[2024-09-21T05:15:37.846+0000] {processor.py:154} INFO - Started process (PID=600) to work on /home/airflow/.local/lib/python3.7/site-packages/airflow/example_dags/example_task_group_decorator.py
[2024-09-21T05:15:37.846+0000] {processor.py:756} INFO - Processing file /home/airflow/.local/lib/python3.7/site-packages/airflow/example_dags/example_task_group_decorator.py for tasks to queue
[2024-09-21T05:15:37.847+0000] {logging_mixin.py:120} INFO - [2024-09-21T05:15:37.847+0000] {dagbag.py:537} INFO - Filling up the DagBag from /home/airflow/.local/lib/python3.7/site-packages/airflow/example_dags/example_task_group_decorator.py
[2024-09-21T05:15:37.866+0000] {processor.py:766} INFO - DAG(s) dict_keys(['example_task_group_decorator']) retrieved from /home/airflow/.local/lib/python3.7/site-packages/airflow/example_dags/example_task_group_decorator.py
[2024-09-21T05:15:37.888+0000] {logging_mixin.py:120} INFO - [2024-09-21T05:15:37.887+0000] {dag.py:2585} INFO - Sync 1 DAGs
[2024-09-21T05:15:37.900+0000] {logging_mixin.py:120} INFO - [2024-09-21T05:15:37.900+0000] {dag.py:3340} INFO - Setting next_dagrun for example_task_group_decorator to 2024-09-20T05:15:37.900315+00:00, run_after=2024-09-21T05:15:37.900315+00:00
[2024-09-21T05:15:37.908+0000] {processor.py:176} INFO - Processing /home/airflow/.local/lib/python3.7/site-packages/airflow/example_dags/example_task_group_decorator.py took 0.065 seconds
[2024-09-21T05:16:08.290+0000] {processor.py:154} INFO - Started process (PID=663) to work on /home/airflow/.local/lib/python3.7/site-packages/airflow/example_dags/example_task_group_decorator.py
[2024-09-21T05:16:08.291+0000] {processor.py:756} INFO - Processing file /home/airflow/.local/lib/python3.7/site-packages/airflow/example_dags/example_task_group_decorator.py for tasks to queue
[2024-09-21T05:16:08.292+0000] {logging_mixin.py:120} INFO - [2024-09-21T05:16:08.292+0000] {dagbag.py:537} INFO - Filling up the DagBag from /home/airflow/.local/lib/python3.7/site-packages/airflow/example_dags/example_task_group_decorator.py
[2024-09-21T05:16:08.308+0000] {processor.py:766} INFO - DAG(s) dict_keys(['example_task_group_decorator']) retrieved from /home/airflow/.local/lib/python3.7/site-packages/airflow/example_dags/example_task_group_decorator.py
[2024-09-21T05:16:08.329+0000] {logging_mixin.py:120} INFO - [2024-09-21T05:16:08.329+0000] {dag.py:2585} INFO - Sync 1 DAGs
[2024-09-21T05:16:08.339+0000] {logging_mixin.py:120} INFO - [2024-09-21T05:16:08.339+0000] {dag.py:3340} INFO - Setting next_dagrun for example_task_group_decorator to 2024-09-20T05:16:08.339786+00:00, run_after=2024-09-21T05:16:08.339786+00:00
[2024-09-21T05:16:08.348+0000] {processor.py:176} INFO - Processing /home/airflow/.local/lib/python3.7/site-packages/airflow/example_dags/example_task_group_decorator.py took 0.061 seconds
[2024-09-21T05:16:38.711+0000] {processor.py:154} INFO - Started process (PID=726) to work on /home/airflow/.local/lib/python3.7/site-packages/airflow/example_dags/example_task_group_decorator.py
[2024-09-21T05:16:38.712+0000] {processor.py:756} INFO - Processing file /home/airflow/.local/lib/python3.7/site-packages/airflow/example_dags/example_task_group_decorator.py for tasks to queue
[2024-09-21T05:16:38.712+0000] {logging_mixin.py:120} INFO - [2024-09-21T05:16:38.712+0000] {dagbag.py:537} INFO - Filling up the DagBag from /home/airflow/.local/lib/python3.7/site-packages/airflow/example_dags/example_task_group_decorator.py
[2024-09-21T05:16:38.727+0000] {processor.py:766} INFO - DAG(s) dict_keys(['example_task_group_decorator']) retrieved from /home/airflow/.local/lib/python3.7/site-packages/airflow/example_dags/example_task_group_decorator.py
[2024-09-21T05:16:38.746+0000] {logging_mixin.py:120} INFO - [2024-09-21T05:16:38.746+0000] {dag.py:2585} INFO - Sync 1 DAGs
[2024-09-21T05:16:38.757+0000] {logging_mixin.py:120} INFO - [2024-09-21T05:16:38.757+0000] {dag.py:3340} INFO - Setting next_dagrun for example_task_group_decorator to 2024-09-20T05:16:38.757782+00:00, run_after=2024-09-21T05:16:38.757782+00:00
[2024-09-21T05:16:38.766+0000] {processor.py:176} INFO - Processing /home/airflow/.local/lib/python3.7/site-packages/airflow/example_dags/example_task_group_decorator.py took 0.056 seconds
