[2024-09-21T05:11:03.787+0000] {processor.py:154} INFO - Started process (PID=60) to work on /home/airflow/.local/lib/python3.7/site-packages/airflow/example_dags/example_task_group.py
[2024-09-21T05:11:03.788+0000] {processor.py:756} INFO - Processing file /home/airflow/.local/lib/python3.7/site-packages/airflow/example_dags/example_task_group.py for tasks to queue
[2024-09-21T05:11:03.788+0000] {logging_mixin.py:120} INFO - [2024-09-21T05:11:03.788+0000] {dagbag.py:537} INFO - Filling up the DagBag from /home/airflow/.local/lib/python3.7/site-packages/airflow/example_dags/example_task_group.py
[2024-09-21T05:11:03.799+0000] {processor.py:766} INFO - DAG(s) dict_keys(['example_task_group']) retrieved from /home/airflow/.local/lib/python3.7/site-packages/airflow/example_dags/example_task_group.py
[2024-09-21T05:11:03.827+0000] {logging_mixin.py:120} INFO - [2024-09-21T05:11:03.826+0000] {dag.py:2585} INFO - Sync 1 DAGs
[2024-09-21T05:11:03.842+0000] {logging_mixin.py:120} INFO - [2024-09-21T05:11:03.842+0000] {dag.py:3340} INFO - Setting next_dagrun for example_task_group to 2024-09-20T05:11:03.842263+00:00, run_after=2024-09-21T05:11:03.842263+00:00
[2024-09-21T05:11:03.852+0000] {processor.py:176} INFO - Processing /home/airflow/.local/lib/python3.7/site-packages/airflow/example_dags/example_task_group.py took 0.071 seconds
[2024-09-21T05:11:34.458+0000] {processor.py:154} INFO - Started process (PID=123) to work on /home/airflow/.local/lib/python3.7/site-packages/airflow/example_dags/example_task_group.py
[2024-09-21T05:11:34.458+0000] {processor.py:756} INFO - Processing file /home/airflow/.local/lib/python3.7/site-packages/airflow/example_dags/example_task_group.py for tasks to queue
[2024-09-21T05:11:34.459+0000] {logging_mixin.py:120} INFO - [2024-09-21T05:11:34.459+0000] {dagbag.py:537} INFO - Filling up the DagBag from /home/airflow/.local/lib/python3.7/site-packages/airflow/example_dags/example_task_group.py
[2024-09-21T05:11:34.467+0000] {processor.py:766} INFO - DAG(s) dict_keys(['example_task_group']) retrieved from /home/airflow/.local/lib/python3.7/site-packages/airflow/example_dags/example_task_group.py
[2024-09-21T05:11:34.489+0000] {logging_mixin.py:120} INFO - [2024-09-21T05:11:34.489+0000] {dag.py:2585} INFO - Sync 1 DAGs
[2024-09-21T05:11:34.512+0000] {logging_mixin.py:120} INFO - [2024-09-21T05:11:34.512+0000] {dag.py:3340} INFO - Setting next_dagrun for example_task_group to 2024-09-20T05:11:34.512751+00:00, run_after=2024-09-21T05:11:34.512751+00:00
[2024-09-21T05:11:34.528+0000] {processor.py:176} INFO - Processing /home/airflow/.local/lib/python3.7/site-packages/airflow/example_dags/example_task_group.py took 0.073 seconds
[2024-09-21T05:12:05.037+0000] {processor.py:154} INFO - Started process (PID=187) to work on /home/airflow/.local/lib/python3.7/site-packages/airflow/example_dags/example_task_group.py
[2024-09-21T05:12:05.037+0000] {processor.py:756} INFO - Processing file /home/airflow/.local/lib/python3.7/site-packages/airflow/example_dags/example_task_group.py for tasks to queue
[2024-09-21T05:12:05.038+0000] {logging_mixin.py:120} INFO - [2024-09-21T05:12:05.038+0000] {dagbag.py:537} INFO - Filling up the DagBag from /home/airflow/.local/lib/python3.7/site-packages/airflow/example_dags/example_task_group.py
[2024-09-21T05:12:05.049+0000] {processor.py:766} INFO - DAG(s) dict_keys(['example_task_group']) retrieved from /home/airflow/.local/lib/python3.7/site-packages/airflow/example_dags/example_task_group.py
[2024-09-21T05:12:05.069+0000] {logging_mixin.py:120} INFO - [2024-09-21T05:12:05.069+0000] {dag.py:2585} INFO - Sync 1 DAGs
[2024-09-21T05:12:05.080+0000] {logging_mixin.py:120} INFO - [2024-09-21T05:12:05.080+0000] {dag.py:3340} INFO - Setting next_dagrun for example_task_group to 2024-09-20T05:12:05.080715+00:00, run_after=2024-09-21T05:12:05.080715+00:00
[2024-09-21T05:12:05.088+0000] {processor.py:176} INFO - Processing /home/airflow/.local/lib/python3.7/site-packages/airflow/example_dags/example_task_group.py took 0.053 seconds
[2024-09-21T05:12:35.756+0000] {processor.py:154} INFO - Started process (PID=250) to work on /home/airflow/.local/lib/python3.7/site-packages/airflow/example_dags/example_task_group.py
[2024-09-21T05:12:35.757+0000] {processor.py:756} INFO - Processing file /home/airflow/.local/lib/python3.7/site-packages/airflow/example_dags/example_task_group.py for tasks to queue
[2024-09-21T05:12:35.758+0000] {logging_mixin.py:120} INFO - [2024-09-21T05:12:35.758+0000] {dagbag.py:537} INFO - Filling up the DagBag from /home/airflow/.local/lib/python3.7/site-packages/airflow/example_dags/example_task_group.py
[2024-09-21T05:12:35.767+0000] {processor.py:766} INFO - DAG(s) dict_keys(['example_task_group']) retrieved from /home/airflow/.local/lib/python3.7/site-packages/airflow/example_dags/example_task_group.py
[2024-09-21T05:12:35.786+0000] {logging_mixin.py:120} INFO - [2024-09-21T05:12:35.786+0000] {dag.py:2585} INFO - Sync 1 DAGs
[2024-09-21T05:12:35.797+0000] {logging_mixin.py:120} INFO - [2024-09-21T05:12:35.797+0000] {dag.py:3340} INFO - Setting next_dagrun for example_task_group to 2024-09-20T05:12:35.797620+00:00, run_after=2024-09-21T05:12:35.797620+00:00
[2024-09-21T05:12:35.805+0000] {processor.py:176} INFO - Processing /home/airflow/.local/lib/python3.7/site-packages/airflow/example_dags/example_task_group.py took 0.050 seconds
[2024-09-21T05:13:06.251+0000] {processor.py:154} INFO - Started process (PID=313) to work on /home/airflow/.local/lib/python3.7/site-packages/airflow/example_dags/example_task_group.py
[2024-09-21T05:13:06.251+0000] {processor.py:756} INFO - Processing file /home/airflow/.local/lib/python3.7/site-packages/airflow/example_dags/example_task_group.py for tasks to queue
[2024-09-21T05:13:06.252+0000] {logging_mixin.py:120} INFO - [2024-09-21T05:13:06.252+0000] {dagbag.py:537} INFO - Filling up the DagBag from /home/airflow/.local/lib/python3.7/site-packages/airflow/example_dags/example_task_group.py
[2024-09-21T05:13:06.261+0000] {processor.py:766} INFO - DAG(s) dict_keys(['example_task_group']) retrieved from /home/airflow/.local/lib/python3.7/site-packages/airflow/example_dags/example_task_group.py
[2024-09-21T05:13:06.289+0000] {logging_mixin.py:120} INFO - [2024-09-21T05:13:06.288+0000] {dag.py:2585} INFO - Sync 1 DAGs
[2024-09-21T05:13:06.303+0000] {logging_mixin.py:120} INFO - [2024-09-21T05:13:06.303+0000] {dag.py:3340} INFO - Setting next_dagrun for example_task_group to 2024-09-20T05:13:06.303559+00:00, run_after=2024-09-21T05:13:06.303559+00:00
[2024-09-21T05:13:06.314+0000] {processor.py:176} INFO - Processing /home/airflow/.local/lib/python3.7/site-packages/airflow/example_dags/example_task_group.py took 0.065 seconds
[2024-09-21T05:13:36.774+0000] {processor.py:154} INFO - Started process (PID=376) to work on /home/airflow/.local/lib/python3.7/site-packages/airflow/example_dags/example_task_group.py
[2024-09-21T05:13:36.775+0000] {processor.py:756} INFO - Processing file /home/airflow/.local/lib/python3.7/site-packages/airflow/example_dags/example_task_group.py for tasks to queue
[2024-09-21T05:13:36.775+0000] {logging_mixin.py:120} INFO - [2024-09-21T05:13:36.775+0000] {dagbag.py:537} INFO - Filling up the DagBag from /home/airflow/.local/lib/python3.7/site-packages/airflow/example_dags/example_task_group.py
[2024-09-21T05:13:36.784+0000] {processor.py:766} INFO - DAG(s) dict_keys(['example_task_group']) retrieved from /home/airflow/.local/lib/python3.7/site-packages/airflow/example_dags/example_task_group.py
[2024-09-21T05:13:36.810+0000] {logging_mixin.py:120} INFO - [2024-09-21T05:13:36.810+0000] {dag.py:2585} INFO - Sync 1 DAGs
[2024-09-21T05:13:36.823+0000] {logging_mixin.py:120} INFO - [2024-09-21T05:13:36.823+0000] {dag.py:3340} INFO - Setting next_dagrun for example_task_group to 2024-09-20T05:13:36.823123+00:00, run_after=2024-09-21T05:13:36.823123+00:00
[2024-09-21T05:13:36.833+0000] {processor.py:176} INFO - Processing /home/airflow/.local/lib/python3.7/site-packages/airflow/example_dags/example_task_group.py took 0.061 seconds
[2024-09-21T05:14:07.269+0000] {processor.py:154} INFO - Started process (PID=430) to work on /home/airflow/.local/lib/python3.7/site-packages/airflow/example_dags/example_task_group.py
[2024-09-21T05:14:07.271+0000] {processor.py:756} INFO - Processing file /home/airflow/.local/lib/python3.7/site-packages/airflow/example_dags/example_task_group.py for tasks to queue
[2024-09-21T05:14:07.271+0000] {logging_mixin.py:120} INFO - [2024-09-21T05:14:07.271+0000] {dagbag.py:537} INFO - Filling up the DagBag from /home/airflow/.local/lib/python3.7/site-packages/airflow/example_dags/example_task_group.py
[2024-09-21T05:14:07.279+0000] {processor.py:766} INFO - DAG(s) dict_keys(['example_task_group']) retrieved from /home/airflow/.local/lib/python3.7/site-packages/airflow/example_dags/example_task_group.py
[2024-09-21T05:14:07.297+0000] {logging_mixin.py:120} INFO - [2024-09-21T05:14:07.297+0000] {dag.py:2585} INFO - Sync 1 DAGs
[2024-09-21T05:14:07.308+0000] {logging_mixin.py:120} INFO - [2024-09-21T05:14:07.308+0000] {dag.py:3340} INFO - Setting next_dagrun for example_task_group to 2024-09-20T05:14:07.308704+00:00, run_after=2024-09-21T05:14:07.308704+00:00
[2024-09-21T05:14:07.316+0000] {processor.py:176} INFO - Processing /home/airflow/.local/lib/python3.7/site-packages/airflow/example_dags/example_task_group.py took 0.048 seconds
[2024-09-21T05:14:37.736+0000] {processor.py:154} INFO - Started process (PID=493) to work on /home/airflow/.local/lib/python3.7/site-packages/airflow/example_dags/example_task_group.py
[2024-09-21T05:14:37.739+0000] {processor.py:756} INFO - Processing file /home/airflow/.local/lib/python3.7/site-packages/airflow/example_dags/example_task_group.py for tasks to queue
[2024-09-21T05:14:37.739+0000] {logging_mixin.py:120} INFO - [2024-09-21T05:14:37.739+0000] {dagbag.py:537} INFO - Filling up the DagBag from /home/airflow/.local/lib/python3.7/site-packages/airflow/example_dags/example_task_group.py
[2024-09-21T05:14:37.747+0000] {processor.py:766} INFO - DAG(s) dict_keys(['example_task_group']) retrieved from /home/airflow/.local/lib/python3.7/site-packages/airflow/example_dags/example_task_group.py
[2024-09-21T05:14:37.767+0000] {logging_mixin.py:120} INFO - [2024-09-21T05:14:37.767+0000] {dag.py:2585} INFO - Sync 1 DAGs
[2024-09-21T05:14:37.778+0000] {logging_mixin.py:120} INFO - [2024-09-21T05:14:37.777+0000] {dag.py:3340} INFO - Setting next_dagrun for example_task_group to 2024-09-20T05:14:37.777832+00:00, run_after=2024-09-21T05:14:37.777832+00:00
[2024-09-21T05:14:37.786+0000] {processor.py:176} INFO - Processing /home/airflow/.local/lib/python3.7/site-packages/airflow/example_dags/example_task_group.py took 0.051 seconds
[2024-09-21T05:15:08.168+0000] {processor.py:154} INFO - Started process (PID=555) to work on /home/airflow/.local/lib/python3.7/site-packages/airflow/example_dags/example_task_group.py
[2024-09-21T05:15:08.168+0000] {processor.py:756} INFO - Processing file /home/airflow/.local/lib/python3.7/site-packages/airflow/example_dags/example_task_group.py for tasks to queue
[2024-09-21T05:15:08.168+0000] {logging_mixin.py:120} INFO - [2024-09-21T05:15:08.168+0000] {dagbag.py:537} INFO - Filling up the DagBag from /home/airflow/.local/lib/python3.7/site-packages/airflow/example_dags/example_task_group.py
[2024-09-21T05:15:08.177+0000] {processor.py:766} INFO - DAG(s) dict_keys(['example_task_group']) retrieved from /home/airflow/.local/lib/python3.7/site-packages/airflow/example_dags/example_task_group.py
[2024-09-21T05:15:08.197+0000] {logging_mixin.py:120} INFO - [2024-09-21T05:15:08.197+0000] {dag.py:2585} INFO - Sync 1 DAGs
[2024-09-21T05:15:08.207+0000] {logging_mixin.py:120} INFO - [2024-09-21T05:15:08.207+0000] {dag.py:3340} INFO - Setting next_dagrun for example_task_group to 2024-09-20T05:15:08.207802+00:00, run_after=2024-09-21T05:15:08.207802+00:00
[2024-09-21T05:15:08.215+0000] {processor.py:176} INFO - Processing /home/airflow/.local/lib/python3.7/site-packages/airflow/example_dags/example_task_group.py took 0.049 seconds
[2024-09-21T05:15:38.581+0000] {processor.py:154} INFO - Started process (PID=618) to work on /home/airflow/.local/lib/python3.7/site-packages/airflow/example_dags/example_task_group.py
[2024-09-21T05:15:38.582+0000] {processor.py:756} INFO - Processing file /home/airflow/.local/lib/python3.7/site-packages/airflow/example_dags/example_task_group.py for tasks to queue
[2024-09-21T05:15:38.582+0000] {logging_mixin.py:120} INFO - [2024-09-21T05:15:38.582+0000] {dagbag.py:537} INFO - Filling up the DagBag from /home/airflow/.local/lib/python3.7/site-packages/airflow/example_dags/example_task_group.py
[2024-09-21T05:15:38.590+0000] {processor.py:766} INFO - DAG(s) dict_keys(['example_task_group']) retrieved from /home/airflow/.local/lib/python3.7/site-packages/airflow/example_dags/example_task_group.py
[2024-09-21T05:15:38.608+0000] {logging_mixin.py:120} INFO - [2024-09-21T05:15:38.608+0000] {dag.py:2585} INFO - Sync 1 DAGs
[2024-09-21T05:15:38.618+0000] {logging_mixin.py:120} INFO - [2024-09-21T05:15:38.618+0000] {dag.py:3340} INFO - Setting next_dagrun for example_task_group to 2024-09-20T05:15:38.618828+00:00, run_after=2024-09-21T05:15:38.618828+00:00
[2024-09-21T05:15:38.627+0000] {processor.py:176} INFO - Processing /home/airflow/.local/lib/python3.7/site-packages/airflow/example_dags/example_task_group.py took 0.047 seconds
[2024-09-21T05:16:08.969+0000] {processor.py:154} INFO - Started process (PID=681) to work on /home/airflow/.local/lib/python3.7/site-packages/airflow/example_dags/example_task_group.py
[2024-09-21T05:16:08.969+0000] {processor.py:756} INFO - Processing file /home/airflow/.local/lib/python3.7/site-packages/airflow/example_dags/example_task_group.py for tasks to queue
[2024-09-21T05:16:08.969+0000] {logging_mixin.py:120} INFO - [2024-09-21T05:16:08.969+0000] {dagbag.py:537} INFO - Filling up the DagBag from /home/airflow/.local/lib/python3.7/site-packages/airflow/example_dags/example_task_group.py
[2024-09-21T05:16:08.977+0000] {processor.py:766} INFO - DAG(s) dict_keys(['example_task_group']) retrieved from /home/airflow/.local/lib/python3.7/site-packages/airflow/example_dags/example_task_group.py
[2024-09-21T05:16:08.998+0000] {logging_mixin.py:120} INFO - [2024-09-21T05:16:08.998+0000] {dag.py:2585} INFO - Sync 1 DAGs
[2024-09-21T05:16:09.009+0000] {logging_mixin.py:120} INFO - [2024-09-21T05:16:09.009+0000] {dag.py:3340} INFO - Setting next_dagrun for example_task_group to 2024-09-20T05:16:09.009284+00:00, run_after=2024-09-21T05:16:09.009284+00:00
[2024-09-21T05:16:09.017+0000] {processor.py:176} INFO - Processing /home/airflow/.local/lib/python3.7/site-packages/airflow/example_dags/example_task_group.py took 0.050 seconds
[2024-09-21T05:16:39.435+0000] {processor.py:154} INFO - Started process (PID=744) to work on /home/airflow/.local/lib/python3.7/site-packages/airflow/example_dags/example_task_group.py
[2024-09-21T05:16:39.437+0000] {processor.py:756} INFO - Processing file /home/airflow/.local/lib/python3.7/site-packages/airflow/example_dags/example_task_group.py for tasks to queue
[2024-09-21T05:16:39.437+0000] {logging_mixin.py:120} INFO - [2024-09-21T05:16:39.437+0000] {dagbag.py:537} INFO - Filling up the DagBag from /home/airflow/.local/lib/python3.7/site-packages/airflow/example_dags/example_task_group.py
[2024-09-21T05:16:39.445+0000] {processor.py:766} INFO - DAG(s) dict_keys(['example_task_group']) retrieved from /home/airflow/.local/lib/python3.7/site-packages/airflow/example_dags/example_task_group.py
[2024-09-21T05:16:39.462+0000] {logging_mixin.py:120} INFO - [2024-09-21T05:16:39.462+0000] {dag.py:2585} INFO - Sync 1 DAGs
[2024-09-21T05:16:39.472+0000] {logging_mixin.py:120} INFO - [2024-09-21T05:16:39.472+0000] {dag.py:3340} INFO - Setting next_dagrun for example_task_group to 2024-09-20T05:16:39.472497+00:00, run_after=2024-09-21T05:16:39.472497+00:00
[2024-09-21T05:16:39.482+0000] {processor.py:176} INFO - Processing /home/airflow/.local/lib/python3.7/site-packages/airflow/example_dags/example_task_group.py took 0.049 seconds
