[2024-09-21T05:11:04.330+0000] {processor.py:154} INFO - Started process (PID=73) to work on /home/airflow/.local/lib/python3.7/site-packages/airflow/example_dags/example_datasets.py
[2024-09-21T05:11:04.331+0000] {processor.py:756} INFO - Processing file /home/airflow/.local/lib/python3.7/site-packages/airflow/example_dags/example_datasets.py for tasks to queue
[2024-09-21T05:11:04.331+0000] {logging_mixin.py:120} INFO - [2024-09-21T05:11:04.331+0000] {dagbag.py:537} INFO - Filling up the DagBag from /home/airflow/.local/lib/python3.7/site-packages/airflow/example_dags/example_datasets.py
[2024-09-21T05:11:04.346+0000] {processor.py:766} INFO - DAG(s) dict_keys(['dataset_consumes_1', 'dataset_consumes_unknown_never_scheduled', 'dataset_produces_1', 'dataset_consumes_1_and_2', 'dataset_produces_2', 'dataset_consumes_1_never_scheduled']) retrieved from /home/airflow/.local/lib/python3.7/site-packages/airflow/example_dags/example_datasets.py
[2024-09-21T05:11:04.369+0000] {logging_mixin.py:120} INFO - [2024-09-21T05:11:04.369+0000] {dag.py:2585} INFO - Sync 6 DAGs
[2024-09-21T05:11:04.383+0000] {logging_mixin.py:120} INFO - [2024-09-21T05:11:04.383+0000] {dag.py:3340} INFO - Setting next_dagrun for dataset_consumes_1 to None, run_after=None
[2024-09-21T05:11:04.385+0000] {logging_mixin.py:120} INFO - [2024-09-21T05:11:04.385+0000] {dag.py:3340} INFO - Setting next_dagrun for dataset_consumes_1_and_2 to None, run_after=None
[2024-09-21T05:11:04.386+0000] {logging_mixin.py:120} INFO - [2024-09-21T05:11:04.386+0000] {dag.py:3340} INFO - Setting next_dagrun for dataset_consumes_1_never_scheduled to None, run_after=None
[2024-09-21T05:11:04.386+0000] {logging_mixin.py:120} INFO - [2024-09-21T05:11:04.386+0000] {dag.py:3340} INFO - Setting next_dagrun for dataset_consumes_unknown_never_scheduled to None, run_after=None
[2024-09-21T05:11:04.388+0000] {logging_mixin.py:120} INFO - [2024-09-21T05:11:04.388+0000] {dag.py:3340} INFO - Setting next_dagrun for dataset_produces_1 to 2024-09-20T00:00:00+00:00, run_after=2024-09-21T00:00:00+00:00
[2024-09-21T05:11:04.388+0000] {logging_mixin.py:120} INFO - [2024-09-21T05:11:04.388+0000] {dag.py:3340} INFO - Setting next_dagrun for dataset_produces_2 to None, run_after=None
[2024-09-21T05:11:04.424+0000] {processor.py:176} INFO - Processing /home/airflow/.local/lib/python3.7/site-packages/airflow/example_dags/example_datasets.py took 0.096 seconds
[2024-09-21T05:11:35.038+0000] {processor.py:154} INFO - Started process (PID=136) to work on /home/airflow/.local/lib/python3.7/site-packages/airflow/example_dags/example_datasets.py
[2024-09-21T05:11:35.041+0000] {processor.py:756} INFO - Processing file /home/airflow/.local/lib/python3.7/site-packages/airflow/example_dags/example_datasets.py for tasks to queue
[2024-09-21T05:11:35.042+0000] {logging_mixin.py:120} INFO - [2024-09-21T05:11:35.042+0000] {dagbag.py:537} INFO - Filling up the DagBag from /home/airflow/.local/lib/python3.7/site-packages/airflow/example_dags/example_datasets.py
[2024-09-21T05:11:35.050+0000] {processor.py:766} INFO - DAG(s) dict_keys(['dataset_consumes_1', 'dataset_consumes_unknown_never_scheduled', 'dataset_consumes_1_never_scheduled', 'dataset_produces_2', 'dataset_consumes_1_and_2', 'dataset_produces_1']) retrieved from /home/airflow/.local/lib/python3.7/site-packages/airflow/example_dags/example_datasets.py
[2024-09-21T05:11:35.102+0000] {logging_mixin.py:120} INFO - [2024-09-21T05:11:35.102+0000] {dag.py:2585} INFO - Sync 6 DAGs
[2024-09-21T05:11:35.114+0000] {logging_mixin.py:120} INFO - [2024-09-21T05:11:35.114+0000] {dag.py:3340} INFO - Setting next_dagrun for dataset_consumes_1 to None, run_after=None
[2024-09-21T05:11:35.117+0000] {logging_mixin.py:120} INFO - [2024-09-21T05:11:35.117+0000] {dag.py:3340} INFO - Setting next_dagrun for dataset_consumes_1_and_2 to None, run_after=None
[2024-09-21T05:11:35.117+0000] {logging_mixin.py:120} INFO - [2024-09-21T05:11:35.117+0000] {dag.py:3340} INFO - Setting next_dagrun for dataset_consumes_1_never_scheduled to None, run_after=None
[2024-09-21T05:11:35.118+0000] {logging_mixin.py:120} INFO - [2024-09-21T05:11:35.118+0000] {dag.py:3340} INFO - Setting next_dagrun for dataset_consumes_unknown_never_scheduled to None, run_after=None
[2024-09-21T05:11:35.119+0000] {logging_mixin.py:120} INFO - [2024-09-21T05:11:35.119+0000] {dag.py:3340} INFO - Setting next_dagrun for dataset_produces_1 to 2024-09-20T00:00:00+00:00, run_after=2024-09-21T00:00:00+00:00
[2024-09-21T05:11:35.120+0000] {logging_mixin.py:120} INFO - [2024-09-21T05:11:35.120+0000] {dag.py:3340} INFO - Setting next_dagrun for dataset_produces_2 to None, run_after=None
[2024-09-21T05:11:35.154+0000] {processor.py:176} INFO - Processing /home/airflow/.local/lib/python3.7/site-packages/airflow/example_dags/example_datasets.py took 0.118 seconds
[2024-09-21T05:12:05.471+0000] {processor.py:154} INFO - Started process (PID=200) to work on /home/airflow/.local/lib/python3.7/site-packages/airflow/example_dags/example_datasets.py
[2024-09-21T05:12:05.472+0000] {processor.py:756} INFO - Processing file /home/airflow/.local/lib/python3.7/site-packages/airflow/example_dags/example_datasets.py for tasks to queue
[2024-09-21T05:12:05.473+0000] {logging_mixin.py:120} INFO - [2024-09-21T05:12:05.473+0000] {dagbag.py:537} INFO - Filling up the DagBag from /home/airflow/.local/lib/python3.7/site-packages/airflow/example_dags/example_datasets.py
[2024-09-21T05:12:05.481+0000] {processor.py:766} INFO - DAG(s) dict_keys(['dataset_consumes_unknown_never_scheduled', 'dataset_consumes_1_never_scheduled', 'dataset_produces_2', 'dataset_produces_1', 'dataset_consumes_1', 'dataset_consumes_1_and_2']) retrieved from /home/airflow/.local/lib/python3.7/site-packages/airflow/example_dags/example_datasets.py
[2024-09-21T05:12:05.507+0000] {logging_mixin.py:120} INFO - [2024-09-21T05:12:05.507+0000] {dag.py:2585} INFO - Sync 6 DAGs
[2024-09-21T05:12:05.520+0000] {logging_mixin.py:120} INFO - [2024-09-21T05:12:05.519+0000] {dag.py:3340} INFO - Setting next_dagrun for dataset_consumes_1 to None, run_after=None
[2024-09-21T05:12:05.521+0000] {logging_mixin.py:120} INFO - [2024-09-21T05:12:05.521+0000] {dag.py:3340} INFO - Setting next_dagrun for dataset_consumes_1_and_2 to None, run_after=None
[2024-09-21T05:12:05.525+0000] {logging_mixin.py:120} INFO - [2024-09-21T05:12:05.525+0000] {dag.py:3340} INFO - Setting next_dagrun for dataset_consumes_1_never_scheduled to None, run_after=None
[2024-09-21T05:12:05.525+0000] {logging_mixin.py:120} INFO - [2024-09-21T05:12:05.525+0000] {dag.py:3340} INFO - Setting next_dagrun for dataset_consumes_unknown_never_scheduled to None, run_after=None
[2024-09-21T05:12:05.527+0000] {logging_mixin.py:120} INFO - [2024-09-21T05:12:05.527+0000] {dag.py:3340} INFO - Setting next_dagrun for dataset_produces_1 to 2024-09-20T00:00:00+00:00, run_after=2024-09-21T00:00:00+00:00
[2024-09-21T05:12:05.527+0000] {logging_mixin.py:120} INFO - [2024-09-21T05:12:05.527+0000] {dag.py:3340} INFO - Setting next_dagrun for dataset_produces_2 to None, run_after=None
[2024-09-21T05:12:05.540+0000] {processor.py:176} INFO - Processing /home/airflow/.local/lib/python3.7/site-packages/airflow/example_dags/example_datasets.py took 0.070 seconds
[2024-09-21T05:12:36.216+0000] {processor.py:154} INFO - Started process (PID=263) to work on /home/airflow/.local/lib/python3.7/site-packages/airflow/example_dags/example_datasets.py
[2024-09-21T05:12:36.216+0000] {processor.py:756} INFO - Processing file /home/airflow/.local/lib/python3.7/site-packages/airflow/example_dags/example_datasets.py for tasks to queue
[2024-09-21T05:12:36.220+0000] {logging_mixin.py:120} INFO - [2024-09-21T05:12:36.220+0000] {dagbag.py:537} INFO - Filling up the DagBag from /home/airflow/.local/lib/python3.7/site-packages/airflow/example_dags/example_datasets.py
[2024-09-21T05:12:36.228+0000] {processor.py:766} INFO - DAG(s) dict_keys(['dataset_consumes_1', 'dataset_consumes_1_and_2', 'dataset_consumes_1_never_scheduled', 'dataset_produces_2', 'dataset_produces_1', 'dataset_consumes_unknown_never_scheduled']) retrieved from /home/airflow/.local/lib/python3.7/site-packages/airflow/example_dags/example_datasets.py
[2024-09-21T05:12:36.253+0000] {logging_mixin.py:120} INFO - [2024-09-21T05:12:36.253+0000] {dag.py:2585} INFO - Sync 6 DAGs
[2024-09-21T05:12:36.265+0000] {logging_mixin.py:120} INFO - [2024-09-21T05:12:36.265+0000] {dag.py:3340} INFO - Setting next_dagrun for dataset_consumes_1 to None, run_after=None
[2024-09-21T05:12:36.266+0000] {logging_mixin.py:120} INFO - [2024-09-21T05:12:36.266+0000] {dag.py:3340} INFO - Setting next_dagrun for dataset_consumes_1_and_2 to None, run_after=None
[2024-09-21T05:12:36.267+0000] {logging_mixin.py:120} INFO - [2024-09-21T05:12:36.267+0000] {dag.py:3340} INFO - Setting next_dagrun for dataset_consumes_1_never_scheduled to None, run_after=None
[2024-09-21T05:12:36.267+0000] {logging_mixin.py:120} INFO - [2024-09-21T05:12:36.267+0000] {dag.py:3340} INFO - Setting next_dagrun for dataset_consumes_unknown_never_scheduled to None, run_after=None
[2024-09-21T05:12:36.268+0000] {logging_mixin.py:120} INFO - [2024-09-21T05:12:36.268+0000] {dag.py:3340} INFO - Setting next_dagrun for dataset_produces_1 to 2024-09-20T00:00:00+00:00, run_after=2024-09-21T00:00:00+00:00
[2024-09-21T05:12:36.269+0000] {logging_mixin.py:120} INFO - [2024-09-21T05:12:36.269+0000] {dag.py:3340} INFO - Setting next_dagrun for dataset_produces_2 to None, run_after=None
[2024-09-21T05:12:36.281+0000] {processor.py:176} INFO - Processing /home/airflow/.local/lib/python3.7/site-packages/airflow/example_dags/example_datasets.py took 0.066 seconds
[2024-09-21T05:13:06.718+0000] {processor.py:154} INFO - Started process (PID=326) to work on /home/airflow/.local/lib/python3.7/site-packages/airflow/example_dags/example_datasets.py
[2024-09-21T05:13:06.718+0000] {processor.py:756} INFO - Processing file /home/airflow/.local/lib/python3.7/site-packages/airflow/example_dags/example_datasets.py for tasks to queue
[2024-09-21T05:13:06.718+0000] {logging_mixin.py:120} INFO - [2024-09-21T05:13:06.718+0000] {dagbag.py:537} INFO - Filling up the DagBag from /home/airflow/.local/lib/python3.7/site-packages/airflow/example_dags/example_datasets.py
[2024-09-21T05:13:06.727+0000] {processor.py:766} INFO - DAG(s) dict_keys(['dataset_produces_1', 'dataset_consumes_1_and_2', 'dataset_consumes_unknown_never_scheduled', 'dataset_consumes_1_never_scheduled', 'dataset_consumes_1', 'dataset_produces_2']) retrieved from /home/airflow/.local/lib/python3.7/site-packages/airflow/example_dags/example_datasets.py
[2024-09-21T05:13:06.751+0000] {logging_mixin.py:120} INFO - [2024-09-21T05:13:06.750+0000] {dag.py:2585} INFO - Sync 6 DAGs
[2024-09-21T05:13:06.763+0000] {logging_mixin.py:120} INFO - [2024-09-21T05:13:06.763+0000] {dag.py:3340} INFO - Setting next_dagrun for dataset_consumes_1 to None, run_after=None
[2024-09-21T05:13:06.764+0000] {logging_mixin.py:120} INFO - [2024-09-21T05:13:06.764+0000] {dag.py:3340} INFO - Setting next_dagrun for dataset_consumes_1_and_2 to None, run_after=None
[2024-09-21T05:13:06.765+0000] {logging_mixin.py:120} INFO - [2024-09-21T05:13:06.765+0000] {dag.py:3340} INFO - Setting next_dagrun for dataset_consumes_1_never_scheduled to None, run_after=None
[2024-09-21T05:13:06.765+0000] {logging_mixin.py:120} INFO - [2024-09-21T05:13:06.765+0000] {dag.py:3340} INFO - Setting next_dagrun for dataset_consumes_unknown_never_scheduled to None, run_after=None
[2024-09-21T05:13:06.766+0000] {logging_mixin.py:120} INFO - [2024-09-21T05:13:06.766+0000] {dag.py:3340} INFO - Setting next_dagrun for dataset_produces_1 to 2024-09-20T00:00:00+00:00, run_after=2024-09-21T00:00:00+00:00
[2024-09-21T05:13:06.767+0000] {logging_mixin.py:120} INFO - [2024-09-21T05:13:06.767+0000] {dag.py:3340} INFO - Setting next_dagrun for dataset_produces_2 to None, run_after=None
[2024-09-21T05:13:06.779+0000] {processor.py:176} INFO - Processing /home/airflow/.local/lib/python3.7/site-packages/airflow/example_dags/example_datasets.py took 0.063 seconds
[2024-09-21T05:13:37.244+0000] {processor.py:154} INFO - Started process (PID=389) to work on /home/airflow/.local/lib/python3.7/site-packages/airflow/example_dags/example_datasets.py
[2024-09-21T05:13:37.249+0000] {processor.py:756} INFO - Processing file /home/airflow/.local/lib/python3.7/site-packages/airflow/example_dags/example_datasets.py for tasks to queue
[2024-09-21T05:13:37.249+0000] {logging_mixin.py:120} INFO - [2024-09-21T05:13:37.249+0000] {dagbag.py:537} INFO - Filling up the DagBag from /home/airflow/.local/lib/python3.7/site-packages/airflow/example_dags/example_datasets.py
[2024-09-21T05:13:37.256+0000] {processor.py:766} INFO - DAG(s) dict_keys(['dataset_consumes_1_and_2', 'dataset_consumes_1_never_scheduled', 'dataset_produces_1', 'dataset_consumes_unknown_never_scheduled', 'dataset_produces_2', 'dataset_consumes_1']) retrieved from /home/airflow/.local/lib/python3.7/site-packages/airflow/example_dags/example_datasets.py
[2024-09-21T05:13:37.284+0000] {logging_mixin.py:120} INFO - [2024-09-21T05:13:37.284+0000] {dag.py:2585} INFO - Sync 6 DAGs
[2024-09-21T05:13:37.296+0000] {logging_mixin.py:120} INFO - [2024-09-21T05:13:37.296+0000] {dag.py:3340} INFO - Setting next_dagrun for dataset_consumes_1 to None, run_after=None
[2024-09-21T05:13:37.298+0000] {logging_mixin.py:120} INFO - [2024-09-21T05:13:37.298+0000] {dag.py:3340} INFO - Setting next_dagrun for dataset_consumes_1_and_2 to None, run_after=None
[2024-09-21T05:13:37.298+0000] {logging_mixin.py:120} INFO - [2024-09-21T05:13:37.298+0000] {dag.py:3340} INFO - Setting next_dagrun for dataset_consumes_1_never_scheduled to None, run_after=None
[2024-09-21T05:13:37.299+0000] {logging_mixin.py:120} INFO - [2024-09-21T05:13:37.299+0000] {dag.py:3340} INFO - Setting next_dagrun for dataset_consumes_unknown_never_scheduled to None, run_after=None
[2024-09-21T05:13:37.300+0000] {logging_mixin.py:120} INFO - [2024-09-21T05:13:37.300+0000] {dag.py:3340} INFO - Setting next_dagrun for dataset_produces_1 to 2024-09-20T00:00:00+00:00, run_after=2024-09-21T00:00:00+00:00
[2024-09-21T05:13:37.300+0000] {logging_mixin.py:120} INFO - [2024-09-21T05:13:37.300+0000] {dag.py:3340} INFO - Setting next_dagrun for dataset_produces_2 to None, run_after=None
[2024-09-21T05:13:37.312+0000] {processor.py:176} INFO - Processing /home/airflow/.local/lib/python3.7/site-packages/airflow/example_dags/example_datasets.py took 0.070 seconds
[2024-09-21T05:14:07.689+0000] {processor.py:154} INFO - Started process (PID=443) to work on /home/airflow/.local/lib/python3.7/site-packages/airflow/example_dags/example_datasets.py
[2024-09-21T05:14:07.689+0000] {processor.py:756} INFO - Processing file /home/airflow/.local/lib/python3.7/site-packages/airflow/example_dags/example_datasets.py for tasks to queue
[2024-09-21T05:14:07.689+0000] {logging_mixin.py:120} INFO - [2024-09-21T05:14:07.689+0000] {dagbag.py:537} INFO - Filling up the DagBag from /home/airflow/.local/lib/python3.7/site-packages/airflow/example_dags/example_datasets.py
[2024-09-21T05:14:07.697+0000] {processor.py:766} INFO - DAG(s) dict_keys(['dataset_consumes_unknown_never_scheduled', 'dataset_consumes_1_and_2', 'dataset_consumes_1', 'dataset_produces_1', 'dataset_produces_2', 'dataset_consumes_1_never_scheduled']) retrieved from /home/airflow/.local/lib/python3.7/site-packages/airflow/example_dags/example_datasets.py
[2024-09-21T05:14:07.720+0000] {logging_mixin.py:120} INFO - [2024-09-21T05:14:07.720+0000] {dag.py:2585} INFO - Sync 6 DAGs
[2024-09-21T05:14:07.733+0000] {logging_mixin.py:120} INFO - [2024-09-21T05:14:07.733+0000] {dag.py:3340} INFO - Setting next_dagrun for dataset_consumes_1 to None, run_after=None
[2024-09-21T05:14:07.735+0000] {logging_mixin.py:120} INFO - [2024-09-21T05:14:07.735+0000] {dag.py:3340} INFO - Setting next_dagrun for dataset_consumes_1_and_2 to None, run_after=None
[2024-09-21T05:14:07.735+0000] {logging_mixin.py:120} INFO - [2024-09-21T05:14:07.735+0000] {dag.py:3340} INFO - Setting next_dagrun for dataset_consumes_1_never_scheduled to None, run_after=None
[2024-09-21T05:14:07.736+0000] {logging_mixin.py:120} INFO - [2024-09-21T05:14:07.736+0000] {dag.py:3340} INFO - Setting next_dagrun for dataset_consumes_unknown_never_scheduled to None, run_after=None
[2024-09-21T05:14:07.737+0000] {logging_mixin.py:120} INFO - [2024-09-21T05:14:07.737+0000] {dag.py:3340} INFO - Setting next_dagrun for dataset_produces_1 to 2024-09-20T00:00:00+00:00, run_after=2024-09-21T00:00:00+00:00
[2024-09-21T05:14:07.738+0000] {logging_mixin.py:120} INFO - [2024-09-21T05:14:07.738+0000] {dag.py:3340} INFO - Setting next_dagrun for dataset_produces_2 to None, run_after=None
[2024-09-21T05:14:07.750+0000] {processor.py:176} INFO - Processing /home/airflow/.local/lib/python3.7/site-packages/airflow/example_dags/example_datasets.py took 0.062 seconds
[2024-09-21T05:14:38.205+0000] {processor.py:154} INFO - Started process (PID=506) to work on /home/airflow/.local/lib/python3.7/site-packages/airflow/example_dags/example_datasets.py
[2024-09-21T05:14:38.206+0000] {processor.py:756} INFO - Processing file /home/airflow/.local/lib/python3.7/site-packages/airflow/example_dags/example_datasets.py for tasks to queue
[2024-09-21T05:14:38.207+0000] {logging_mixin.py:120} INFO - [2024-09-21T05:14:38.207+0000] {dagbag.py:537} INFO - Filling up the DagBag from /home/airflow/.local/lib/python3.7/site-packages/airflow/example_dags/example_datasets.py
[2024-09-21T05:14:38.215+0000] {processor.py:766} INFO - DAG(s) dict_keys(['dataset_produces_1', 'dataset_consumes_1_never_scheduled', 'dataset_consumes_1', 'dataset_consumes_1_and_2', 'dataset_consumes_unknown_never_scheduled', 'dataset_produces_2']) retrieved from /home/airflow/.local/lib/python3.7/site-packages/airflow/example_dags/example_datasets.py
[2024-09-21T05:14:38.243+0000] {logging_mixin.py:120} INFO - [2024-09-21T05:14:38.243+0000] {dag.py:2585} INFO - Sync 6 DAGs
[2024-09-21T05:14:38.256+0000] {logging_mixin.py:120} INFO - [2024-09-21T05:14:38.255+0000] {dag.py:3340} INFO - Setting next_dagrun for dataset_consumes_1 to None, run_after=None
[2024-09-21T05:14:38.257+0000] {logging_mixin.py:120} INFO - [2024-09-21T05:14:38.257+0000] {dag.py:3340} INFO - Setting next_dagrun for dataset_consumes_1_and_2 to None, run_after=None
[2024-09-21T05:14:38.258+0000] {logging_mixin.py:120} INFO - [2024-09-21T05:14:38.258+0000] {dag.py:3340} INFO - Setting next_dagrun for dataset_consumes_1_never_scheduled to None, run_after=None
[2024-09-21T05:14:38.259+0000] {logging_mixin.py:120} INFO - [2024-09-21T05:14:38.259+0000] {dag.py:3340} INFO - Setting next_dagrun for dataset_consumes_unknown_never_scheduled to None, run_after=None
[2024-09-21T05:14:38.260+0000] {logging_mixin.py:120} INFO - [2024-09-21T05:14:38.260+0000] {dag.py:3340} INFO - Setting next_dagrun for dataset_produces_1 to 2024-09-20T00:00:00+00:00, run_after=2024-09-21T00:00:00+00:00
[2024-09-21T05:14:38.261+0000] {logging_mixin.py:120} INFO - [2024-09-21T05:14:38.260+0000] {dag.py:3340} INFO - Setting next_dagrun for dataset_produces_2 to None, run_after=None
[2024-09-21T05:14:38.273+0000] {processor.py:176} INFO - Processing /home/airflow/.local/lib/python3.7/site-packages/airflow/example_dags/example_datasets.py took 0.069 seconds
[2024-09-21T05:15:08.560+0000] {processor.py:154} INFO - Started process (PID=568) to work on /home/airflow/.local/lib/python3.7/site-packages/airflow/example_dags/example_datasets.py
[2024-09-21T05:15:08.561+0000] {processor.py:756} INFO - Processing file /home/airflow/.local/lib/python3.7/site-packages/airflow/example_dags/example_datasets.py for tasks to queue
[2024-09-21T05:15:08.561+0000] {logging_mixin.py:120} INFO - [2024-09-21T05:15:08.561+0000] {dagbag.py:537} INFO - Filling up the DagBag from /home/airflow/.local/lib/python3.7/site-packages/airflow/example_dags/example_datasets.py
[2024-09-21T05:15:08.570+0000] {processor.py:766} INFO - DAG(s) dict_keys(['dataset_consumes_1_never_scheduled', 'dataset_produces_2', 'dataset_consumes_1', 'dataset_consumes_unknown_never_scheduled', 'dataset_produces_1', 'dataset_consumes_1_and_2']) retrieved from /home/airflow/.local/lib/python3.7/site-packages/airflow/example_dags/example_datasets.py
[2024-09-21T05:15:08.594+0000] {logging_mixin.py:120} INFO - [2024-09-21T05:15:08.594+0000] {dag.py:2585} INFO - Sync 6 DAGs
[2024-09-21T05:15:08.605+0000] {logging_mixin.py:120} INFO - [2024-09-21T05:15:08.605+0000] {dag.py:3340} INFO - Setting next_dagrun for dataset_consumes_1 to None, run_after=None
[2024-09-21T05:15:08.607+0000] {logging_mixin.py:120} INFO - [2024-09-21T05:15:08.606+0000] {dag.py:3340} INFO - Setting next_dagrun for dataset_consumes_1_and_2 to None, run_after=None
[2024-09-21T05:15:08.607+0000] {logging_mixin.py:120} INFO - [2024-09-21T05:15:08.607+0000] {dag.py:3340} INFO - Setting next_dagrun for dataset_consumes_1_never_scheduled to None, run_after=None
[2024-09-21T05:15:08.608+0000] {logging_mixin.py:120} INFO - [2024-09-21T05:15:08.608+0000] {dag.py:3340} INFO - Setting next_dagrun for dataset_consumes_unknown_never_scheduled to None, run_after=None
[2024-09-21T05:15:08.609+0000] {logging_mixin.py:120} INFO - [2024-09-21T05:15:08.609+0000] {dag.py:3340} INFO - Setting next_dagrun for dataset_produces_1 to 2024-09-20T00:00:00+00:00, run_after=2024-09-21T00:00:00+00:00
[2024-09-21T05:15:08.609+0000] {logging_mixin.py:120} INFO - [2024-09-21T05:15:08.609+0000] {dag.py:3340} INFO - Setting next_dagrun for dataset_produces_2 to None, run_after=None
[2024-09-21T05:15:08.622+0000] {processor.py:176} INFO - Processing /home/airflow/.local/lib/python3.7/site-packages/airflow/example_dags/example_datasets.py took 0.063 seconds
[2024-09-21T05:15:38.962+0000] {processor.py:154} INFO - Started process (PID=631) to work on /home/airflow/.local/lib/python3.7/site-packages/airflow/example_dags/example_datasets.py
[2024-09-21T05:15:38.962+0000] {processor.py:756} INFO - Processing file /home/airflow/.local/lib/python3.7/site-packages/airflow/example_dags/example_datasets.py for tasks to queue
[2024-09-21T05:15:38.962+0000] {logging_mixin.py:120} INFO - [2024-09-21T05:15:38.962+0000] {dagbag.py:537} INFO - Filling up the DagBag from /home/airflow/.local/lib/python3.7/site-packages/airflow/example_dags/example_datasets.py
[2024-09-21T05:15:38.970+0000] {processor.py:766} INFO - DAG(s) dict_keys(['dataset_produces_2', 'dataset_produces_1', 'dataset_consumes_1_and_2', 'dataset_consumes_1', 'dataset_consumes_1_never_scheduled', 'dataset_consumes_unknown_never_scheduled']) retrieved from /home/airflow/.local/lib/python3.7/site-packages/airflow/example_dags/example_datasets.py
[2024-09-21T05:15:38.992+0000] {logging_mixin.py:120} INFO - [2024-09-21T05:15:38.992+0000] {dag.py:2585} INFO - Sync 6 DAGs
[2024-09-21T05:15:39.004+0000] {logging_mixin.py:120} INFO - [2024-09-21T05:15:39.004+0000] {dag.py:3340} INFO - Setting next_dagrun for dataset_consumes_1 to None, run_after=None
[2024-09-21T05:15:39.005+0000] {logging_mixin.py:120} INFO - [2024-09-21T05:15:39.005+0000] {dag.py:3340} INFO - Setting next_dagrun for dataset_consumes_1_and_2 to None, run_after=None
[2024-09-21T05:15:39.006+0000] {logging_mixin.py:120} INFO - [2024-09-21T05:15:39.006+0000] {dag.py:3340} INFO - Setting next_dagrun for dataset_consumes_1_never_scheduled to None, run_after=None
[2024-09-21T05:15:39.006+0000] {logging_mixin.py:120} INFO - [2024-09-21T05:15:39.006+0000] {dag.py:3340} INFO - Setting next_dagrun for dataset_consumes_unknown_never_scheduled to None, run_after=None
[2024-09-21T05:15:39.007+0000] {logging_mixin.py:120} INFO - [2024-09-21T05:15:39.007+0000] {dag.py:3340} INFO - Setting next_dagrun for dataset_produces_1 to 2024-09-20T00:00:00+00:00, run_after=2024-09-21T00:00:00+00:00
[2024-09-21T05:15:39.008+0000] {logging_mixin.py:120} INFO - [2024-09-21T05:15:39.008+0000] {dag.py:3340} INFO - Setting next_dagrun for dataset_produces_2 to None, run_after=None
[2024-09-21T05:15:39.019+0000] {processor.py:176} INFO - Processing /home/airflow/.local/lib/python3.7/site-packages/airflow/example_dags/example_datasets.py took 0.059 seconds
[2024-09-21T05:16:09.373+0000] {processor.py:154} INFO - Started process (PID=694) to work on /home/airflow/.local/lib/python3.7/site-packages/airflow/example_dags/example_datasets.py
[2024-09-21T05:16:09.374+0000] {processor.py:756} INFO - Processing file /home/airflow/.local/lib/python3.7/site-packages/airflow/example_dags/example_datasets.py for tasks to queue
[2024-09-21T05:16:09.374+0000] {logging_mixin.py:120} INFO - [2024-09-21T05:16:09.374+0000] {dagbag.py:537} INFO - Filling up the DagBag from /home/airflow/.local/lib/python3.7/site-packages/airflow/example_dags/example_datasets.py
[2024-09-21T05:16:09.382+0000] {processor.py:766} INFO - DAG(s) dict_keys(['dataset_consumes_unknown_never_scheduled', 'dataset_produces_2', 'dataset_consumes_1', 'dataset_produces_1', 'dataset_consumes_1_never_scheduled', 'dataset_consumes_1_and_2']) retrieved from /home/airflow/.local/lib/python3.7/site-packages/airflow/example_dags/example_datasets.py
[2024-09-21T05:16:09.406+0000] {logging_mixin.py:120} INFO - [2024-09-21T05:16:09.406+0000] {dag.py:2585} INFO - Sync 6 DAGs
[2024-09-21T05:16:09.421+0000] {logging_mixin.py:120} INFO - [2024-09-21T05:16:09.421+0000] {dag.py:3340} INFO - Setting next_dagrun for dataset_consumes_1 to None, run_after=None
[2024-09-21T05:16:09.423+0000] {logging_mixin.py:120} INFO - [2024-09-21T05:16:09.423+0000] {dag.py:3340} INFO - Setting next_dagrun for dataset_consumes_1_and_2 to None, run_after=None
[2024-09-21T05:16:09.425+0000] {logging_mixin.py:120} INFO - [2024-09-21T05:16:09.425+0000] {dag.py:3340} INFO - Setting next_dagrun for dataset_consumes_1_never_scheduled to None, run_after=None
[2024-09-21T05:16:09.426+0000] {logging_mixin.py:120} INFO - [2024-09-21T05:16:09.426+0000] {dag.py:3340} INFO - Setting next_dagrun for dataset_consumes_unknown_never_scheduled to None, run_after=None
[2024-09-21T05:16:09.427+0000] {logging_mixin.py:120} INFO - [2024-09-21T05:16:09.427+0000] {dag.py:3340} INFO - Setting next_dagrun for dataset_produces_1 to 2024-09-20T00:00:00+00:00, run_after=2024-09-21T00:00:00+00:00
[2024-09-21T05:16:09.428+0000] {logging_mixin.py:120} INFO - [2024-09-21T05:16:09.428+0000] {dag.py:3340} INFO - Setting next_dagrun for dataset_produces_2 to None, run_after=None
[2024-09-21T05:16:09.441+0000] {processor.py:176} INFO - Processing /home/airflow/.local/lib/python3.7/site-packages/airflow/example_dags/example_datasets.py took 0.069 seconds
[2024-09-21T05:16:39.847+0000] {processor.py:154} INFO - Started process (PID=757) to work on /home/airflow/.local/lib/python3.7/site-packages/airflow/example_dags/example_datasets.py
[2024-09-21T05:16:39.847+0000] {processor.py:756} INFO - Processing file /home/airflow/.local/lib/python3.7/site-packages/airflow/example_dags/example_datasets.py for tasks to queue
[2024-09-21T05:16:39.848+0000] {logging_mixin.py:120} INFO - [2024-09-21T05:16:39.848+0000] {dagbag.py:537} INFO - Filling up the DagBag from /home/airflow/.local/lib/python3.7/site-packages/airflow/example_dags/example_datasets.py
[2024-09-21T05:16:39.857+0000] {processor.py:766} INFO - DAG(s) dict_keys(['dataset_produces_2', 'dataset_consumes_1', 'dataset_produces_1', 'dataset_consumes_1_and_2', 'dataset_consumes_1_never_scheduled', 'dataset_consumes_unknown_never_scheduled']) retrieved from /home/airflow/.local/lib/python3.7/site-packages/airflow/example_dags/example_datasets.py
[2024-09-21T05:16:39.885+0000] {logging_mixin.py:120} INFO - [2024-09-21T05:16:39.885+0000] {dag.py:2585} INFO - Sync 6 DAGs
[2024-09-21T05:16:39.897+0000] {logging_mixin.py:120} INFO - [2024-09-21T05:16:39.897+0000] {dag.py:3340} INFO - Setting next_dagrun for dataset_consumes_1 to None, run_after=None
[2024-09-21T05:16:39.899+0000] {logging_mixin.py:120} INFO - [2024-09-21T05:16:39.899+0000] {dag.py:3340} INFO - Setting next_dagrun for dataset_consumes_1_and_2 to None, run_after=None
[2024-09-21T05:16:39.899+0000] {logging_mixin.py:120} INFO - [2024-09-21T05:16:39.899+0000] {dag.py:3340} INFO - Setting next_dagrun for dataset_consumes_1_never_scheduled to None, run_after=None
[2024-09-21T05:16:39.900+0000] {logging_mixin.py:120} INFO - [2024-09-21T05:16:39.900+0000] {dag.py:3340} INFO - Setting next_dagrun for dataset_consumes_unknown_never_scheduled to None, run_after=None
[2024-09-21T05:16:39.901+0000] {logging_mixin.py:120} INFO - [2024-09-21T05:16:39.901+0000] {dag.py:3340} INFO - Setting next_dagrun for dataset_produces_1 to 2024-09-20T00:00:00+00:00, run_after=2024-09-21T00:00:00+00:00
[2024-09-21T05:16:39.901+0000] {logging_mixin.py:120} INFO - [2024-09-21T05:16:39.901+0000] {dag.py:3340} INFO - Setting next_dagrun for dataset_produces_2 to None, run_after=None
[2024-09-21T05:16:39.913+0000] {processor.py:176} INFO - Processing /home/airflow/.local/lib/python3.7/site-packages/airflow/example_dags/example_datasets.py took 0.068 seconds
