[2024-09-21T05:11:03.399+0000] {processor.py:154} INFO - Started process (PID=53) to work on /home/airflow/.local/lib/python3.7/site-packages/airflow/example_dags/example_short_circuit_operator.py
[2024-09-21T05:11:03.400+0000] {processor.py:756} INFO - Processing file /home/airflow/.local/lib/python3.7/site-packages/airflow/example_dags/example_short_circuit_operator.py for tasks to queue
[2024-09-21T05:11:03.401+0000] {logging_mixin.py:120} INFO - [2024-09-21T05:11:03.401+0000] {dagbag.py:537} INFO - Filling up the DagBag from /home/airflow/.local/lib/python3.7/site-packages/airflow/example_dags/example_short_circuit_operator.py
[2024-09-21T05:11:03.414+0000] {processor.py:766} INFO - DAG(s) dict_keys(['example_short_circuit_operator']) retrieved from /home/airflow/.local/lib/python3.7/site-packages/airflow/example_dags/example_short_circuit_operator.py
[2024-09-21T05:11:03.435+0000] {logging_mixin.py:120} INFO - [2024-09-21T05:11:03.435+0000] {dag.py:2585} INFO - Sync 1 DAGs
[2024-09-21T05:11:03.454+0000] {logging_mixin.py:120} INFO - [2024-09-21T05:11:03.454+0000] {dag.py:3340} INFO - Setting next_dagrun for example_short_circuit_operator to 2024-09-20T05:11:03.454131+00:00, run_after=2024-09-21T05:11:03.454131+00:00
[2024-09-21T05:11:03.474+0000] {processor.py:176} INFO - Processing /home/airflow/.local/lib/python3.7/site-packages/airflow/example_dags/example_short_circuit_operator.py took 0.080 seconds
[2024-09-21T05:11:34.164+0000] {processor.py:154} INFO - Started process (PID=116) to work on /home/airflow/.local/lib/python3.7/site-packages/airflow/example_dags/example_short_circuit_operator.py
[2024-09-21T05:11:34.165+0000] {processor.py:756} INFO - Processing file /home/airflow/.local/lib/python3.7/site-packages/airflow/example_dags/example_short_circuit_operator.py for tasks to queue
[2024-09-21T05:11:34.165+0000] {logging_mixin.py:120} INFO - [2024-09-21T05:11:34.165+0000] {dagbag.py:537} INFO - Filling up the DagBag from /home/airflow/.local/lib/python3.7/site-packages/airflow/example_dags/example_short_circuit_operator.py
[2024-09-21T05:11:34.175+0000] {processor.py:766} INFO - DAG(s) dict_keys(['example_short_circuit_operator']) retrieved from /home/airflow/.local/lib/python3.7/site-packages/airflow/example_dags/example_short_circuit_operator.py
[2024-09-21T05:11:34.196+0000] {logging_mixin.py:120} INFO - [2024-09-21T05:11:34.195+0000] {dag.py:2585} INFO - Sync 1 DAGs
[2024-09-21T05:11:34.208+0000] {logging_mixin.py:120} INFO - [2024-09-21T05:11:34.208+0000] {dag.py:3340} INFO - Setting next_dagrun for example_short_circuit_operator to 2024-09-20T05:11:34.207844+00:00, run_after=2024-09-21T05:11:34.207844+00:00
[2024-09-21T05:11:34.217+0000] {processor.py:176} INFO - Processing /home/airflow/.local/lib/python3.7/site-packages/airflow/example_dags/example_short_circuit_operator.py took 0.054 seconds
[2024-09-21T05:12:04.785+0000] {processor.py:154} INFO - Started process (PID=180) to work on /home/airflow/.local/lib/python3.7/site-packages/airflow/example_dags/example_short_circuit_operator.py
[2024-09-21T05:12:04.786+0000] {processor.py:756} INFO - Processing file /home/airflow/.local/lib/python3.7/site-packages/airflow/example_dags/example_short_circuit_operator.py for tasks to queue
[2024-09-21T05:12:04.786+0000] {logging_mixin.py:120} INFO - [2024-09-21T05:12:04.786+0000] {dagbag.py:537} INFO - Filling up the DagBag from /home/airflow/.local/lib/python3.7/site-packages/airflow/example_dags/example_short_circuit_operator.py
[2024-09-21T05:12:04.793+0000] {processor.py:766} INFO - DAG(s) dict_keys(['example_short_circuit_operator']) retrieved from /home/airflow/.local/lib/python3.7/site-packages/airflow/example_dags/example_short_circuit_operator.py
[2024-09-21T05:12:04.811+0000] {logging_mixin.py:120} INFO - [2024-09-21T05:12:04.811+0000] {dag.py:2585} INFO - Sync 1 DAGs
[2024-09-21T05:12:04.823+0000] {logging_mixin.py:120} INFO - [2024-09-21T05:12:04.822+0000] {dag.py:3340} INFO - Setting next_dagrun for example_short_circuit_operator to 2024-09-20T05:12:04.822864+00:00, run_after=2024-09-21T05:12:04.822864+00:00
[2024-09-21T05:12:04.831+0000] {processor.py:176} INFO - Processing /home/airflow/.local/lib/python3.7/site-packages/airflow/example_dags/example_short_circuit_operator.py took 0.048 seconds
[2024-09-21T05:12:35.492+0000] {processor.py:154} INFO - Started process (PID=243) to work on /home/airflow/.local/lib/python3.7/site-packages/airflow/example_dags/example_short_circuit_operator.py
[2024-09-21T05:12:35.492+0000] {processor.py:756} INFO - Processing file /home/airflow/.local/lib/python3.7/site-packages/airflow/example_dags/example_short_circuit_operator.py for tasks to queue
[2024-09-21T05:12:35.492+0000] {logging_mixin.py:120} INFO - [2024-09-21T05:12:35.492+0000] {dagbag.py:537} INFO - Filling up the DagBag from /home/airflow/.local/lib/python3.7/site-packages/airflow/example_dags/example_short_circuit_operator.py
[2024-09-21T05:12:35.500+0000] {processor.py:766} INFO - DAG(s) dict_keys(['example_short_circuit_operator']) retrieved from /home/airflow/.local/lib/python3.7/site-packages/airflow/example_dags/example_short_circuit_operator.py
[2024-09-21T05:12:35.518+0000] {logging_mixin.py:120} INFO - [2024-09-21T05:12:35.518+0000] {dag.py:2585} INFO - Sync 1 DAGs
[2024-09-21T05:12:35.529+0000] {logging_mixin.py:120} INFO - [2024-09-21T05:12:35.529+0000] {dag.py:3340} INFO - Setting next_dagrun for example_short_circuit_operator to 2024-09-20T05:12:35.529061+00:00, run_after=2024-09-21T05:12:35.529061+00:00
[2024-09-21T05:12:35.536+0000] {processor.py:176} INFO - Processing /home/airflow/.local/lib/python3.7/site-packages/airflow/example_dags/example_short_circuit_operator.py took 0.046 seconds
[2024-09-21T05:13:05.950+0000] {processor.py:154} INFO - Started process (PID=306) to work on /home/airflow/.local/lib/python3.7/site-packages/airflow/example_dags/example_short_circuit_operator.py
[2024-09-21T05:13:05.954+0000] {processor.py:756} INFO - Processing file /home/airflow/.local/lib/python3.7/site-packages/airflow/example_dags/example_short_circuit_operator.py for tasks to queue
[2024-09-21T05:13:05.954+0000] {logging_mixin.py:120} INFO - [2024-09-21T05:13:05.954+0000] {dagbag.py:537} INFO - Filling up the DagBag from /home/airflow/.local/lib/python3.7/site-packages/airflow/example_dags/example_short_circuit_operator.py
[2024-09-21T05:13:05.962+0000] {processor.py:766} INFO - DAG(s) dict_keys(['example_short_circuit_operator']) retrieved from /home/airflow/.local/lib/python3.7/site-packages/airflow/example_dags/example_short_circuit_operator.py
[2024-09-21T05:13:05.980+0000] {logging_mixin.py:120} INFO - [2024-09-21T05:13:05.980+0000] {dag.py:2585} INFO - Sync 1 DAGs
[2024-09-21T05:13:05.995+0000] {logging_mixin.py:120} INFO - [2024-09-21T05:13:05.994+0000] {dag.py:3340} INFO - Setting next_dagrun for example_short_circuit_operator to 2024-09-20T05:13:05.994834+00:00, run_after=2024-09-21T05:13:05.994834+00:00
[2024-09-21T05:13:06.006+0000] {processor.py:176} INFO - Processing /home/airflow/.local/lib/python3.7/site-packages/airflow/example_dags/example_short_circuit_operator.py took 0.057 seconds
[2024-09-21T05:13:36.448+0000] {processor.py:154} INFO - Started process (PID=367) to work on /home/airflow/.local/lib/python3.7/site-packages/airflow/example_dags/example_short_circuit_operator.py
[2024-09-21T05:13:36.449+0000] {processor.py:756} INFO - Processing file /home/airflow/.local/lib/python3.7/site-packages/airflow/example_dags/example_short_circuit_operator.py for tasks to queue
[2024-09-21T05:13:36.449+0000] {logging_mixin.py:120} INFO - [2024-09-21T05:13:36.449+0000] {dagbag.py:537} INFO - Filling up the DagBag from /home/airflow/.local/lib/python3.7/site-packages/airflow/example_dags/example_short_circuit_operator.py
[2024-09-21T05:13:36.460+0000] {processor.py:766} INFO - DAG(s) dict_keys(['example_short_circuit_operator']) retrieved from /home/airflow/.local/lib/python3.7/site-packages/airflow/example_dags/example_short_circuit_operator.py
[2024-09-21T05:13:36.488+0000] {logging_mixin.py:120} INFO - [2024-09-21T05:13:36.488+0000] {dag.py:2585} INFO - Sync 1 DAGs
[2024-09-21T05:13:36.501+0000] {logging_mixin.py:120} INFO - [2024-09-21T05:13:36.501+0000] {dag.py:3340} INFO - Setting next_dagrun for example_short_circuit_operator to 2024-09-20T05:13:36.501410+00:00, run_after=2024-09-21T05:13:36.501410+00:00
[2024-09-21T05:13:36.511+0000] {processor.py:176} INFO - Processing /home/airflow/.local/lib/python3.7/site-packages/airflow/example_dags/example_short_circuit_operator.py took 0.065 seconds
[2024-09-21T05:14:06.952+0000] {processor.py:154} INFO - Started process (PID=422) to work on /home/airflow/.local/lib/python3.7/site-packages/airflow/example_dags/example_short_circuit_operator.py
[2024-09-21T05:14:06.952+0000] {processor.py:756} INFO - Processing file /home/airflow/.local/lib/python3.7/site-packages/airflow/example_dags/example_short_circuit_operator.py for tasks to queue
[2024-09-21T05:14:06.953+0000] {logging_mixin.py:120} INFO - [2024-09-21T05:14:06.952+0000] {dagbag.py:537} INFO - Filling up the DagBag from /home/airflow/.local/lib/python3.7/site-packages/airflow/example_dags/example_short_circuit_operator.py
[2024-09-21T05:14:06.961+0000] {processor.py:766} INFO - DAG(s) dict_keys(['example_short_circuit_operator']) retrieved from /home/airflow/.local/lib/python3.7/site-packages/airflow/example_dags/example_short_circuit_operator.py
[2024-09-21T05:14:06.981+0000] {logging_mixin.py:120} INFO - [2024-09-21T05:14:06.981+0000] {dag.py:2585} INFO - Sync 1 DAGs
[2024-09-21T05:14:06.993+0000] {logging_mixin.py:120} INFO - [2024-09-21T05:14:06.993+0000] {dag.py:3340} INFO - Setting next_dagrun for example_short_circuit_operator to 2024-09-20T05:14:06.993513+00:00, run_after=2024-09-21T05:14:06.993513+00:00
[2024-09-21T05:14:07.001+0000] {processor.py:176} INFO - Processing /home/airflow/.local/lib/python3.7/site-packages/airflow/example_dags/example_short_circuit_operator.py took 0.051 seconds
[2024-09-21T05:14:37.476+0000] {processor.py:154} INFO - Started process (PID=486) to work on /home/airflow/.local/lib/python3.7/site-packages/airflow/example_dags/example_short_circuit_operator.py
[2024-09-21T05:14:37.479+0000] {processor.py:756} INFO - Processing file /home/airflow/.local/lib/python3.7/site-packages/airflow/example_dags/example_short_circuit_operator.py for tasks to queue
[2024-09-21T05:14:37.479+0000] {logging_mixin.py:120} INFO - [2024-09-21T05:14:37.479+0000] {dagbag.py:537} INFO - Filling up the DagBag from /home/airflow/.local/lib/python3.7/site-packages/airflow/example_dags/example_short_circuit_operator.py
[2024-09-21T05:14:37.486+0000] {processor.py:766} INFO - DAG(s) dict_keys(['example_short_circuit_operator']) retrieved from /home/airflow/.local/lib/python3.7/site-packages/airflow/example_dags/example_short_circuit_operator.py
[2024-09-21T05:14:37.506+0000] {logging_mixin.py:120} INFO - [2024-09-21T05:14:37.506+0000] {dag.py:2585} INFO - Sync 1 DAGs
[2024-09-21T05:14:37.522+0000] {logging_mixin.py:120} INFO - [2024-09-21T05:14:37.521+0000] {dag.py:3340} INFO - Setting next_dagrun for example_short_circuit_operator to 2024-09-20T05:14:37.521896+00:00, run_after=2024-09-21T05:14:37.521896+00:00
[2024-09-21T05:14:37.532+0000] {processor.py:176} INFO - Processing /home/airflow/.local/lib/python3.7/site-packages/airflow/example_dags/example_short_circuit_operator.py took 0.058 seconds
[2024-09-21T05:15:07.900+0000] {processor.py:154} INFO - Started process (PID=548) to work on /home/airflow/.local/lib/python3.7/site-packages/airflow/example_dags/example_short_circuit_operator.py
[2024-09-21T05:15:07.904+0000] {processor.py:756} INFO - Processing file /home/airflow/.local/lib/python3.7/site-packages/airflow/example_dags/example_short_circuit_operator.py for tasks to queue
[2024-09-21T05:15:07.904+0000] {logging_mixin.py:120} INFO - [2024-09-21T05:15:07.904+0000] {dagbag.py:537} INFO - Filling up the DagBag from /home/airflow/.local/lib/python3.7/site-packages/airflow/example_dags/example_short_circuit_operator.py
[2024-09-21T05:15:07.912+0000] {processor.py:766} INFO - DAG(s) dict_keys(['example_short_circuit_operator']) retrieved from /home/airflow/.local/lib/python3.7/site-packages/airflow/example_dags/example_short_circuit_operator.py
[2024-09-21T05:15:07.935+0000] {logging_mixin.py:120} INFO - [2024-09-21T05:15:07.935+0000] {dag.py:2585} INFO - Sync 1 DAGs
[2024-09-21T05:15:07.947+0000] {logging_mixin.py:120} INFO - [2024-09-21T05:15:07.947+0000] {dag.py:3340} INFO - Setting next_dagrun for example_short_circuit_operator to 2024-09-20T05:15:07.946975+00:00, run_after=2024-09-21T05:15:07.946975+00:00
[2024-09-21T05:15:07.955+0000] {processor.py:176} INFO - Processing /home/airflow/.local/lib/python3.7/site-packages/airflow/example_dags/example_short_circuit_operator.py took 0.056 seconds
[2024-09-21T05:15:38.313+0000] {processor.py:154} INFO - Started process (PID=611) to work on /home/airflow/.local/lib/python3.7/site-packages/airflow/example_dags/example_short_circuit_operator.py
[2024-09-21T05:15:38.316+0000] {processor.py:756} INFO - Processing file /home/airflow/.local/lib/python3.7/site-packages/airflow/example_dags/example_short_circuit_operator.py for tasks to queue
[2024-09-21T05:15:38.317+0000] {logging_mixin.py:120} INFO - [2024-09-21T05:15:38.317+0000] {dagbag.py:537} INFO - Filling up the DagBag from /home/airflow/.local/lib/python3.7/site-packages/airflow/example_dags/example_short_circuit_operator.py
[2024-09-21T05:15:38.328+0000] {processor.py:766} INFO - DAG(s) dict_keys(['example_short_circuit_operator']) retrieved from /home/airflow/.local/lib/python3.7/site-packages/airflow/example_dags/example_short_circuit_operator.py
[2024-09-21T05:15:38.346+0000] {logging_mixin.py:120} INFO - [2024-09-21T05:15:38.346+0000] {dag.py:2585} INFO - Sync 1 DAGs
[2024-09-21T05:15:38.357+0000] {logging_mixin.py:120} INFO - [2024-09-21T05:15:38.357+0000] {dag.py:3340} INFO - Setting next_dagrun for example_short_circuit_operator to 2024-09-20T05:15:38.357798+00:00, run_after=2024-09-21T05:15:38.357798+00:00
[2024-09-21T05:15:38.368+0000] {processor.py:176} INFO - Processing /home/airflow/.local/lib/python3.7/site-packages/airflow/example_dags/example_short_circuit_operator.py took 0.056 seconds
[2024-09-21T05:16:08.715+0000] {processor.py:154} INFO - Started process (PID=674) to work on /home/airflow/.local/lib/python3.7/site-packages/airflow/example_dags/example_short_circuit_operator.py
[2024-09-21T05:16:08.715+0000] {processor.py:756} INFO - Processing file /home/airflow/.local/lib/python3.7/site-packages/airflow/example_dags/example_short_circuit_operator.py for tasks to queue
[2024-09-21T05:16:08.715+0000] {logging_mixin.py:120} INFO - [2024-09-21T05:16:08.715+0000] {dagbag.py:537} INFO - Filling up the DagBag from /home/airflow/.local/lib/python3.7/site-packages/airflow/example_dags/example_short_circuit_operator.py
[2024-09-21T05:16:08.726+0000] {processor.py:766} INFO - DAG(s) dict_keys(['example_short_circuit_operator']) retrieved from /home/airflow/.local/lib/python3.7/site-packages/airflow/example_dags/example_short_circuit_operator.py
[2024-09-21T05:16:08.744+0000] {logging_mixin.py:120} INFO - [2024-09-21T05:16:08.744+0000] {dag.py:2585} INFO - Sync 1 DAGs
[2024-09-21T05:16:08.758+0000] {logging_mixin.py:120} INFO - [2024-09-21T05:16:08.758+0000] {dag.py:3340} INFO - Setting next_dagrun for example_short_circuit_operator to 2024-09-20T05:16:08.758272+00:00, run_after=2024-09-21T05:16:08.758272+00:00
[2024-09-21T05:16:08.767+0000] {processor.py:176} INFO - Processing /home/airflow/.local/lib/python3.7/site-packages/airflow/example_dags/example_short_circuit_operator.py took 0.054 seconds
[2024-09-21T05:16:39.179+0000] {processor.py:154} INFO - Started process (PID=737) to work on /home/airflow/.local/lib/python3.7/site-packages/airflow/example_dags/example_short_circuit_operator.py
[2024-09-21T05:16:39.179+0000] {processor.py:756} INFO - Processing file /home/airflow/.local/lib/python3.7/site-packages/airflow/example_dags/example_short_circuit_operator.py for tasks to queue
[2024-09-21T05:16:39.179+0000] {logging_mixin.py:120} INFO - [2024-09-21T05:16:39.179+0000] {dagbag.py:537} INFO - Filling up the DagBag from /home/airflow/.local/lib/python3.7/site-packages/airflow/example_dags/example_short_circuit_operator.py
[2024-09-21T05:16:39.187+0000] {processor.py:766} INFO - DAG(s) dict_keys(['example_short_circuit_operator']) retrieved from /home/airflow/.local/lib/python3.7/site-packages/airflow/example_dags/example_short_circuit_operator.py
[2024-09-21T05:16:39.206+0000] {logging_mixin.py:120} INFO - [2024-09-21T05:16:39.206+0000] {dag.py:2585} INFO - Sync 1 DAGs
[2024-09-21T05:16:39.216+0000] {logging_mixin.py:120} INFO - [2024-09-21T05:16:39.216+0000] {dag.py:3340} INFO - Setting next_dagrun for example_short_circuit_operator to 2024-09-20T05:16:39.216673+00:00, run_after=2024-09-21T05:16:39.216673+00:00
[2024-09-21T05:16:39.224+0000] {processor.py:176} INFO - Processing /home/airflow/.local/lib/python3.7/site-packages/airflow/example_dags/example_short_circuit_operator.py took 0.047 seconds
