[2024-09-21T05:11:03.769+0000] {processor.py:154} INFO - Started process (PID=59) to work on /home/airflow/.local/lib/python3.7/site-packages/airflow/example_dags/example_branch_python_dop_operator_3.py
[2024-09-21T05:11:03.773+0000] {processor.py:756} INFO - Processing file /home/airflow/.local/lib/python3.7/site-packages/airflow/example_dags/example_branch_python_dop_operator_3.py for tasks to queue
[2024-09-21T05:11:03.778+0000] {logging_mixin.py:120} INFO - [2024-09-21T05:11:03.778+0000] {dagbag.py:537} INFO - Filling up the DagBag from /home/airflow/.local/lib/python3.7/site-packages/airflow/example_dags/example_branch_python_dop_operator_3.py
[2024-09-21T05:11:03.801+0000] {processor.py:766} INFO - DAG(s) dict_keys(['example_branch_dop_operator_v3']) retrieved from /home/airflow/.local/lib/python3.7/site-packages/airflow/example_dags/example_branch_python_dop_operator_3.py
[2024-09-21T05:11:03.840+0000] {logging_mixin.py:120} INFO - [2024-09-21T05:11:03.840+0000] {dag.py:2585} INFO - Sync 1 DAGs
[2024-09-21T05:11:03.858+0000] {logging_mixin.py:120} INFO - [2024-09-21T05:11:03.858+0000] {dag.py:3340} INFO - Setting next_dagrun for example_branch_dop_operator_v3 to 2024-09-21T05:10:00+00:00, run_after=2024-09-21T05:11:00+00:00
[2024-09-21T05:11:03.872+0000] {processor.py:176} INFO - Processing /home/airflow/.local/lib/python3.7/site-packages/airflow/example_dags/example_branch_python_dop_operator_3.py took 0.105 seconds
[2024-09-21T05:11:34.447+0000] {processor.py:154} INFO - Started process (PID=122) to work on /home/airflow/.local/lib/python3.7/site-packages/airflow/example_dags/example_branch_python_dop_operator_3.py
[2024-09-21T05:11:34.450+0000] {processor.py:756} INFO - Processing file /home/airflow/.local/lib/python3.7/site-packages/airflow/example_dags/example_branch_python_dop_operator_3.py for tasks to queue
[2024-09-21T05:11:34.451+0000] {logging_mixin.py:120} INFO - [2024-09-21T05:11:34.451+0000] {dagbag.py:537} INFO - Filling up the DagBag from /home/airflow/.local/lib/python3.7/site-packages/airflow/example_dags/example_branch_python_dop_operator_3.py
[2024-09-21T05:11:34.464+0000] {processor.py:766} INFO - DAG(s) dict_keys(['example_branch_dop_operator_v3']) retrieved from /home/airflow/.local/lib/python3.7/site-packages/airflow/example_dags/example_branch_python_dop_operator_3.py
[2024-09-21T05:11:34.482+0000] {logging_mixin.py:120} INFO - [2024-09-21T05:11:34.482+0000] {dag.py:2585} INFO - Sync 1 DAGs
[2024-09-21T05:11:34.496+0000] {logging_mixin.py:120} INFO - [2024-09-21T05:11:34.496+0000] {dag.py:3340} INFO - Setting next_dagrun for example_branch_dop_operator_v3 to 2024-09-21T05:10:00+00:00, run_after=2024-09-21T05:11:00+00:00
[2024-09-21T05:11:34.521+0000] {processor.py:176} INFO - Processing /home/airflow/.local/lib/python3.7/site-packages/airflow/example_dags/example_branch_python_dop_operator_3.py took 0.075 seconds
[2024-09-21T05:12:04.974+0000] {processor.py:154} INFO - Started process (PID=186) to work on /home/airflow/.local/lib/python3.7/site-packages/airflow/example_dags/example_branch_python_dop_operator_3.py
[2024-09-21T05:12:04.977+0000] {processor.py:756} INFO - Processing file /home/airflow/.local/lib/python3.7/site-packages/airflow/example_dags/example_branch_python_dop_operator_3.py for tasks to queue
[2024-09-21T05:12:04.978+0000] {logging_mixin.py:120} INFO - [2024-09-21T05:12:04.977+0000] {dagbag.py:537} INFO - Filling up the DagBag from /home/airflow/.local/lib/python3.7/site-packages/airflow/example_dags/example_branch_python_dop_operator_3.py
[2024-09-21T05:12:04.988+0000] {processor.py:766} INFO - DAG(s) dict_keys(['example_branch_dop_operator_v3']) retrieved from /home/airflow/.local/lib/python3.7/site-packages/airflow/example_dags/example_branch_python_dop_operator_3.py
[2024-09-21T05:12:05.008+0000] {logging_mixin.py:120} INFO - [2024-09-21T05:12:05.008+0000] {dag.py:2585} INFO - Sync 1 DAGs
[2024-09-21T05:12:05.022+0000] {logging_mixin.py:120} INFO - [2024-09-21T05:12:05.022+0000] {dag.py:3340} INFO - Setting next_dagrun for example_branch_dop_operator_v3 to 2024-09-21T05:11:00+00:00, run_after=2024-09-21T05:12:00+00:00
[2024-09-21T05:12:05.031+0000] {processor.py:176} INFO - Processing /home/airflow/.local/lib/python3.7/site-packages/airflow/example_dags/example_branch_python_dop_operator_3.py took 0.058 seconds
[2024-09-21T05:12:35.712+0000] {processor.py:154} INFO - Started process (PID=249) to work on /home/airflow/.local/lib/python3.7/site-packages/airflow/example_dags/example_branch_python_dop_operator_3.py
[2024-09-21T05:12:35.714+0000] {processor.py:756} INFO - Processing file /home/airflow/.local/lib/python3.7/site-packages/airflow/example_dags/example_branch_python_dop_operator_3.py for tasks to queue
[2024-09-21T05:12:35.714+0000] {logging_mixin.py:120} INFO - [2024-09-21T05:12:35.714+0000] {dagbag.py:537} INFO - Filling up the DagBag from /home/airflow/.local/lib/python3.7/site-packages/airflow/example_dags/example_branch_python_dop_operator_3.py
[2024-09-21T05:12:35.725+0000] {processor.py:766} INFO - DAG(s) dict_keys(['example_branch_dop_operator_v3']) retrieved from /home/airflow/.local/lib/python3.7/site-packages/airflow/example_dags/example_branch_python_dop_operator_3.py
[2024-09-21T05:12:35.743+0000] {logging_mixin.py:120} INFO - [2024-09-21T05:12:35.743+0000] {dag.py:2585} INFO - Sync 1 DAGs
[2024-09-21T05:12:35.756+0000] {logging_mixin.py:120} INFO - [2024-09-21T05:12:35.756+0000] {dag.py:3340} INFO - Setting next_dagrun for example_branch_dop_operator_v3 to 2024-09-21T05:11:00+00:00, run_after=2024-09-21T05:12:00+00:00
[2024-09-21T05:12:35.763+0000] {processor.py:176} INFO - Processing /home/airflow/.local/lib/python3.7/site-packages/airflow/example_dags/example_branch_python_dop_operator_3.py took 0.053 seconds
[2024-09-21T05:13:06.208+0000] {processor.py:154} INFO - Started process (PID=312) to work on /home/airflow/.local/lib/python3.7/site-packages/airflow/example_dags/example_branch_python_dop_operator_3.py
[2024-09-21T05:13:06.208+0000] {processor.py:756} INFO - Processing file /home/airflow/.local/lib/python3.7/site-packages/airflow/example_dags/example_branch_python_dop_operator_3.py for tasks to queue
[2024-09-21T05:13:06.210+0000] {logging_mixin.py:120} INFO - [2024-09-21T05:13:06.210+0000] {dagbag.py:537} INFO - Filling up the DagBag from /home/airflow/.local/lib/python3.7/site-packages/airflow/example_dags/example_branch_python_dop_operator_3.py
[2024-09-21T05:13:06.222+0000] {processor.py:766} INFO - DAG(s) dict_keys(['example_branch_dop_operator_v3']) retrieved from /home/airflow/.local/lib/python3.7/site-packages/airflow/example_dags/example_branch_python_dop_operator_3.py
[2024-09-21T05:13:06.242+0000] {logging_mixin.py:120} INFO - [2024-09-21T05:13:06.242+0000] {dag.py:2585} INFO - Sync 1 DAGs
[2024-09-21T05:13:06.258+0000] {logging_mixin.py:120} INFO - [2024-09-21T05:13:06.258+0000] {dag.py:3340} INFO - Setting next_dagrun for example_branch_dop_operator_v3 to 2024-09-21T05:12:00+00:00, run_after=2024-09-21T05:13:00+00:00
[2024-09-21T05:13:06.268+0000] {processor.py:176} INFO - Processing /home/airflow/.local/lib/python3.7/site-packages/airflow/example_dags/example_branch_python_dop_operator_3.py took 0.062 seconds
[2024-09-21T05:13:36.718+0000] {processor.py:154} INFO - Started process (PID=375) to work on /home/airflow/.local/lib/python3.7/site-packages/airflow/example_dags/example_branch_python_dop_operator_3.py
[2024-09-21T05:13:36.720+0000] {processor.py:756} INFO - Processing file /home/airflow/.local/lib/python3.7/site-packages/airflow/example_dags/example_branch_python_dop_operator_3.py for tasks to queue
[2024-09-21T05:13:36.720+0000] {logging_mixin.py:120} INFO - [2024-09-21T05:13:36.720+0000] {dagbag.py:537} INFO - Filling up the DagBag from /home/airflow/.local/lib/python3.7/site-packages/airflow/example_dags/example_branch_python_dop_operator_3.py
[2024-09-21T05:13:36.733+0000] {processor.py:766} INFO - DAG(s) dict_keys(['example_branch_dop_operator_v3']) retrieved from /home/airflow/.local/lib/python3.7/site-packages/airflow/example_dags/example_branch_python_dop_operator_3.py
[2024-09-21T05:13:36.754+0000] {logging_mixin.py:120} INFO - [2024-09-21T05:13:36.754+0000] {dag.py:2585} INFO - Sync 1 DAGs
[2024-09-21T05:13:36.769+0000] {logging_mixin.py:120} INFO - [2024-09-21T05:13:36.769+0000] {dag.py:3340} INFO - Setting next_dagrun for example_branch_dop_operator_v3 to 2024-09-21T05:12:00+00:00, run_after=2024-09-21T05:13:00+00:00
[2024-09-21T05:13:36.779+0000] {processor.py:176} INFO - Processing /home/airflow/.local/lib/python3.7/site-packages/airflow/example_dags/example_branch_python_dop_operator_3.py took 0.063 seconds
[2024-09-21T05:14:07.212+0000] {processor.py:154} INFO - Started process (PID=429) to work on /home/airflow/.local/lib/python3.7/site-packages/airflow/example_dags/example_branch_python_dop_operator_3.py
[2024-09-21T05:14:07.213+0000] {processor.py:756} INFO - Processing file /home/airflow/.local/lib/python3.7/site-packages/airflow/example_dags/example_branch_python_dop_operator_3.py for tasks to queue
[2024-09-21T05:14:07.213+0000] {logging_mixin.py:120} INFO - [2024-09-21T05:14:07.213+0000] {dagbag.py:537} INFO - Filling up the DagBag from /home/airflow/.local/lib/python3.7/site-packages/airflow/example_dags/example_branch_python_dop_operator_3.py
[2024-09-21T05:14:07.224+0000] {processor.py:766} INFO - DAG(s) dict_keys(['example_branch_dop_operator_v3']) retrieved from /home/airflow/.local/lib/python3.7/site-packages/airflow/example_dags/example_branch_python_dop_operator_3.py
[2024-09-21T05:14:07.244+0000] {logging_mixin.py:120} INFO - [2024-09-21T05:14:07.243+0000] {dag.py:2585} INFO - Sync 1 DAGs
[2024-09-21T05:14:07.257+0000] {logging_mixin.py:120} INFO - [2024-09-21T05:14:07.257+0000] {dag.py:3340} INFO - Setting next_dagrun for example_branch_dop_operator_v3 to 2024-09-21T05:13:00+00:00, run_after=2024-09-21T05:14:00+00:00
[2024-09-21T05:14:07.264+0000] {processor.py:176} INFO - Processing /home/airflow/.local/lib/python3.7/site-packages/airflow/example_dags/example_branch_python_dop_operator_3.py took 0.054 seconds
[2024-09-21T05:14:37.722+0000] {processor.py:154} INFO - Started process (PID=492) to work on /home/airflow/.local/lib/python3.7/site-packages/airflow/example_dags/example_branch_python_dop_operator_3.py
[2024-09-21T05:14:37.723+0000] {processor.py:756} INFO - Processing file /home/airflow/.local/lib/python3.7/site-packages/airflow/example_dags/example_branch_python_dop_operator_3.py for tasks to queue
[2024-09-21T05:14:37.724+0000] {logging_mixin.py:120} INFO - [2024-09-21T05:14:37.724+0000] {dagbag.py:537} INFO - Filling up the DagBag from /home/airflow/.local/lib/python3.7/site-packages/airflow/example_dags/example_branch_python_dop_operator_3.py
[2024-09-21T05:14:37.735+0000] {processor.py:766} INFO - DAG(s) dict_keys(['example_branch_dop_operator_v3']) retrieved from /home/airflow/.local/lib/python3.7/site-packages/airflow/example_dags/example_branch_python_dop_operator_3.py
[2024-09-21T05:14:37.753+0000] {logging_mixin.py:120} INFO - [2024-09-21T05:14:37.753+0000] {dag.py:2585} INFO - Sync 1 DAGs
[2024-09-21T05:14:37.765+0000] {logging_mixin.py:120} INFO - [2024-09-21T05:14:37.765+0000] {dag.py:3340} INFO - Setting next_dagrun for example_branch_dop_operator_v3 to 2024-09-21T05:13:00+00:00, run_after=2024-09-21T05:14:00+00:00
[2024-09-21T05:14:37.773+0000] {processor.py:176} INFO - Processing /home/airflow/.local/lib/python3.7/site-packages/airflow/example_dags/example_branch_python_dop_operator_3.py took 0.052 seconds
[2024-09-21T05:15:08.126+0000] {processor.py:154} INFO - Started process (PID=554) to work on /home/airflow/.local/lib/python3.7/site-packages/airflow/example_dags/example_branch_python_dop_operator_3.py
[2024-09-21T05:15:08.126+0000] {processor.py:756} INFO - Processing file /home/airflow/.local/lib/python3.7/site-packages/airflow/example_dags/example_branch_python_dop_operator_3.py for tasks to queue
[2024-09-21T05:15:08.127+0000] {logging_mixin.py:120} INFO - [2024-09-21T05:15:08.126+0000] {dagbag.py:537} INFO - Filling up the DagBag from /home/airflow/.local/lib/python3.7/site-packages/airflow/example_dags/example_branch_python_dop_operator_3.py
[2024-09-21T05:15:08.137+0000] {processor.py:766} INFO - DAG(s) dict_keys(['example_branch_dop_operator_v3']) retrieved from /home/airflow/.local/lib/python3.7/site-packages/airflow/example_dags/example_branch_python_dop_operator_3.py
[2024-09-21T05:15:08.155+0000] {logging_mixin.py:120} INFO - [2024-09-21T05:15:08.154+0000] {dag.py:2585} INFO - Sync 1 DAGs
[2024-09-21T05:15:08.168+0000] {logging_mixin.py:120} INFO - [2024-09-21T05:15:08.168+0000] {dag.py:3340} INFO - Setting next_dagrun for example_branch_dop_operator_v3 to 2024-09-21T05:14:00+00:00, run_after=2024-09-21T05:15:00+00:00
[2024-09-21T05:15:08.178+0000] {processor.py:176} INFO - Processing /home/airflow/.local/lib/python3.7/site-packages/airflow/example_dags/example_branch_python_dop_operator_3.py took 0.054 seconds
[2024-09-21T05:15:38.531+0000] {processor.py:154} INFO - Started process (PID=617) to work on /home/airflow/.local/lib/python3.7/site-packages/airflow/example_dags/example_branch_python_dop_operator_3.py
[2024-09-21T05:15:38.531+0000] {processor.py:756} INFO - Processing file /home/airflow/.local/lib/python3.7/site-packages/airflow/example_dags/example_branch_python_dop_operator_3.py for tasks to queue
[2024-09-21T05:15:38.532+0000] {logging_mixin.py:120} INFO - [2024-09-21T05:15:38.532+0000] {dagbag.py:537} INFO - Filling up the DagBag from /home/airflow/.local/lib/python3.7/site-packages/airflow/example_dags/example_branch_python_dop_operator_3.py
[2024-09-21T05:15:38.542+0000] {processor.py:766} INFO - DAG(s) dict_keys(['example_branch_dop_operator_v3']) retrieved from /home/airflow/.local/lib/python3.7/site-packages/airflow/example_dags/example_branch_python_dop_operator_3.py
[2024-09-21T05:15:38.559+0000] {logging_mixin.py:120} INFO - [2024-09-21T05:15:38.559+0000] {dag.py:2585} INFO - Sync 1 DAGs
[2024-09-21T05:15:38.575+0000] {logging_mixin.py:120} INFO - [2024-09-21T05:15:38.575+0000] {dag.py:3340} INFO - Setting next_dagrun for example_branch_dop_operator_v3 to 2024-09-21T05:14:00+00:00, run_after=2024-09-21T05:15:00+00:00
[2024-09-21T05:15:38.584+0000] {processor.py:176} INFO - Processing /home/airflow/.local/lib/python3.7/site-packages/airflow/example_dags/example_branch_python_dop_operator_3.py took 0.054 seconds
[2024-09-21T05:16:08.954+0000] {processor.py:154} INFO - Started process (PID=680) to work on /home/airflow/.local/lib/python3.7/site-packages/airflow/example_dags/example_branch_python_dop_operator_3.py
[2024-09-21T05:16:08.954+0000] {processor.py:756} INFO - Processing file /home/airflow/.local/lib/python3.7/site-packages/airflow/example_dags/example_branch_python_dop_operator_3.py for tasks to queue
[2024-09-21T05:16:08.954+0000] {logging_mixin.py:120} INFO - [2024-09-21T05:16:08.954+0000] {dagbag.py:537} INFO - Filling up the DagBag from /home/airflow/.local/lib/python3.7/site-packages/airflow/example_dags/example_branch_python_dop_operator_3.py
[2024-09-21T05:16:08.965+0000] {processor.py:766} INFO - DAG(s) dict_keys(['example_branch_dop_operator_v3']) retrieved from /home/airflow/.local/lib/python3.7/site-packages/airflow/example_dags/example_branch_python_dop_operator_3.py
[2024-09-21T05:16:08.983+0000] {logging_mixin.py:120} INFO - [2024-09-21T05:16:08.983+0000] {dag.py:2585} INFO - Sync 1 DAGs
[2024-09-21T05:16:08.996+0000] {logging_mixin.py:120} INFO - [2024-09-21T05:16:08.996+0000] {dag.py:3340} INFO - Setting next_dagrun for example_branch_dop_operator_v3 to 2024-09-21T05:15:00+00:00, run_after=2024-09-21T05:16:00+00:00
[2024-09-21T05:16:09.004+0000] {processor.py:176} INFO - Processing /home/airflow/.local/lib/python3.7/site-packages/airflow/example_dags/example_branch_python_dop_operator_3.py took 0.052 seconds
[2024-09-21T05:16:39.422+0000] {processor.py:154} INFO - Started process (PID=743) to work on /home/airflow/.local/lib/python3.7/site-packages/airflow/example_dags/example_branch_python_dop_operator_3.py
[2024-09-21T05:16:39.422+0000] {processor.py:756} INFO - Processing file /home/airflow/.local/lib/python3.7/site-packages/airflow/example_dags/example_branch_python_dop_operator_3.py for tasks to queue
[2024-09-21T05:16:39.422+0000] {logging_mixin.py:120} INFO - [2024-09-21T05:16:39.422+0000] {dagbag.py:537} INFO - Filling up the DagBag from /home/airflow/.local/lib/python3.7/site-packages/airflow/example_dags/example_branch_python_dop_operator_3.py
[2024-09-21T05:16:39.433+0000] {processor.py:766} INFO - DAG(s) dict_keys(['example_branch_dop_operator_v3']) retrieved from /home/airflow/.local/lib/python3.7/site-packages/airflow/example_dags/example_branch_python_dop_operator_3.py
[2024-09-21T05:16:39.452+0000] {logging_mixin.py:120} INFO - [2024-09-21T05:16:39.452+0000] {dag.py:2585} INFO - Sync 1 DAGs
[2024-09-21T05:16:39.464+0000] {logging_mixin.py:120} INFO - [2024-09-21T05:16:39.464+0000] {dag.py:3340} INFO - Setting next_dagrun for example_branch_dop_operator_v3 to 2024-09-21T05:15:00+00:00, run_after=2024-09-21T05:16:00+00:00
[2024-09-21T05:16:39.472+0000] {processor.py:176} INFO - Processing /home/airflow/.local/lib/python3.7/site-packages/airflow/example_dags/example_branch_python_dop_operator_3.py took 0.052 seconds
