[2024-09-21T05:11:03.654+0000] {processor.py:154} INFO - Started process (PID=58) to work on /home/airflow/.local/lib/python3.7/site-packages/airflow/example_dags/example_python_operator.py
[2024-09-21T05:11:03.654+0000] {processor.py:756} INFO - Processing file /home/airflow/.local/lib/python3.7/site-packages/airflow/example_dags/example_python_operator.py for tasks to queue
[2024-09-21T05:11:03.655+0000] {logging_mixin.py:120} INFO - [2024-09-21T05:11:03.655+0000] {dagbag.py:537} INFO - Filling up the DagBag from /home/airflow/.local/lib/python3.7/site-packages/airflow/example_dags/example_python_operator.py
[2024-09-21T05:11:03.667+0000] {logging_mixin.py:120} INFO - [2024-09-21T05:11:03.667+0000] {taskmixin.py:205} WARNING - Dependency <Task(_PythonDecoratedOperator): print_the_context>, log_sql_query already registered for DAG: example_python_operator
[2024-09-21T05:11:03.668+0000] {logging_mixin.py:120} INFO - [2024-09-21T05:11:03.668+0000] {taskmixin.py:205} WARNING - Dependency <Task(_PythonDecoratedOperator): log_sql_query>, print_the_context already registered for DAG: example_python_operator
[2024-09-21T05:11:03.669+0000] {logging_mixin.py:120} INFO - [2024-09-21T05:11:03.669+0000] {taskmixin.py:205} WARNING - Dependency <Task(_PythonDecoratedOperator): print_the_context>, log_sql_query already registered for DAG: example_python_operator
[2024-09-21T05:11:03.671+0000] {logging_mixin.py:120} INFO - [2024-09-21T05:11:03.671+0000] {taskmixin.py:205} WARNING - Dependency <Task(_PythonDecoratedOperator): log_sql_query>, print_the_context already registered for DAG: example_python_operator
[2024-09-21T05:11:03.672+0000] {logging_mixin.py:120} INFO - [2024-09-21T05:11:03.672+0000] {taskmixin.py:205} WARNING - Dependency <Task(_PythonDecoratedOperator): print_the_context>, log_sql_query already registered for DAG: example_python_operator
[2024-09-21T05:11:03.672+0000] {logging_mixin.py:120} INFO - [2024-09-21T05:11:03.672+0000] {taskmixin.py:205} WARNING - Dependency <Task(_PythonDecoratedOperator): log_sql_query>, print_the_context already registered for DAG: example_python_operator
[2024-09-21T05:11:03.673+0000] {logging_mixin.py:120} INFO - [2024-09-21T05:11:03.673+0000] {taskmixin.py:205} WARNING - Dependency <Task(_PythonDecoratedOperator): print_the_context>, log_sql_query already registered for DAG: example_python_operator
[2024-09-21T05:11:03.673+0000] {logging_mixin.py:120} INFO - [2024-09-21T05:11:03.673+0000] {taskmixin.py:205} WARNING - Dependency <Task(_PythonDecoratedOperator): log_sql_query>, print_the_context already registered for DAG: example_python_operator
[2024-09-21T05:11:03.677+0000] {processor.py:766} INFO - DAG(s) dict_keys(['example_python_operator']) retrieved from /home/airflow/.local/lib/python3.7/site-packages/airflow/example_dags/example_python_operator.py
[2024-09-21T05:11:03.691+0000] {logging_mixin.py:120} INFO - [2024-09-21T05:11:03.691+0000] {dag.py:2585} INFO - Sync 1 DAGs
[2024-09-21T05:11:03.703+0000] {logging_mixin.py:120} INFO - [2024-09-21T05:11:03.703+0000] {dag.py:3340} INFO - Setting next_dagrun for example_python_operator to None, run_after=None
[2024-09-21T05:11:03.759+0000] {processor.py:176} INFO - Processing /home/airflow/.local/lib/python3.7/site-packages/airflow/example_dags/example_python_operator.py took 0.109 seconds
[2024-09-21T05:11:34.383+0000] {processor.py:154} INFO - Started process (PID=121) to work on /home/airflow/.local/lib/python3.7/site-packages/airflow/example_dags/example_python_operator.py
[2024-09-21T05:11:34.386+0000] {processor.py:756} INFO - Processing file /home/airflow/.local/lib/python3.7/site-packages/airflow/example_dags/example_python_operator.py for tasks to queue
[2024-09-21T05:11:34.387+0000] {logging_mixin.py:120} INFO - [2024-09-21T05:11:34.387+0000] {dagbag.py:537} INFO - Filling up the DagBag from /home/airflow/.local/lib/python3.7/site-packages/airflow/example_dags/example_python_operator.py
[2024-09-21T05:11:34.394+0000] {logging_mixin.py:120} INFO - [2024-09-21T05:11:34.394+0000] {taskmixin.py:205} WARNING - Dependency <Task(_PythonDecoratedOperator): print_the_context>, log_sql_query already registered for DAG: example_python_operator
[2024-09-21T05:11:34.397+0000] {logging_mixin.py:120} INFO - [2024-09-21T05:11:34.397+0000] {taskmixin.py:205} WARNING - Dependency <Task(_PythonDecoratedOperator): log_sql_query>, print_the_context already registered for DAG: example_python_operator
[2024-09-21T05:11:34.398+0000] {logging_mixin.py:120} INFO - [2024-09-21T05:11:34.398+0000] {taskmixin.py:205} WARNING - Dependency <Task(_PythonDecoratedOperator): print_the_context>, log_sql_query already registered for DAG: example_python_operator
[2024-09-21T05:11:34.398+0000] {logging_mixin.py:120} INFO - [2024-09-21T05:11:34.398+0000] {taskmixin.py:205} WARNING - Dependency <Task(_PythonDecoratedOperator): log_sql_query>, print_the_context already registered for DAG: example_python_operator
[2024-09-21T05:11:34.398+0000] {logging_mixin.py:120} INFO - [2024-09-21T05:11:34.398+0000] {taskmixin.py:205} WARNING - Dependency <Task(_PythonDecoratedOperator): print_the_context>, log_sql_query already registered for DAG: example_python_operator
[2024-09-21T05:11:34.398+0000] {logging_mixin.py:120} INFO - [2024-09-21T05:11:34.398+0000] {taskmixin.py:205} WARNING - Dependency <Task(_PythonDecoratedOperator): log_sql_query>, print_the_context already registered for DAG: example_python_operator
[2024-09-21T05:11:34.399+0000] {logging_mixin.py:120} INFO - [2024-09-21T05:11:34.399+0000] {taskmixin.py:205} WARNING - Dependency <Task(_PythonDecoratedOperator): print_the_context>, log_sql_query already registered for DAG: example_python_operator
[2024-09-21T05:11:34.399+0000] {logging_mixin.py:120} INFO - [2024-09-21T05:11:34.399+0000] {taskmixin.py:205} WARNING - Dependency <Task(_PythonDecoratedOperator): log_sql_query>, print_the_context already registered for DAG: example_python_operator
[2024-09-21T05:11:34.403+0000] {processor.py:766} INFO - DAG(s) dict_keys(['example_python_operator']) retrieved from /home/airflow/.local/lib/python3.7/site-packages/airflow/example_dags/example_python_operator.py
[2024-09-21T05:11:34.426+0000] {logging_mixin.py:120} INFO - [2024-09-21T05:11:34.426+0000] {dag.py:2585} INFO - Sync 1 DAGs
[2024-09-21T05:11:34.439+0000] {logging_mixin.py:120} INFO - [2024-09-21T05:11:34.439+0000] {dag.py:3340} INFO - Setting next_dagrun for example_python_operator to None, run_after=None
[2024-09-21T05:11:34.447+0000] {processor.py:176} INFO - Processing /home/airflow/.local/lib/python3.7/site-packages/airflow/example_dags/example_python_operator.py took 0.066 seconds
[2024-09-21T05:12:04.973+0000] {processor.py:154} INFO - Started process (PID=185) to work on /home/airflow/.local/lib/python3.7/site-packages/airflow/example_dags/example_python_operator.py
[2024-09-21T05:12:04.973+0000] {processor.py:756} INFO - Processing file /home/airflow/.local/lib/python3.7/site-packages/airflow/example_dags/example_python_operator.py for tasks to queue
[2024-09-21T05:12:04.974+0000] {logging_mixin.py:120} INFO - [2024-09-21T05:12:04.974+0000] {dagbag.py:537} INFO - Filling up the DagBag from /home/airflow/.local/lib/python3.7/site-packages/airflow/example_dags/example_python_operator.py
[2024-09-21T05:12:04.981+0000] {logging_mixin.py:120} INFO - [2024-09-21T05:12:04.981+0000] {taskmixin.py:205} WARNING - Dependency <Task(_PythonDecoratedOperator): print_the_context>, log_sql_query already registered for DAG: example_python_operator
[2024-09-21T05:12:04.981+0000] {logging_mixin.py:120} INFO - [2024-09-21T05:12:04.981+0000] {taskmixin.py:205} WARNING - Dependency <Task(_PythonDecoratedOperator): log_sql_query>, print_the_context already registered for DAG: example_python_operator
[2024-09-21T05:12:04.982+0000] {logging_mixin.py:120} INFO - [2024-09-21T05:12:04.982+0000] {taskmixin.py:205} WARNING - Dependency <Task(_PythonDecoratedOperator): print_the_context>, log_sql_query already registered for DAG: example_python_operator
[2024-09-21T05:12:04.982+0000] {logging_mixin.py:120} INFO - [2024-09-21T05:12:04.982+0000] {taskmixin.py:205} WARNING - Dependency <Task(_PythonDecoratedOperator): log_sql_query>, print_the_context already registered for DAG: example_python_operator
[2024-09-21T05:12:04.982+0000] {logging_mixin.py:120} INFO - [2024-09-21T05:12:04.982+0000] {taskmixin.py:205} WARNING - Dependency <Task(_PythonDecoratedOperator): print_the_context>, log_sql_query already registered for DAG: example_python_operator
[2024-09-21T05:12:04.982+0000] {logging_mixin.py:120} INFO - [2024-09-21T05:12:04.982+0000] {taskmixin.py:205} WARNING - Dependency <Task(_PythonDecoratedOperator): log_sql_query>, print_the_context already registered for DAG: example_python_operator
[2024-09-21T05:12:04.983+0000] {logging_mixin.py:120} INFO - [2024-09-21T05:12:04.983+0000] {taskmixin.py:205} WARNING - Dependency <Task(_PythonDecoratedOperator): print_the_context>, log_sql_query already registered for DAG: example_python_operator
[2024-09-21T05:12:04.983+0000] {logging_mixin.py:120} INFO - [2024-09-21T05:12:04.983+0000] {taskmixin.py:205} WARNING - Dependency <Task(_PythonDecoratedOperator): log_sql_query>, print_the_context already registered for DAG: example_python_operator
[2024-09-21T05:12:04.986+0000] {processor.py:766} INFO - DAG(s) dict_keys(['example_python_operator']) retrieved from /home/airflow/.local/lib/python3.7/site-packages/airflow/example_dags/example_python_operator.py
[2024-09-21T05:12:05.006+0000] {logging_mixin.py:120} INFO - [2024-09-21T05:12:05.006+0000] {dag.py:2585} INFO - Sync 1 DAGs
[2024-09-21T05:12:05.017+0000] {logging_mixin.py:120} INFO - [2024-09-21T05:12:05.017+0000] {dag.py:3340} INFO - Setting next_dagrun for example_python_operator to None, run_after=None
[2024-09-21T05:12:05.024+0000] {processor.py:176} INFO - Processing /home/airflow/.local/lib/python3.7/site-packages/airflow/example_dags/example_python_operator.py took 0.053 seconds
[2024-09-21T05:12:35.691+0000] {processor.py:154} INFO - Started process (PID=248) to work on /home/airflow/.local/lib/python3.7/site-packages/airflow/example_dags/example_python_operator.py
[2024-09-21T05:12:35.692+0000] {processor.py:756} INFO - Processing file /home/airflow/.local/lib/python3.7/site-packages/airflow/example_dags/example_python_operator.py for tasks to queue
[2024-09-21T05:12:35.692+0000] {logging_mixin.py:120} INFO - [2024-09-21T05:12:35.692+0000] {dagbag.py:537} INFO - Filling up the DagBag from /home/airflow/.local/lib/python3.7/site-packages/airflow/example_dags/example_python_operator.py
[2024-09-21T05:12:35.703+0000] {logging_mixin.py:120} INFO - [2024-09-21T05:12:35.703+0000] {taskmixin.py:205} WARNING - Dependency <Task(_PythonDecoratedOperator): print_the_context>, log_sql_query already registered for DAG: example_python_operator
[2024-09-21T05:12:35.703+0000] {logging_mixin.py:120} INFO - [2024-09-21T05:12:35.703+0000] {taskmixin.py:205} WARNING - Dependency <Task(_PythonDecoratedOperator): log_sql_query>, print_the_context already registered for DAG: example_python_operator
[2024-09-21T05:12:35.704+0000] {logging_mixin.py:120} INFO - [2024-09-21T05:12:35.704+0000] {taskmixin.py:205} WARNING - Dependency <Task(_PythonDecoratedOperator): print_the_context>, log_sql_query already registered for DAG: example_python_operator
[2024-09-21T05:12:35.705+0000] {logging_mixin.py:120} INFO - [2024-09-21T05:12:35.704+0000] {taskmixin.py:205} WARNING - Dependency <Task(_PythonDecoratedOperator): log_sql_query>, print_the_context already registered for DAG: example_python_operator
[2024-09-21T05:12:35.705+0000] {logging_mixin.py:120} INFO - [2024-09-21T05:12:35.705+0000] {taskmixin.py:205} WARNING - Dependency <Task(_PythonDecoratedOperator): print_the_context>, log_sql_query already registered for DAG: example_python_operator
[2024-09-21T05:12:35.706+0000] {logging_mixin.py:120} INFO - [2024-09-21T05:12:35.706+0000] {taskmixin.py:205} WARNING - Dependency <Task(_PythonDecoratedOperator): log_sql_query>, print_the_context already registered for DAG: example_python_operator
[2024-09-21T05:12:35.706+0000] {logging_mixin.py:120} INFO - [2024-09-21T05:12:35.706+0000] {taskmixin.py:205} WARNING - Dependency <Task(_PythonDecoratedOperator): print_the_context>, log_sql_query already registered for DAG: example_python_operator
[2024-09-21T05:12:35.706+0000] {logging_mixin.py:120} INFO - [2024-09-21T05:12:35.706+0000] {taskmixin.py:205} WARNING - Dependency <Task(_PythonDecoratedOperator): log_sql_query>, print_the_context already registered for DAG: example_python_operator
[2024-09-21T05:12:35.710+0000] {processor.py:766} INFO - DAG(s) dict_keys(['example_python_operator']) retrieved from /home/airflow/.local/lib/python3.7/site-packages/airflow/example_dags/example_python_operator.py
[2024-09-21T05:12:35.729+0000] {logging_mixin.py:120} INFO - [2024-09-21T05:12:35.729+0000] {dag.py:2585} INFO - Sync 1 DAGs
[2024-09-21T05:12:35.740+0000] {logging_mixin.py:120} INFO - [2024-09-21T05:12:35.740+0000] {dag.py:3340} INFO - Setting next_dagrun for example_python_operator to None, run_after=None
[2024-09-21T05:12:35.747+0000] {processor.py:176} INFO - Processing /home/airflow/.local/lib/python3.7/site-packages/airflow/example_dags/example_python_operator.py took 0.058 seconds
[2024-09-21T05:13:06.173+0000] {processor.py:154} INFO - Started process (PID=311) to work on /home/airflow/.local/lib/python3.7/site-packages/airflow/example_dags/example_python_operator.py
[2024-09-21T05:13:06.174+0000] {processor.py:756} INFO - Processing file /home/airflow/.local/lib/python3.7/site-packages/airflow/example_dags/example_python_operator.py for tasks to queue
[2024-09-21T05:13:06.175+0000] {logging_mixin.py:120} INFO - [2024-09-21T05:13:06.175+0000] {dagbag.py:537} INFO - Filling up the DagBag from /home/airflow/.local/lib/python3.7/site-packages/airflow/example_dags/example_python_operator.py
[2024-09-21T05:13:06.184+0000] {logging_mixin.py:120} INFO - [2024-09-21T05:13:06.184+0000] {taskmixin.py:205} WARNING - Dependency <Task(_PythonDecoratedOperator): print_the_context>, log_sql_query already registered for DAG: example_python_operator
[2024-09-21T05:13:06.184+0000] {logging_mixin.py:120} INFO - [2024-09-21T05:13:06.184+0000] {taskmixin.py:205} WARNING - Dependency <Task(_PythonDecoratedOperator): log_sql_query>, print_the_context already registered for DAG: example_python_operator
[2024-09-21T05:13:06.185+0000] {logging_mixin.py:120} INFO - [2024-09-21T05:13:06.185+0000] {taskmixin.py:205} WARNING - Dependency <Task(_PythonDecoratedOperator): print_the_context>, log_sql_query already registered for DAG: example_python_operator
[2024-09-21T05:13:06.185+0000] {logging_mixin.py:120} INFO - [2024-09-21T05:13:06.185+0000] {taskmixin.py:205} WARNING - Dependency <Task(_PythonDecoratedOperator): log_sql_query>, print_the_context already registered for DAG: example_python_operator
[2024-09-21T05:13:06.185+0000] {logging_mixin.py:120} INFO - [2024-09-21T05:13:06.185+0000] {taskmixin.py:205} WARNING - Dependency <Task(_PythonDecoratedOperator): print_the_context>, log_sql_query already registered for DAG: example_python_operator
[2024-09-21T05:13:06.186+0000] {logging_mixin.py:120} INFO - [2024-09-21T05:13:06.186+0000] {taskmixin.py:205} WARNING - Dependency <Task(_PythonDecoratedOperator): log_sql_query>, print_the_context already registered for DAG: example_python_operator
[2024-09-21T05:13:06.186+0000] {logging_mixin.py:120} INFO - [2024-09-21T05:13:06.186+0000] {taskmixin.py:205} WARNING - Dependency <Task(_PythonDecoratedOperator): print_the_context>, log_sql_query already registered for DAG: example_python_operator
[2024-09-21T05:13:06.186+0000] {logging_mixin.py:120} INFO - [2024-09-21T05:13:06.186+0000] {taskmixin.py:205} WARNING - Dependency <Task(_PythonDecoratedOperator): log_sql_query>, print_the_context already registered for DAG: example_python_operator
[2024-09-21T05:13:06.191+0000] {processor.py:766} INFO - DAG(s) dict_keys(['example_python_operator']) retrieved from /home/airflow/.local/lib/python3.7/site-packages/airflow/example_dags/example_python_operator.py
[2024-09-21T05:13:06.218+0000] {logging_mixin.py:120} INFO - [2024-09-21T05:13:06.218+0000] {dag.py:2585} INFO - Sync 1 DAGs
[2024-09-21T05:13:06.230+0000] {logging_mixin.py:120} INFO - [2024-09-21T05:13:06.230+0000] {dag.py:3340} INFO - Setting next_dagrun for example_python_operator to None, run_after=None
[2024-09-21T05:13:06.240+0000] {processor.py:176} INFO - Processing /home/airflow/.local/lib/python3.7/site-packages/airflow/example_dags/example_python_operator.py took 0.069 seconds
[2024-09-21T05:13:36.695+0000] {processor.py:154} INFO - Started process (PID=374) to work on /home/airflow/.local/lib/python3.7/site-packages/airflow/example_dags/example_python_operator.py
[2024-09-21T05:13:36.695+0000] {processor.py:756} INFO - Processing file /home/airflow/.local/lib/python3.7/site-packages/airflow/example_dags/example_python_operator.py for tasks to queue
[2024-09-21T05:13:36.696+0000] {logging_mixin.py:120} INFO - [2024-09-21T05:13:36.696+0000] {dagbag.py:537} INFO - Filling up the DagBag from /home/airflow/.local/lib/python3.7/site-packages/airflow/example_dags/example_python_operator.py
[2024-09-21T05:13:36.705+0000] {logging_mixin.py:120} INFO - [2024-09-21T05:13:36.704+0000] {taskmixin.py:205} WARNING - Dependency <Task(_PythonDecoratedOperator): print_the_context>, log_sql_query already registered for DAG: example_python_operator
[2024-09-21T05:13:36.706+0000] {logging_mixin.py:120} INFO - [2024-09-21T05:13:36.706+0000] {taskmixin.py:205} WARNING - Dependency <Task(_PythonDecoratedOperator): log_sql_query>, print_the_context already registered for DAG: example_python_operator
[2024-09-21T05:13:36.707+0000] {logging_mixin.py:120} INFO - [2024-09-21T05:13:36.707+0000] {taskmixin.py:205} WARNING - Dependency <Task(_PythonDecoratedOperator): print_the_context>, log_sql_query already registered for DAG: example_python_operator
[2024-09-21T05:13:36.707+0000] {logging_mixin.py:120} INFO - [2024-09-21T05:13:36.707+0000] {taskmixin.py:205} WARNING - Dependency <Task(_PythonDecoratedOperator): log_sql_query>, print_the_context already registered for DAG: example_python_operator
[2024-09-21T05:13:36.707+0000] {logging_mixin.py:120} INFO - [2024-09-21T05:13:36.707+0000] {taskmixin.py:205} WARNING - Dependency <Task(_PythonDecoratedOperator): print_the_context>, log_sql_query already registered for DAG: example_python_operator
[2024-09-21T05:13:36.708+0000] {logging_mixin.py:120} INFO - [2024-09-21T05:13:36.708+0000] {taskmixin.py:205} WARNING - Dependency <Task(_PythonDecoratedOperator): log_sql_query>, print_the_context already registered for DAG: example_python_operator
[2024-09-21T05:13:36.711+0000] {logging_mixin.py:120} INFO - [2024-09-21T05:13:36.711+0000] {taskmixin.py:205} WARNING - Dependency <Task(_PythonDecoratedOperator): print_the_context>, log_sql_query already registered for DAG: example_python_operator
[2024-09-21T05:13:36.711+0000] {logging_mixin.py:120} INFO - [2024-09-21T05:13:36.711+0000] {taskmixin.py:205} WARNING - Dependency <Task(_PythonDecoratedOperator): log_sql_query>, print_the_context already registered for DAG: example_python_operator
[2024-09-21T05:13:36.716+0000] {processor.py:766} INFO - DAG(s) dict_keys(['example_python_operator']) retrieved from /home/airflow/.local/lib/python3.7/site-packages/airflow/example_dags/example_python_operator.py
[2024-09-21T05:13:36.738+0000] {logging_mixin.py:120} INFO - [2024-09-21T05:13:36.737+0000] {dag.py:2585} INFO - Sync 1 DAGs
[2024-09-21T05:13:36.751+0000] {logging_mixin.py:120} INFO - [2024-09-21T05:13:36.751+0000] {dag.py:3340} INFO - Setting next_dagrun for example_python_operator to None, run_after=None
[2024-09-21T05:13:36.762+0000] {processor.py:176} INFO - Processing /home/airflow/.local/lib/python3.7/site-packages/airflow/example_dags/example_python_operator.py took 0.069 seconds
[2024-09-21T05:14:07.204+0000] {processor.py:154} INFO - Started process (PID=428) to work on /home/airflow/.local/lib/python3.7/site-packages/airflow/example_dags/example_python_operator.py
[2024-09-21T05:14:07.205+0000] {processor.py:756} INFO - Processing file /home/airflow/.local/lib/python3.7/site-packages/airflow/example_dags/example_python_operator.py for tasks to queue
[2024-09-21T05:14:07.205+0000] {logging_mixin.py:120} INFO - [2024-09-21T05:14:07.205+0000] {dagbag.py:537} INFO - Filling up the DagBag from /home/airflow/.local/lib/python3.7/site-packages/airflow/example_dags/example_python_operator.py
[2024-09-21T05:14:07.214+0000] {logging_mixin.py:120} INFO - [2024-09-21T05:14:07.214+0000] {taskmixin.py:205} WARNING - Dependency <Task(_PythonDecoratedOperator): print_the_context>, log_sql_query already registered for DAG: example_python_operator
[2024-09-21T05:14:07.214+0000] {logging_mixin.py:120} INFO - [2024-09-21T05:14:07.214+0000] {taskmixin.py:205} WARNING - Dependency <Task(_PythonDecoratedOperator): log_sql_query>, print_the_context already registered for DAG: example_python_operator
[2024-09-21T05:14:07.214+0000] {logging_mixin.py:120} INFO - [2024-09-21T05:14:07.214+0000] {taskmixin.py:205} WARNING - Dependency <Task(_PythonDecoratedOperator): print_the_context>, log_sql_query already registered for DAG: example_python_operator
[2024-09-21T05:14:07.214+0000] {logging_mixin.py:120} INFO - [2024-09-21T05:14:07.214+0000] {taskmixin.py:205} WARNING - Dependency <Task(_PythonDecoratedOperator): log_sql_query>, print_the_context already registered for DAG: example_python_operator
[2024-09-21T05:14:07.215+0000] {logging_mixin.py:120} INFO - [2024-09-21T05:14:07.214+0000] {taskmixin.py:205} WARNING - Dependency <Task(_PythonDecoratedOperator): print_the_context>, log_sql_query already registered for DAG: example_python_operator
[2024-09-21T05:14:07.215+0000] {logging_mixin.py:120} INFO - [2024-09-21T05:14:07.215+0000] {taskmixin.py:205} WARNING - Dependency <Task(_PythonDecoratedOperator): log_sql_query>, print_the_context already registered for DAG: example_python_operator
[2024-09-21T05:14:07.215+0000] {logging_mixin.py:120} INFO - [2024-09-21T05:14:07.215+0000] {taskmixin.py:205} WARNING - Dependency <Task(_PythonDecoratedOperator): print_the_context>, log_sql_query already registered for DAG: example_python_operator
[2024-09-21T05:14:07.215+0000] {logging_mixin.py:120} INFO - [2024-09-21T05:14:07.215+0000] {taskmixin.py:205} WARNING - Dependency <Task(_PythonDecoratedOperator): log_sql_query>, print_the_context already registered for DAG: example_python_operator
[2024-09-21T05:14:07.219+0000] {processor.py:766} INFO - DAG(s) dict_keys(['example_python_operator']) retrieved from /home/airflow/.local/lib/python3.7/site-packages/airflow/example_dags/example_python_operator.py
[2024-09-21T05:14:07.239+0000] {logging_mixin.py:120} INFO - [2024-09-21T05:14:07.239+0000] {dag.py:2585} INFO - Sync 1 DAGs
[2024-09-21T05:14:07.250+0000] {logging_mixin.py:120} INFO - [2024-09-21T05:14:07.250+0000] {dag.py:3340} INFO - Setting next_dagrun for example_python_operator to None, run_after=None
[2024-09-21T05:14:07.257+0000] {processor.py:176} INFO - Processing /home/airflow/.local/lib/python3.7/site-packages/airflow/example_dags/example_python_operator.py took 0.056 seconds
[2024-09-21T05:14:37.678+0000] {processor.py:154} INFO - Started process (PID=491) to work on /home/airflow/.local/lib/python3.7/site-packages/airflow/example_dags/example_python_operator.py
[2024-09-21T05:14:37.678+0000] {processor.py:756} INFO - Processing file /home/airflow/.local/lib/python3.7/site-packages/airflow/example_dags/example_python_operator.py for tasks to queue
[2024-09-21T05:14:37.678+0000] {logging_mixin.py:120} INFO - [2024-09-21T05:14:37.678+0000] {dagbag.py:537} INFO - Filling up the DagBag from /home/airflow/.local/lib/python3.7/site-packages/airflow/example_dags/example_python_operator.py
[2024-09-21T05:14:37.686+0000] {logging_mixin.py:120} INFO - [2024-09-21T05:14:37.686+0000] {taskmixin.py:205} WARNING - Dependency <Task(_PythonDecoratedOperator): print_the_context>, log_sql_query already registered for DAG: example_python_operator
[2024-09-21T05:14:37.686+0000] {logging_mixin.py:120} INFO - [2024-09-21T05:14:37.686+0000] {taskmixin.py:205} WARNING - Dependency <Task(_PythonDecoratedOperator): log_sql_query>, print_the_context already registered for DAG: example_python_operator
[2024-09-21T05:14:37.686+0000] {logging_mixin.py:120} INFO - [2024-09-21T05:14:37.686+0000] {taskmixin.py:205} WARNING - Dependency <Task(_PythonDecoratedOperator): print_the_context>, log_sql_query already registered for DAG: example_python_operator
[2024-09-21T05:14:37.686+0000] {logging_mixin.py:120} INFO - [2024-09-21T05:14:37.686+0000] {taskmixin.py:205} WARNING - Dependency <Task(_PythonDecoratedOperator): log_sql_query>, print_the_context already registered for DAG: example_python_operator
[2024-09-21T05:14:37.687+0000] {logging_mixin.py:120} INFO - [2024-09-21T05:14:37.687+0000] {taskmixin.py:205} WARNING - Dependency <Task(_PythonDecoratedOperator): print_the_context>, log_sql_query already registered for DAG: example_python_operator
[2024-09-21T05:14:37.687+0000] {logging_mixin.py:120} INFO - [2024-09-21T05:14:37.687+0000] {taskmixin.py:205} WARNING - Dependency <Task(_PythonDecoratedOperator): log_sql_query>, print_the_context already registered for DAG: example_python_operator
[2024-09-21T05:14:37.687+0000] {logging_mixin.py:120} INFO - [2024-09-21T05:14:37.687+0000] {taskmixin.py:205} WARNING - Dependency <Task(_PythonDecoratedOperator): print_the_context>, log_sql_query already registered for DAG: example_python_operator
[2024-09-21T05:14:37.687+0000] {logging_mixin.py:120} INFO - [2024-09-21T05:14:37.687+0000] {taskmixin.py:205} WARNING - Dependency <Task(_PythonDecoratedOperator): log_sql_query>, print_the_context already registered for DAG: example_python_operator
[2024-09-21T05:14:37.690+0000] {processor.py:766} INFO - DAG(s) dict_keys(['example_python_operator']) retrieved from /home/airflow/.local/lib/python3.7/site-packages/airflow/example_dags/example_python_operator.py
[2024-09-21T05:14:37.710+0000] {logging_mixin.py:120} INFO - [2024-09-21T05:14:37.710+0000] {dag.py:2585} INFO - Sync 1 DAGs
[2024-09-21T05:14:37.720+0000] {logging_mixin.py:120} INFO - [2024-09-21T05:14:37.720+0000] {dag.py:3340} INFO - Setting next_dagrun for example_python_operator to None, run_after=None
[2024-09-21T05:14:37.728+0000] {processor.py:176} INFO - Processing /home/airflow/.local/lib/python3.7/site-packages/airflow/example_dags/example_python_operator.py took 0.052 seconds
[2024-09-21T05:15:08.106+0000] {processor.py:154} INFO - Started process (PID=553) to work on /home/airflow/.local/lib/python3.7/site-packages/airflow/example_dags/example_python_operator.py
[2024-09-21T05:15:08.107+0000] {processor.py:756} INFO - Processing file /home/airflow/.local/lib/python3.7/site-packages/airflow/example_dags/example_python_operator.py for tasks to queue
[2024-09-21T05:15:08.108+0000] {logging_mixin.py:120} INFO - [2024-09-21T05:15:08.107+0000] {dagbag.py:537} INFO - Filling up the DagBag from /home/airflow/.local/lib/python3.7/site-packages/airflow/example_dags/example_python_operator.py
[2024-09-21T05:15:08.115+0000] {logging_mixin.py:120} INFO - [2024-09-21T05:15:08.115+0000] {taskmixin.py:205} WARNING - Dependency <Task(_PythonDecoratedOperator): print_the_context>, log_sql_query already registered for DAG: example_python_operator
[2024-09-21T05:15:08.115+0000] {logging_mixin.py:120} INFO - [2024-09-21T05:15:08.115+0000] {taskmixin.py:205} WARNING - Dependency <Task(_PythonDecoratedOperator): log_sql_query>, print_the_context already registered for DAG: example_python_operator
[2024-09-21T05:15:08.116+0000] {logging_mixin.py:120} INFO - [2024-09-21T05:15:08.115+0000] {taskmixin.py:205} WARNING - Dependency <Task(_PythonDecoratedOperator): print_the_context>, log_sql_query already registered for DAG: example_python_operator
[2024-09-21T05:15:08.116+0000] {logging_mixin.py:120} INFO - [2024-09-21T05:15:08.116+0000] {taskmixin.py:205} WARNING - Dependency <Task(_PythonDecoratedOperator): log_sql_query>, print_the_context already registered for DAG: example_python_operator
[2024-09-21T05:15:08.116+0000] {logging_mixin.py:120} INFO - [2024-09-21T05:15:08.116+0000] {taskmixin.py:205} WARNING - Dependency <Task(_PythonDecoratedOperator): print_the_context>, log_sql_query already registered for DAG: example_python_operator
[2024-09-21T05:15:08.116+0000] {logging_mixin.py:120} INFO - [2024-09-21T05:15:08.116+0000] {taskmixin.py:205} WARNING - Dependency <Task(_PythonDecoratedOperator): log_sql_query>, print_the_context already registered for DAG: example_python_operator
[2024-09-21T05:15:08.116+0000] {logging_mixin.py:120} INFO - [2024-09-21T05:15:08.116+0000] {taskmixin.py:205} WARNING - Dependency <Task(_PythonDecoratedOperator): print_the_context>, log_sql_query already registered for DAG: example_python_operator
[2024-09-21T05:15:08.116+0000] {logging_mixin.py:120} INFO - [2024-09-21T05:15:08.116+0000] {taskmixin.py:205} WARNING - Dependency <Task(_PythonDecoratedOperator): log_sql_query>, print_the_context already registered for DAG: example_python_operator
[2024-09-21T05:15:08.120+0000] {processor.py:766} INFO - DAG(s) dict_keys(['example_python_operator']) retrieved from /home/airflow/.local/lib/python3.7/site-packages/airflow/example_dags/example_python_operator.py
[2024-09-21T05:15:08.138+0000] {logging_mixin.py:120} INFO - [2024-09-21T05:15:08.138+0000] {dag.py:2585} INFO - Sync 1 DAGs
[2024-09-21T05:15:08.149+0000] {logging_mixin.py:120} INFO - [2024-09-21T05:15:08.149+0000] {dag.py:3340} INFO - Setting next_dagrun for example_python_operator to None, run_after=None
[2024-09-21T05:15:08.157+0000] {processor.py:176} INFO - Processing /home/airflow/.local/lib/python3.7/site-packages/airflow/example_dags/example_python_operator.py took 0.053 seconds
[2024-09-21T05:15:38.522+0000] {processor.py:154} INFO - Started process (PID=616) to work on /home/airflow/.local/lib/python3.7/site-packages/airflow/example_dags/example_python_operator.py
[2024-09-21T05:15:38.522+0000] {processor.py:756} INFO - Processing file /home/airflow/.local/lib/python3.7/site-packages/airflow/example_dags/example_python_operator.py for tasks to queue
[2024-09-21T05:15:38.522+0000] {logging_mixin.py:120} INFO - [2024-09-21T05:15:38.522+0000] {dagbag.py:537} INFO - Filling up the DagBag from /home/airflow/.local/lib/python3.7/site-packages/airflow/example_dags/example_python_operator.py
[2024-09-21T05:15:38.531+0000] {logging_mixin.py:120} INFO - [2024-09-21T05:15:38.531+0000] {taskmixin.py:205} WARNING - Dependency <Task(_PythonDecoratedOperator): print_the_context>, log_sql_query already registered for DAG: example_python_operator
[2024-09-21T05:15:38.531+0000] {logging_mixin.py:120} INFO - [2024-09-21T05:15:38.531+0000] {taskmixin.py:205} WARNING - Dependency <Task(_PythonDecoratedOperator): log_sql_query>, print_the_context already registered for DAG: example_python_operator
[2024-09-21T05:15:38.531+0000] {logging_mixin.py:120} INFO - [2024-09-21T05:15:38.531+0000] {taskmixin.py:205} WARNING - Dependency <Task(_PythonDecoratedOperator): print_the_context>, log_sql_query already registered for DAG: example_python_operator
[2024-09-21T05:15:38.532+0000] {logging_mixin.py:120} INFO - [2024-09-21T05:15:38.532+0000] {taskmixin.py:205} WARNING - Dependency <Task(_PythonDecoratedOperator): log_sql_query>, print_the_context already registered for DAG: example_python_operator
[2024-09-21T05:15:38.532+0000] {logging_mixin.py:120} INFO - [2024-09-21T05:15:38.532+0000] {taskmixin.py:205} WARNING - Dependency <Task(_PythonDecoratedOperator): print_the_context>, log_sql_query already registered for DAG: example_python_operator
[2024-09-21T05:15:38.532+0000] {logging_mixin.py:120} INFO - [2024-09-21T05:15:38.532+0000] {taskmixin.py:205} WARNING - Dependency <Task(_PythonDecoratedOperator): log_sql_query>, print_the_context already registered for DAG: example_python_operator
[2024-09-21T05:15:38.532+0000] {logging_mixin.py:120} INFO - [2024-09-21T05:15:38.532+0000] {taskmixin.py:205} WARNING - Dependency <Task(_PythonDecoratedOperator): print_the_context>, log_sql_query already registered for DAG: example_python_operator
[2024-09-21T05:15:38.532+0000] {logging_mixin.py:120} INFO - [2024-09-21T05:15:38.532+0000] {taskmixin.py:205} WARNING - Dependency <Task(_PythonDecoratedOperator): log_sql_query>, print_the_context already registered for DAG: example_python_operator
[2024-09-21T05:15:38.535+0000] {processor.py:766} INFO - DAG(s) dict_keys(['example_python_operator']) retrieved from /home/airflow/.local/lib/python3.7/site-packages/airflow/example_dags/example_python_operator.py
[2024-09-21T05:15:38.554+0000] {logging_mixin.py:120} INFO - [2024-09-21T05:15:38.554+0000] {dag.py:2585} INFO - Sync 1 DAGs
[2024-09-21T05:15:38.564+0000] {logging_mixin.py:120} INFO - [2024-09-21T05:15:38.564+0000] {dag.py:3340} INFO - Setting next_dagrun for example_python_operator to None, run_after=None
[2024-09-21T05:15:38.571+0000] {processor.py:176} INFO - Processing /home/airflow/.local/lib/python3.7/site-packages/airflow/example_dags/example_python_operator.py took 0.051 seconds
[2024-09-21T05:16:08.910+0000] {processor.py:154} INFO - Started process (PID=679) to work on /home/airflow/.local/lib/python3.7/site-packages/airflow/example_dags/example_python_operator.py
[2024-09-21T05:16:08.911+0000] {processor.py:756} INFO - Processing file /home/airflow/.local/lib/python3.7/site-packages/airflow/example_dags/example_python_operator.py for tasks to queue
[2024-09-21T05:16:08.911+0000] {logging_mixin.py:120} INFO - [2024-09-21T05:16:08.911+0000] {dagbag.py:537} INFO - Filling up the DagBag from /home/airflow/.local/lib/python3.7/site-packages/airflow/example_dags/example_python_operator.py
[2024-09-21T05:16:08.918+0000] {logging_mixin.py:120} INFO - [2024-09-21T05:16:08.918+0000] {taskmixin.py:205} WARNING - Dependency <Task(_PythonDecoratedOperator): print_the_context>, log_sql_query already registered for DAG: example_python_operator
[2024-09-21T05:16:08.918+0000] {logging_mixin.py:120} INFO - [2024-09-21T05:16:08.918+0000] {taskmixin.py:205} WARNING - Dependency <Task(_PythonDecoratedOperator): log_sql_query>, print_the_context already registered for DAG: example_python_operator
[2024-09-21T05:16:08.919+0000] {logging_mixin.py:120} INFO - [2024-09-21T05:16:08.919+0000] {taskmixin.py:205} WARNING - Dependency <Task(_PythonDecoratedOperator): print_the_context>, log_sql_query already registered for DAG: example_python_operator
[2024-09-21T05:16:08.919+0000] {logging_mixin.py:120} INFO - [2024-09-21T05:16:08.919+0000] {taskmixin.py:205} WARNING - Dependency <Task(_PythonDecoratedOperator): log_sql_query>, print_the_context already registered for DAG: example_python_operator
[2024-09-21T05:16:08.919+0000] {logging_mixin.py:120} INFO - [2024-09-21T05:16:08.919+0000] {taskmixin.py:205} WARNING - Dependency <Task(_PythonDecoratedOperator): print_the_context>, log_sql_query already registered for DAG: example_python_operator
[2024-09-21T05:16:08.919+0000] {logging_mixin.py:120} INFO - [2024-09-21T05:16:08.919+0000] {taskmixin.py:205} WARNING - Dependency <Task(_PythonDecoratedOperator): log_sql_query>, print_the_context already registered for DAG: example_python_operator
[2024-09-21T05:16:08.920+0000] {logging_mixin.py:120} INFO - [2024-09-21T05:16:08.920+0000] {taskmixin.py:205} WARNING - Dependency <Task(_PythonDecoratedOperator): print_the_context>, log_sql_query already registered for DAG: example_python_operator
[2024-09-21T05:16:08.920+0000] {logging_mixin.py:120} INFO - [2024-09-21T05:16:08.920+0000] {taskmixin.py:205} WARNING - Dependency <Task(_PythonDecoratedOperator): log_sql_query>, print_the_context already registered for DAG: example_python_operator
[2024-09-21T05:16:08.923+0000] {processor.py:766} INFO - DAG(s) dict_keys(['example_python_operator']) retrieved from /home/airflow/.local/lib/python3.7/site-packages/airflow/example_dags/example_python_operator.py
[2024-09-21T05:16:08.942+0000] {logging_mixin.py:120} INFO - [2024-09-21T05:16:08.941+0000] {dag.py:2585} INFO - Sync 1 DAGs
[2024-09-21T05:16:08.952+0000] {logging_mixin.py:120} INFO - [2024-09-21T05:16:08.951+0000] {dag.py:3340} INFO - Setting next_dagrun for example_python_operator to None, run_after=None
[2024-09-21T05:16:08.960+0000] {processor.py:176} INFO - Processing /home/airflow/.local/lib/python3.7/site-packages/airflow/example_dags/example_python_operator.py took 0.051 seconds
[2024-09-21T05:16:39.368+0000] {processor.py:154} INFO - Started process (PID=742) to work on /home/airflow/.local/lib/python3.7/site-packages/airflow/example_dags/example_python_operator.py
[2024-09-21T05:16:39.371+0000] {processor.py:756} INFO - Processing file /home/airflow/.local/lib/python3.7/site-packages/airflow/example_dags/example_python_operator.py for tasks to queue
[2024-09-21T05:16:39.372+0000] {logging_mixin.py:120} INFO - [2024-09-21T05:16:39.371+0000] {dagbag.py:537} INFO - Filling up the DagBag from /home/airflow/.local/lib/python3.7/site-packages/airflow/example_dags/example_python_operator.py
[2024-09-21T05:16:39.378+0000] {logging_mixin.py:120} INFO - [2024-09-21T05:16:39.378+0000] {taskmixin.py:205} WARNING - Dependency <Task(_PythonDecoratedOperator): print_the_context>, log_sql_query already registered for DAG: example_python_operator
[2024-09-21T05:16:39.381+0000] {logging_mixin.py:120} INFO - [2024-09-21T05:16:39.381+0000] {taskmixin.py:205} WARNING - Dependency <Task(_PythonDecoratedOperator): log_sql_query>, print_the_context already registered for DAG: example_python_operator
[2024-09-21T05:16:39.381+0000] {logging_mixin.py:120} INFO - [2024-09-21T05:16:39.381+0000] {taskmixin.py:205} WARNING - Dependency <Task(_PythonDecoratedOperator): print_the_context>, log_sql_query already registered for DAG: example_python_operator
[2024-09-21T05:16:39.382+0000] {logging_mixin.py:120} INFO - [2024-09-21T05:16:39.382+0000] {taskmixin.py:205} WARNING - Dependency <Task(_PythonDecoratedOperator): log_sql_query>, print_the_context already registered for DAG: example_python_operator
[2024-09-21T05:16:39.382+0000] {logging_mixin.py:120} INFO - [2024-09-21T05:16:39.382+0000] {taskmixin.py:205} WARNING - Dependency <Task(_PythonDecoratedOperator): print_the_context>, log_sql_query already registered for DAG: example_python_operator
[2024-09-21T05:16:39.382+0000] {logging_mixin.py:120} INFO - [2024-09-21T05:16:39.382+0000] {taskmixin.py:205} WARNING - Dependency <Task(_PythonDecoratedOperator): log_sql_query>, print_the_context already registered for DAG: example_python_operator
[2024-09-21T05:16:39.382+0000] {logging_mixin.py:120} INFO - [2024-09-21T05:16:39.382+0000] {taskmixin.py:205} WARNING - Dependency <Task(_PythonDecoratedOperator): print_the_context>, log_sql_query already registered for DAG: example_python_operator
[2024-09-21T05:16:39.382+0000] {logging_mixin.py:120} INFO - [2024-09-21T05:16:39.382+0000] {taskmixin.py:205} WARNING - Dependency <Task(_PythonDecoratedOperator): log_sql_query>, print_the_context already registered for DAG: example_python_operator
[2024-09-21T05:16:39.386+0000] {processor.py:766} INFO - DAG(s) dict_keys(['example_python_operator']) retrieved from /home/airflow/.local/lib/python3.7/site-packages/airflow/example_dags/example_python_operator.py
[2024-09-21T05:16:39.404+0000] {logging_mixin.py:120} INFO - [2024-09-21T05:16:39.404+0000] {dag.py:2585} INFO - Sync 1 DAGs
[2024-09-21T05:16:39.415+0000] {logging_mixin.py:120} INFO - [2024-09-21T05:16:39.414+0000] {dag.py:3340} INFO - Setting next_dagrun for example_python_operator to None, run_after=None
[2024-09-21T05:16:39.423+0000] {processor.py:176} INFO - Processing /home/airflow/.local/lib/python3.7/site-packages/airflow/example_dags/example_python_operator.py took 0.057 seconds
