[2024-09-21T05:11:02.860+0000] {processor.py:154} INFO - Started process (PID=41) to work on /home/airflow/.local/lib/python3.7/site-packages/airflow/example_dags/example_branch_operator_decorator.py
[2024-09-21T05:11:02.861+0000] {processor.py:756} INFO - Processing file /home/airflow/.local/lib/python3.7/site-packages/airflow/example_dags/example_branch_operator_decorator.py for tasks to queue
[2024-09-21T05:11:02.861+0000] {logging_mixin.py:120} INFO - [2024-09-21T05:11:02.861+0000] {dagbag.py:537} INFO - Filling up the DagBag from /home/airflow/.local/lib/python3.7/site-packages/airflow/example_dags/example_branch_operator_decorator.py
[2024-09-21T05:11:02.888+0000] {processor.py:766} INFO - DAG(s) dict_keys(['example_branch_python_operator_decorator']) retrieved from /home/airflow/.local/lib/python3.7/site-packages/airflow/example_dags/example_branch_operator_decorator.py
[2024-09-21T05:11:02.904+0000] {logging_mixin.py:120} INFO - [2024-09-21T05:11:02.903+0000] {dag.py:2585} INFO - Sync 1 DAGs
[2024-09-21T05:11:02.919+0000] {logging_mixin.py:120} INFO - [2024-09-21T05:11:02.919+0000] {dag.py:3340} INFO - Setting next_dagrun for example_branch_python_operator_decorator to 2024-09-20T00:00:00+00:00, run_after=2024-09-21T00:00:00+00:00
[2024-09-21T05:11:02.929+0000] {processor.py:176} INFO - Processing /home/airflow/.local/lib/python3.7/site-packages/airflow/example_dags/example_branch_operator_decorator.py took 0.070 seconds
[2024-09-21T05:11:33.617+0000] {processor.py:154} INFO - Started process (PID=104) to work on /home/airflow/.local/lib/python3.7/site-packages/airflow/example_dags/example_branch_operator_decorator.py
[2024-09-21T05:11:33.618+0000] {processor.py:756} INFO - Processing file /home/airflow/.local/lib/python3.7/site-packages/airflow/example_dags/example_branch_operator_decorator.py for tasks to queue
[2024-09-21T05:11:33.618+0000] {logging_mixin.py:120} INFO - [2024-09-21T05:11:33.618+0000] {dagbag.py:537} INFO - Filling up the DagBag from /home/airflow/.local/lib/python3.7/site-packages/airflow/example_dags/example_branch_operator_decorator.py
[2024-09-21T05:11:33.631+0000] {processor.py:766} INFO - DAG(s) dict_keys(['example_branch_python_operator_decorator']) retrieved from /home/airflow/.local/lib/python3.7/site-packages/airflow/example_dags/example_branch_operator_decorator.py
[2024-09-21T05:11:33.667+0000] {logging_mixin.py:120} INFO - [2024-09-21T05:11:33.667+0000] {dag.py:2585} INFO - Sync 1 DAGs
[2024-09-21T05:11:33.679+0000] {logging_mixin.py:120} INFO - [2024-09-21T05:11:33.679+0000] {dag.py:3340} INFO - Setting next_dagrun for example_branch_python_operator_decorator to 2024-09-20T00:00:00+00:00, run_after=2024-09-21T00:00:00+00:00
[2024-09-21T05:11:33.687+0000] {processor.py:176} INFO - Processing /home/airflow/.local/lib/python3.7/site-packages/airflow/example_dags/example_branch_operator_decorator.py took 0.072 seconds
[2024-09-21T05:12:04.307+0000] {processor.py:154} INFO - Started process (PID=168) to work on /home/airflow/.local/lib/python3.7/site-packages/airflow/example_dags/example_branch_operator_decorator.py
[2024-09-21T05:12:04.307+0000] {processor.py:756} INFO - Processing file /home/airflow/.local/lib/python3.7/site-packages/airflow/example_dags/example_branch_operator_decorator.py for tasks to queue
[2024-09-21T05:12:04.307+0000] {logging_mixin.py:120} INFO - [2024-09-21T05:12:04.307+0000] {dagbag.py:537} INFO - Filling up the DagBag from /home/airflow/.local/lib/python3.7/site-packages/airflow/example_dags/example_branch_operator_decorator.py
[2024-09-21T05:12:04.319+0000] {processor.py:766} INFO - DAG(s) dict_keys(['example_branch_python_operator_decorator']) retrieved from /home/airflow/.local/lib/python3.7/site-packages/airflow/example_dags/example_branch_operator_decorator.py
[2024-09-21T05:12:04.338+0000] {logging_mixin.py:120} INFO - [2024-09-21T05:12:04.338+0000] {dag.py:2585} INFO - Sync 1 DAGs
[2024-09-21T05:12:04.349+0000] {logging_mixin.py:120} INFO - [2024-09-21T05:12:04.349+0000] {dag.py:3340} INFO - Setting next_dagrun for example_branch_python_operator_decorator to 2024-09-20T00:00:00+00:00, run_after=2024-09-21T00:00:00+00:00
[2024-09-21T05:12:04.358+0000] {processor.py:176} INFO - Processing /home/airflow/.local/lib/python3.7/site-packages/airflow/example_dags/example_branch_operator_decorator.py took 0.053 seconds
[2024-09-21T05:12:34.746+0000] {processor.py:154} INFO - Started process (PID=231) to work on /home/airflow/.local/lib/python3.7/site-packages/airflow/example_dags/example_branch_operator_decorator.py
[2024-09-21T05:12:34.746+0000] {processor.py:756} INFO - Processing file /home/airflow/.local/lib/python3.7/site-packages/airflow/example_dags/example_branch_operator_decorator.py for tasks to queue
[2024-09-21T05:12:34.749+0000] {logging_mixin.py:120} INFO - [2024-09-21T05:12:34.748+0000] {dagbag.py:537} INFO - Filling up the DagBag from /home/airflow/.local/lib/python3.7/site-packages/airflow/example_dags/example_branch_operator_decorator.py
[2024-09-21T05:12:34.840+0000] {processor.py:766} INFO - DAG(s) dict_keys(['example_branch_python_operator_decorator']) retrieved from /home/airflow/.local/lib/python3.7/site-packages/airflow/example_dags/example_branch_operator_decorator.py
[2024-09-21T05:12:34.930+0000] {logging_mixin.py:120} INFO - [2024-09-21T05:12:34.930+0000] {dag.py:2585} INFO - Sync 1 DAGs
[2024-09-21T05:12:34.962+0000] {logging_mixin.py:120} INFO - [2024-09-21T05:12:34.961+0000] {dag.py:3340} INFO - Setting next_dagrun for example_branch_python_operator_decorator to 2024-09-20T00:00:00+00:00, run_after=2024-09-21T00:00:00+00:00
[2024-09-21T05:12:34.978+0000] {processor.py:176} INFO - Processing /home/airflow/.local/lib/python3.7/site-packages/airflow/example_dags/example_branch_operator_decorator.py took 0.235 seconds
[2024-09-21T05:13:05.537+0000] {processor.py:154} INFO - Started process (PID=294) to work on /home/airflow/.local/lib/python3.7/site-packages/airflow/example_dags/example_branch_operator_decorator.py
[2024-09-21T05:13:05.539+0000] {processor.py:756} INFO - Processing file /home/airflow/.local/lib/python3.7/site-packages/airflow/example_dags/example_branch_operator_decorator.py for tasks to queue
[2024-09-21T05:13:05.539+0000] {logging_mixin.py:120} INFO - [2024-09-21T05:13:05.539+0000] {dagbag.py:537} INFO - Filling up the DagBag from /home/airflow/.local/lib/python3.7/site-packages/airflow/example_dags/example_branch_operator_decorator.py
[2024-09-21T05:13:05.553+0000] {processor.py:766} INFO - DAG(s) dict_keys(['example_branch_python_operator_decorator']) retrieved from /home/airflow/.local/lib/python3.7/site-packages/airflow/example_dags/example_branch_operator_decorator.py
[2024-09-21T05:13:05.574+0000] {logging_mixin.py:120} INFO - [2024-09-21T05:13:05.574+0000] {dag.py:2585} INFO - Sync 1 DAGs
[2024-09-21T05:13:05.587+0000] {logging_mixin.py:120} INFO - [2024-09-21T05:13:05.587+0000] {dag.py:3340} INFO - Setting next_dagrun for example_branch_python_operator_decorator to 2024-09-20T00:00:00+00:00, run_after=2024-09-21T00:00:00+00:00
[2024-09-21T05:13:05.597+0000] {processor.py:176} INFO - Processing /home/airflow/.local/lib/python3.7/site-packages/airflow/example_dags/example_branch_operator_decorator.py took 0.062 seconds
[2024-09-21T05:13:35.984+0000] {processor.py:154} INFO - Started process (PID=348) to work on /home/airflow/.local/lib/python3.7/site-packages/airflow/example_dags/example_branch_operator_decorator.py
[2024-09-21T05:13:35.985+0000] {processor.py:756} INFO - Processing file /home/airflow/.local/lib/python3.7/site-packages/airflow/example_dags/example_branch_operator_decorator.py for tasks to queue
[2024-09-21T05:13:35.986+0000] {logging_mixin.py:120} INFO - [2024-09-21T05:13:35.986+0000] {dagbag.py:537} INFO - Filling up the DagBag from /home/airflow/.local/lib/python3.7/site-packages/airflow/example_dags/example_branch_operator_decorator.py
[2024-09-21T05:13:36.005+0000] {processor.py:766} INFO - DAG(s) dict_keys(['example_branch_python_operator_decorator']) retrieved from /home/airflow/.local/lib/python3.7/site-packages/airflow/example_dags/example_branch_operator_decorator.py
[2024-09-21T05:13:36.031+0000] {logging_mixin.py:120} INFO - [2024-09-21T05:13:36.031+0000] {dag.py:2585} INFO - Sync 1 DAGs
[2024-09-21T05:13:36.045+0000] {logging_mixin.py:120} INFO - [2024-09-21T05:13:36.045+0000] {dag.py:3340} INFO - Setting next_dagrun for example_branch_python_operator_decorator to 2024-09-20T00:00:00+00:00, run_after=2024-09-21T00:00:00+00:00
[2024-09-21T05:13:36.054+0000] {processor.py:176} INFO - Processing /home/airflow/.local/lib/python3.7/site-packages/airflow/example_dags/example_branch_operator_decorator.py took 0.074 seconds
[2024-09-21T05:14:06.541+0000] {processor.py:154} INFO - Started process (PID=411) to work on /home/airflow/.local/lib/python3.7/site-packages/airflow/example_dags/example_branch_operator_decorator.py
[2024-09-21T05:14:06.543+0000] {processor.py:756} INFO - Processing file /home/airflow/.local/lib/python3.7/site-packages/airflow/example_dags/example_branch_operator_decorator.py for tasks to queue
[2024-09-21T05:14:06.543+0000] {logging_mixin.py:120} INFO - [2024-09-21T05:14:06.543+0000] {dagbag.py:537} INFO - Filling up the DagBag from /home/airflow/.local/lib/python3.7/site-packages/airflow/example_dags/example_branch_operator_decorator.py
[2024-09-21T05:14:06.558+0000] {processor.py:766} INFO - DAG(s) dict_keys(['example_branch_python_operator_decorator']) retrieved from /home/airflow/.local/lib/python3.7/site-packages/airflow/example_dags/example_branch_operator_decorator.py
[2024-09-21T05:14:06.582+0000] {logging_mixin.py:120} INFO - [2024-09-21T05:14:06.582+0000] {dag.py:2585} INFO - Sync 1 DAGs
[2024-09-21T05:14:06.596+0000] {logging_mixin.py:120} INFO - [2024-09-21T05:14:06.596+0000] {dag.py:3340} INFO - Setting next_dagrun for example_branch_python_operator_decorator to 2024-09-20T00:00:00+00:00, run_after=2024-09-21T00:00:00+00:00
[2024-09-21T05:14:06.606+0000] {processor.py:176} INFO - Processing /home/airflow/.local/lib/python3.7/site-packages/airflow/example_dags/example_branch_operator_decorator.py took 0.068 seconds
[2024-09-21T05:14:37.007+0000] {processor.py:154} INFO - Started process (PID=474) to work on /home/airflow/.local/lib/python3.7/site-packages/airflow/example_dags/example_branch_operator_decorator.py
[2024-09-21T05:14:37.009+0000] {processor.py:756} INFO - Processing file /home/airflow/.local/lib/python3.7/site-packages/airflow/example_dags/example_branch_operator_decorator.py for tasks to queue
[2024-09-21T05:14:37.010+0000] {logging_mixin.py:120} INFO - [2024-09-21T05:14:37.010+0000] {dagbag.py:537} INFO - Filling up the DagBag from /home/airflow/.local/lib/python3.7/site-packages/airflow/example_dags/example_branch_operator_decorator.py
[2024-09-21T05:14:37.028+0000] {processor.py:766} INFO - DAG(s) dict_keys(['example_branch_python_operator_decorator']) retrieved from /home/airflow/.local/lib/python3.7/site-packages/airflow/example_dags/example_branch_operator_decorator.py
[2024-09-21T05:14:37.052+0000] {logging_mixin.py:120} INFO - [2024-09-21T05:14:37.052+0000] {dag.py:2585} INFO - Sync 1 DAGs
[2024-09-21T05:14:37.064+0000] {logging_mixin.py:120} INFO - [2024-09-21T05:14:37.064+0000] {dag.py:3340} INFO - Setting next_dagrun for example_branch_python_operator_decorator to 2024-09-20T00:00:00+00:00, run_after=2024-09-21T00:00:00+00:00
[2024-09-21T05:14:37.073+0000] {processor.py:176} INFO - Processing /home/airflow/.local/lib/python3.7/site-packages/airflow/example_dags/example_branch_operator_decorator.py took 0.069 seconds
[2024-09-21T05:15:07.506+0000] {processor.py:154} INFO - Started process (PID=536) to work on /home/airflow/.local/lib/python3.7/site-packages/airflow/example_dags/example_branch_operator_decorator.py
[2024-09-21T05:15:07.508+0000] {processor.py:756} INFO - Processing file /home/airflow/.local/lib/python3.7/site-packages/airflow/example_dags/example_branch_operator_decorator.py for tasks to queue
[2024-09-21T05:15:07.509+0000] {logging_mixin.py:120} INFO - [2024-09-21T05:15:07.509+0000] {dagbag.py:537} INFO - Filling up the DagBag from /home/airflow/.local/lib/python3.7/site-packages/airflow/example_dags/example_branch_operator_decorator.py
[2024-09-21T05:15:07.527+0000] {processor.py:766} INFO - DAG(s) dict_keys(['example_branch_python_operator_decorator']) retrieved from /home/airflow/.local/lib/python3.7/site-packages/airflow/example_dags/example_branch_operator_decorator.py
[2024-09-21T05:15:07.553+0000] {logging_mixin.py:120} INFO - [2024-09-21T05:15:07.553+0000] {dag.py:2585} INFO - Sync 1 DAGs
[2024-09-21T05:15:07.565+0000] {logging_mixin.py:120} INFO - [2024-09-21T05:15:07.565+0000] {dag.py:3340} INFO - Setting next_dagrun for example_branch_python_operator_decorator to 2024-09-20T00:00:00+00:00, run_after=2024-09-21T00:00:00+00:00
[2024-09-21T05:15:07.573+0000] {processor.py:176} INFO - Processing /home/airflow/.local/lib/python3.7/site-packages/airflow/example_dags/example_branch_operator_decorator.py took 0.071 seconds
[2024-09-21T05:15:37.845+0000] {processor.py:154} INFO - Started process (PID=599) to work on /home/airflow/.local/lib/python3.7/site-packages/airflow/example_dags/example_branch_operator_decorator.py
[2024-09-21T05:15:37.846+0000] {processor.py:756} INFO - Processing file /home/airflow/.local/lib/python3.7/site-packages/airflow/example_dags/example_branch_operator_decorator.py for tasks to queue
[2024-09-21T05:15:37.847+0000] {logging_mixin.py:120} INFO - [2024-09-21T05:15:37.847+0000] {dagbag.py:537} INFO - Filling up the DagBag from /home/airflow/.local/lib/python3.7/site-packages/airflow/example_dags/example_branch_operator_decorator.py
[2024-09-21T05:15:37.864+0000] {processor.py:766} INFO - DAG(s) dict_keys(['example_branch_python_operator_decorator']) retrieved from /home/airflow/.local/lib/python3.7/site-packages/airflow/example_dags/example_branch_operator_decorator.py
[2024-09-21T05:15:37.886+0000] {logging_mixin.py:120} INFO - [2024-09-21T05:15:37.886+0000] {dag.py:2585} INFO - Sync 1 DAGs
[2024-09-21T05:15:37.898+0000] {logging_mixin.py:120} INFO - [2024-09-21T05:15:37.898+0000] {dag.py:3340} INFO - Setting next_dagrun for example_branch_python_operator_decorator to 2024-09-20T00:00:00+00:00, run_after=2024-09-21T00:00:00+00:00
[2024-09-21T05:15:37.906+0000] {processor.py:176} INFO - Processing /home/airflow/.local/lib/python3.7/site-packages/airflow/example_dags/example_branch_operator_decorator.py took 0.064 seconds
[2024-09-21T05:16:08.290+0000] {processor.py:154} INFO - Started process (PID=662) to work on /home/airflow/.local/lib/python3.7/site-packages/airflow/example_dags/example_branch_operator_decorator.py
[2024-09-21T05:16:08.291+0000] {processor.py:756} INFO - Processing file /home/airflow/.local/lib/python3.7/site-packages/airflow/example_dags/example_branch_operator_decorator.py for tasks to queue
[2024-09-21T05:16:08.292+0000] {logging_mixin.py:120} INFO - [2024-09-21T05:16:08.292+0000] {dagbag.py:537} INFO - Filling up the DagBag from /home/airflow/.local/lib/python3.7/site-packages/airflow/example_dags/example_branch_operator_decorator.py
[2024-09-21T05:16:08.307+0000] {processor.py:766} INFO - DAG(s) dict_keys(['example_branch_python_operator_decorator']) retrieved from /home/airflow/.local/lib/python3.7/site-packages/airflow/example_dags/example_branch_operator_decorator.py
[2024-09-21T05:16:08.328+0000] {logging_mixin.py:120} INFO - [2024-09-21T05:16:08.328+0000] {dag.py:2585} INFO - Sync 1 DAGs
[2024-09-21T05:16:08.340+0000] {logging_mixin.py:120} INFO - [2024-09-21T05:16:08.340+0000] {dag.py:3340} INFO - Setting next_dagrun for example_branch_python_operator_decorator to 2024-09-20T00:00:00+00:00, run_after=2024-09-21T00:00:00+00:00
[2024-09-21T05:16:08.349+0000] {processor.py:176} INFO - Processing /home/airflow/.local/lib/python3.7/site-packages/airflow/example_dags/example_branch_operator_decorator.py took 0.061 seconds
[2024-09-21T05:16:38.711+0000] {processor.py:154} INFO - Started process (PID=725) to work on /home/airflow/.local/lib/python3.7/site-packages/airflow/example_dags/example_branch_operator_decorator.py
[2024-09-21T05:16:38.712+0000] {processor.py:756} INFO - Processing file /home/airflow/.local/lib/python3.7/site-packages/airflow/example_dags/example_branch_operator_decorator.py for tasks to queue
[2024-09-21T05:16:38.713+0000] {logging_mixin.py:120} INFO - [2024-09-21T05:16:38.712+0000] {dagbag.py:537} INFO - Filling up the DagBag from /home/airflow/.local/lib/python3.7/site-packages/airflow/example_dags/example_branch_operator_decorator.py
[2024-09-21T05:16:38.726+0000] {processor.py:766} INFO - DAG(s) dict_keys(['example_branch_python_operator_decorator']) retrieved from /home/airflow/.local/lib/python3.7/site-packages/airflow/example_dags/example_branch_operator_decorator.py
[2024-09-21T05:16:38.746+0000] {logging_mixin.py:120} INFO - [2024-09-21T05:16:38.746+0000] {dag.py:2585} INFO - Sync 1 DAGs
[2024-09-21T05:16:38.758+0000] {logging_mixin.py:120} INFO - [2024-09-21T05:16:38.758+0000] {dag.py:3340} INFO - Setting next_dagrun for example_branch_python_operator_decorator to 2024-09-20T00:00:00+00:00, run_after=2024-09-21T00:00:00+00:00
[2024-09-21T05:16:38.766+0000] {processor.py:176} INFO - Processing /home/airflow/.local/lib/python3.7/site-packages/airflow/example_dags/example_branch_operator_decorator.py took 0.057 seconds
