[2024-09-21T05:11:03.436+0000] {processor.py:154} INFO - Started process (PID=54) to work on /home/airflow/.local/lib/python3.7/site-packages/airflow/example_dags/example_dag_decorator.py
[2024-09-21T05:11:03.440+0000] {processor.py:756} INFO - Processing file /home/airflow/.local/lib/python3.7/site-packages/airflow/example_dags/example_dag_decorator.py for tasks to queue
[2024-09-21T05:11:03.440+0000] {logging_mixin.py:120} INFO - [2024-09-21T05:11:03.440+0000] {dagbag.py:537} INFO - Filling up the DagBag from /home/airflow/.local/lib/python3.7/site-packages/airflow/example_dags/example_dag_decorator.py
[2024-09-21T05:11:03.456+0000] {logging_mixin.py:120} INFO - [2024-09-21T05:11:03.456+0000] {taskmixin.py:205} WARNING - Dependency <Task(_PythonDecoratedOperator): prepare_email>, send_email already registered for DAG: example_dag_decorator
[2024-09-21T05:11:03.457+0000] {logging_mixin.py:120} INFO - [2024-09-21T05:11:03.457+0000] {taskmixin.py:205} WARNING - Dependency <Task(EmailOperator): send_email>, prepare_email already registered for DAG: example_dag_decorator
[2024-09-21T05:11:03.471+0000] {processor.py:766} INFO - DAG(s) dict_keys(['example_dag_decorator']) retrieved from /home/airflow/.local/lib/python3.7/site-packages/airflow/example_dags/example_dag_decorator.py
[2024-09-21T05:11:03.490+0000] {logging_mixin.py:120} INFO - [2024-09-21T05:11:03.490+0000] {dag.py:2585} INFO - Sync 1 DAGs
[2024-09-21T05:11:03.504+0000] {logging_mixin.py:120} INFO - [2024-09-21T05:11:03.504+0000] {dag.py:3340} INFO - Setting next_dagrun for example_dag_decorator to None, run_after=None
[2024-09-21T05:11:03.518+0000] {processor.py:176} INFO - Processing /home/airflow/.local/lib/python3.7/site-packages/airflow/example_dags/example_dag_decorator.py took 0.086 seconds
[2024-09-21T05:11:34.230+0000] {processor.py:154} INFO - Started process (PID=117) to work on /home/airflow/.local/lib/python3.7/site-packages/airflow/example_dags/example_dag_decorator.py
[2024-09-21T05:11:34.231+0000] {processor.py:756} INFO - Processing file /home/airflow/.local/lib/python3.7/site-packages/airflow/example_dags/example_dag_decorator.py for tasks to queue
[2024-09-21T05:11:34.231+0000] {logging_mixin.py:120} INFO - [2024-09-21T05:11:34.231+0000] {dagbag.py:537} INFO - Filling up the DagBag from /home/airflow/.local/lib/python3.7/site-packages/airflow/example_dags/example_dag_decorator.py
[2024-09-21T05:11:34.239+0000] {logging_mixin.py:120} INFO - [2024-09-21T05:11:34.238+0000] {taskmixin.py:205} WARNING - Dependency <Task(_PythonDecoratedOperator): prepare_email>, send_email already registered for DAG: example_dag_decorator
[2024-09-21T05:11:34.239+0000] {logging_mixin.py:120} INFO - [2024-09-21T05:11:34.239+0000] {taskmixin.py:205} WARNING - Dependency <Task(EmailOperator): send_email>, prepare_email already registered for DAG: example_dag_decorator
[2024-09-21T05:11:34.246+0000] {processor.py:766} INFO - DAG(s) dict_keys(['example_dag_decorator']) retrieved from /home/airflow/.local/lib/python3.7/site-packages/airflow/example_dags/example_dag_decorator.py
[2024-09-21T05:11:34.287+0000] {logging_mixin.py:120} INFO - [2024-09-21T05:11:34.287+0000] {dag.py:2585} INFO - Sync 1 DAGs
[2024-09-21T05:11:34.297+0000] {logging_mixin.py:120} INFO - [2024-09-21T05:11:34.297+0000] {dag.py:3340} INFO - Setting next_dagrun for example_dag_decorator to None, run_after=None
[2024-09-21T05:11:34.307+0000] {processor.py:176} INFO - Processing /home/airflow/.local/lib/python3.7/site-packages/airflow/example_dags/example_dag_decorator.py took 0.079 seconds
[2024-09-21T05:12:04.841+0000] {processor.py:154} INFO - Started process (PID=181) to work on /home/airflow/.local/lib/python3.7/site-packages/airflow/example_dags/example_dag_decorator.py
[2024-09-21T05:12:04.843+0000] {processor.py:756} INFO - Processing file /home/airflow/.local/lib/python3.7/site-packages/airflow/example_dags/example_dag_decorator.py for tasks to queue
[2024-09-21T05:12:04.843+0000] {logging_mixin.py:120} INFO - [2024-09-21T05:12:04.843+0000] {dagbag.py:537} INFO - Filling up the DagBag from /home/airflow/.local/lib/python3.7/site-packages/airflow/example_dags/example_dag_decorator.py
[2024-09-21T05:12:04.850+0000] {logging_mixin.py:120} INFO - [2024-09-21T05:12:04.850+0000] {taskmixin.py:205} WARNING - Dependency <Task(_PythonDecoratedOperator): prepare_email>, send_email already registered for DAG: example_dag_decorator
[2024-09-21T05:12:04.850+0000] {logging_mixin.py:120} INFO - [2024-09-21T05:12:04.850+0000] {taskmixin.py:205} WARNING - Dependency <Task(EmailOperator): send_email>, prepare_email already registered for DAG: example_dag_decorator
[2024-09-21T05:12:04.856+0000] {processor.py:766} INFO - DAG(s) dict_keys(['example_dag_decorator']) retrieved from /home/airflow/.local/lib/python3.7/site-packages/airflow/example_dags/example_dag_decorator.py
[2024-09-21T05:12:04.891+0000] {logging_mixin.py:120} INFO - [2024-09-21T05:12:04.891+0000] {dag.py:2585} INFO - Sync 1 DAGs
[2024-09-21T05:12:04.901+0000] {logging_mixin.py:120} INFO - [2024-09-21T05:12:04.901+0000] {dag.py:3340} INFO - Setting next_dagrun for example_dag_decorator to None, run_after=None
[2024-09-21T05:12:04.910+0000] {processor.py:176} INFO - Processing /home/airflow/.local/lib/python3.7/site-packages/airflow/example_dags/example_dag_decorator.py took 0.071 seconds
[2024-09-21T05:12:35.545+0000] {processor.py:154} INFO - Started process (PID=244) to work on /home/airflow/.local/lib/python3.7/site-packages/airflow/example_dags/example_dag_decorator.py
[2024-09-21T05:12:35.545+0000] {processor.py:756} INFO - Processing file /home/airflow/.local/lib/python3.7/site-packages/airflow/example_dags/example_dag_decorator.py for tasks to queue
[2024-09-21T05:12:35.546+0000] {logging_mixin.py:120} INFO - [2024-09-21T05:12:35.546+0000] {dagbag.py:537} INFO - Filling up the DagBag from /home/airflow/.local/lib/python3.7/site-packages/airflow/example_dags/example_dag_decorator.py
[2024-09-21T05:12:35.553+0000] {logging_mixin.py:120} INFO - [2024-09-21T05:12:35.553+0000] {taskmixin.py:205} WARNING - Dependency <Task(_PythonDecoratedOperator): prepare_email>, send_email already registered for DAG: example_dag_decorator
[2024-09-21T05:12:35.553+0000] {logging_mixin.py:120} INFO - [2024-09-21T05:12:35.553+0000] {taskmixin.py:205} WARNING - Dependency <Task(EmailOperator): send_email>, prepare_email already registered for DAG: example_dag_decorator
[2024-09-21T05:12:35.562+0000] {processor.py:766} INFO - DAG(s) dict_keys(['example_dag_decorator']) retrieved from /home/airflow/.local/lib/python3.7/site-packages/airflow/example_dags/example_dag_decorator.py
[2024-09-21T05:12:35.602+0000] {logging_mixin.py:120} INFO - [2024-09-21T05:12:35.602+0000] {dag.py:2585} INFO - Sync 1 DAGs
[2024-09-21T05:12:35.612+0000] {logging_mixin.py:120} INFO - [2024-09-21T05:12:35.612+0000] {dag.py:3340} INFO - Setting next_dagrun for example_dag_decorator to None, run_after=None
[2024-09-21T05:12:35.621+0000] {processor.py:176} INFO - Processing /home/airflow/.local/lib/python3.7/site-packages/airflow/example_dags/example_dag_decorator.py took 0.078 seconds
[2024-09-21T05:13:06.015+0000] {processor.py:154} INFO - Started process (PID=307) to work on /home/airflow/.local/lib/python3.7/site-packages/airflow/example_dags/example_dag_decorator.py
[2024-09-21T05:13:06.017+0000] {processor.py:756} INFO - Processing file /home/airflow/.local/lib/python3.7/site-packages/airflow/example_dags/example_dag_decorator.py for tasks to queue
[2024-09-21T05:13:06.018+0000] {logging_mixin.py:120} INFO - [2024-09-21T05:13:06.018+0000] {dagbag.py:537} INFO - Filling up the DagBag from /home/airflow/.local/lib/python3.7/site-packages/airflow/example_dags/example_dag_decorator.py
[2024-09-21T05:13:06.026+0000] {logging_mixin.py:120} INFO - [2024-09-21T05:13:06.026+0000] {taskmixin.py:205} WARNING - Dependency <Task(_PythonDecoratedOperator): prepare_email>, send_email already registered for DAG: example_dag_decorator
[2024-09-21T05:13:06.027+0000] {logging_mixin.py:120} INFO - [2024-09-21T05:13:06.027+0000] {taskmixin.py:205} WARNING - Dependency <Task(EmailOperator): send_email>, prepare_email already registered for DAG: example_dag_decorator
[2024-09-21T05:13:06.034+0000] {processor.py:766} INFO - DAG(s) dict_keys(['example_dag_decorator']) retrieved from /home/airflow/.local/lib/python3.7/site-packages/airflow/example_dags/example_dag_decorator.py
[2024-09-21T05:13:06.071+0000] {logging_mixin.py:120} INFO - [2024-09-21T05:13:06.071+0000] {dag.py:2585} INFO - Sync 1 DAGs
[2024-09-21T05:13:06.081+0000] {logging_mixin.py:120} INFO - [2024-09-21T05:13:06.081+0000] {dag.py:3340} INFO - Setting next_dagrun for example_dag_decorator to None, run_after=None
[2024-09-21T05:13:06.089+0000] {processor.py:176} INFO - Processing /home/airflow/.local/lib/python3.7/site-packages/airflow/example_dags/example_dag_decorator.py took 0.075 seconds
[2024-09-21T05:13:36.522+0000] {processor.py:154} INFO - Started process (PID=370) to work on /home/airflow/.local/lib/python3.7/site-packages/airflow/example_dags/example_dag_decorator.py
[2024-09-21T05:13:36.522+0000] {processor.py:756} INFO - Processing file /home/airflow/.local/lib/python3.7/site-packages/airflow/example_dags/example_dag_decorator.py for tasks to queue
[2024-09-21T05:13:36.522+0000] {logging_mixin.py:120} INFO - [2024-09-21T05:13:36.522+0000] {dagbag.py:537} INFO - Filling up the DagBag from /home/airflow/.local/lib/python3.7/site-packages/airflow/example_dags/example_dag_decorator.py
[2024-09-21T05:13:36.531+0000] {logging_mixin.py:120} INFO - [2024-09-21T05:13:36.531+0000] {taskmixin.py:205} WARNING - Dependency <Task(_PythonDecoratedOperator): prepare_email>, send_email already registered for DAG: example_dag_decorator
[2024-09-21T05:13:36.531+0000] {logging_mixin.py:120} INFO - [2024-09-21T05:13:36.531+0000] {taskmixin.py:205} WARNING - Dependency <Task(EmailOperator): send_email>, prepare_email already registered for DAG: example_dag_decorator
[2024-09-21T05:13:36.538+0000] {processor.py:766} INFO - DAG(s) dict_keys(['example_dag_decorator']) retrieved from /home/airflow/.local/lib/python3.7/site-packages/airflow/example_dags/example_dag_decorator.py
[2024-09-21T05:13:36.580+0000] {logging_mixin.py:120} INFO - [2024-09-21T05:13:36.579+0000] {dag.py:2585} INFO - Sync 1 DAGs
[2024-09-21T05:13:36.591+0000] {logging_mixin.py:120} INFO - [2024-09-21T05:13:36.590+0000] {dag.py:3340} INFO - Setting next_dagrun for example_dag_decorator to None, run_after=None
[2024-09-21T05:13:36.601+0000] {processor.py:176} INFO - Processing /home/airflow/.local/lib/python3.7/site-packages/airflow/example_dags/example_dag_decorator.py took 0.081 seconds
[2024-09-21T05:14:07.011+0000] {processor.py:154} INFO - Started process (PID=424) to work on /home/airflow/.local/lib/python3.7/site-packages/airflow/example_dags/example_dag_decorator.py
[2024-09-21T05:14:07.012+0000] {processor.py:756} INFO - Processing file /home/airflow/.local/lib/python3.7/site-packages/airflow/example_dags/example_dag_decorator.py for tasks to queue
[2024-09-21T05:14:07.012+0000] {logging_mixin.py:120} INFO - [2024-09-21T05:14:07.012+0000] {dagbag.py:537} INFO - Filling up the DagBag from /home/airflow/.local/lib/python3.7/site-packages/airflow/example_dags/example_dag_decorator.py
[2024-09-21T05:14:07.018+0000] {logging_mixin.py:120} INFO - [2024-09-21T05:14:07.018+0000] {taskmixin.py:205} WARNING - Dependency <Task(_PythonDecoratedOperator): prepare_email>, send_email already registered for DAG: example_dag_decorator
[2024-09-21T05:14:07.019+0000] {logging_mixin.py:120} INFO - [2024-09-21T05:14:07.019+0000] {taskmixin.py:205} WARNING - Dependency <Task(EmailOperator): send_email>, prepare_email already registered for DAG: example_dag_decorator
[2024-09-21T05:14:07.025+0000] {processor.py:766} INFO - DAG(s) dict_keys(['example_dag_decorator']) retrieved from /home/airflow/.local/lib/python3.7/site-packages/airflow/example_dags/example_dag_decorator.py
[2024-09-21T05:14:07.060+0000] {logging_mixin.py:120} INFO - [2024-09-21T05:14:07.060+0000] {dag.py:2585} INFO - Sync 1 DAGs
[2024-09-21T05:14:07.070+0000] {logging_mixin.py:120} INFO - [2024-09-21T05:14:07.069+0000] {dag.py:3340} INFO - Setting next_dagrun for example_dag_decorator to None, run_after=None
[2024-09-21T05:14:07.079+0000] {processor.py:176} INFO - Processing /home/airflow/.local/lib/python3.7/site-packages/airflow/example_dags/example_dag_decorator.py took 0.070 seconds
[2024-09-21T05:14:37.540+0000] {processor.py:154} INFO - Started process (PID=487) to work on /home/airflow/.local/lib/python3.7/site-packages/airflow/example_dags/example_dag_decorator.py
[2024-09-21T05:14:37.541+0000] {processor.py:756} INFO - Processing file /home/airflow/.local/lib/python3.7/site-packages/airflow/example_dags/example_dag_decorator.py for tasks to queue
[2024-09-21T05:14:37.541+0000] {logging_mixin.py:120} INFO - [2024-09-21T05:14:37.541+0000] {dagbag.py:537} INFO - Filling up the DagBag from /home/airflow/.local/lib/python3.7/site-packages/airflow/example_dags/example_dag_decorator.py
[2024-09-21T05:14:37.548+0000] {logging_mixin.py:120} INFO - [2024-09-21T05:14:37.548+0000] {taskmixin.py:205} WARNING - Dependency <Task(_PythonDecoratedOperator): prepare_email>, send_email already registered for DAG: example_dag_decorator
[2024-09-21T05:14:37.548+0000] {logging_mixin.py:120} INFO - [2024-09-21T05:14:37.548+0000] {taskmixin.py:205} WARNING - Dependency <Task(EmailOperator): send_email>, prepare_email already registered for DAG: example_dag_decorator
[2024-09-21T05:14:37.553+0000] {processor.py:766} INFO - DAG(s) dict_keys(['example_dag_decorator']) retrieved from /home/airflow/.local/lib/python3.7/site-packages/airflow/example_dags/example_dag_decorator.py
[2024-09-21T05:14:37.589+0000] {logging_mixin.py:120} INFO - [2024-09-21T05:14:37.589+0000] {dag.py:2585} INFO - Sync 1 DAGs
[2024-09-21T05:14:37.600+0000] {logging_mixin.py:120} INFO - [2024-09-21T05:14:37.600+0000] {dag.py:3340} INFO - Setting next_dagrun for example_dag_decorator to None, run_after=None
[2024-09-21T05:14:37.609+0000] {processor.py:176} INFO - Processing /home/airflow/.local/lib/python3.7/site-packages/airflow/example_dags/example_dag_decorator.py took 0.070 seconds
[2024-09-21T05:15:07.963+0000] {processor.py:154} INFO - Started process (PID=549) to work on /home/airflow/.local/lib/python3.7/site-packages/airflow/example_dags/example_dag_decorator.py
[2024-09-21T05:15:07.966+0000] {processor.py:756} INFO - Processing file /home/airflow/.local/lib/python3.7/site-packages/airflow/example_dags/example_dag_decorator.py for tasks to queue
[2024-09-21T05:15:07.966+0000] {logging_mixin.py:120} INFO - [2024-09-21T05:15:07.966+0000] {dagbag.py:537} INFO - Filling up the DagBag from /home/airflow/.local/lib/python3.7/site-packages/airflow/example_dags/example_dag_decorator.py
[2024-09-21T05:15:07.974+0000] {logging_mixin.py:120} INFO - [2024-09-21T05:15:07.974+0000] {taskmixin.py:205} WARNING - Dependency <Task(_PythonDecoratedOperator): prepare_email>, send_email already registered for DAG: example_dag_decorator
[2024-09-21T05:15:07.975+0000] {logging_mixin.py:120} INFO - [2024-09-21T05:15:07.974+0000] {taskmixin.py:205} WARNING - Dependency <Task(EmailOperator): send_email>, prepare_email already registered for DAG: example_dag_decorator
[2024-09-21T05:15:07.981+0000] {processor.py:766} INFO - DAG(s) dict_keys(['example_dag_decorator']) retrieved from /home/airflow/.local/lib/python3.7/site-packages/airflow/example_dags/example_dag_decorator.py
[2024-09-21T05:15:08.018+0000] {logging_mixin.py:120} INFO - [2024-09-21T05:15:08.018+0000] {dag.py:2585} INFO - Sync 1 DAGs
[2024-09-21T05:15:08.028+0000] {logging_mixin.py:120} INFO - [2024-09-21T05:15:08.028+0000] {dag.py:3340} INFO - Setting next_dagrun for example_dag_decorator to None, run_after=None
[2024-09-21T05:15:08.036+0000] {processor.py:176} INFO - Processing /home/airflow/.local/lib/python3.7/site-packages/airflow/example_dags/example_dag_decorator.py took 0.074 seconds
[2024-09-21T05:15:38.385+0000] {processor.py:154} INFO - Started process (PID=612) to work on /home/airflow/.local/lib/python3.7/site-packages/airflow/example_dags/example_dag_decorator.py
[2024-09-21T05:15:38.386+0000] {processor.py:756} INFO - Processing file /home/airflow/.local/lib/python3.7/site-packages/airflow/example_dags/example_dag_decorator.py for tasks to queue
[2024-09-21T05:15:38.387+0000] {logging_mixin.py:120} INFO - [2024-09-21T05:15:38.387+0000] {dagbag.py:537} INFO - Filling up the DagBag from /home/airflow/.local/lib/python3.7/site-packages/airflow/example_dags/example_dag_decorator.py
[2024-09-21T05:15:38.395+0000] {logging_mixin.py:120} INFO - [2024-09-21T05:15:38.394+0000] {taskmixin.py:205} WARNING - Dependency <Task(_PythonDecoratedOperator): prepare_email>, send_email already registered for DAG: example_dag_decorator
[2024-09-21T05:15:38.395+0000] {logging_mixin.py:120} INFO - [2024-09-21T05:15:38.395+0000] {taskmixin.py:205} WARNING - Dependency <Task(EmailOperator): send_email>, prepare_email already registered for DAG: example_dag_decorator
[2024-09-21T05:15:38.401+0000] {processor.py:766} INFO - DAG(s) dict_keys(['example_dag_decorator']) retrieved from /home/airflow/.local/lib/python3.7/site-packages/airflow/example_dags/example_dag_decorator.py
[2024-09-21T05:15:38.436+0000] {logging_mixin.py:120} INFO - [2024-09-21T05:15:38.436+0000] {dag.py:2585} INFO - Sync 1 DAGs
[2024-09-21T05:15:38.445+0000] {logging_mixin.py:120} INFO - [2024-09-21T05:15:38.445+0000] {dag.py:3340} INFO - Setting next_dagrun for example_dag_decorator to None, run_after=None
[2024-09-21T05:15:38.453+0000] {processor.py:176} INFO - Processing /home/airflow/.local/lib/python3.7/site-packages/airflow/example_dags/example_dag_decorator.py took 0.070 seconds
[2024-09-21T05:16:08.775+0000] {processor.py:154} INFO - Started process (PID=675) to work on /home/airflow/.local/lib/python3.7/site-packages/airflow/example_dags/example_dag_decorator.py
[2024-09-21T05:16:08.776+0000] {processor.py:756} INFO - Processing file /home/airflow/.local/lib/python3.7/site-packages/airflow/example_dags/example_dag_decorator.py for tasks to queue
[2024-09-21T05:16:08.776+0000] {logging_mixin.py:120} INFO - [2024-09-21T05:16:08.776+0000] {dagbag.py:537} INFO - Filling up the DagBag from /home/airflow/.local/lib/python3.7/site-packages/airflow/example_dags/example_dag_decorator.py
[2024-09-21T05:16:08.782+0000] {logging_mixin.py:120} INFO - [2024-09-21T05:16:08.782+0000] {taskmixin.py:205} WARNING - Dependency <Task(_PythonDecoratedOperator): prepare_email>, send_email already registered for DAG: example_dag_decorator
[2024-09-21T05:16:08.783+0000] {logging_mixin.py:120} INFO - [2024-09-21T05:16:08.783+0000] {taskmixin.py:205} WARNING - Dependency <Task(EmailOperator): send_email>, prepare_email already registered for DAG: example_dag_decorator
[2024-09-21T05:16:08.788+0000] {processor.py:766} INFO - DAG(s) dict_keys(['example_dag_decorator']) retrieved from /home/airflow/.local/lib/python3.7/site-packages/airflow/example_dags/example_dag_decorator.py
[2024-09-21T05:16:08.824+0000] {logging_mixin.py:120} INFO - [2024-09-21T05:16:08.824+0000] {dag.py:2585} INFO - Sync 1 DAGs
[2024-09-21T05:16:08.834+0000] {logging_mixin.py:120} INFO - [2024-09-21T05:16:08.834+0000] {dag.py:3340} INFO - Setting next_dagrun for example_dag_decorator to None, run_after=None
[2024-09-21T05:16:08.842+0000] {processor.py:176} INFO - Processing /home/airflow/.local/lib/python3.7/site-packages/airflow/example_dags/example_dag_decorator.py took 0.069 seconds
[2024-09-21T05:16:39.233+0000] {processor.py:154} INFO - Started process (PID=738) to work on /home/airflow/.local/lib/python3.7/site-packages/airflow/example_dags/example_dag_decorator.py
[2024-09-21T05:16:39.234+0000] {processor.py:756} INFO - Processing file /home/airflow/.local/lib/python3.7/site-packages/airflow/example_dags/example_dag_decorator.py for tasks to queue
[2024-09-21T05:16:39.234+0000] {logging_mixin.py:120} INFO - [2024-09-21T05:16:39.234+0000] {dagbag.py:537} INFO - Filling up the DagBag from /home/airflow/.local/lib/python3.7/site-packages/airflow/example_dags/example_dag_decorator.py
[2024-09-21T05:16:39.241+0000] {logging_mixin.py:120} INFO - [2024-09-21T05:16:39.241+0000] {taskmixin.py:205} WARNING - Dependency <Task(_PythonDecoratedOperator): prepare_email>, send_email already registered for DAG: example_dag_decorator
[2024-09-21T05:16:39.242+0000] {logging_mixin.py:120} INFO - [2024-09-21T05:16:39.241+0000] {taskmixin.py:205} WARNING - Dependency <Task(EmailOperator): send_email>, prepare_email already registered for DAG: example_dag_decorator
[2024-09-21T05:16:39.247+0000] {processor.py:766} INFO - DAG(s) dict_keys(['example_dag_decorator']) retrieved from /home/airflow/.local/lib/python3.7/site-packages/airflow/example_dags/example_dag_decorator.py
[2024-09-21T05:16:39.283+0000] {logging_mixin.py:120} INFO - [2024-09-21T05:16:39.283+0000] {dag.py:2585} INFO - Sync 1 DAGs
[2024-09-21T05:16:39.293+0000] {logging_mixin.py:120} INFO - [2024-09-21T05:16:39.293+0000] {dag.py:3340} INFO - Setting next_dagrun for example_dag_decorator to None, run_after=None
[2024-09-21T05:16:39.302+0000] {processor.py:176} INFO - Processing /home/airflow/.local/lib/python3.7/site-packages/airflow/example_dags/example_dag_decorator.py took 0.070 seconds
