[2024-09-21T05:11:04.041+0000] {processor.py:154} INFO - Started process (PID=66) to work on /home/airflow/.local/lib/python3.7/site-packages/airflow/example_dags/example_bash_operator.py
[2024-09-21T05:11:04.042+0000] {processor.py:756} INFO - Processing file /home/airflow/.local/lib/python3.7/site-packages/airflow/example_dags/example_bash_operator.py for tasks to queue
[2024-09-21T05:11:04.042+0000] {logging_mixin.py:120} INFO - [2024-09-21T05:11:04.042+0000] {dagbag.py:537} INFO - Filling up the DagBag from /home/airflow/.local/lib/python3.7/site-packages/airflow/example_dags/example_bash_operator.py
[2024-09-21T05:11:04.054+0000] {processor.py:766} INFO - DAG(s) dict_keys(['example_bash_operator']) retrieved from /home/airflow/.local/lib/python3.7/site-packages/airflow/example_dags/example_bash_operator.py
[2024-09-21T05:11:04.071+0000] {logging_mixin.py:120} INFO - [2024-09-21T05:11:04.071+0000] {dag.py:2585} INFO - Sync 1 DAGs
[2024-09-21T05:11:04.088+0000] {logging_mixin.py:120} INFO - [2024-09-21T05:11:04.088+0000] {dag.py:3340} INFO - Setting next_dagrun for example_bash_operator to 2024-09-20T00:00:00+00:00, run_after=2024-09-21T00:00:00+00:00
[2024-09-21T05:11:04.102+0000] {processor.py:176} INFO - Processing /home/airflow/.local/lib/python3.7/site-packages/airflow/example_dags/example_bash_operator.py took 0.063 seconds
[2024-09-21T05:11:34.726+0000] {processor.py:154} INFO - Started process (PID=129) to work on /home/airflow/.local/lib/python3.7/site-packages/airflow/example_dags/example_bash_operator.py
[2024-09-21T05:11:34.732+0000] {processor.py:756} INFO - Processing file /home/airflow/.local/lib/python3.7/site-packages/airflow/example_dags/example_bash_operator.py for tasks to queue
[2024-09-21T05:11:34.736+0000] {logging_mixin.py:120} INFO - [2024-09-21T05:11:34.736+0000] {dagbag.py:537} INFO - Filling up the DagBag from /home/airflow/.local/lib/python3.7/site-packages/airflow/example_dags/example_bash_operator.py
[2024-09-21T05:11:34.747+0000] {processor.py:766} INFO - DAG(s) dict_keys(['example_bash_operator']) retrieved from /home/airflow/.local/lib/python3.7/site-packages/airflow/example_dags/example_bash_operator.py
[2024-09-21T05:11:34.768+0000] {logging_mixin.py:120} INFO - [2024-09-21T05:11:34.768+0000] {dag.py:2585} INFO - Sync 1 DAGs
[2024-09-21T05:11:34.781+0000] {logging_mixin.py:120} INFO - [2024-09-21T05:11:34.781+0000] {dag.py:3340} INFO - Setting next_dagrun for example_bash_operator to 2024-09-20T00:00:00+00:00, run_after=2024-09-21T00:00:00+00:00
[2024-09-21T05:11:34.788+0000] {processor.py:176} INFO - Processing /home/airflow/.local/lib/python3.7/site-packages/airflow/example_dags/example_bash_operator.py took 0.064 seconds
[2024-09-21T05:12:05.228+0000] {processor.py:154} INFO - Started process (PID=193) to work on /home/airflow/.local/lib/python3.7/site-packages/airflow/example_dags/example_bash_operator.py
[2024-09-21T05:12:05.228+0000] {processor.py:756} INFO - Processing file /home/airflow/.local/lib/python3.7/site-packages/airflow/example_dags/example_bash_operator.py for tasks to queue
[2024-09-21T05:12:05.229+0000] {logging_mixin.py:120} INFO - [2024-09-21T05:12:05.229+0000] {dagbag.py:537} INFO - Filling up the DagBag from /home/airflow/.local/lib/python3.7/site-packages/airflow/example_dags/example_bash_operator.py
[2024-09-21T05:12:05.240+0000] {processor.py:766} INFO - DAG(s) dict_keys(['example_bash_operator']) retrieved from /home/airflow/.local/lib/python3.7/site-packages/airflow/example_dags/example_bash_operator.py
[2024-09-21T05:12:05.263+0000] {logging_mixin.py:120} INFO - [2024-09-21T05:12:05.263+0000] {dag.py:2585} INFO - Sync 1 DAGs
[2024-09-21T05:12:05.279+0000] {logging_mixin.py:120} INFO - [2024-09-21T05:12:05.279+0000] {dag.py:3340} INFO - Setting next_dagrun for example_bash_operator to 2024-09-20T00:00:00+00:00, run_after=2024-09-21T00:00:00+00:00
[2024-09-21T05:12:05.287+0000] {processor.py:176} INFO - Processing /home/airflow/.local/lib/python3.7/site-packages/airflow/example_dags/example_bash_operator.py took 0.061 seconds
[2024-09-21T05:12:35.925+0000] {processor.py:154} INFO - Started process (PID=256) to work on /home/airflow/.local/lib/python3.7/site-packages/airflow/example_dags/example_bash_operator.py
[2024-09-21T05:12:35.925+0000] {processor.py:756} INFO - Processing file /home/airflow/.local/lib/python3.7/site-packages/airflow/example_dags/example_bash_operator.py for tasks to queue
[2024-09-21T05:12:35.925+0000] {logging_mixin.py:120} INFO - [2024-09-21T05:12:35.925+0000] {dagbag.py:537} INFO - Filling up the DagBag from /home/airflow/.local/lib/python3.7/site-packages/airflow/example_dags/example_bash_operator.py
[2024-09-21T05:12:35.936+0000] {processor.py:766} INFO - DAG(s) dict_keys(['example_bash_operator']) retrieved from /home/airflow/.local/lib/python3.7/site-packages/airflow/example_dags/example_bash_operator.py
[2024-09-21T05:12:35.956+0000] {logging_mixin.py:120} INFO - [2024-09-21T05:12:35.956+0000] {dag.py:2585} INFO - Sync 1 DAGs
[2024-09-21T05:12:35.967+0000] {logging_mixin.py:120} INFO - [2024-09-21T05:12:35.967+0000] {dag.py:3340} INFO - Setting next_dagrun for example_bash_operator to 2024-09-20T00:00:00+00:00, run_after=2024-09-21T00:00:00+00:00
[2024-09-21T05:12:35.975+0000] {processor.py:176} INFO - Processing /home/airflow/.local/lib/python3.7/site-packages/airflow/example_dags/example_bash_operator.py took 0.052 seconds
[2024-09-21T05:13:06.463+0000] {processor.py:154} INFO - Started process (PID=319) to work on /home/airflow/.local/lib/python3.7/site-packages/airflow/example_dags/example_bash_operator.py
[2024-09-21T05:13:06.463+0000] {processor.py:756} INFO - Processing file /home/airflow/.local/lib/python3.7/site-packages/airflow/example_dags/example_bash_operator.py for tasks to queue
[2024-09-21T05:13:06.463+0000] {logging_mixin.py:120} INFO - [2024-09-21T05:13:06.463+0000] {dagbag.py:537} INFO - Filling up the DagBag from /home/airflow/.local/lib/python3.7/site-packages/airflow/example_dags/example_bash_operator.py
[2024-09-21T05:13:06.474+0000] {processor.py:766} INFO - DAG(s) dict_keys(['example_bash_operator']) retrieved from /home/airflow/.local/lib/python3.7/site-packages/airflow/example_dags/example_bash_operator.py
[2024-09-21T05:13:06.494+0000] {logging_mixin.py:120} INFO - [2024-09-21T05:13:06.494+0000] {dag.py:2585} INFO - Sync 1 DAGs
[2024-09-21T05:13:06.506+0000] {logging_mixin.py:120} INFO - [2024-09-21T05:13:06.506+0000] {dag.py:3340} INFO - Setting next_dagrun for example_bash_operator to 2024-09-20T00:00:00+00:00, run_after=2024-09-21T00:00:00+00:00
[2024-09-21T05:13:06.519+0000] {processor.py:176} INFO - Processing /home/airflow/.local/lib/python3.7/site-packages/airflow/example_dags/example_bash_operator.py took 0.058 seconds
[2024-09-21T05:13:36.986+0000] {processor.py:154} INFO - Started process (PID=382) to work on /home/airflow/.local/lib/python3.7/site-packages/airflow/example_dags/example_bash_operator.py
[2024-09-21T05:13:36.987+0000] {processor.py:756} INFO - Processing file /home/airflow/.local/lib/python3.7/site-packages/airflow/example_dags/example_bash_operator.py for tasks to queue
[2024-09-21T05:13:36.987+0000] {logging_mixin.py:120} INFO - [2024-09-21T05:13:36.987+0000] {dagbag.py:537} INFO - Filling up the DagBag from /home/airflow/.local/lib/python3.7/site-packages/airflow/example_dags/example_bash_operator.py
[2024-09-21T05:13:36.999+0000] {processor.py:766} INFO - DAG(s) dict_keys(['example_bash_operator']) retrieved from /home/airflow/.local/lib/python3.7/site-packages/airflow/example_dags/example_bash_operator.py
[2024-09-21T05:13:37.021+0000] {logging_mixin.py:120} INFO - [2024-09-21T05:13:37.021+0000] {dag.py:2585} INFO - Sync 1 DAGs
[2024-09-21T05:13:37.035+0000] {logging_mixin.py:120} INFO - [2024-09-21T05:13:37.035+0000] {dag.py:3340} INFO - Setting next_dagrun for example_bash_operator to 2024-09-20T00:00:00+00:00, run_after=2024-09-21T00:00:00+00:00
[2024-09-21T05:13:37.043+0000] {processor.py:176} INFO - Processing /home/airflow/.local/lib/python3.7/site-packages/airflow/example_dags/example_bash_operator.py took 0.058 seconds
[2024-09-21T05:14:07.454+0000] {processor.py:154} INFO - Started process (PID=436) to work on /home/airflow/.local/lib/python3.7/site-packages/airflow/example_dags/example_bash_operator.py
[2024-09-21T05:14:07.456+0000] {processor.py:756} INFO - Processing file /home/airflow/.local/lib/python3.7/site-packages/airflow/example_dags/example_bash_operator.py for tasks to queue
[2024-09-21T05:14:07.457+0000] {logging_mixin.py:120} INFO - [2024-09-21T05:14:07.457+0000] {dagbag.py:537} INFO - Filling up the DagBag from /home/airflow/.local/lib/python3.7/site-packages/airflow/example_dags/example_bash_operator.py
[2024-09-21T05:14:07.468+0000] {processor.py:766} INFO - DAG(s) dict_keys(['example_bash_operator']) retrieved from /home/airflow/.local/lib/python3.7/site-packages/airflow/example_dags/example_bash_operator.py
[2024-09-21T05:14:07.489+0000] {logging_mixin.py:120} INFO - [2024-09-21T05:14:07.489+0000] {dag.py:2585} INFO - Sync 1 DAGs
[2024-09-21T05:14:07.501+0000] {logging_mixin.py:120} INFO - [2024-09-21T05:14:07.501+0000] {dag.py:3340} INFO - Setting next_dagrun for example_bash_operator to 2024-09-20T00:00:00+00:00, run_after=2024-09-21T00:00:00+00:00
[2024-09-21T05:14:07.509+0000] {processor.py:176} INFO - Processing /home/airflow/.local/lib/python3.7/site-packages/airflow/example_dags/example_bash_operator.py took 0.057 seconds
[2024-09-21T05:14:37.960+0000] {processor.py:154} INFO - Started process (PID=499) to work on /home/airflow/.local/lib/python3.7/site-packages/airflow/example_dags/example_bash_operator.py
[2024-09-21T05:14:37.960+0000] {processor.py:756} INFO - Processing file /home/airflow/.local/lib/python3.7/site-packages/airflow/example_dags/example_bash_operator.py for tasks to queue
[2024-09-21T05:14:37.961+0000] {logging_mixin.py:120} INFO - [2024-09-21T05:14:37.961+0000] {dagbag.py:537} INFO - Filling up the DagBag from /home/airflow/.local/lib/python3.7/site-packages/airflow/example_dags/example_bash_operator.py
[2024-09-21T05:14:37.970+0000] {processor.py:766} INFO - DAG(s) dict_keys(['example_bash_operator']) retrieved from /home/airflow/.local/lib/python3.7/site-packages/airflow/example_dags/example_bash_operator.py
[2024-09-21T05:14:37.991+0000] {logging_mixin.py:120} INFO - [2024-09-21T05:14:37.991+0000] {dag.py:2585} INFO - Sync 1 DAGs
[2024-09-21T05:14:38.002+0000] {logging_mixin.py:120} INFO - [2024-09-21T05:14:38.002+0000] {dag.py:3340} INFO - Setting next_dagrun for example_bash_operator to 2024-09-20T00:00:00+00:00, run_after=2024-09-21T00:00:00+00:00
[2024-09-21T05:14:38.009+0000] {processor.py:176} INFO - Processing /home/airflow/.local/lib/python3.7/site-packages/airflow/example_dags/example_bash_operator.py took 0.051 seconds
[2024-09-21T05:15:08.339+0000] {processor.py:154} INFO - Started process (PID=561) to work on /home/airflow/.local/lib/python3.7/site-packages/airflow/example_dags/example_bash_operator.py
[2024-09-21T05:15:08.340+0000] {processor.py:756} INFO - Processing file /home/airflow/.local/lib/python3.7/site-packages/airflow/example_dags/example_bash_operator.py for tasks to queue
[2024-09-21T05:15:08.340+0000] {logging_mixin.py:120} INFO - [2024-09-21T05:15:08.340+0000] {dagbag.py:537} INFO - Filling up the DagBag from /home/airflow/.local/lib/python3.7/site-packages/airflow/example_dags/example_bash_operator.py
[2024-09-21T05:15:08.350+0000] {processor.py:766} INFO - DAG(s) dict_keys(['example_bash_operator']) retrieved from /home/airflow/.local/lib/python3.7/site-packages/airflow/example_dags/example_bash_operator.py
[2024-09-21T05:15:08.370+0000] {logging_mixin.py:120} INFO - [2024-09-21T05:15:08.370+0000] {dag.py:2585} INFO - Sync 1 DAGs
[2024-09-21T05:15:08.382+0000] {logging_mixin.py:120} INFO - [2024-09-21T05:15:08.382+0000] {dag.py:3340} INFO - Setting next_dagrun for example_bash_operator to 2024-09-20T00:00:00+00:00, run_after=2024-09-21T00:00:00+00:00
[2024-09-21T05:15:08.389+0000] {processor.py:176} INFO - Processing /home/airflow/.local/lib/python3.7/site-packages/airflow/example_dags/example_bash_operator.py took 0.052 seconds
[2024-09-21T05:15:38.748+0000] {processor.py:154} INFO - Started process (PID=624) to work on /home/airflow/.local/lib/python3.7/site-packages/airflow/example_dags/example_bash_operator.py
[2024-09-21T05:15:38.749+0000] {processor.py:756} INFO - Processing file /home/airflow/.local/lib/python3.7/site-packages/airflow/example_dags/example_bash_operator.py for tasks to queue
[2024-09-21T05:15:38.749+0000] {logging_mixin.py:120} INFO - [2024-09-21T05:15:38.749+0000] {dagbag.py:537} INFO - Filling up the DagBag from /home/airflow/.local/lib/python3.7/site-packages/airflow/example_dags/example_bash_operator.py
[2024-09-21T05:15:38.759+0000] {processor.py:766} INFO - DAG(s) dict_keys(['example_bash_operator']) retrieved from /home/airflow/.local/lib/python3.7/site-packages/airflow/example_dags/example_bash_operator.py
[2024-09-21T05:15:38.779+0000] {logging_mixin.py:120} INFO - [2024-09-21T05:15:38.779+0000] {dag.py:2585} INFO - Sync 1 DAGs
[2024-09-21T05:15:38.791+0000] {logging_mixin.py:120} INFO - [2024-09-21T05:15:38.791+0000] {dag.py:3340} INFO - Setting next_dagrun for example_bash_operator to 2024-09-20T00:00:00+00:00, run_after=2024-09-21T00:00:00+00:00
[2024-09-21T05:15:38.798+0000] {processor.py:176} INFO - Processing /home/airflow/.local/lib/python3.7/site-packages/airflow/example_dags/example_bash_operator.py took 0.051 seconds
[2024-09-21T05:16:09.188+0000] {processor.py:154} INFO - Started process (PID=687) to work on /home/airflow/.local/lib/python3.7/site-packages/airflow/example_dags/example_bash_operator.py
[2024-09-21T05:16:09.188+0000] {processor.py:756} INFO - Processing file /home/airflow/.local/lib/python3.7/site-packages/airflow/example_dags/example_bash_operator.py for tasks to queue
[2024-09-21T05:16:09.188+0000] {logging_mixin.py:120} INFO - [2024-09-21T05:16:09.188+0000] {dagbag.py:537} INFO - Filling up the DagBag from /home/airflow/.local/lib/python3.7/site-packages/airflow/example_dags/example_bash_operator.py
[2024-09-21T05:16:09.198+0000] {processor.py:766} INFO - DAG(s) dict_keys(['example_bash_operator']) retrieved from /home/airflow/.local/lib/python3.7/site-packages/airflow/example_dags/example_bash_operator.py
[2024-09-21T05:16:09.220+0000] {logging_mixin.py:120} INFO - [2024-09-21T05:16:09.220+0000] {dag.py:2585} INFO - Sync 1 DAGs
[2024-09-21T05:16:09.231+0000] {logging_mixin.py:120} INFO - [2024-09-21T05:16:09.231+0000] {dag.py:3340} INFO - Setting next_dagrun for example_bash_operator to 2024-09-20T00:00:00+00:00, run_after=2024-09-21T00:00:00+00:00
[2024-09-21T05:16:09.239+0000] {processor.py:176} INFO - Processing /home/airflow/.local/lib/python3.7/site-packages/airflow/example_dags/example_bash_operator.py took 0.053 seconds
[2024-09-21T05:16:39.609+0000] {processor.py:154} INFO - Started process (PID=750) to work on /home/airflow/.local/lib/python3.7/site-packages/airflow/example_dags/example_bash_operator.py
[2024-09-21T05:16:39.610+0000] {processor.py:756} INFO - Processing file /home/airflow/.local/lib/python3.7/site-packages/airflow/example_dags/example_bash_operator.py for tasks to queue
[2024-09-21T05:16:39.610+0000] {logging_mixin.py:120} INFO - [2024-09-21T05:16:39.610+0000] {dagbag.py:537} INFO - Filling up the DagBag from /home/airflow/.local/lib/python3.7/site-packages/airflow/example_dags/example_bash_operator.py
[2024-09-21T05:16:39.620+0000] {processor.py:766} INFO - DAG(s) dict_keys(['example_bash_operator']) retrieved from /home/airflow/.local/lib/python3.7/site-packages/airflow/example_dags/example_bash_operator.py
[2024-09-21T05:16:39.641+0000] {logging_mixin.py:120} INFO - [2024-09-21T05:16:39.641+0000] {dag.py:2585} INFO - Sync 1 DAGs
[2024-09-21T05:16:39.653+0000] {logging_mixin.py:120} INFO - [2024-09-21T05:16:39.653+0000] {dag.py:3340} INFO - Setting next_dagrun for example_bash_operator to 2024-09-20T00:00:00+00:00, run_after=2024-09-21T00:00:00+00:00
[2024-09-21T05:16:39.662+0000] {processor.py:176} INFO - Processing /home/airflow/.local/lib/python3.7/site-packages/airflow/example_dags/example_bash_operator.py took 0.054 seconds
