[2024-09-21T05:11:03.217+0000] {processor.py:154} INFO - Started process (PID=49) to work on /home/airflow/.local/lib/python3.7/site-packages/airflow/example_dags/example_branch_labels.py
[2024-09-21T05:11:03.218+0000] {processor.py:756} INFO - Processing file /home/airflow/.local/lib/python3.7/site-packages/airflow/example_dags/example_branch_labels.py for tasks to queue
[2024-09-21T05:11:03.219+0000] {logging_mixin.py:120} INFO - [2024-09-21T05:11:03.219+0000] {dagbag.py:537} INFO - Filling up the DagBag from /home/airflow/.local/lib/python3.7/site-packages/airflow/example_dags/example_branch_labels.py
[2024-09-21T05:11:03.235+0000] {processor.py:766} INFO - DAG(s) dict_keys(['example_branch_labels']) retrieved from /home/airflow/.local/lib/python3.7/site-packages/airflow/example_dags/example_branch_labels.py
[2024-09-21T05:11:03.253+0000] {logging_mixin.py:120} INFO - [2024-09-21T05:11:03.253+0000] {dag.py:2585} INFO - Sync 1 DAGs
[2024-09-21T05:11:03.272+0000] {logging_mixin.py:120} INFO - [2024-09-21T05:11:03.272+0000] {dag.py:3340} INFO - Setting next_dagrun for example_branch_labels to 2024-09-20T00:00:00+00:00, run_after=2024-09-21T00:00:00+00:00
[2024-09-21T05:11:03.284+0000] {processor.py:176} INFO - Processing /home/airflow/.local/lib/python3.7/site-packages/airflow/example_dags/example_branch_labels.py took 0.069 seconds
[2024-09-21T05:11:34.002+0000] {processor.py:154} INFO - Started process (PID=112) to work on /home/airflow/.local/lib/python3.7/site-packages/airflow/example_dags/example_branch_labels.py
[2024-09-21T05:11:34.003+0000] {processor.py:756} INFO - Processing file /home/airflow/.local/lib/python3.7/site-packages/airflow/example_dags/example_branch_labels.py for tasks to queue
[2024-09-21T05:11:34.003+0000] {logging_mixin.py:120} INFO - [2024-09-21T05:11:34.003+0000] {dagbag.py:537} INFO - Filling up the DagBag from /home/airflow/.local/lib/python3.7/site-packages/airflow/example_dags/example_branch_labels.py
[2024-09-21T05:11:34.011+0000] {processor.py:766} INFO - DAG(s) dict_keys(['example_branch_labels']) retrieved from /home/airflow/.local/lib/python3.7/site-packages/airflow/example_dags/example_branch_labels.py
[2024-09-21T05:11:34.031+0000] {logging_mixin.py:120} INFO - [2024-09-21T05:11:34.031+0000] {dag.py:2585} INFO - Sync 1 DAGs
[2024-09-21T05:11:34.043+0000] {logging_mixin.py:120} INFO - [2024-09-21T05:11:34.043+0000] {dag.py:3340} INFO - Setting next_dagrun for example_branch_labels to 2024-09-20T00:00:00+00:00, run_after=2024-09-21T00:00:00+00:00
[2024-09-21T05:11:34.051+0000] {processor.py:176} INFO - Processing /home/airflow/.local/lib/python3.7/site-packages/airflow/example_dags/example_branch_labels.py took 0.050 seconds
[2024-09-21T05:12:04.610+0000] {processor.py:154} INFO - Started process (PID=176) to work on /home/airflow/.local/lib/python3.7/site-packages/airflow/example_dags/example_branch_labels.py
[2024-09-21T05:12:04.610+0000] {processor.py:756} INFO - Processing file /home/airflow/.local/lib/python3.7/site-packages/airflow/example_dags/example_branch_labels.py for tasks to queue
[2024-09-21T05:12:04.610+0000] {logging_mixin.py:120} INFO - [2024-09-21T05:12:04.610+0000] {dagbag.py:537} INFO - Filling up the DagBag from /home/airflow/.local/lib/python3.7/site-packages/airflow/example_dags/example_branch_labels.py
[2024-09-21T05:12:04.618+0000] {processor.py:766} INFO - DAG(s) dict_keys(['example_branch_labels']) retrieved from /home/airflow/.local/lib/python3.7/site-packages/airflow/example_dags/example_branch_labels.py
[2024-09-21T05:12:04.639+0000] {logging_mixin.py:120} INFO - [2024-09-21T05:12:04.639+0000] {dag.py:2585} INFO - Sync 1 DAGs
[2024-09-21T05:12:04.653+0000] {logging_mixin.py:120} INFO - [2024-09-21T05:12:04.653+0000] {dag.py:3340} INFO - Setting next_dagrun for example_branch_labels to 2024-09-20T00:00:00+00:00, run_after=2024-09-21T00:00:00+00:00
[2024-09-21T05:12:04.661+0000] {processor.py:176} INFO - Processing /home/airflow/.local/lib/python3.7/site-packages/airflow/example_dags/example_branch_labels.py took 0.053 seconds
[2024-09-21T05:12:35.373+0000] {processor.py:154} INFO - Started process (PID=239) to work on /home/airflow/.local/lib/python3.7/site-packages/airflow/example_dags/example_branch_labels.py
[2024-09-21T05:12:35.374+0000] {processor.py:756} INFO - Processing file /home/airflow/.local/lib/python3.7/site-packages/airflow/example_dags/example_branch_labels.py for tasks to queue
[2024-09-21T05:12:35.374+0000] {logging_mixin.py:120} INFO - [2024-09-21T05:12:35.374+0000] {dagbag.py:537} INFO - Filling up the DagBag from /home/airflow/.local/lib/python3.7/site-packages/airflow/example_dags/example_branch_labels.py
[2024-09-21T05:12:35.382+0000] {processor.py:766} INFO - DAG(s) dict_keys(['example_branch_labels']) retrieved from /home/airflow/.local/lib/python3.7/site-packages/airflow/example_dags/example_branch_labels.py
[2024-09-21T05:12:35.401+0000] {logging_mixin.py:120} INFO - [2024-09-21T05:12:35.401+0000] {dag.py:2585} INFO - Sync 1 DAGs
[2024-09-21T05:12:35.412+0000] {logging_mixin.py:120} INFO - [2024-09-21T05:12:35.412+0000] {dag.py:3340} INFO - Setting next_dagrun for example_branch_labels to 2024-09-20T00:00:00+00:00, run_after=2024-09-21T00:00:00+00:00
[2024-09-21T05:12:35.419+0000] {processor.py:176} INFO - Processing /home/airflow/.local/lib/python3.7/site-packages/airflow/example_dags/example_branch_labels.py took 0.048 seconds
[2024-09-21T05:13:05.817+0000] {processor.py:154} INFO - Started process (PID=302) to work on /home/airflow/.local/lib/python3.7/site-packages/airflow/example_dags/example_branch_labels.py
[2024-09-21T05:13:05.818+0000] {processor.py:756} INFO - Processing file /home/airflow/.local/lib/python3.7/site-packages/airflow/example_dags/example_branch_labels.py for tasks to queue
[2024-09-21T05:13:05.818+0000] {logging_mixin.py:120} INFO - [2024-09-21T05:13:05.818+0000] {dagbag.py:537} INFO - Filling up the DagBag from /home/airflow/.local/lib/python3.7/site-packages/airflow/example_dags/example_branch_labels.py
[2024-09-21T05:13:05.826+0000] {processor.py:766} INFO - DAG(s) dict_keys(['example_branch_labels']) retrieved from /home/airflow/.local/lib/python3.7/site-packages/airflow/example_dags/example_branch_labels.py
[2024-09-21T05:13:05.845+0000] {logging_mixin.py:120} INFO - [2024-09-21T05:13:05.845+0000] {dag.py:2585} INFO - Sync 1 DAGs
[2024-09-21T05:13:05.858+0000] {logging_mixin.py:120} INFO - [2024-09-21T05:13:05.858+0000] {dag.py:3340} INFO - Setting next_dagrun for example_branch_labels to 2024-09-20T00:00:00+00:00, run_after=2024-09-21T00:00:00+00:00
[2024-09-21T05:13:05.867+0000] {processor.py:176} INFO - Processing /home/airflow/.local/lib/python3.7/site-packages/airflow/example_dags/example_branch_labels.py took 0.051 seconds
[2024-09-21T05:13:36.300+0000] {processor.py:154} INFO - Started process (PID=356) to work on /home/airflow/.local/lib/python3.7/site-packages/airflow/example_dags/example_branch_labels.py
[2024-09-21T05:13:36.300+0000] {processor.py:756} INFO - Processing file /home/airflow/.local/lib/python3.7/site-packages/airflow/example_dags/example_branch_labels.py for tasks to queue
[2024-09-21T05:13:36.301+0000] {logging_mixin.py:120} INFO - [2024-09-21T05:13:36.301+0000] {dagbag.py:537} INFO - Filling up the DagBag from /home/airflow/.local/lib/python3.7/site-packages/airflow/example_dags/example_branch_labels.py
[2024-09-21T05:13:36.308+0000] {processor.py:766} INFO - DAG(s) dict_keys(['example_branch_labels']) retrieved from /home/airflow/.local/lib/python3.7/site-packages/airflow/example_dags/example_branch_labels.py
[2024-09-21T05:13:36.333+0000] {logging_mixin.py:120} INFO - [2024-09-21T05:13:36.333+0000] {dag.py:2585} INFO - Sync 1 DAGs
[2024-09-21T05:13:36.346+0000] {logging_mixin.py:120} INFO - [2024-09-21T05:13:36.346+0000] {dag.py:3340} INFO - Setting next_dagrun for example_branch_labels to 2024-09-20T00:00:00+00:00, run_after=2024-09-21T00:00:00+00:00
[2024-09-21T05:13:36.356+0000] {processor.py:176} INFO - Processing /home/airflow/.local/lib/python3.7/site-packages/airflow/example_dags/example_branch_labels.py took 0.058 seconds
[2024-09-21T05:14:06.821+0000] {processor.py:154} INFO - Started process (PID=419) to work on /home/airflow/.local/lib/python3.7/site-packages/airflow/example_dags/example_branch_labels.py
[2024-09-21T05:14:06.821+0000] {processor.py:756} INFO - Processing file /home/airflow/.local/lib/python3.7/site-packages/airflow/example_dags/example_branch_labels.py for tasks to queue
[2024-09-21T05:14:06.821+0000] {logging_mixin.py:120} INFO - [2024-09-21T05:14:06.821+0000] {dagbag.py:537} INFO - Filling up the DagBag from /home/airflow/.local/lib/python3.7/site-packages/airflow/example_dags/example_branch_labels.py
[2024-09-21T05:14:06.829+0000] {processor.py:766} INFO - DAG(s) dict_keys(['example_branch_labels']) retrieved from /home/airflow/.local/lib/python3.7/site-packages/airflow/example_dags/example_branch_labels.py
[2024-09-21T05:14:06.851+0000] {logging_mixin.py:120} INFO - [2024-09-21T05:14:06.851+0000] {dag.py:2585} INFO - Sync 1 DAGs
[2024-09-21T05:14:06.867+0000] {logging_mixin.py:120} INFO - [2024-09-21T05:14:06.867+0000] {dag.py:3340} INFO - Setting next_dagrun for example_branch_labels to 2024-09-20T00:00:00+00:00, run_after=2024-09-21T00:00:00+00:00
[2024-09-21T05:14:06.876+0000] {processor.py:176} INFO - Processing /home/airflow/.local/lib/python3.7/site-packages/airflow/example_dags/example_branch_labels.py took 0.057 seconds
[2024-09-21T05:14:37.310+0000] {processor.py:154} INFO - Started process (PID=482) to work on /home/airflow/.local/lib/python3.7/site-packages/airflow/example_dags/example_branch_labels.py
[2024-09-21T05:14:37.310+0000] {processor.py:756} INFO - Processing file /home/airflow/.local/lib/python3.7/site-packages/airflow/example_dags/example_branch_labels.py for tasks to queue
[2024-09-21T05:14:37.311+0000] {logging_mixin.py:120} INFO - [2024-09-21T05:14:37.311+0000] {dagbag.py:537} INFO - Filling up the DagBag from /home/airflow/.local/lib/python3.7/site-packages/airflow/example_dags/example_branch_labels.py
[2024-09-21T05:14:37.317+0000] {processor.py:766} INFO - DAG(s) dict_keys(['example_branch_labels']) retrieved from /home/airflow/.local/lib/python3.7/site-packages/airflow/example_dags/example_branch_labels.py
[2024-09-21T05:14:37.338+0000] {logging_mixin.py:120} INFO - [2024-09-21T05:14:37.337+0000] {dag.py:2585} INFO - Sync 1 DAGs
[2024-09-21T05:14:37.349+0000] {logging_mixin.py:120} INFO - [2024-09-21T05:14:37.349+0000] {dag.py:3340} INFO - Setting next_dagrun for example_branch_labels to 2024-09-20T00:00:00+00:00, run_after=2024-09-21T00:00:00+00:00
[2024-09-21T05:14:37.357+0000] {processor.py:176} INFO - Processing /home/airflow/.local/lib/python3.7/site-packages/airflow/example_dags/example_branch_labels.py took 0.048 seconds
[2024-09-21T05:15:07.778+0000] {processor.py:154} INFO - Started process (PID=544) to work on /home/airflow/.local/lib/python3.7/site-packages/airflow/example_dags/example_branch_labels.py
[2024-09-21T05:15:07.779+0000] {processor.py:756} INFO - Processing file /home/airflow/.local/lib/python3.7/site-packages/airflow/example_dags/example_branch_labels.py for tasks to queue
[2024-09-21T05:15:07.779+0000] {logging_mixin.py:120} INFO - [2024-09-21T05:15:07.779+0000] {dagbag.py:537} INFO - Filling up the DagBag from /home/airflow/.local/lib/python3.7/site-packages/airflow/example_dags/example_branch_labels.py
[2024-09-21T05:15:07.786+0000] {processor.py:766} INFO - DAG(s) dict_keys(['example_branch_labels']) retrieved from /home/airflow/.local/lib/python3.7/site-packages/airflow/example_dags/example_branch_labels.py
[2024-09-21T05:15:07.804+0000] {logging_mixin.py:120} INFO - [2024-09-21T05:15:07.803+0000] {dag.py:2585} INFO - Sync 1 DAGs
[2024-09-21T05:15:07.814+0000] {logging_mixin.py:120} INFO - [2024-09-21T05:15:07.814+0000] {dag.py:3340} INFO - Setting next_dagrun for example_branch_labels to 2024-09-20T00:00:00+00:00, run_after=2024-09-21T00:00:00+00:00
[2024-09-21T05:15:07.821+0000] {processor.py:176} INFO - Processing /home/airflow/.local/lib/python3.7/site-packages/airflow/example_dags/example_branch_labels.py took 0.044 seconds
[2024-09-21T05:15:38.154+0000] {processor.py:154} INFO - Started process (PID=607) to work on /home/airflow/.local/lib/python3.7/site-packages/airflow/example_dags/example_branch_labels.py
[2024-09-21T05:15:38.156+0000] {processor.py:756} INFO - Processing file /home/airflow/.local/lib/python3.7/site-packages/airflow/example_dags/example_branch_labels.py for tasks to queue
[2024-09-21T05:15:38.157+0000] {logging_mixin.py:120} INFO - [2024-09-21T05:15:38.157+0000] {dagbag.py:537} INFO - Filling up the DagBag from /home/airflow/.local/lib/python3.7/site-packages/airflow/example_dags/example_branch_labels.py
[2024-09-21T05:15:38.164+0000] {processor.py:766} INFO - DAG(s) dict_keys(['example_branch_labels']) retrieved from /home/airflow/.local/lib/python3.7/site-packages/airflow/example_dags/example_branch_labels.py
[2024-09-21T05:15:38.184+0000] {logging_mixin.py:120} INFO - [2024-09-21T05:15:38.184+0000] {dag.py:2585} INFO - Sync 1 DAGs
[2024-09-21T05:15:38.200+0000] {logging_mixin.py:120} INFO - [2024-09-21T05:15:38.200+0000] {dag.py:3340} INFO - Setting next_dagrun for example_branch_labels to 2024-09-20T00:00:00+00:00, run_after=2024-09-21T00:00:00+00:00
[2024-09-21T05:15:38.232+0000] {processor.py:176} INFO - Processing /home/airflow/.local/lib/python3.7/site-packages/airflow/example_dags/example_branch_labels.py took 0.080 seconds
[2024-09-21T05:16:08.595+0000] {processor.py:154} INFO - Started process (PID=670) to work on /home/airflow/.local/lib/python3.7/site-packages/airflow/example_dags/example_branch_labels.py
[2024-09-21T05:16:08.595+0000] {processor.py:756} INFO - Processing file /home/airflow/.local/lib/python3.7/site-packages/airflow/example_dags/example_branch_labels.py for tasks to queue
[2024-09-21T05:16:08.599+0000] {logging_mixin.py:120} INFO - [2024-09-21T05:16:08.599+0000] {dagbag.py:537} INFO - Filling up the DagBag from /home/airflow/.local/lib/python3.7/site-packages/airflow/example_dags/example_branch_labels.py
[2024-09-21T05:16:08.607+0000] {processor.py:766} INFO - DAG(s) dict_keys(['example_branch_labels']) retrieved from /home/airflow/.local/lib/python3.7/site-packages/airflow/example_dags/example_branch_labels.py
[2024-09-21T05:16:08.625+0000] {logging_mixin.py:120} INFO - [2024-09-21T05:16:08.625+0000] {dag.py:2585} INFO - Sync 1 DAGs
[2024-09-21T05:16:08.637+0000] {logging_mixin.py:120} INFO - [2024-09-21T05:16:08.637+0000] {dag.py:3340} INFO - Setting next_dagrun for example_branch_labels to 2024-09-20T00:00:00+00:00, run_after=2024-09-21T00:00:00+00:00
[2024-09-21T05:16:08.645+0000] {processor.py:176} INFO - Processing /home/airflow/.local/lib/python3.7/site-packages/airflow/example_dags/example_branch_labels.py took 0.052 seconds
[2024-09-21T05:16:39.062+0000] {processor.py:154} INFO - Started process (PID=733) to work on /home/airflow/.local/lib/python3.7/site-packages/airflow/example_dags/example_branch_labels.py
[2024-09-21T05:16:39.063+0000] {processor.py:756} INFO - Processing file /home/airflow/.local/lib/python3.7/site-packages/airflow/example_dags/example_branch_labels.py for tasks to queue
[2024-09-21T05:16:39.063+0000] {logging_mixin.py:120} INFO - [2024-09-21T05:16:39.063+0000] {dagbag.py:537} INFO - Filling up the DagBag from /home/airflow/.local/lib/python3.7/site-packages/airflow/example_dags/example_branch_labels.py
[2024-09-21T05:16:39.071+0000] {processor.py:766} INFO - DAG(s) dict_keys(['example_branch_labels']) retrieved from /home/airflow/.local/lib/python3.7/site-packages/airflow/example_dags/example_branch_labels.py
[2024-09-21T05:16:39.089+0000] {logging_mixin.py:120} INFO - [2024-09-21T05:16:39.089+0000] {dag.py:2585} INFO - Sync 1 DAGs
[2024-09-21T05:16:39.100+0000] {logging_mixin.py:120} INFO - [2024-09-21T05:16:39.100+0000] {dag.py:3340} INFO - Setting next_dagrun for example_branch_labels to 2024-09-20T00:00:00+00:00, run_after=2024-09-21T00:00:00+00:00
[2024-09-21T05:16:39.107+0000] {processor.py:176} INFO - Processing /home/airflow/.local/lib/python3.7/site-packages/airflow/example_dags/example_branch_labels.py took 0.047 seconds
