[2024-09-21T05:11:03.539+0000] {processor.py:154} INFO - Started process (PID=56) to work on /home/airflow/.local/lib/python3.7/site-packages/airflow/example_dags/example_short_circuit_decorator.py
[2024-09-21T05:11:03.540+0000] {processor.py:756} INFO - Processing file /home/airflow/.local/lib/python3.7/site-packages/airflow/example_dags/example_short_circuit_decorator.py for tasks to queue
[2024-09-21T05:11:03.541+0000] {logging_mixin.py:120} INFO - [2024-09-21T05:11:03.541+0000] {dagbag.py:537} INFO - Filling up the DagBag from /home/airflow/.local/lib/python3.7/site-packages/airflow/example_dags/example_short_circuit_decorator.py
[2024-09-21T05:11:03.558+0000] {processor.py:766} INFO - DAG(s) dict_keys(['example_short_circuit_decorator']) retrieved from /home/airflow/.local/lib/python3.7/site-packages/airflow/example_dags/example_short_circuit_decorator.py
[2024-09-21T05:11:03.573+0000] {logging_mixin.py:120} INFO - [2024-09-21T05:11:03.573+0000] {dag.py:2585} INFO - Sync 1 DAGs
[2024-09-21T05:11:03.592+0000] {logging_mixin.py:120} INFO - [2024-09-21T05:11:03.592+0000] {dag.py:3340} INFO - Setting next_dagrun for example_short_circuit_decorator to 2024-09-20T05:11:03.591934+00:00, run_after=2024-09-21T05:11:03.591934+00:00
[2024-09-21T05:11:03.631+0000] {processor.py:176} INFO - Processing /home/airflow/.local/lib/python3.7/site-packages/airflow/example_dags/example_short_circuit_decorator.py took 0.096 seconds
[2024-09-21T05:11:34.319+0000] {processor.py:154} INFO - Started process (PID=119) to work on /home/airflow/.local/lib/python3.7/site-packages/airflow/example_dags/example_short_circuit_decorator.py
[2024-09-21T05:11:34.320+0000] {processor.py:756} INFO - Processing file /home/airflow/.local/lib/python3.7/site-packages/airflow/example_dags/example_short_circuit_decorator.py for tasks to queue
[2024-09-21T05:11:34.320+0000] {logging_mixin.py:120} INFO - [2024-09-21T05:11:34.320+0000] {dagbag.py:537} INFO - Filling up the DagBag from /home/airflow/.local/lib/python3.7/site-packages/airflow/example_dags/example_short_circuit_decorator.py
[2024-09-21T05:11:34.332+0000] {processor.py:766} INFO - DAG(s) dict_keys(['example_short_circuit_decorator']) retrieved from /home/airflow/.local/lib/python3.7/site-packages/airflow/example_dags/example_short_circuit_decorator.py
[2024-09-21T05:11:34.351+0000] {logging_mixin.py:120} INFO - [2024-09-21T05:11:34.351+0000] {dag.py:2585} INFO - Sync 1 DAGs
[2024-09-21T05:11:34.363+0000] {logging_mixin.py:120} INFO - [2024-09-21T05:11:34.363+0000] {dag.py:3340} INFO - Setting next_dagrun for example_short_circuit_decorator to 2024-09-20T05:11:34.363229+00:00, run_after=2024-09-21T05:11:34.363229+00:00
[2024-09-21T05:11:34.371+0000] {processor.py:176} INFO - Processing /home/airflow/.local/lib/python3.7/site-packages/airflow/example_dags/example_short_circuit_decorator.py took 0.054 seconds
[2024-09-21T05:12:04.908+0000] {processor.py:154} INFO - Started process (PID=183) to work on /home/airflow/.local/lib/python3.7/site-packages/airflow/example_dags/example_short_circuit_decorator.py
[2024-09-21T05:12:04.908+0000] {processor.py:756} INFO - Processing file /home/airflow/.local/lib/python3.7/site-packages/airflow/example_dags/example_short_circuit_decorator.py for tasks to queue
[2024-09-21T05:12:04.909+0000] {logging_mixin.py:120} INFO - [2024-09-21T05:12:04.909+0000] {dagbag.py:537} INFO - Filling up the DagBag from /home/airflow/.local/lib/python3.7/site-packages/airflow/example_dags/example_short_circuit_decorator.py
[2024-09-21T05:12:04.920+0000] {processor.py:766} INFO - DAG(s) dict_keys(['example_short_circuit_decorator']) retrieved from /home/airflow/.local/lib/python3.7/site-packages/airflow/example_dags/example_short_circuit_decorator.py
[2024-09-21T05:12:04.942+0000] {logging_mixin.py:120} INFO - [2024-09-21T05:12:04.942+0000] {dag.py:2585} INFO - Sync 1 DAGs
[2024-09-21T05:12:04.954+0000] {logging_mixin.py:120} INFO - [2024-09-21T05:12:04.954+0000] {dag.py:3340} INFO - Setting next_dagrun for example_short_circuit_decorator to 2024-09-20T05:12:04.954316+00:00, run_after=2024-09-21T05:12:04.954316+00:00
[2024-09-21T05:12:04.963+0000] {processor.py:176} INFO - Processing /home/airflow/.local/lib/python3.7/site-packages/airflow/example_dags/example_short_circuit_decorator.py took 0.057 seconds
[2024-09-21T05:12:35.632+0000] {processor.py:154} INFO - Started process (PID=246) to work on /home/airflow/.local/lib/python3.7/site-packages/airflow/example_dags/example_short_circuit_decorator.py
[2024-09-21T05:12:35.632+0000] {processor.py:756} INFO - Processing file /home/airflow/.local/lib/python3.7/site-packages/airflow/example_dags/example_short_circuit_decorator.py for tasks to queue
[2024-09-21T05:12:35.633+0000] {logging_mixin.py:120} INFO - [2024-09-21T05:12:35.633+0000] {dagbag.py:537} INFO - Filling up the DagBag from /home/airflow/.local/lib/python3.7/site-packages/airflow/example_dags/example_short_circuit_decorator.py
[2024-09-21T05:12:35.645+0000] {processor.py:766} INFO - DAG(s) dict_keys(['example_short_circuit_decorator']) retrieved from /home/airflow/.local/lib/python3.7/site-packages/airflow/example_dags/example_short_circuit_decorator.py
[2024-09-21T05:12:35.663+0000] {logging_mixin.py:120} INFO - [2024-09-21T05:12:35.663+0000] {dag.py:2585} INFO - Sync 1 DAGs
[2024-09-21T05:12:35.674+0000] {logging_mixin.py:120} INFO - [2024-09-21T05:12:35.674+0000] {dag.py:3340} INFO - Setting next_dagrun for example_short_circuit_decorator to 2024-09-20T05:12:35.674208+00:00, run_after=2024-09-21T05:12:35.674208+00:00
[2024-09-21T05:12:35.682+0000] {processor.py:176} INFO - Processing /home/airflow/.local/lib/python3.7/site-packages/airflow/example_dags/example_short_circuit_decorator.py took 0.052 seconds
[2024-09-21T05:13:06.099+0000] {processor.py:154} INFO - Started process (PID=309) to work on /home/airflow/.local/lib/python3.7/site-packages/airflow/example_dags/example_short_circuit_decorator.py
[2024-09-21T05:13:06.100+0000] {processor.py:756} INFO - Processing file /home/airflow/.local/lib/python3.7/site-packages/airflow/example_dags/example_short_circuit_decorator.py for tasks to queue
[2024-09-21T05:13:06.100+0000] {logging_mixin.py:120} INFO - [2024-09-21T05:13:06.100+0000] {dagbag.py:537} INFO - Filling up the DagBag from /home/airflow/.local/lib/python3.7/site-packages/airflow/example_dags/example_short_circuit_decorator.py
[2024-09-21T05:13:06.113+0000] {processor.py:766} INFO - DAG(s) dict_keys(['example_short_circuit_decorator']) retrieved from /home/airflow/.local/lib/python3.7/site-packages/airflow/example_dags/example_short_circuit_decorator.py
[2024-09-21T05:13:06.136+0000] {logging_mixin.py:120} INFO - [2024-09-21T05:13:06.136+0000] {dag.py:2585} INFO - Sync 1 DAGs
[2024-09-21T05:13:06.149+0000] {logging_mixin.py:120} INFO - [2024-09-21T05:13:06.149+0000] {dag.py:3340} INFO - Setting next_dagrun for example_short_circuit_decorator to 2024-09-20T05:13:06.148913+00:00, run_after=2024-09-21T05:13:06.148913+00:00
[2024-09-21T05:13:06.160+0000] {processor.py:176} INFO - Processing /home/airflow/.local/lib/python3.7/site-packages/airflow/example_dags/example_short_circuit_decorator.py took 0.063 seconds
[2024-09-21T05:13:36.614+0000] {processor.py:154} INFO - Started process (PID=372) to work on /home/airflow/.local/lib/python3.7/site-packages/airflow/example_dags/example_short_circuit_decorator.py
[2024-09-21T05:13:36.615+0000] {processor.py:756} INFO - Processing file /home/airflow/.local/lib/python3.7/site-packages/airflow/example_dags/example_short_circuit_decorator.py for tasks to queue
[2024-09-21T05:13:36.616+0000] {logging_mixin.py:120} INFO - [2024-09-21T05:13:36.616+0000] {dagbag.py:537} INFO - Filling up the DagBag from /home/airflow/.local/lib/python3.7/site-packages/airflow/example_dags/example_short_circuit_decorator.py
[2024-09-21T05:13:36.636+0000] {processor.py:766} INFO - DAG(s) dict_keys(['example_short_circuit_decorator']) retrieved from /home/airflow/.local/lib/python3.7/site-packages/airflow/example_dags/example_short_circuit_decorator.py
[2024-09-21T05:13:36.657+0000] {logging_mixin.py:120} INFO - [2024-09-21T05:13:36.657+0000] {dag.py:2585} INFO - Sync 1 DAGs
[2024-09-21T05:13:36.671+0000] {logging_mixin.py:120} INFO - [2024-09-21T05:13:36.671+0000] {dag.py:3340} INFO - Setting next_dagrun for example_short_circuit_decorator to 2024-09-20T05:13:36.671460+00:00, run_after=2024-09-21T05:13:36.671460+00:00
[2024-09-21T05:13:36.682+0000] {processor.py:176} INFO - Processing /home/airflow/.local/lib/python3.7/site-packages/airflow/example_dags/example_short_circuit_decorator.py took 0.070 seconds
[2024-09-21T05:14:07.144+0000] {processor.py:154} INFO - Started process (PID=426) to work on /home/airflow/.local/lib/python3.7/site-packages/airflow/example_dags/example_short_circuit_decorator.py
[2024-09-21T05:14:07.144+0000] {processor.py:756} INFO - Processing file /home/airflow/.local/lib/python3.7/site-packages/airflow/example_dags/example_short_circuit_decorator.py for tasks to queue
[2024-09-21T05:14:07.144+0000] {logging_mixin.py:120} INFO - [2024-09-21T05:14:07.144+0000] {dagbag.py:537} INFO - Filling up the DagBag from /home/airflow/.local/lib/python3.7/site-packages/airflow/example_dags/example_short_circuit_decorator.py
[2024-09-21T05:14:07.156+0000] {processor.py:766} INFO - DAG(s) dict_keys(['example_short_circuit_decorator']) retrieved from /home/airflow/.local/lib/python3.7/site-packages/airflow/example_dags/example_short_circuit_decorator.py
[2024-09-21T05:14:07.175+0000] {logging_mixin.py:120} INFO - [2024-09-21T05:14:07.175+0000] {dag.py:2585} INFO - Sync 1 DAGs
[2024-09-21T05:14:07.186+0000] {logging_mixin.py:120} INFO - [2024-09-21T05:14:07.186+0000] {dag.py:3340} INFO - Setting next_dagrun for example_short_circuit_decorator to 2024-09-20T05:14:07.186749+00:00, run_after=2024-09-21T05:14:07.186749+00:00
[2024-09-21T05:14:07.194+0000] {processor.py:176} INFO - Processing /home/airflow/.local/lib/python3.7/site-packages/airflow/example_dags/example_short_circuit_decorator.py took 0.052 seconds
[2024-09-21T05:14:37.619+0000] {processor.py:154} INFO - Started process (PID=489) to work on /home/airflow/.local/lib/python3.7/site-packages/airflow/example_dags/example_short_circuit_decorator.py
[2024-09-21T05:14:37.619+0000] {processor.py:756} INFO - Processing file /home/airflow/.local/lib/python3.7/site-packages/airflow/example_dags/example_short_circuit_decorator.py for tasks to queue
[2024-09-21T05:14:37.620+0000] {logging_mixin.py:120} INFO - [2024-09-21T05:14:37.620+0000] {dagbag.py:537} INFO - Filling up the DagBag from /home/airflow/.local/lib/python3.7/site-packages/airflow/example_dags/example_short_circuit_decorator.py
[2024-09-21T05:14:37.632+0000] {processor.py:766} INFO - DAG(s) dict_keys(['example_short_circuit_decorator']) retrieved from /home/airflow/.local/lib/python3.7/site-packages/airflow/example_dags/example_short_circuit_decorator.py
[2024-09-21T05:14:37.651+0000] {logging_mixin.py:120} INFO - [2024-09-21T05:14:37.651+0000] {dag.py:2585} INFO - Sync 1 DAGs
[2024-09-21T05:14:37.662+0000] {logging_mixin.py:120} INFO - [2024-09-21T05:14:37.662+0000] {dag.py:3340} INFO - Setting next_dagrun for example_short_circuit_decorator to 2024-09-20T05:14:37.662042+00:00, run_after=2024-09-21T05:14:37.662042+00:00
[2024-09-21T05:14:37.669+0000] {processor.py:176} INFO - Processing /home/airflow/.local/lib/python3.7/site-packages/airflow/example_dags/example_short_circuit_decorator.py took 0.052 seconds
[2024-09-21T05:15:08.045+0000] {processor.py:154} INFO - Started process (PID=551) to work on /home/airflow/.local/lib/python3.7/site-packages/airflow/example_dags/example_short_circuit_decorator.py
[2024-09-21T05:15:08.045+0000] {processor.py:756} INFO - Processing file /home/airflow/.local/lib/python3.7/site-packages/airflow/example_dags/example_short_circuit_decorator.py for tasks to queue
[2024-09-21T05:15:08.047+0000] {logging_mixin.py:120} INFO - [2024-09-21T05:15:08.047+0000] {dagbag.py:537} INFO - Filling up the DagBag from /home/airflow/.local/lib/python3.7/site-packages/airflow/example_dags/example_short_circuit_decorator.py
[2024-09-21T05:15:08.059+0000] {processor.py:766} INFO - DAG(s) dict_keys(['example_short_circuit_decorator']) retrieved from /home/airflow/.local/lib/python3.7/site-packages/airflow/example_dags/example_short_circuit_decorator.py
[2024-09-21T05:15:08.077+0000] {logging_mixin.py:120} INFO - [2024-09-21T05:15:08.077+0000] {dag.py:2585} INFO - Sync 1 DAGs
[2024-09-21T05:15:08.088+0000] {logging_mixin.py:120} INFO - [2024-09-21T05:15:08.088+0000] {dag.py:3340} INFO - Setting next_dagrun for example_short_circuit_decorator to 2024-09-20T05:15:08.088590+00:00, run_after=2024-09-21T05:15:08.088590+00:00
[2024-09-21T05:15:08.096+0000] {processor.py:176} INFO - Processing /home/airflow/.local/lib/python3.7/site-packages/airflow/example_dags/example_short_circuit_decorator.py took 0.053 seconds
[2024-09-21T05:15:38.463+0000] {processor.py:154} INFO - Started process (PID=614) to work on /home/airflow/.local/lib/python3.7/site-packages/airflow/example_dags/example_short_circuit_decorator.py
[2024-09-21T05:15:38.463+0000] {processor.py:756} INFO - Processing file /home/airflow/.local/lib/python3.7/site-packages/airflow/example_dags/example_short_circuit_decorator.py for tasks to queue
[2024-09-21T05:15:38.465+0000] {logging_mixin.py:120} INFO - [2024-09-21T05:15:38.464+0000] {dagbag.py:537} INFO - Filling up the DagBag from /home/airflow/.local/lib/python3.7/site-packages/airflow/example_dags/example_short_circuit_decorator.py
[2024-09-21T05:15:38.476+0000] {processor.py:766} INFO - DAG(s) dict_keys(['example_short_circuit_decorator']) retrieved from /home/airflow/.local/lib/python3.7/site-packages/airflow/example_dags/example_short_circuit_decorator.py
[2024-09-21T05:15:38.494+0000] {logging_mixin.py:120} INFO - [2024-09-21T05:15:38.494+0000] {dag.py:2585} INFO - Sync 1 DAGs
[2024-09-21T05:15:38.506+0000] {logging_mixin.py:120} INFO - [2024-09-21T05:15:38.506+0000] {dag.py:3340} INFO - Setting next_dagrun for example_short_circuit_decorator to 2024-09-20T05:15:38.505925+00:00, run_after=2024-09-21T05:15:38.505925+00:00
[2024-09-21T05:15:38.513+0000] {processor.py:176} INFO - Processing /home/airflow/.local/lib/python3.7/site-packages/airflow/example_dags/example_short_circuit_decorator.py took 0.052 seconds
[2024-09-21T05:16:08.852+0000] {processor.py:154} INFO - Started process (PID=677) to work on /home/airflow/.local/lib/python3.7/site-packages/airflow/example_dags/example_short_circuit_decorator.py
[2024-09-21T05:16:08.853+0000] {processor.py:756} INFO - Processing file /home/airflow/.local/lib/python3.7/site-packages/airflow/example_dags/example_short_circuit_decorator.py for tasks to queue
[2024-09-21T05:16:08.853+0000] {logging_mixin.py:120} INFO - [2024-09-21T05:16:08.853+0000] {dagbag.py:537} INFO - Filling up the DagBag from /home/airflow/.local/lib/python3.7/site-packages/airflow/example_dags/example_short_circuit_decorator.py
[2024-09-21T05:16:08.864+0000] {processor.py:766} INFO - DAG(s) dict_keys(['example_short_circuit_decorator']) retrieved from /home/airflow/.local/lib/python3.7/site-packages/airflow/example_dags/example_short_circuit_decorator.py
[2024-09-21T05:16:08.882+0000] {logging_mixin.py:120} INFO - [2024-09-21T05:16:08.882+0000] {dag.py:2585} INFO - Sync 1 DAGs
[2024-09-21T05:16:08.893+0000] {logging_mixin.py:120} INFO - [2024-09-21T05:16:08.893+0000] {dag.py:3340} INFO - Setting next_dagrun for example_short_circuit_decorator to 2024-09-20T05:16:08.893388+00:00, run_after=2024-09-21T05:16:08.893388+00:00
[2024-09-21T05:16:08.901+0000] {processor.py:176} INFO - Processing /home/airflow/.local/lib/python3.7/site-packages/airflow/example_dags/example_short_circuit_decorator.py took 0.051 seconds
[2024-09-21T05:16:39.311+0000] {processor.py:154} INFO - Started process (PID=740) to work on /home/airflow/.local/lib/python3.7/site-packages/airflow/example_dags/example_short_circuit_decorator.py
[2024-09-21T05:16:39.311+0000] {processor.py:756} INFO - Processing file /home/airflow/.local/lib/python3.7/site-packages/airflow/example_dags/example_short_circuit_decorator.py for tasks to queue
[2024-09-21T05:16:39.312+0000] {logging_mixin.py:120} INFO - [2024-09-21T05:16:39.312+0000] {dagbag.py:537} INFO - Filling up the DagBag from /home/airflow/.local/lib/python3.7/site-packages/airflow/example_dags/example_short_circuit_decorator.py
[2024-09-21T05:16:39.323+0000] {processor.py:766} INFO - DAG(s) dict_keys(['example_short_circuit_decorator']) retrieved from /home/airflow/.local/lib/python3.7/site-packages/airflow/example_dags/example_short_circuit_decorator.py
[2024-09-21T05:16:39.341+0000] {logging_mixin.py:120} INFO - [2024-09-21T05:16:39.341+0000] {dag.py:2585} INFO - Sync 1 DAGs
[2024-09-21T05:16:39.351+0000] {logging_mixin.py:120} INFO - [2024-09-21T05:16:39.351+0000] {dag.py:3340} INFO - Setting next_dagrun for example_short_circuit_decorator to 2024-09-20T05:16:39.351163+00:00, run_after=2024-09-21T05:16:39.351163+00:00
[2024-09-21T05:16:39.358+0000] {processor.py:176} INFO - Processing /home/airflow/.local/lib/python3.7/site-packages/airflow/example_dags/example_short_circuit_decorator.py took 0.048 seconds
