[2024-09-21T05:11:04.439+0000] {processor.py:154} INFO - Started process (PID=74) to work on /home/airflow/.local/lib/python3.7/site-packages/airflow/example_dags/example_complex.py
[2024-09-21T05:11:04.440+0000] {processor.py:756} INFO - Processing file /home/airflow/.local/lib/python3.7/site-packages/airflow/example_dags/example_complex.py for tasks to queue
[2024-09-21T05:11:04.440+0000] {logging_mixin.py:120} INFO - [2024-09-21T05:11:04.440+0000] {dagbag.py:537} INFO - Filling up the DagBag from /home/airflow/.local/lib/python3.7/site-packages/airflow/example_dags/example_complex.py
[2024-09-21T05:11:04.452+0000] {logging_mixin.py:120} INFO - [2024-09-21T05:11:04.451+0000] {taskmixin.py:205} WARNING - Dependency <Task(BashOperator): create_entry_group>, delete_entry_group already registered for DAG: example_complex
[2024-09-21T05:11:04.452+0000] {logging_mixin.py:120} INFO - [2024-09-21T05:11:04.452+0000] {taskmixin.py:205} WARNING - Dependency <Task(BashOperator): delete_entry_group>, create_entry_group already registered for DAG: example_complex
[2024-09-21T05:11:04.452+0000] {logging_mixin.py:120} INFO - [2024-09-21T05:11:04.452+0000] {taskmixin.py:205} WARNING - Dependency <Task(BashOperator): create_entry_gcs>, delete_entry already registered for DAG: example_complex
[2024-09-21T05:11:04.452+0000] {logging_mixin.py:120} INFO - [2024-09-21T05:11:04.452+0000] {taskmixin.py:205} WARNING - Dependency <Task(BashOperator): delete_entry>, create_entry_gcs already registered for DAG: example_complex
[2024-09-21T05:11:04.452+0000] {logging_mixin.py:120} INFO - [2024-09-21T05:11:04.452+0000] {taskmixin.py:205} WARNING - Dependency <Task(BashOperator): create_tag>, delete_tag already registered for DAG: example_complex
[2024-09-21T05:11:04.453+0000] {logging_mixin.py:120} INFO - [2024-09-21T05:11:04.453+0000] {taskmixin.py:205} WARNING - Dependency <Task(BashOperator): delete_tag>, create_tag already registered for DAG: example_complex
[2024-09-21T05:11:04.457+0000] {processor.py:766} INFO - DAG(s) dict_keys(['example_complex']) retrieved from /home/airflow/.local/lib/python3.7/site-packages/airflow/example_dags/example_complex.py
[2024-09-21T05:11:04.478+0000] {logging_mixin.py:120} INFO - [2024-09-21T05:11:04.477+0000] {dag.py:2585} INFO - Sync 1 DAGs
[2024-09-21T05:11:04.492+0000] {logging_mixin.py:120} INFO - [2024-09-21T05:11:04.492+0000] {dag.py:3340} INFO - Setting next_dagrun for example_complex to None, run_after=None
[2024-09-21T05:11:04.505+0000] {processor.py:176} INFO - Processing /home/airflow/.local/lib/python3.7/site-packages/airflow/example_dags/example_complex.py took 0.070 seconds
[2024-09-21T05:11:35.097+0000] {processor.py:154} INFO - Started process (PID=137) to work on /home/airflow/.local/lib/python3.7/site-packages/airflow/example_dags/example_complex.py
[2024-09-21T05:11:35.097+0000] {processor.py:756} INFO - Processing file /home/airflow/.local/lib/python3.7/site-packages/airflow/example_dags/example_complex.py for tasks to queue
[2024-09-21T05:11:35.097+0000] {logging_mixin.py:120} INFO - [2024-09-21T05:11:35.097+0000] {dagbag.py:537} INFO - Filling up the DagBag from /home/airflow/.local/lib/python3.7/site-packages/airflow/example_dags/example_complex.py
[2024-09-21T05:11:35.103+0000] {logging_mixin.py:120} INFO - [2024-09-21T05:11:35.103+0000] {taskmixin.py:205} WARNING - Dependency <Task(BashOperator): create_entry_group>, delete_entry_group already registered for DAG: example_complex
[2024-09-21T05:11:35.103+0000] {logging_mixin.py:120} INFO - [2024-09-21T05:11:35.103+0000] {taskmixin.py:205} WARNING - Dependency <Task(BashOperator): delete_entry_group>, create_entry_group already registered for DAG: example_complex
[2024-09-21T05:11:35.103+0000] {logging_mixin.py:120} INFO - [2024-09-21T05:11:35.103+0000] {taskmixin.py:205} WARNING - Dependency <Task(BashOperator): create_entry_gcs>, delete_entry already registered for DAG: example_complex
[2024-09-21T05:11:35.103+0000] {logging_mixin.py:120} INFO - [2024-09-21T05:11:35.103+0000] {taskmixin.py:205} WARNING - Dependency <Task(BashOperator): delete_entry>, create_entry_gcs already registered for DAG: example_complex
[2024-09-21T05:11:35.104+0000] {logging_mixin.py:120} INFO - [2024-09-21T05:11:35.104+0000] {taskmixin.py:205} WARNING - Dependency <Task(BashOperator): create_tag>, delete_tag already registered for DAG: example_complex
[2024-09-21T05:11:35.104+0000] {logging_mixin.py:120} INFO - [2024-09-21T05:11:35.104+0000] {taskmixin.py:205} WARNING - Dependency <Task(BashOperator): delete_tag>, create_tag already registered for DAG: example_complex
[2024-09-21T05:11:35.108+0000] {processor.py:766} INFO - DAG(s) dict_keys(['example_complex']) retrieved from /home/airflow/.local/lib/python3.7/site-packages/airflow/example_dags/example_complex.py
[2024-09-21T05:11:35.141+0000] {logging_mixin.py:120} INFO - [2024-09-21T05:11:35.140+0000] {dag.py:2585} INFO - Sync 1 DAGs
[2024-09-21T05:11:35.157+0000] {logging_mixin.py:120} INFO - [2024-09-21T05:11:35.157+0000] {dag.py:3340} INFO - Setting next_dagrun for example_complex to None, run_after=None
[2024-09-21T05:11:35.167+0000] {processor.py:176} INFO - Processing /home/airflow/.local/lib/python3.7/site-packages/airflow/example_dags/example_complex.py took 0.072 seconds
[2024-09-21T05:12:05.489+0000] {processor.py:154} INFO - Started process (PID=201) to work on /home/airflow/.local/lib/python3.7/site-packages/airflow/example_dags/example_complex.py
[2024-09-21T05:12:05.490+0000] {processor.py:756} INFO - Processing file /home/airflow/.local/lib/python3.7/site-packages/airflow/example_dags/example_complex.py for tasks to queue
[2024-09-21T05:12:05.490+0000] {logging_mixin.py:120} INFO - [2024-09-21T05:12:05.490+0000] {dagbag.py:537} INFO - Filling up the DagBag from /home/airflow/.local/lib/python3.7/site-packages/airflow/example_dags/example_complex.py
[2024-09-21T05:12:05.495+0000] {logging_mixin.py:120} INFO - [2024-09-21T05:12:05.495+0000] {taskmixin.py:205} WARNING - Dependency <Task(BashOperator): create_entry_group>, delete_entry_group already registered for DAG: example_complex
[2024-09-21T05:12:05.495+0000] {logging_mixin.py:120} INFO - [2024-09-21T05:12:05.495+0000] {taskmixin.py:205} WARNING - Dependency <Task(BashOperator): delete_entry_group>, create_entry_group already registered for DAG: example_complex
[2024-09-21T05:12:05.496+0000] {logging_mixin.py:120} INFO - [2024-09-21T05:12:05.496+0000] {taskmixin.py:205} WARNING - Dependency <Task(BashOperator): create_entry_gcs>, delete_entry already registered for DAG: example_complex
[2024-09-21T05:12:05.496+0000] {logging_mixin.py:120} INFO - [2024-09-21T05:12:05.496+0000] {taskmixin.py:205} WARNING - Dependency <Task(BashOperator): delete_entry>, create_entry_gcs already registered for DAG: example_complex
[2024-09-21T05:12:05.496+0000] {logging_mixin.py:120} INFO - [2024-09-21T05:12:05.496+0000] {taskmixin.py:205} WARNING - Dependency <Task(BashOperator): create_tag>, delete_tag already registered for DAG: example_complex
[2024-09-21T05:12:05.496+0000] {logging_mixin.py:120} INFO - [2024-09-21T05:12:05.496+0000] {taskmixin.py:205} WARNING - Dependency <Task(BashOperator): delete_tag>, create_tag already registered for DAG: example_complex
[2024-09-21T05:12:05.499+0000] {processor.py:766} INFO - DAG(s) dict_keys(['example_complex']) retrieved from /home/airflow/.local/lib/python3.7/site-packages/airflow/example_dags/example_complex.py
[2024-09-21T05:12:05.520+0000] {logging_mixin.py:120} INFO - [2024-09-21T05:12:05.520+0000] {dag.py:2585} INFO - Sync 1 DAGs
[2024-09-21T05:12:05.532+0000] {logging_mixin.py:120} INFO - [2024-09-21T05:12:05.532+0000] {dag.py:3340} INFO - Setting next_dagrun for example_complex to None, run_after=None
[2024-09-21T05:12:05.540+0000] {processor.py:176} INFO - Processing /home/airflow/.local/lib/python3.7/site-packages/airflow/example_dags/example_complex.py took 0.053 seconds
[2024-09-21T05:12:36.271+0000] {processor.py:154} INFO - Started process (PID=264) to work on /home/airflow/.local/lib/python3.7/site-packages/airflow/example_dags/example_complex.py
[2024-09-21T05:12:36.271+0000] {processor.py:756} INFO - Processing file /home/airflow/.local/lib/python3.7/site-packages/airflow/example_dags/example_complex.py for tasks to queue
[2024-09-21T05:12:36.272+0000] {logging_mixin.py:120} INFO - [2024-09-21T05:12:36.272+0000] {dagbag.py:537} INFO - Filling up the DagBag from /home/airflow/.local/lib/python3.7/site-packages/airflow/example_dags/example_complex.py
[2024-09-21T05:12:36.278+0000] {logging_mixin.py:120} INFO - [2024-09-21T05:12:36.278+0000] {taskmixin.py:205} WARNING - Dependency <Task(BashOperator): create_entry_group>, delete_entry_group already registered for DAG: example_complex
[2024-09-21T05:12:36.278+0000] {logging_mixin.py:120} INFO - [2024-09-21T05:12:36.278+0000] {taskmixin.py:205} WARNING - Dependency <Task(BashOperator): delete_entry_group>, create_entry_group already registered for DAG: example_complex
[2024-09-21T05:12:36.278+0000] {logging_mixin.py:120} INFO - [2024-09-21T05:12:36.278+0000] {taskmixin.py:205} WARNING - Dependency <Task(BashOperator): create_entry_gcs>, delete_entry already registered for DAG: example_complex
[2024-09-21T05:12:36.278+0000] {logging_mixin.py:120} INFO - [2024-09-21T05:12:36.278+0000] {taskmixin.py:205} WARNING - Dependency <Task(BashOperator): delete_entry>, create_entry_gcs already registered for DAG: example_complex
[2024-09-21T05:12:36.278+0000] {logging_mixin.py:120} INFO - [2024-09-21T05:12:36.278+0000] {taskmixin.py:205} WARNING - Dependency <Task(BashOperator): create_tag>, delete_tag already registered for DAG: example_complex
[2024-09-21T05:12:36.279+0000] {logging_mixin.py:120} INFO - [2024-09-21T05:12:36.279+0000] {taskmixin.py:205} WARNING - Dependency <Task(BashOperator): delete_tag>, create_tag already registered for DAG: example_complex
[2024-09-21T05:12:36.282+0000] {processor.py:766} INFO - DAG(s) dict_keys(['example_complex']) retrieved from /home/airflow/.local/lib/python3.7/site-packages/airflow/example_dags/example_complex.py
[2024-09-21T05:12:36.305+0000] {logging_mixin.py:120} INFO - [2024-09-21T05:12:36.305+0000] {dag.py:2585} INFO - Sync 1 DAGs
[2024-09-21T05:12:36.316+0000] {logging_mixin.py:120} INFO - [2024-09-21T05:12:36.316+0000] {dag.py:3340} INFO - Setting next_dagrun for example_complex to None, run_after=None
[2024-09-21T05:12:36.325+0000] {processor.py:176} INFO - Processing /home/airflow/.local/lib/python3.7/site-packages/airflow/example_dags/example_complex.py took 0.056 seconds
[2024-09-21T05:13:06.764+0000] {processor.py:154} INFO - Started process (PID=327) to work on /home/airflow/.local/lib/python3.7/site-packages/airflow/example_dags/example_complex.py
[2024-09-21T05:13:06.764+0000] {processor.py:756} INFO - Processing file /home/airflow/.local/lib/python3.7/site-packages/airflow/example_dags/example_complex.py for tasks to queue
[2024-09-21T05:13:06.765+0000] {logging_mixin.py:120} INFO - [2024-09-21T05:13:06.765+0000] {dagbag.py:537} INFO - Filling up the DagBag from /home/airflow/.local/lib/python3.7/site-packages/airflow/example_dags/example_complex.py
[2024-09-21T05:13:06.770+0000] {logging_mixin.py:120} INFO - [2024-09-21T05:13:06.770+0000] {taskmixin.py:205} WARNING - Dependency <Task(BashOperator): create_entry_group>, delete_entry_group already registered for DAG: example_complex
[2024-09-21T05:13:06.770+0000] {logging_mixin.py:120} INFO - [2024-09-21T05:13:06.770+0000] {taskmixin.py:205} WARNING - Dependency <Task(BashOperator): delete_entry_group>, create_entry_group already registered for DAG: example_complex
[2024-09-21T05:13:06.771+0000] {logging_mixin.py:120} INFO - [2024-09-21T05:13:06.771+0000] {taskmixin.py:205} WARNING - Dependency <Task(BashOperator): create_entry_gcs>, delete_entry already registered for DAG: example_complex
[2024-09-21T05:13:06.771+0000] {logging_mixin.py:120} INFO - [2024-09-21T05:13:06.771+0000] {taskmixin.py:205} WARNING - Dependency <Task(BashOperator): delete_entry>, create_entry_gcs already registered for DAG: example_complex
[2024-09-21T05:13:06.772+0000] {logging_mixin.py:120} INFO - [2024-09-21T05:13:06.772+0000] {taskmixin.py:205} WARNING - Dependency <Task(BashOperator): create_tag>, delete_tag already registered for DAG: example_complex
[2024-09-21T05:13:06.773+0000] {logging_mixin.py:120} INFO - [2024-09-21T05:13:06.773+0000] {taskmixin.py:205} WARNING - Dependency <Task(BashOperator): delete_tag>, create_tag already registered for DAG: example_complex
[2024-09-21T05:13:06.777+0000] {processor.py:766} INFO - DAG(s) dict_keys(['example_complex']) retrieved from /home/airflow/.local/lib/python3.7/site-packages/airflow/example_dags/example_complex.py
[2024-09-21T05:13:06.798+0000] {logging_mixin.py:120} INFO - [2024-09-21T05:13:06.798+0000] {dag.py:2585} INFO - Sync 1 DAGs
[2024-09-21T05:13:06.810+0000] {logging_mixin.py:120} INFO - [2024-09-21T05:13:06.810+0000] {dag.py:3340} INFO - Setting next_dagrun for example_complex to None, run_after=None
[2024-09-21T05:13:06.818+0000] {processor.py:176} INFO - Processing /home/airflow/.local/lib/python3.7/site-packages/airflow/example_dags/example_complex.py took 0.056 seconds
[2024-09-21T05:13:37.284+0000] {processor.py:154} INFO - Started process (PID=390) to work on /home/airflow/.local/lib/python3.7/site-packages/airflow/example_dags/example_complex.py
[2024-09-21T05:13:37.289+0000] {processor.py:756} INFO - Processing file /home/airflow/.local/lib/python3.7/site-packages/airflow/example_dags/example_complex.py for tasks to queue
[2024-09-21T05:13:37.289+0000] {logging_mixin.py:120} INFO - [2024-09-21T05:13:37.289+0000] {dagbag.py:537} INFO - Filling up the DagBag from /home/airflow/.local/lib/python3.7/site-packages/airflow/example_dags/example_complex.py
[2024-09-21T05:13:37.294+0000] {logging_mixin.py:120} INFO - [2024-09-21T05:13:37.294+0000] {taskmixin.py:205} WARNING - Dependency <Task(BashOperator): create_entry_group>, delete_entry_group already registered for DAG: example_complex
[2024-09-21T05:13:37.294+0000] {logging_mixin.py:120} INFO - [2024-09-21T05:13:37.294+0000] {taskmixin.py:205} WARNING - Dependency <Task(BashOperator): delete_entry_group>, create_entry_group already registered for DAG: example_complex
[2024-09-21T05:13:37.294+0000] {logging_mixin.py:120} INFO - [2024-09-21T05:13:37.294+0000] {taskmixin.py:205} WARNING - Dependency <Task(BashOperator): create_entry_gcs>, delete_entry already registered for DAG: example_complex
[2024-09-21T05:13:37.294+0000] {logging_mixin.py:120} INFO - [2024-09-21T05:13:37.294+0000] {taskmixin.py:205} WARNING - Dependency <Task(BashOperator): delete_entry>, create_entry_gcs already registered for DAG: example_complex
[2024-09-21T05:13:37.294+0000] {logging_mixin.py:120} INFO - [2024-09-21T05:13:37.294+0000] {taskmixin.py:205} WARNING - Dependency <Task(BashOperator): create_tag>, delete_tag already registered for DAG: example_complex
[2024-09-21T05:13:37.295+0000] {logging_mixin.py:120} INFO - [2024-09-21T05:13:37.295+0000] {taskmixin.py:205} WARNING - Dependency <Task(BashOperator): delete_tag>, create_tag already registered for DAG: example_complex
[2024-09-21T05:13:37.298+0000] {processor.py:766} INFO - DAG(s) dict_keys(['example_complex']) retrieved from /home/airflow/.local/lib/python3.7/site-packages/airflow/example_dags/example_complex.py
[2024-09-21T05:13:37.320+0000] {logging_mixin.py:120} INFO - [2024-09-21T05:13:37.320+0000] {dag.py:2585} INFO - Sync 1 DAGs
[2024-09-21T05:13:37.333+0000] {logging_mixin.py:120} INFO - [2024-09-21T05:13:37.333+0000] {dag.py:3340} INFO - Setting next_dagrun for example_complex to None, run_after=None
[2024-09-21T05:13:37.343+0000] {processor.py:176} INFO - Processing /home/airflow/.local/lib/python3.7/site-packages/airflow/example_dags/example_complex.py took 0.061 seconds
[2024-09-21T05:14:07.758+0000] {processor.py:154} INFO - Started process (PID=444) to work on /home/airflow/.local/lib/python3.7/site-packages/airflow/example_dags/example_complex.py
[2024-09-21T05:14:07.759+0000] {processor.py:756} INFO - Processing file /home/airflow/.local/lib/python3.7/site-packages/airflow/example_dags/example_complex.py for tasks to queue
[2024-09-21T05:14:07.759+0000] {logging_mixin.py:120} INFO - [2024-09-21T05:14:07.759+0000] {dagbag.py:537} INFO - Filling up the DagBag from /home/airflow/.local/lib/python3.7/site-packages/airflow/example_dags/example_complex.py
[2024-09-21T05:14:07.764+0000] {logging_mixin.py:120} INFO - [2024-09-21T05:14:07.764+0000] {taskmixin.py:205} WARNING - Dependency <Task(BashOperator): create_entry_group>, delete_entry_group already registered for DAG: example_complex
[2024-09-21T05:14:07.764+0000] {logging_mixin.py:120} INFO - [2024-09-21T05:14:07.764+0000] {taskmixin.py:205} WARNING - Dependency <Task(BashOperator): delete_entry_group>, create_entry_group already registered for DAG: example_complex
[2024-09-21T05:14:07.765+0000] {logging_mixin.py:120} INFO - [2024-09-21T05:14:07.764+0000] {taskmixin.py:205} WARNING - Dependency <Task(BashOperator): create_entry_gcs>, delete_entry already registered for DAG: example_complex
[2024-09-21T05:14:07.765+0000] {logging_mixin.py:120} INFO - [2024-09-21T05:14:07.765+0000] {taskmixin.py:205} WARNING - Dependency <Task(BashOperator): delete_entry>, create_entry_gcs already registered for DAG: example_complex
[2024-09-21T05:14:07.765+0000] {logging_mixin.py:120} INFO - [2024-09-21T05:14:07.765+0000] {taskmixin.py:205} WARNING - Dependency <Task(BashOperator): create_tag>, delete_tag already registered for DAG: example_complex
[2024-09-21T05:14:07.765+0000] {logging_mixin.py:120} INFO - [2024-09-21T05:14:07.765+0000] {taskmixin.py:205} WARNING - Dependency <Task(BashOperator): delete_tag>, create_tag already registered for DAG: example_complex
[2024-09-21T05:14:07.768+0000] {processor.py:766} INFO - DAG(s) dict_keys(['example_complex']) retrieved from /home/airflow/.local/lib/python3.7/site-packages/airflow/example_dags/example_complex.py
[2024-09-21T05:14:07.789+0000] {logging_mixin.py:120} INFO - [2024-09-21T05:14:07.789+0000] {dag.py:2585} INFO - Sync 1 DAGs
[2024-09-21T05:14:07.800+0000] {logging_mixin.py:120} INFO - [2024-09-21T05:14:07.799+0000] {dag.py:3340} INFO - Setting next_dagrun for example_complex to None, run_after=None
[2024-09-21T05:14:07.807+0000] {processor.py:176} INFO - Processing /home/airflow/.local/lib/python3.7/site-packages/airflow/example_dags/example_complex.py took 0.050 seconds
[2024-09-21T05:14:38.263+0000] {processor.py:154} INFO - Started process (PID=507) to work on /home/airflow/.local/lib/python3.7/site-packages/airflow/example_dags/example_complex.py
[2024-09-21T05:14:38.263+0000] {processor.py:756} INFO - Processing file /home/airflow/.local/lib/python3.7/site-packages/airflow/example_dags/example_complex.py for tasks to queue
[2024-09-21T05:14:38.263+0000] {logging_mixin.py:120} INFO - [2024-09-21T05:14:38.263+0000] {dagbag.py:537} INFO - Filling up the DagBag from /home/airflow/.local/lib/python3.7/site-packages/airflow/example_dags/example_complex.py
[2024-09-21T05:14:38.269+0000] {logging_mixin.py:120} INFO - [2024-09-21T05:14:38.269+0000] {taskmixin.py:205} WARNING - Dependency <Task(BashOperator): create_entry_group>, delete_entry_group already registered for DAG: example_complex
[2024-09-21T05:14:38.269+0000] {logging_mixin.py:120} INFO - [2024-09-21T05:14:38.269+0000] {taskmixin.py:205} WARNING - Dependency <Task(BashOperator): delete_entry_group>, create_entry_group already registered for DAG: example_complex
[2024-09-21T05:14:38.270+0000] {logging_mixin.py:120} INFO - [2024-09-21T05:14:38.270+0000] {taskmixin.py:205} WARNING - Dependency <Task(BashOperator): create_entry_gcs>, delete_entry already registered for DAG: example_complex
[2024-09-21T05:14:38.270+0000] {logging_mixin.py:120} INFO - [2024-09-21T05:14:38.270+0000] {taskmixin.py:205} WARNING - Dependency <Task(BashOperator): delete_entry>, create_entry_gcs already registered for DAG: example_complex
[2024-09-21T05:14:38.270+0000] {logging_mixin.py:120} INFO - [2024-09-21T05:14:38.270+0000] {taskmixin.py:205} WARNING - Dependency <Task(BashOperator): create_tag>, delete_tag already registered for DAG: example_complex
[2024-09-21T05:14:38.271+0000] {logging_mixin.py:120} INFO - [2024-09-21T05:14:38.271+0000] {taskmixin.py:205} WARNING - Dependency <Task(BashOperator): delete_tag>, create_tag already registered for DAG: example_complex
[2024-09-21T05:14:38.275+0000] {processor.py:766} INFO - DAG(s) dict_keys(['example_complex']) retrieved from /home/airflow/.local/lib/python3.7/site-packages/airflow/example_dags/example_complex.py
[2024-09-21T05:14:38.297+0000] {logging_mixin.py:120} INFO - [2024-09-21T05:14:38.297+0000] {dag.py:2585} INFO - Sync 1 DAGs
[2024-09-21T05:14:38.308+0000] {logging_mixin.py:120} INFO - [2024-09-21T05:14:38.308+0000] {dag.py:3340} INFO - Setting next_dagrun for example_complex to None, run_after=None
[2024-09-21T05:14:38.316+0000] {processor.py:176} INFO - Processing /home/airflow/.local/lib/python3.7/site-packages/airflow/example_dags/example_complex.py took 0.055 seconds
[2024-09-21T05:15:08.633+0000] {processor.py:154} INFO - Started process (PID=569) to work on /home/airflow/.local/lib/python3.7/site-packages/airflow/example_dags/example_complex.py
[2024-09-21T05:15:08.633+0000] {processor.py:756} INFO - Processing file /home/airflow/.local/lib/python3.7/site-packages/airflow/example_dags/example_complex.py for tasks to queue
[2024-09-21T05:15:08.634+0000] {logging_mixin.py:120} INFO - [2024-09-21T05:15:08.634+0000] {dagbag.py:537} INFO - Filling up the DagBag from /home/airflow/.local/lib/python3.7/site-packages/airflow/example_dags/example_complex.py
[2024-09-21T05:15:08.639+0000] {logging_mixin.py:120} INFO - [2024-09-21T05:15:08.639+0000] {taskmixin.py:205} WARNING - Dependency <Task(BashOperator): create_entry_group>, delete_entry_group already registered for DAG: example_complex
[2024-09-21T05:15:08.639+0000] {logging_mixin.py:120} INFO - [2024-09-21T05:15:08.639+0000] {taskmixin.py:205} WARNING - Dependency <Task(BashOperator): delete_entry_group>, create_entry_group already registered for DAG: example_complex
[2024-09-21T05:15:08.639+0000] {logging_mixin.py:120} INFO - [2024-09-21T05:15:08.639+0000] {taskmixin.py:205} WARNING - Dependency <Task(BashOperator): create_entry_gcs>, delete_entry already registered for DAG: example_complex
[2024-09-21T05:15:08.640+0000] {logging_mixin.py:120} INFO - [2024-09-21T05:15:08.640+0000] {taskmixin.py:205} WARNING - Dependency <Task(BashOperator): delete_entry>, create_entry_gcs already registered for DAG: example_complex
[2024-09-21T05:15:08.640+0000] {logging_mixin.py:120} INFO - [2024-09-21T05:15:08.640+0000] {taskmixin.py:205} WARNING - Dependency <Task(BashOperator): create_tag>, delete_tag already registered for DAG: example_complex
[2024-09-21T05:15:08.640+0000] {logging_mixin.py:120} INFO - [2024-09-21T05:15:08.640+0000] {taskmixin.py:205} WARNING - Dependency <Task(BashOperator): delete_tag>, create_tag already registered for DAG: example_complex
[2024-09-21T05:15:08.644+0000] {processor.py:766} INFO - DAG(s) dict_keys(['example_complex']) retrieved from /home/airflow/.local/lib/python3.7/site-packages/airflow/example_dags/example_complex.py
[2024-09-21T05:15:08.666+0000] {logging_mixin.py:120} INFO - [2024-09-21T05:15:08.666+0000] {dag.py:2585} INFO - Sync 1 DAGs
[2024-09-21T05:15:08.677+0000] {logging_mixin.py:120} INFO - [2024-09-21T05:15:08.676+0000] {dag.py:3340} INFO - Setting next_dagrun for example_complex to None, run_after=None
[2024-09-21T05:15:08.685+0000] {processor.py:176} INFO - Processing /home/airflow/.local/lib/python3.7/site-packages/airflow/example_dags/example_complex.py took 0.054 seconds
[2024-09-21T05:15:39.029+0000] {processor.py:154} INFO - Started process (PID=632) to work on /home/airflow/.local/lib/python3.7/site-packages/airflow/example_dags/example_complex.py
[2024-09-21T05:15:39.030+0000] {processor.py:756} INFO - Processing file /home/airflow/.local/lib/python3.7/site-packages/airflow/example_dags/example_complex.py for tasks to queue
[2024-09-21T05:15:39.030+0000] {logging_mixin.py:120} INFO - [2024-09-21T05:15:39.030+0000] {dagbag.py:537} INFO - Filling up the DagBag from /home/airflow/.local/lib/python3.7/site-packages/airflow/example_dags/example_complex.py
[2024-09-21T05:15:39.036+0000] {logging_mixin.py:120} INFO - [2024-09-21T05:15:39.036+0000] {taskmixin.py:205} WARNING - Dependency <Task(BashOperator): create_entry_group>, delete_entry_group already registered for DAG: example_complex
[2024-09-21T05:15:39.037+0000] {logging_mixin.py:120} INFO - [2024-09-21T05:15:39.036+0000] {taskmixin.py:205} WARNING - Dependency <Task(BashOperator): delete_entry_group>, create_entry_group already registered for DAG: example_complex
[2024-09-21T05:15:39.040+0000] {logging_mixin.py:120} INFO - [2024-09-21T05:15:39.039+0000] {taskmixin.py:205} WARNING - Dependency <Task(BashOperator): create_entry_gcs>, delete_entry already registered for DAG: example_complex
[2024-09-21T05:15:39.040+0000] {logging_mixin.py:120} INFO - [2024-09-21T05:15:39.040+0000] {taskmixin.py:205} WARNING - Dependency <Task(BashOperator): delete_entry>, create_entry_gcs already registered for DAG: example_complex
[2024-09-21T05:15:39.040+0000] {logging_mixin.py:120} INFO - [2024-09-21T05:15:39.040+0000] {taskmixin.py:205} WARNING - Dependency <Task(BashOperator): create_tag>, delete_tag already registered for DAG: example_complex
[2024-09-21T05:15:39.041+0000] {logging_mixin.py:120} INFO - [2024-09-21T05:15:39.041+0000] {taskmixin.py:205} WARNING - Dependency <Task(BashOperator): delete_tag>, create_tag already registered for DAG: example_complex
[2024-09-21T05:15:39.045+0000] {processor.py:766} INFO - DAG(s) dict_keys(['example_complex']) retrieved from /home/airflow/.local/lib/python3.7/site-packages/airflow/example_dags/example_complex.py
[2024-09-21T05:15:39.067+0000] {logging_mixin.py:120} INFO - [2024-09-21T05:15:39.067+0000] {dag.py:2585} INFO - Sync 1 DAGs
[2024-09-21T05:15:39.081+0000] {logging_mixin.py:120} INFO - [2024-09-21T05:15:39.081+0000] {dag.py:3340} INFO - Setting next_dagrun for example_complex to None, run_after=None
[2024-09-21T05:15:39.090+0000] {processor.py:176} INFO - Processing /home/airflow/.local/lib/python3.7/site-packages/airflow/example_dags/example_complex.py took 0.062 seconds
[2024-09-21T05:16:09.450+0000] {processor.py:154} INFO - Started process (PID=695) to work on /home/airflow/.local/lib/python3.7/site-packages/airflow/example_dags/example_complex.py
[2024-09-21T05:16:09.451+0000] {processor.py:756} INFO - Processing file /home/airflow/.local/lib/python3.7/site-packages/airflow/example_dags/example_complex.py for tasks to queue
[2024-09-21T05:16:09.451+0000] {logging_mixin.py:120} INFO - [2024-09-21T05:16:09.451+0000] {dagbag.py:537} INFO - Filling up the DagBag from /home/airflow/.local/lib/python3.7/site-packages/airflow/example_dags/example_complex.py
[2024-09-21T05:16:09.457+0000] {logging_mixin.py:120} INFO - [2024-09-21T05:16:09.457+0000] {taskmixin.py:205} WARNING - Dependency <Task(BashOperator): create_entry_group>, delete_entry_group already registered for DAG: example_complex
[2024-09-21T05:16:09.457+0000] {logging_mixin.py:120} INFO - [2024-09-21T05:16:09.457+0000] {taskmixin.py:205} WARNING - Dependency <Task(BashOperator): delete_entry_group>, create_entry_group already registered for DAG: example_complex
[2024-09-21T05:16:09.457+0000] {logging_mixin.py:120} INFO - [2024-09-21T05:16:09.457+0000] {taskmixin.py:205} WARNING - Dependency <Task(BashOperator): create_entry_gcs>, delete_entry already registered for DAG: example_complex
[2024-09-21T05:16:09.457+0000] {logging_mixin.py:120} INFO - [2024-09-21T05:16:09.457+0000] {taskmixin.py:205} WARNING - Dependency <Task(BashOperator): delete_entry>, create_entry_gcs already registered for DAG: example_complex
[2024-09-21T05:16:09.458+0000] {logging_mixin.py:120} INFO - [2024-09-21T05:16:09.458+0000] {taskmixin.py:205} WARNING - Dependency <Task(BashOperator): create_tag>, delete_tag already registered for DAG: example_complex
[2024-09-21T05:16:09.458+0000] {logging_mixin.py:120} INFO - [2024-09-21T05:16:09.458+0000] {taskmixin.py:205} WARNING - Dependency <Task(BashOperator): delete_tag>, create_tag already registered for DAG: example_complex
[2024-09-21T05:16:09.461+0000] {processor.py:766} INFO - DAG(s) dict_keys(['example_complex']) retrieved from /home/airflow/.local/lib/python3.7/site-packages/airflow/example_dags/example_complex.py
[2024-09-21T05:16:09.483+0000] {logging_mixin.py:120} INFO - [2024-09-21T05:16:09.483+0000] {dag.py:2585} INFO - Sync 1 DAGs
[2024-09-21T05:16:09.495+0000] {logging_mixin.py:120} INFO - [2024-09-21T05:16:09.495+0000] {dag.py:3340} INFO - Setting next_dagrun for example_complex to None, run_after=None
[2024-09-21T05:16:09.503+0000] {processor.py:176} INFO - Processing /home/airflow/.local/lib/python3.7/site-packages/airflow/example_dags/example_complex.py took 0.054 seconds
[2024-09-21T05:16:39.903+0000] {processor.py:154} INFO - Started process (PID=758) to work on /home/airflow/.local/lib/python3.7/site-packages/airflow/example_dags/example_complex.py
[2024-09-21T05:16:39.904+0000] {processor.py:756} INFO - Processing file /home/airflow/.local/lib/python3.7/site-packages/airflow/example_dags/example_complex.py for tasks to queue
[2024-09-21T05:16:39.905+0000] {logging_mixin.py:120} INFO - [2024-09-21T05:16:39.905+0000] {dagbag.py:537} INFO - Filling up the DagBag from /home/airflow/.local/lib/python3.7/site-packages/airflow/example_dags/example_complex.py
[2024-09-21T05:16:39.911+0000] {logging_mixin.py:120} INFO - [2024-09-21T05:16:39.911+0000] {taskmixin.py:205} WARNING - Dependency <Task(BashOperator): create_entry_group>, delete_entry_group already registered for DAG: example_complex
[2024-09-21T05:16:39.911+0000] {logging_mixin.py:120} INFO - [2024-09-21T05:16:39.911+0000] {taskmixin.py:205} WARNING - Dependency <Task(BashOperator): delete_entry_group>, create_entry_group already registered for DAG: example_complex
[2024-09-21T05:16:39.911+0000] {logging_mixin.py:120} INFO - [2024-09-21T05:16:39.911+0000] {taskmixin.py:205} WARNING - Dependency <Task(BashOperator): create_entry_gcs>, delete_entry already registered for DAG: example_complex
[2024-09-21T05:16:39.911+0000] {logging_mixin.py:120} INFO - [2024-09-21T05:16:39.911+0000] {taskmixin.py:205} WARNING - Dependency <Task(BashOperator): delete_entry>, create_entry_gcs already registered for DAG: example_complex
[2024-09-21T05:16:39.911+0000] {logging_mixin.py:120} INFO - [2024-09-21T05:16:39.911+0000] {taskmixin.py:205} WARNING - Dependency <Task(BashOperator): create_tag>, delete_tag already registered for DAG: example_complex
[2024-09-21T05:16:39.911+0000] {logging_mixin.py:120} INFO - [2024-09-21T05:16:39.911+0000] {taskmixin.py:205} WARNING - Dependency <Task(BashOperator): delete_tag>, create_tag already registered for DAG: example_complex
[2024-09-21T05:16:39.915+0000] {processor.py:766} INFO - DAG(s) dict_keys(['example_complex']) retrieved from /home/airflow/.local/lib/python3.7/site-packages/airflow/example_dags/example_complex.py
[2024-09-21T05:16:39.937+0000] {logging_mixin.py:120} INFO - [2024-09-21T05:16:39.937+0000] {dag.py:2585} INFO - Sync 1 DAGs
[2024-09-21T05:16:39.947+0000] {logging_mixin.py:120} INFO - [2024-09-21T05:16:39.947+0000] {dag.py:3340} INFO - Setting next_dagrun for example_complex to None, run_after=None
[2024-09-21T05:16:39.955+0000] {processor.py:176} INFO - Processing /home/airflow/.local/lib/python3.7/site-packages/airflow/example_dags/example_complex.py took 0.054 seconds
