[2024-09-21T05:11:03.345+0000] {processor.py:154} INFO - Started process (PID=52) to work on /home/airflow/.local/lib/python3.7/site-packages/airflow/example_dags/example_external_task_marker_dag.py
[2024-09-21T05:11:03.346+0000] {processor.py:756} INFO - Processing file /home/airflow/.local/lib/python3.7/site-packages/airflow/example_dags/example_external_task_marker_dag.py for tasks to queue
[2024-09-21T05:11:03.347+0000] {logging_mixin.py:120} INFO - [2024-09-21T05:11:03.347+0000] {dagbag.py:537} INFO - Filling up the DagBag from /home/airflow/.local/lib/python3.7/site-packages/airflow/example_dags/example_external_task_marker_dag.py
[2024-09-21T05:11:03.362+0000] {processor.py:766} INFO - DAG(s) dict_keys(['example_external_task_marker_parent', 'example_external_task_marker_child']) retrieved from /home/airflow/.local/lib/python3.7/site-packages/airflow/example_dags/example_external_task_marker_dag.py
[2024-09-21T05:11:03.384+0000] {logging_mixin.py:120} INFO - [2024-09-21T05:11:03.384+0000] {dag.py:2585} INFO - Sync 2 DAGs
[2024-09-21T05:11:03.403+0000] {logging_mixin.py:120} INFO - [2024-09-21T05:11:03.403+0000] {dag.py:3340} INFO - Setting next_dagrun for example_external_task_marker_child to None, run_after=None
[2024-09-21T05:11:03.408+0000] {logging_mixin.py:120} INFO - [2024-09-21T05:11:03.407+0000] {dag.py:3340} INFO - Setting next_dagrun for example_external_task_marker_parent to None, run_after=None
[2024-09-21T05:11:03.418+0000] {processor.py:176} INFO - Processing /home/airflow/.local/lib/python3.7/site-packages/airflow/example_dags/example_external_task_marker_dag.py took 0.075 seconds
[2024-09-21T05:11:34.094+0000] {processor.py:154} INFO - Started process (PID=115) to work on /home/airflow/.local/lib/python3.7/site-packages/airflow/example_dags/example_external_task_marker_dag.py
[2024-09-21T05:11:34.094+0000] {processor.py:756} INFO - Processing file /home/airflow/.local/lib/python3.7/site-packages/airflow/example_dags/example_external_task_marker_dag.py for tasks to queue
[2024-09-21T05:11:34.095+0000] {logging_mixin.py:120} INFO - [2024-09-21T05:11:34.095+0000] {dagbag.py:537} INFO - Filling up the DagBag from /home/airflow/.local/lib/python3.7/site-packages/airflow/example_dags/example_external_task_marker_dag.py
[2024-09-21T05:11:34.103+0000] {processor.py:766} INFO - DAG(s) dict_keys(['example_external_task_marker_parent', 'example_external_task_marker_child']) retrieved from /home/airflow/.local/lib/python3.7/site-packages/airflow/example_dags/example_external_task_marker_dag.py
[2024-09-21T05:11:34.223+0000] {logging_mixin.py:120} INFO - [2024-09-21T05:11:34.223+0000] {dag.py:2585} INFO - Sync 2 DAGs
[2024-09-21T05:11:34.235+0000] {logging_mixin.py:120} INFO - [2024-09-21T05:11:34.235+0000] {dag.py:3340} INFO - Setting next_dagrun for example_external_task_marker_child to None, run_after=None
[2024-09-21T05:11:34.236+0000] {logging_mixin.py:120} INFO - [2024-09-21T05:11:34.236+0000] {dag.py:3340} INFO - Setting next_dagrun for example_external_task_marker_parent to None, run_after=None
[2024-09-21T05:11:34.244+0000] {processor.py:176} INFO - Processing /home/airflow/.local/lib/python3.7/site-packages/airflow/example_dags/example_external_task_marker_dag.py took 0.153 seconds
[2024-09-21T05:12:04.727+0000] {processor.py:154} INFO - Started process (PID=179) to work on /home/airflow/.local/lib/python3.7/site-packages/airflow/example_dags/example_external_task_marker_dag.py
[2024-09-21T05:12:04.730+0000] {processor.py:756} INFO - Processing file /home/airflow/.local/lib/python3.7/site-packages/airflow/example_dags/example_external_task_marker_dag.py for tasks to queue
[2024-09-21T05:12:04.731+0000] {logging_mixin.py:120} INFO - [2024-09-21T05:12:04.731+0000] {dagbag.py:537} INFO - Filling up the DagBag from /home/airflow/.local/lib/python3.7/site-packages/airflow/example_dags/example_external_task_marker_dag.py
[2024-09-21T05:12:04.737+0000] {processor.py:766} INFO - DAG(s) dict_keys(['example_external_task_marker_parent', 'example_external_task_marker_child']) retrieved from /home/airflow/.local/lib/python3.7/site-packages/airflow/example_dags/example_external_task_marker_dag.py
[2024-09-21T05:12:04.817+0000] {logging_mixin.py:120} INFO - [2024-09-21T05:12:04.817+0000] {dag.py:2585} INFO - Sync 2 DAGs
[2024-09-21T05:12:04.827+0000] {logging_mixin.py:120} INFO - [2024-09-21T05:12:04.827+0000] {dag.py:3340} INFO - Setting next_dagrun for example_external_task_marker_child to None, run_after=None
[2024-09-21T05:12:04.829+0000] {logging_mixin.py:120} INFO - [2024-09-21T05:12:04.829+0000] {dag.py:3340} INFO - Setting next_dagrun for example_external_task_marker_parent to None, run_after=None
[2024-09-21T05:12:04.836+0000] {processor.py:176} INFO - Processing /home/airflow/.local/lib/python3.7/site-packages/airflow/example_dags/example_external_task_marker_dag.py took 0.110 seconds
[2024-09-21T05:12:35.456+0000] {processor.py:154} INFO - Started process (PID=242) to work on /home/airflow/.local/lib/python3.7/site-packages/airflow/example_dags/example_external_task_marker_dag.py
[2024-09-21T05:12:35.456+0000] {processor.py:756} INFO - Processing file /home/airflow/.local/lib/python3.7/site-packages/airflow/example_dags/example_external_task_marker_dag.py for tasks to queue
[2024-09-21T05:12:35.457+0000] {logging_mixin.py:120} INFO - [2024-09-21T05:12:35.457+0000] {dagbag.py:537} INFO - Filling up the DagBag from /home/airflow/.local/lib/python3.7/site-packages/airflow/example_dags/example_external_task_marker_dag.py
[2024-09-21T05:12:35.463+0000] {processor.py:766} INFO - DAG(s) dict_keys(['example_external_task_marker_child', 'example_external_task_marker_parent']) retrieved from /home/airflow/.local/lib/python3.7/site-packages/airflow/example_dags/example_external_task_marker_dag.py
[2024-09-21T05:12:35.549+0000] {logging_mixin.py:120} INFO - [2024-09-21T05:12:35.549+0000] {dag.py:2585} INFO - Sync 2 DAGs
[2024-09-21T05:12:35.561+0000] {logging_mixin.py:120} INFO - [2024-09-21T05:12:35.561+0000] {dag.py:3340} INFO - Setting next_dagrun for example_external_task_marker_child to None, run_after=None
[2024-09-21T05:12:35.563+0000] {logging_mixin.py:120} INFO - [2024-09-21T05:12:35.563+0000] {dag.py:3340} INFO - Setting next_dagrun for example_external_task_marker_parent to None, run_after=None
[2024-09-21T05:12:35.570+0000] {processor.py:176} INFO - Processing /home/airflow/.local/lib/python3.7/site-packages/airflow/example_dags/example_external_task_marker_dag.py took 0.116 seconds
[2024-09-21T05:13:05.942+0000] {processor.py:154} INFO - Started process (PID=305) to work on /home/airflow/.local/lib/python3.7/site-packages/airflow/example_dags/example_external_task_marker_dag.py
[2024-09-21T05:13:05.942+0000] {processor.py:756} INFO - Processing file /home/airflow/.local/lib/python3.7/site-packages/airflow/example_dags/example_external_task_marker_dag.py for tasks to queue
[2024-09-21T05:13:05.943+0000] {logging_mixin.py:120} INFO - [2024-09-21T05:13:05.943+0000] {dagbag.py:537} INFO - Filling up the DagBag from /home/airflow/.local/lib/python3.7/site-packages/airflow/example_dags/example_external_task_marker_dag.py
[2024-09-21T05:13:05.950+0000] {processor.py:766} INFO - DAG(s) dict_keys(['example_external_task_marker_parent', 'example_external_task_marker_child']) retrieved from /home/airflow/.local/lib/python3.7/site-packages/airflow/example_dags/example_external_task_marker_dag.py
[2024-09-21T05:13:06.030+0000] {logging_mixin.py:120} INFO - [2024-09-21T05:13:06.030+0000] {dag.py:2585} INFO - Sync 2 DAGs
[2024-09-21T05:13:06.042+0000] {logging_mixin.py:120} INFO - [2024-09-21T05:13:06.042+0000] {dag.py:3340} INFO - Setting next_dagrun for example_external_task_marker_child to None, run_after=None
[2024-09-21T05:13:06.043+0000] {logging_mixin.py:120} INFO - [2024-09-21T05:13:06.043+0000] {dag.py:3340} INFO - Setting next_dagrun for example_external_task_marker_parent to None, run_after=None
[2024-09-21T05:13:06.051+0000] {processor.py:176} INFO - Processing /home/airflow/.local/lib/python3.7/site-packages/airflow/example_dags/example_external_task_marker_dag.py took 0.111 seconds
[2024-09-21T05:13:36.427+0000] {processor.py:154} INFO - Started process (PID=366) to work on /home/airflow/.local/lib/python3.7/site-packages/airflow/example_dags/example_external_task_marker_dag.py
[2024-09-21T05:13:36.427+0000] {processor.py:756} INFO - Processing file /home/airflow/.local/lib/python3.7/site-packages/airflow/example_dags/example_external_task_marker_dag.py for tasks to queue
[2024-09-21T05:13:36.428+0000] {logging_mixin.py:120} INFO - [2024-09-21T05:13:36.428+0000] {dagbag.py:537} INFO - Filling up the DagBag from /home/airflow/.local/lib/python3.7/site-packages/airflow/example_dags/example_external_task_marker_dag.py
[2024-09-21T05:13:36.437+0000] {processor.py:766} INFO - DAG(s) dict_keys(['example_external_task_marker_child', 'example_external_task_marker_parent']) retrieved from /home/airflow/.local/lib/python3.7/site-packages/airflow/example_dags/example_external_task_marker_dag.py
[2024-09-21T05:13:36.527+0000] {logging_mixin.py:120} INFO - [2024-09-21T05:13:36.527+0000] {dag.py:2585} INFO - Sync 2 DAGs
[2024-09-21T05:13:36.540+0000] {logging_mixin.py:120} INFO - [2024-09-21T05:13:36.540+0000] {dag.py:3340} INFO - Setting next_dagrun for example_external_task_marker_child to None, run_after=None
[2024-09-21T05:13:36.543+0000] {logging_mixin.py:120} INFO - [2024-09-21T05:13:36.543+0000] {dag.py:3340} INFO - Setting next_dagrun for example_external_task_marker_parent to None, run_after=None
[2024-09-21T05:13:36.552+0000] {processor.py:176} INFO - Processing /home/airflow/.local/lib/python3.7/site-packages/airflow/example_dags/example_external_task_marker_dag.py took 0.126 seconds
[2024-09-21T05:14:06.967+0000] {processor.py:154} INFO - Started process (PID=423) to work on /home/airflow/.local/lib/python3.7/site-packages/airflow/example_dags/example_external_task_marker_dag.py
[2024-09-21T05:14:06.967+0000] {processor.py:756} INFO - Processing file /home/airflow/.local/lib/python3.7/site-packages/airflow/example_dags/example_external_task_marker_dag.py for tasks to queue
[2024-09-21T05:14:06.968+0000] {logging_mixin.py:120} INFO - [2024-09-21T05:14:06.968+0000] {dagbag.py:537} INFO - Filling up the DagBag from /home/airflow/.local/lib/python3.7/site-packages/airflow/example_dags/example_external_task_marker_dag.py
[2024-09-21T05:14:06.974+0000] {processor.py:766} INFO - DAG(s) dict_keys(['example_external_task_marker_child', 'example_external_task_marker_parent']) retrieved from /home/airflow/.local/lib/python3.7/site-packages/airflow/example_dags/example_external_task_marker_dag.py
[2024-09-21T05:14:07.057+0000] {logging_mixin.py:120} INFO - [2024-09-21T05:14:07.057+0000] {dag.py:2585} INFO - Sync 2 DAGs
[2024-09-21T05:14:07.068+0000] {logging_mixin.py:120} INFO - [2024-09-21T05:14:07.068+0000] {dag.py:3340} INFO - Setting next_dagrun for example_external_task_marker_child to None, run_after=None
[2024-09-21T05:14:07.069+0000] {logging_mixin.py:120} INFO - [2024-09-21T05:14:07.069+0000] {dag.py:3340} INFO - Setting next_dagrun for example_external_task_marker_parent to None, run_after=None
[2024-09-21T05:14:07.077+0000] {processor.py:176} INFO - Processing /home/airflow/.local/lib/python3.7/site-packages/airflow/example_dags/example_external_task_marker_dag.py took 0.112 seconds
[2024-09-21T05:14:37.474+0000] {processor.py:154} INFO - Started process (PID=485) to work on /home/airflow/.local/lib/python3.7/site-packages/airflow/example_dags/example_external_task_marker_dag.py
[2024-09-21T05:14:37.475+0000] {processor.py:756} INFO - Processing file /home/airflow/.local/lib/python3.7/site-packages/airflow/example_dags/example_external_task_marker_dag.py for tasks to queue
[2024-09-21T05:14:37.475+0000] {logging_mixin.py:120} INFO - [2024-09-21T05:14:37.475+0000] {dagbag.py:537} INFO - Filling up the DagBag from /home/airflow/.local/lib/python3.7/site-packages/airflow/example_dags/example_external_task_marker_dag.py
[2024-09-21T05:14:37.482+0000] {processor.py:766} INFO - DAG(s) dict_keys(['example_external_task_marker_child', 'example_external_task_marker_parent']) retrieved from /home/airflow/.local/lib/python3.7/site-packages/airflow/example_dags/example_external_task_marker_dag.py
[2024-09-21T05:14:37.561+0000] {logging_mixin.py:120} INFO - [2024-09-21T05:14:37.561+0000] {dag.py:2585} INFO - Sync 2 DAGs
[2024-09-21T05:14:37.572+0000] {logging_mixin.py:120} INFO - [2024-09-21T05:14:37.572+0000] {dag.py:3340} INFO - Setting next_dagrun for example_external_task_marker_child to None, run_after=None
[2024-09-21T05:14:37.576+0000] {logging_mixin.py:120} INFO - [2024-09-21T05:14:37.576+0000] {dag.py:3340} INFO - Setting next_dagrun for example_external_task_marker_parent to None, run_after=None
[2024-09-21T05:14:37.584+0000] {processor.py:176} INFO - Processing /home/airflow/.local/lib/python3.7/site-packages/airflow/example_dags/example_external_task_marker_dag.py took 0.112 seconds
[2024-09-21T05:15:07.882+0000] {processor.py:154} INFO - Started process (PID=547) to work on /home/airflow/.local/lib/python3.7/site-packages/airflow/example_dags/example_external_task_marker_dag.py
[2024-09-21T05:15:07.882+0000] {processor.py:756} INFO - Processing file /home/airflow/.local/lib/python3.7/site-packages/airflow/example_dags/example_external_task_marker_dag.py for tasks to queue
[2024-09-21T05:15:07.883+0000] {logging_mixin.py:120} INFO - [2024-09-21T05:15:07.883+0000] {dagbag.py:537} INFO - Filling up the DagBag from /home/airflow/.local/lib/python3.7/site-packages/airflow/example_dags/example_external_task_marker_dag.py
[2024-09-21T05:15:07.889+0000] {processor.py:766} INFO - DAG(s) dict_keys(['example_external_task_marker_parent', 'example_external_task_marker_child']) retrieved from /home/airflow/.local/lib/python3.7/site-packages/airflow/example_dags/example_external_task_marker_dag.py
[2024-09-21T05:15:07.969+0000] {logging_mixin.py:120} INFO - [2024-09-21T05:15:07.969+0000] {dag.py:2585} INFO - Sync 2 DAGs
[2024-09-21T05:15:07.981+0000] {logging_mixin.py:120} INFO - [2024-09-21T05:15:07.981+0000] {dag.py:3340} INFO - Setting next_dagrun for example_external_task_marker_child to None, run_after=None
[2024-09-21T05:15:07.986+0000] {logging_mixin.py:120} INFO - [2024-09-21T05:15:07.986+0000] {dag.py:3340} INFO - Setting next_dagrun for example_external_task_marker_parent to None, run_after=None
[2024-09-21T05:15:07.994+0000] {processor.py:176} INFO - Processing /home/airflow/.local/lib/python3.7/site-packages/airflow/example_dags/example_external_task_marker_dag.py took 0.114 seconds
[2024-09-21T05:15:38.293+0000] {processor.py:154} INFO - Started process (PID=610) to work on /home/airflow/.local/lib/python3.7/site-packages/airflow/example_dags/example_external_task_marker_dag.py
[2024-09-21T05:15:38.294+0000] {processor.py:756} INFO - Processing file /home/airflow/.local/lib/python3.7/site-packages/airflow/example_dags/example_external_task_marker_dag.py for tasks to queue
[2024-09-21T05:15:38.295+0000] {logging_mixin.py:120} INFO - [2024-09-21T05:15:38.295+0000] {dagbag.py:537} INFO - Filling up the DagBag from /home/airflow/.local/lib/python3.7/site-packages/airflow/example_dags/example_external_task_marker_dag.py
[2024-09-21T05:15:38.302+0000] {processor.py:766} INFO - DAG(s) dict_keys(['example_external_task_marker_child', 'example_external_task_marker_parent']) retrieved from /home/airflow/.local/lib/python3.7/site-packages/airflow/example_dags/example_external_task_marker_dag.py
[2024-09-21T05:15:38.379+0000] {logging_mixin.py:120} INFO - [2024-09-21T05:15:38.379+0000] {dag.py:2585} INFO - Sync 2 DAGs
[2024-09-21T05:15:38.390+0000] {logging_mixin.py:120} INFO - [2024-09-21T05:15:38.390+0000] {dag.py:3340} INFO - Setting next_dagrun for example_external_task_marker_child to None, run_after=None
[2024-09-21T05:15:38.392+0000] {logging_mixin.py:120} INFO - [2024-09-21T05:15:38.392+0000] {dag.py:3340} INFO - Setting next_dagrun for example_external_task_marker_parent to None, run_after=None
[2024-09-21T05:15:38.399+0000] {processor.py:176} INFO - Processing /home/airflow/.local/lib/python3.7/site-packages/airflow/example_dags/example_external_task_marker_dag.py took 0.107 seconds
[2024-09-21T05:16:08.706+0000] {processor.py:154} INFO - Started process (PID=673) to work on /home/airflow/.local/lib/python3.7/site-packages/airflow/example_dags/example_external_task_marker_dag.py
[2024-09-21T05:16:08.707+0000] {processor.py:756} INFO - Processing file /home/airflow/.local/lib/python3.7/site-packages/airflow/example_dags/example_external_task_marker_dag.py for tasks to queue
[2024-09-21T05:16:08.708+0000] {logging_mixin.py:120} INFO - [2024-09-21T05:16:08.708+0000] {dagbag.py:537} INFO - Filling up the DagBag from /home/airflow/.local/lib/python3.7/site-packages/airflow/example_dags/example_external_task_marker_dag.py
[2024-09-21T05:16:08.715+0000] {processor.py:766} INFO - DAG(s) dict_keys(['example_external_task_marker_child', 'example_external_task_marker_parent']) retrieved from /home/airflow/.local/lib/python3.7/site-packages/airflow/example_dags/example_external_task_marker_dag.py
[2024-09-21T05:16:08.793+0000] {logging_mixin.py:120} INFO - [2024-09-21T05:16:08.793+0000] {dag.py:2585} INFO - Sync 2 DAGs
[2024-09-21T05:16:08.806+0000] {logging_mixin.py:120} INFO - [2024-09-21T05:16:08.806+0000] {dag.py:3340} INFO - Setting next_dagrun for example_external_task_marker_child to None, run_after=None
[2024-09-21T05:16:08.808+0000] {logging_mixin.py:120} INFO - [2024-09-21T05:16:08.808+0000] {dag.py:3340} INFO - Setting next_dagrun for example_external_task_marker_parent to None, run_after=None
[2024-09-21T05:16:08.818+0000] {processor.py:176} INFO - Processing /home/airflow/.local/lib/python3.7/site-packages/airflow/example_dags/example_external_task_marker_dag.py took 0.114 seconds
[2024-09-21T05:16:39.132+0000] {processor.py:154} INFO - Started process (PID=736) to work on /home/airflow/.local/lib/python3.7/site-packages/airflow/example_dags/example_external_task_marker_dag.py
[2024-09-21T05:16:39.134+0000] {processor.py:756} INFO - Processing file /home/airflow/.local/lib/python3.7/site-packages/airflow/example_dags/example_external_task_marker_dag.py for tasks to queue
[2024-09-21T05:16:39.134+0000] {logging_mixin.py:120} INFO - [2024-09-21T05:16:39.134+0000] {dagbag.py:537} INFO - Filling up the DagBag from /home/airflow/.local/lib/python3.7/site-packages/airflow/example_dags/example_external_task_marker_dag.py
[2024-09-21T05:16:39.141+0000] {processor.py:766} INFO - DAG(s) dict_keys(['example_external_task_marker_child', 'example_external_task_marker_parent']) retrieved from /home/airflow/.local/lib/python3.7/site-packages/airflow/example_dags/example_external_task_marker_dag.py
[2024-09-21T05:16:39.223+0000] {logging_mixin.py:120} INFO - [2024-09-21T05:16:39.223+0000] {dag.py:2585} INFO - Sync 2 DAGs
[2024-09-21T05:16:39.234+0000] {logging_mixin.py:120} INFO - [2024-09-21T05:16:39.234+0000] {dag.py:3340} INFO - Setting next_dagrun for example_external_task_marker_child to None, run_after=None
[2024-09-21T05:16:39.235+0000] {logging_mixin.py:120} INFO - [2024-09-21T05:16:39.235+0000] {dag.py:3340} INFO - Setting next_dagrun for example_external_task_marker_parent to None, run_after=None
[2024-09-21T05:16:39.245+0000] {processor.py:176} INFO - Processing /home/airflow/.local/lib/python3.7/site-packages/airflow/example_dags/example_external_task_marker_dag.py took 0.115 seconds
