[2024-09-21T05:11:02.999+0000] {processor.py:154} INFO - Started process (PID=45) to work on /home/airflow/.local/lib/python3.7/site-packages/airflow/example_dags/example_latest_only.py
[2024-09-21T05:11:02.999+0000] {processor.py:756} INFO - Processing file /home/airflow/.local/lib/python3.7/site-packages/airflow/example_dags/example_latest_only.py for tasks to queue
[2024-09-21T05:11:03.000+0000] {logging_mixin.py:120} INFO - [2024-09-21T05:11:03.000+0000] {dagbag.py:537} INFO - Filling up the DagBag from /home/airflow/.local/lib/python3.7/site-packages/airflow/example_dags/example_latest_only.py
[2024-09-21T05:11:03.008+0000] {processor.py:766} INFO - DAG(s) dict_keys(['latest_only']) retrieved from /home/airflow/.local/lib/python3.7/site-packages/airflow/example_dags/example_latest_only.py
[2024-09-21T05:11:03.026+0000] {logging_mixin.py:120} INFO - [2024-09-21T05:11:03.026+0000] {dag.py:2585} INFO - Sync 1 DAGs
[2024-09-21T05:11:03.043+0000] {logging_mixin.py:120} INFO - [2024-09-21T05:11:03.043+0000] {dag.py:3340} INFO - Setting next_dagrun for latest_only to 2024-09-21T01:11:03.043171+00:00, run_after=2024-09-21T05:11:03.043171+00:00
[2024-09-21T05:11:03.055+0000] {processor.py:176} INFO - Processing /home/airflow/.local/lib/python3.7/site-packages/airflow/example_dags/example_latest_only.py took 0.058 seconds
[2024-09-21T05:11:33.817+0000] {processor.py:154} INFO - Started process (PID=108) to work on /home/airflow/.local/lib/python3.7/site-packages/airflow/example_dags/example_latest_only.py
[2024-09-21T05:11:33.817+0000] {processor.py:756} INFO - Processing file /home/airflow/.local/lib/python3.7/site-packages/airflow/example_dags/example_latest_only.py for tasks to queue
[2024-09-21T05:11:33.818+0000] {logging_mixin.py:120} INFO - [2024-09-21T05:11:33.818+0000] {dagbag.py:537} INFO - Filling up the DagBag from /home/airflow/.local/lib/python3.7/site-packages/airflow/example_dags/example_latest_only.py
[2024-09-21T05:11:33.825+0000] {processor.py:766} INFO - DAG(s) dict_keys(['latest_only']) retrieved from /home/airflow/.local/lib/python3.7/site-packages/airflow/example_dags/example_latest_only.py
[2024-09-21T05:11:33.844+0000] {logging_mixin.py:120} INFO - [2024-09-21T05:11:33.844+0000] {dag.py:2585} INFO - Sync 1 DAGs
[2024-09-21T05:11:33.856+0000] {logging_mixin.py:120} INFO - [2024-09-21T05:11:33.856+0000] {dag.py:3340} INFO - Setting next_dagrun for latest_only to 2024-09-21T01:11:33.856033+00:00, run_after=2024-09-21T05:11:33.856033+00:00
[2024-09-21T05:11:33.864+0000] {processor.py:176} INFO - Processing /home/airflow/.local/lib/python3.7/site-packages/airflow/example_dags/example_latest_only.py took 0.048 seconds
[2024-09-21T05:12:04.476+0000] {processor.py:154} INFO - Started process (PID=172) to work on /home/airflow/.local/lib/python3.7/site-packages/airflow/example_dags/example_latest_only.py
[2024-09-21T05:12:04.479+0000] {processor.py:756} INFO - Processing file /home/airflow/.local/lib/python3.7/site-packages/airflow/example_dags/example_latest_only.py for tasks to queue
[2024-09-21T05:12:04.480+0000] {logging_mixin.py:120} INFO - [2024-09-21T05:12:04.480+0000] {dagbag.py:537} INFO - Filling up the DagBag from /home/airflow/.local/lib/python3.7/site-packages/airflow/example_dags/example_latest_only.py
[2024-09-21T05:12:04.487+0000] {processor.py:766} INFO - DAG(s) dict_keys(['latest_only']) retrieved from /home/airflow/.local/lib/python3.7/site-packages/airflow/example_dags/example_latest_only.py
[2024-09-21T05:12:04.509+0000] {logging_mixin.py:120} INFO - [2024-09-21T05:12:04.509+0000] {dag.py:2585} INFO - Sync 1 DAGs
[2024-09-21T05:12:04.520+0000] {logging_mixin.py:120} INFO - [2024-09-21T05:12:04.520+0000] {dag.py:3340} INFO - Setting next_dagrun for latest_only to 2024-09-21T01:12:04.520663+00:00, run_after=2024-09-21T05:12:04.520663+00:00
[2024-09-21T05:12:04.529+0000] {processor.py:176} INFO - Processing /home/airflow/.local/lib/python3.7/site-packages/airflow/example_dags/example_latest_only.py took 0.055 seconds
[2024-09-21T05:12:35.199+0000] {processor.py:154} INFO - Started process (PID=235) to work on /home/airflow/.local/lib/python3.7/site-packages/airflow/example_dags/example_latest_only.py
[2024-09-21T05:12:35.200+0000] {processor.py:756} INFO - Processing file /home/airflow/.local/lib/python3.7/site-packages/airflow/example_dags/example_latest_only.py for tasks to queue
[2024-09-21T05:12:35.200+0000] {logging_mixin.py:120} INFO - [2024-09-21T05:12:35.200+0000] {dagbag.py:537} INFO - Filling up the DagBag from /home/airflow/.local/lib/python3.7/site-packages/airflow/example_dags/example_latest_only.py
[2024-09-21T05:12:35.210+0000] {processor.py:766} INFO - DAG(s) dict_keys(['latest_only']) retrieved from /home/airflow/.local/lib/python3.7/site-packages/airflow/example_dags/example_latest_only.py
[2024-09-21T05:12:35.227+0000] {logging_mixin.py:120} INFO - [2024-09-21T05:12:35.227+0000] {dag.py:2585} INFO - Sync 1 DAGs
[2024-09-21T05:12:35.240+0000] {logging_mixin.py:120} INFO - [2024-09-21T05:12:35.240+0000] {dag.py:3340} INFO - Setting next_dagrun for latest_only to 2024-09-21T01:12:35.240351+00:00, run_after=2024-09-21T05:12:35.240351+00:00
[2024-09-21T05:12:35.248+0000] {processor.py:176} INFO - Processing /home/airflow/.local/lib/python3.7/site-packages/airflow/example_dags/example_latest_only.py took 0.050 seconds
[2024-09-21T05:13:05.693+0000] {processor.py:154} INFO - Started process (PID=298) to work on /home/airflow/.local/lib/python3.7/site-packages/airflow/example_dags/example_latest_only.py
[2024-09-21T05:13:05.694+0000] {processor.py:756} INFO - Processing file /home/airflow/.local/lib/python3.7/site-packages/airflow/example_dags/example_latest_only.py for tasks to queue
[2024-09-21T05:13:05.694+0000] {logging_mixin.py:120} INFO - [2024-09-21T05:13:05.694+0000] {dagbag.py:537} INFO - Filling up the DagBag from /home/airflow/.local/lib/python3.7/site-packages/airflow/example_dags/example_latest_only.py
[2024-09-21T05:13:05.701+0000] {processor.py:766} INFO - DAG(s) dict_keys(['latest_only']) retrieved from /home/airflow/.local/lib/python3.7/site-packages/airflow/example_dags/example_latest_only.py
[2024-09-21T05:13:05.721+0000] {logging_mixin.py:120} INFO - [2024-09-21T05:13:05.721+0000] {dag.py:2585} INFO - Sync 1 DAGs
[2024-09-21T05:13:05.734+0000] {logging_mixin.py:120} INFO - [2024-09-21T05:13:05.734+0000] {dag.py:3340} INFO - Setting next_dagrun for latest_only to 2024-09-21T01:13:05.734688+00:00, run_after=2024-09-21T05:13:05.734688+00:00
[2024-09-21T05:13:05.743+0000] {processor.py:176} INFO - Processing /home/airflow/.local/lib/python3.7/site-packages/airflow/example_dags/example_latest_only.py took 0.052 seconds
[2024-09-21T05:13:36.149+0000] {processor.py:154} INFO - Started process (PID=352) to work on /home/airflow/.local/lib/python3.7/site-packages/airflow/example_dags/example_latest_only.py
[2024-09-21T05:13:36.150+0000] {processor.py:756} INFO - Processing file /home/airflow/.local/lib/python3.7/site-packages/airflow/example_dags/example_latest_only.py for tasks to queue
[2024-09-21T05:13:36.151+0000] {logging_mixin.py:120} INFO - [2024-09-21T05:13:36.151+0000] {dagbag.py:537} INFO - Filling up the DagBag from /home/airflow/.local/lib/python3.7/site-packages/airflow/example_dags/example_latest_only.py
[2024-09-21T05:13:36.158+0000] {processor.py:766} INFO - DAG(s) dict_keys(['latest_only']) retrieved from /home/airflow/.local/lib/python3.7/site-packages/airflow/example_dags/example_latest_only.py
[2024-09-21T05:13:36.185+0000] {logging_mixin.py:120} INFO - [2024-09-21T05:13:36.184+0000] {dag.py:2585} INFO - Sync 1 DAGs
[2024-09-21T05:13:36.206+0000] {logging_mixin.py:120} INFO - [2024-09-21T05:13:36.206+0000] {dag.py:3340} INFO - Setting next_dagrun for latest_only to 2024-09-21T01:13:36.206133+00:00, run_after=2024-09-21T05:13:36.206133+00:00
[2024-09-21T05:13:36.218+0000] {processor.py:176} INFO - Processing /home/airflow/.local/lib/python3.7/site-packages/airflow/example_dags/example_latest_only.py took 0.071 seconds
[2024-09-21T05:14:06.690+0000] {processor.py:154} INFO - Started process (PID=415) to work on /home/airflow/.local/lib/python3.7/site-packages/airflow/example_dags/example_latest_only.py
[2024-09-21T05:14:06.690+0000] {processor.py:756} INFO - Processing file /home/airflow/.local/lib/python3.7/site-packages/airflow/example_dags/example_latest_only.py for tasks to queue
[2024-09-21T05:14:06.690+0000] {logging_mixin.py:120} INFO - [2024-09-21T05:14:06.690+0000] {dagbag.py:537} INFO - Filling up the DagBag from /home/airflow/.local/lib/python3.7/site-packages/airflow/example_dags/example_latest_only.py
[2024-09-21T05:14:06.697+0000] {processor.py:766} INFO - DAG(s) dict_keys(['latest_only']) retrieved from /home/airflow/.local/lib/python3.7/site-packages/airflow/example_dags/example_latest_only.py
[2024-09-21T05:14:06.717+0000] {logging_mixin.py:120} INFO - [2024-09-21T05:14:06.717+0000] {dag.py:2585} INFO - Sync 1 DAGs
[2024-09-21T05:14:06.729+0000] {logging_mixin.py:120} INFO - [2024-09-21T05:14:06.729+0000] {dag.py:3340} INFO - Setting next_dagrun for latest_only to 2024-09-21T01:14:06.729779+00:00, run_after=2024-09-21T05:14:06.729779+00:00
[2024-09-21T05:14:06.738+0000] {processor.py:176} INFO - Processing /home/airflow/.local/lib/python3.7/site-packages/airflow/example_dags/example_latest_only.py took 0.050 seconds
[2024-09-21T05:14:37.189+0000] {processor.py:154} INFO - Started process (PID=478) to work on /home/airflow/.local/lib/python3.7/site-packages/airflow/example_dags/example_latest_only.py
[2024-09-21T05:14:37.192+0000] {processor.py:756} INFO - Processing file /home/airflow/.local/lib/python3.7/site-packages/airflow/example_dags/example_latest_only.py for tasks to queue
[2024-09-21T05:14:37.192+0000] {logging_mixin.py:120} INFO - [2024-09-21T05:14:37.192+0000] {dagbag.py:537} INFO - Filling up the DagBag from /home/airflow/.local/lib/python3.7/site-packages/airflow/example_dags/example_latest_only.py
[2024-09-21T05:14:37.198+0000] {processor.py:766} INFO - DAG(s) dict_keys(['latest_only']) retrieved from /home/airflow/.local/lib/python3.7/site-packages/airflow/example_dags/example_latest_only.py
[2024-09-21T05:14:37.220+0000] {logging_mixin.py:120} INFO - [2024-09-21T05:14:37.220+0000] {dag.py:2585} INFO - Sync 1 DAGs
[2024-09-21T05:14:37.231+0000] {logging_mixin.py:120} INFO - [2024-09-21T05:14:37.231+0000] {dag.py:3340} INFO - Setting next_dagrun for latest_only to 2024-09-21T01:14:37.231163+00:00, run_after=2024-09-21T05:14:37.231163+00:00
[2024-09-21T05:14:37.239+0000] {processor.py:176} INFO - Processing /home/airflow/.local/lib/python3.7/site-packages/airflow/example_dags/example_latest_only.py took 0.051 seconds
[2024-09-21T05:15:07.649+0000] {processor.py:154} INFO - Started process (PID=540) to work on /home/airflow/.local/lib/python3.7/site-packages/airflow/example_dags/example_latest_only.py
[2024-09-21T05:15:07.650+0000] {processor.py:756} INFO - Processing file /home/airflow/.local/lib/python3.7/site-packages/airflow/example_dags/example_latest_only.py for tasks to queue
[2024-09-21T05:15:07.651+0000] {logging_mixin.py:120} INFO - [2024-09-21T05:15:07.651+0000] {dagbag.py:537} INFO - Filling up the DagBag from /home/airflow/.local/lib/python3.7/site-packages/airflow/example_dags/example_latest_only.py
[2024-09-21T05:15:07.659+0000] {processor.py:766} INFO - DAG(s) dict_keys(['latest_only']) retrieved from /home/airflow/.local/lib/python3.7/site-packages/airflow/example_dags/example_latest_only.py
[2024-09-21T05:15:07.678+0000] {logging_mixin.py:120} INFO - [2024-09-21T05:15:07.678+0000] {dag.py:2585} INFO - Sync 1 DAGs
[2024-09-21T05:15:07.688+0000] {logging_mixin.py:120} INFO - [2024-09-21T05:15:07.688+0000] {dag.py:3340} INFO - Setting next_dagrun for latest_only to 2024-09-21T01:15:07.688517+00:00, run_after=2024-09-21T05:15:07.688517+00:00
[2024-09-21T05:15:07.698+0000] {processor.py:176} INFO - Processing /home/airflow/.local/lib/python3.7/site-packages/airflow/example_dags/example_latest_only.py took 0.051 seconds
[2024-09-21T05:15:38.023+0000] {processor.py:154} INFO - Started process (PID=603) to work on /home/airflow/.local/lib/python3.7/site-packages/airflow/example_dags/example_latest_only.py
[2024-09-21T05:15:38.026+0000] {processor.py:756} INFO - Processing file /home/airflow/.local/lib/python3.7/site-packages/airflow/example_dags/example_latest_only.py for tasks to queue
[2024-09-21T05:15:38.027+0000] {logging_mixin.py:120} INFO - [2024-09-21T05:15:38.027+0000] {dagbag.py:537} INFO - Filling up the DagBag from /home/airflow/.local/lib/python3.7/site-packages/airflow/example_dags/example_latest_only.py
[2024-09-21T05:15:38.033+0000] {processor.py:766} INFO - DAG(s) dict_keys(['latest_only']) retrieved from /home/airflow/.local/lib/python3.7/site-packages/airflow/example_dags/example_latest_only.py
[2024-09-21T05:15:38.052+0000] {logging_mixin.py:120} INFO - [2024-09-21T05:15:38.052+0000] {dag.py:2585} INFO - Sync 1 DAGs
[2024-09-21T05:15:38.067+0000] {logging_mixin.py:120} INFO - [2024-09-21T05:15:38.067+0000] {dag.py:3340} INFO - Setting next_dagrun for latest_only to 2024-09-21T01:15:38.066966+00:00, run_after=2024-09-21T05:15:38.066966+00:00
[2024-09-21T05:15:38.077+0000] {processor.py:176} INFO - Processing /home/airflow/.local/lib/python3.7/site-packages/airflow/example_dags/example_latest_only.py took 0.056 seconds
[2024-09-21T05:16:08.466+0000] {processor.py:154} INFO - Started process (PID=666) to work on /home/airflow/.local/lib/python3.7/site-packages/airflow/example_dags/example_latest_only.py
[2024-09-21T05:16:08.469+0000] {processor.py:756} INFO - Processing file /home/airflow/.local/lib/python3.7/site-packages/airflow/example_dags/example_latest_only.py for tasks to queue
[2024-09-21T05:16:08.470+0000] {logging_mixin.py:120} INFO - [2024-09-21T05:16:08.470+0000] {dagbag.py:537} INFO - Filling up the DagBag from /home/airflow/.local/lib/python3.7/site-packages/airflow/example_dags/example_latest_only.py
[2024-09-21T05:16:08.477+0000] {processor.py:766} INFO - DAG(s) dict_keys(['latest_only']) retrieved from /home/airflow/.local/lib/python3.7/site-packages/airflow/example_dags/example_latest_only.py
[2024-09-21T05:16:08.499+0000] {logging_mixin.py:120} INFO - [2024-09-21T05:16:08.499+0000] {dag.py:2585} INFO - Sync 1 DAGs
[2024-09-21T05:16:08.512+0000] {logging_mixin.py:120} INFO - [2024-09-21T05:16:08.512+0000] {dag.py:3340} INFO - Setting next_dagrun for latest_only to 2024-09-21T01:16:08.512076+00:00, run_after=2024-09-21T05:16:08.512076+00:00
[2024-09-21T05:16:08.520+0000] {processor.py:176} INFO - Processing /home/airflow/.local/lib/python3.7/site-packages/airflow/example_dags/example_latest_only.py took 0.055 seconds
[2024-09-21T05:16:38.892+0000] {processor.py:154} INFO - Started process (PID=729) to work on /home/airflow/.local/lib/python3.7/site-packages/airflow/example_dags/example_latest_only.py
[2024-09-21T05:16:38.892+0000] {processor.py:756} INFO - Processing file /home/airflow/.local/lib/python3.7/site-packages/airflow/example_dags/example_latest_only.py for tasks to queue
[2024-09-21T05:16:38.895+0000] {logging_mixin.py:120} INFO - [2024-09-21T05:16:38.895+0000] {dagbag.py:537} INFO - Filling up the DagBag from /home/airflow/.local/lib/python3.7/site-packages/airflow/example_dags/example_latest_only.py
[2024-09-21T05:16:38.901+0000] {processor.py:766} INFO - DAG(s) dict_keys(['latest_only']) retrieved from /home/airflow/.local/lib/python3.7/site-packages/airflow/example_dags/example_latest_only.py
[2024-09-21T05:16:38.920+0000] {logging_mixin.py:120} INFO - [2024-09-21T05:16:38.920+0000] {dag.py:2585} INFO - Sync 1 DAGs
[2024-09-21T05:16:38.931+0000] {logging_mixin.py:120} INFO - [2024-09-21T05:16:38.931+0000] {dag.py:3340} INFO - Setting next_dagrun for latest_only to 2024-09-21T01:16:38.931232+00:00, run_after=2024-09-21T05:16:38.931232+00:00
[2024-09-21T05:16:38.939+0000] {processor.py:176} INFO - Processing /home/airflow/.local/lib/python3.7/site-packages/airflow/example_dags/example_latest_only.py took 0.049 seconds
