[2024-09-21T05:11:03.145+0000] {processor.py:154} INFO - Started process (PID=47) to work on /home/airflow/.local/lib/python3.7/site-packages/airflow/example_dags/example_branch_operator.py
[2024-09-21T05:11:03.146+0000] {processor.py:756} INFO - Processing file /home/airflow/.local/lib/python3.7/site-packages/airflow/example_dags/example_branch_operator.py for tasks to queue
[2024-09-21T05:11:03.146+0000] {logging_mixin.py:120} INFO - [2024-09-21T05:11:03.146+0000] {dagbag.py:537} INFO - Filling up the DagBag from /home/airflow/.local/lib/python3.7/site-packages/airflow/example_dags/example_branch_operator.py
[2024-09-21T05:11:03.159+0000] {processor.py:766} INFO - DAG(s) dict_keys(['example_branch_operator']) retrieved from /home/airflow/.local/lib/python3.7/site-packages/airflow/example_dags/example_branch_operator.py
[2024-09-21T05:11:03.177+0000] {logging_mixin.py:120} INFO - [2024-09-21T05:11:03.177+0000] {dag.py:2585} INFO - Sync 1 DAGs
[2024-09-21T05:11:03.192+0000] {logging_mixin.py:120} INFO - [2024-09-21T05:11:03.192+0000] {dag.py:3340} INFO - Setting next_dagrun for example_branch_operator to 2024-09-20T00:00:00+00:00, run_after=2024-09-21T00:00:00+00:00
[2024-09-21T05:11:03.202+0000] {processor.py:176} INFO - Processing /home/airflow/.local/lib/python3.7/site-packages/airflow/example_dags/example_branch_operator.py took 0.060 seconds
[2024-09-21T05:11:33.874+0000] {processor.py:154} INFO - Started process (PID=110) to work on /home/airflow/.local/lib/python3.7/site-packages/airflow/example_dags/example_branch_operator.py
[2024-09-21T05:11:33.877+0000] {processor.py:756} INFO - Processing file /home/airflow/.local/lib/python3.7/site-packages/airflow/example_dags/example_branch_operator.py for tasks to queue
[2024-09-21T05:11:33.878+0000] {logging_mixin.py:120} INFO - [2024-09-21T05:11:33.878+0000] {dagbag.py:537} INFO - Filling up the DagBag from /home/airflow/.local/lib/python3.7/site-packages/airflow/example_dags/example_branch_operator.py
[2024-09-21T05:11:33.887+0000] {processor.py:766} INFO - DAG(s) dict_keys(['example_branch_operator']) retrieved from /home/airflow/.local/lib/python3.7/site-packages/airflow/example_dags/example_branch_operator.py
[2024-09-21T05:11:33.906+0000] {logging_mixin.py:120} INFO - [2024-09-21T05:11:33.906+0000] {dag.py:2585} INFO - Sync 1 DAGs
[2024-09-21T05:11:33.922+0000] {logging_mixin.py:120} INFO - [2024-09-21T05:11:33.921+0000] {dag.py:3340} INFO - Setting next_dagrun for example_branch_operator to 2024-09-20T00:00:00+00:00, run_after=2024-09-21T00:00:00+00:00
[2024-09-21T05:11:33.929+0000] {processor.py:176} INFO - Processing /home/airflow/.local/lib/python3.7/site-packages/airflow/example_dags/example_branch_operator.py took 0.057 seconds
[2024-09-21T05:12:04.540+0000] {processor.py:154} INFO - Started process (PID=174) to work on /home/airflow/.local/lib/python3.7/site-packages/airflow/example_dags/example_branch_operator.py
[2024-09-21T05:12:04.541+0000] {processor.py:756} INFO - Processing file /home/airflow/.local/lib/python3.7/site-packages/airflow/example_dags/example_branch_operator.py for tasks to queue
[2024-09-21T05:12:04.541+0000] {logging_mixin.py:120} INFO - [2024-09-21T05:12:04.541+0000] {dagbag.py:537} INFO - Filling up the DagBag from /home/airflow/.local/lib/python3.7/site-packages/airflow/example_dags/example_branch_operator.py
[2024-09-21T05:12:04.550+0000] {processor.py:766} INFO - DAG(s) dict_keys(['example_branch_operator']) retrieved from /home/airflow/.local/lib/python3.7/site-packages/airflow/example_dags/example_branch_operator.py
[2024-09-21T05:12:04.573+0000] {logging_mixin.py:120} INFO - [2024-09-21T05:12:04.573+0000] {dag.py:2585} INFO - Sync 1 DAGs
[2024-09-21T05:12:04.586+0000] {logging_mixin.py:120} INFO - [2024-09-21T05:12:04.586+0000] {dag.py:3340} INFO - Setting next_dagrun for example_branch_operator to 2024-09-20T00:00:00+00:00, run_after=2024-09-21T00:00:00+00:00
[2024-09-21T05:12:04.595+0000] {processor.py:176} INFO - Processing /home/airflow/.local/lib/python3.7/site-packages/airflow/example_dags/example_branch_operator.py took 0.056 seconds
[2024-09-21T05:12:35.313+0000] {processor.py:154} INFO - Started process (PID=237) to work on /home/airflow/.local/lib/python3.7/site-packages/airflow/example_dags/example_branch_operator.py
[2024-09-21T05:12:35.314+0000] {processor.py:756} INFO - Processing file /home/airflow/.local/lib/python3.7/site-packages/airflow/example_dags/example_branch_operator.py for tasks to queue
[2024-09-21T05:12:35.314+0000] {logging_mixin.py:120} INFO - [2024-09-21T05:12:35.314+0000] {dagbag.py:537} INFO - Filling up the DagBag from /home/airflow/.local/lib/python3.7/site-packages/airflow/example_dags/example_branch_operator.py
[2024-09-21T05:12:35.323+0000] {processor.py:766} INFO - DAG(s) dict_keys(['example_branch_operator']) retrieved from /home/airflow/.local/lib/python3.7/site-packages/airflow/example_dags/example_branch_operator.py
[2024-09-21T05:12:35.342+0000] {logging_mixin.py:120} INFO - [2024-09-21T05:12:35.342+0000] {dag.py:2585} INFO - Sync 1 DAGs
[2024-09-21T05:12:35.354+0000] {logging_mixin.py:120} INFO - [2024-09-21T05:12:35.354+0000] {dag.py:3340} INFO - Setting next_dagrun for example_branch_operator to 2024-09-20T00:00:00+00:00, run_after=2024-09-21T00:00:00+00:00
[2024-09-21T05:12:35.361+0000] {processor.py:176} INFO - Processing /home/airflow/.local/lib/python3.7/site-packages/airflow/example_dags/example_branch_operator.py took 0.049 seconds
[2024-09-21T05:13:05.754+0000] {processor.py:154} INFO - Started process (PID=300) to work on /home/airflow/.local/lib/python3.7/site-packages/airflow/example_dags/example_branch_operator.py
[2024-09-21T05:13:05.755+0000] {processor.py:756} INFO - Processing file /home/airflow/.local/lib/python3.7/site-packages/airflow/example_dags/example_branch_operator.py for tasks to queue
[2024-09-21T05:13:05.755+0000] {logging_mixin.py:120} INFO - [2024-09-21T05:13:05.755+0000] {dagbag.py:537} INFO - Filling up the DagBag from /home/airflow/.local/lib/python3.7/site-packages/airflow/example_dags/example_branch_operator.py
[2024-09-21T05:13:05.764+0000] {processor.py:766} INFO - DAG(s) dict_keys(['example_branch_operator']) retrieved from /home/airflow/.local/lib/python3.7/site-packages/airflow/example_dags/example_branch_operator.py
[2024-09-21T05:13:05.782+0000] {logging_mixin.py:120} INFO - [2024-09-21T05:13:05.782+0000] {dag.py:2585} INFO - Sync 1 DAGs
[2024-09-21T05:13:05.793+0000] {logging_mixin.py:120} INFO - [2024-09-21T05:13:05.793+0000] {dag.py:3340} INFO - Setting next_dagrun for example_branch_operator to 2024-09-20T00:00:00+00:00, run_after=2024-09-21T00:00:00+00:00
[2024-09-21T05:13:05.803+0000] {processor.py:176} INFO - Processing /home/airflow/.local/lib/python3.7/site-packages/airflow/example_dags/example_branch_operator.py took 0.051 seconds
[2024-09-21T05:13:36.232+0000] {processor.py:154} INFO - Started process (PID=354) to work on /home/airflow/.local/lib/python3.7/site-packages/airflow/example_dags/example_branch_operator.py
[2024-09-21T05:13:36.232+0000] {processor.py:756} INFO - Processing file /home/airflow/.local/lib/python3.7/site-packages/airflow/example_dags/example_branch_operator.py for tasks to queue
[2024-09-21T05:13:36.232+0000] {logging_mixin.py:120} INFO - [2024-09-21T05:13:36.232+0000] {dagbag.py:537} INFO - Filling up the DagBag from /home/airflow/.local/lib/python3.7/site-packages/airflow/example_dags/example_branch_operator.py
[2024-09-21T05:13:36.241+0000] {processor.py:766} INFO - DAG(s) dict_keys(['example_branch_operator']) retrieved from /home/airflow/.local/lib/python3.7/site-packages/airflow/example_dags/example_branch_operator.py
[2024-09-21T05:13:36.264+0000] {logging_mixin.py:120} INFO - [2024-09-21T05:13:36.264+0000] {dag.py:2585} INFO - Sync 1 DAGs
[2024-09-21T05:13:36.277+0000] {logging_mixin.py:120} INFO - [2024-09-21T05:13:36.277+0000] {dag.py:3340} INFO - Setting next_dagrun for example_branch_operator to 2024-09-20T00:00:00+00:00, run_after=2024-09-21T00:00:00+00:00
[2024-09-21T05:13:36.287+0000] {processor.py:176} INFO - Processing /home/airflow/.local/lib/python3.7/site-packages/airflow/example_dags/example_branch_operator.py took 0.057 seconds
[2024-09-21T05:14:06.750+0000] {processor.py:154} INFO - Started process (PID=417) to work on /home/airflow/.local/lib/python3.7/site-packages/airflow/example_dags/example_branch_operator.py
[2024-09-21T05:14:06.751+0000] {processor.py:756} INFO - Processing file /home/airflow/.local/lib/python3.7/site-packages/airflow/example_dags/example_branch_operator.py for tasks to queue
[2024-09-21T05:14:06.751+0000] {logging_mixin.py:120} INFO - [2024-09-21T05:14:06.751+0000] {dagbag.py:537} INFO - Filling up the DagBag from /home/airflow/.local/lib/python3.7/site-packages/airflow/example_dags/example_branch_operator.py
[2024-09-21T05:14:06.759+0000] {processor.py:766} INFO - DAG(s) dict_keys(['example_branch_operator']) retrieved from /home/airflow/.local/lib/python3.7/site-packages/airflow/example_dags/example_branch_operator.py
[2024-09-21T05:14:06.781+0000] {logging_mixin.py:120} INFO - [2024-09-21T05:14:06.781+0000] {dag.py:2585} INFO - Sync 1 DAGs
[2024-09-21T05:14:06.796+0000] {logging_mixin.py:120} INFO - [2024-09-21T05:14:06.796+0000] {dag.py:3340} INFO - Setting next_dagrun for example_branch_operator to 2024-09-20T00:00:00+00:00, run_after=2024-09-21T00:00:00+00:00
[2024-09-21T05:14:06.805+0000] {processor.py:176} INFO - Processing /home/airflow/.local/lib/python3.7/site-packages/airflow/example_dags/example_branch_operator.py took 0.057 seconds
[2024-09-21T05:14:37.251+0000] {processor.py:154} INFO - Started process (PID=480) to work on /home/airflow/.local/lib/python3.7/site-packages/airflow/example_dags/example_branch_operator.py
[2024-09-21T05:14:37.251+0000] {processor.py:756} INFO - Processing file /home/airflow/.local/lib/python3.7/site-packages/airflow/example_dags/example_branch_operator.py for tasks to queue
[2024-09-21T05:14:37.251+0000] {logging_mixin.py:120} INFO - [2024-09-21T05:14:37.251+0000] {dagbag.py:537} INFO - Filling up the DagBag from /home/airflow/.local/lib/python3.7/site-packages/airflow/example_dags/example_branch_operator.py
[2024-09-21T05:14:37.259+0000] {processor.py:766} INFO - DAG(s) dict_keys(['example_branch_operator']) retrieved from /home/airflow/.local/lib/python3.7/site-packages/airflow/example_dags/example_branch_operator.py
[2024-09-21T05:14:37.280+0000] {logging_mixin.py:120} INFO - [2024-09-21T05:14:37.280+0000] {dag.py:2585} INFO - Sync 1 DAGs
[2024-09-21T05:14:37.292+0000] {logging_mixin.py:120} INFO - [2024-09-21T05:14:37.292+0000] {dag.py:3340} INFO - Setting next_dagrun for example_branch_operator to 2024-09-20T00:00:00+00:00, run_after=2024-09-21T00:00:00+00:00
[2024-09-21T05:14:37.299+0000] {processor.py:176} INFO - Processing /home/airflow/.local/lib/python3.7/site-packages/airflow/example_dags/example_branch_operator.py took 0.050 seconds
[2024-09-21T05:15:07.711+0000] {processor.py:154} INFO - Started process (PID=542) to work on /home/airflow/.local/lib/python3.7/site-packages/airflow/example_dags/example_branch_operator.py
[2024-09-21T05:15:07.711+0000] {processor.py:756} INFO - Processing file /home/airflow/.local/lib/python3.7/site-packages/airflow/example_dags/example_branch_operator.py for tasks to queue
[2024-09-21T05:15:07.711+0000] {logging_mixin.py:120} INFO - [2024-09-21T05:15:07.711+0000] {dagbag.py:537} INFO - Filling up the DagBag from /home/airflow/.local/lib/python3.7/site-packages/airflow/example_dags/example_branch_operator.py
[2024-09-21T05:15:07.719+0000] {processor.py:766} INFO - DAG(s) dict_keys(['example_branch_operator']) retrieved from /home/airflow/.local/lib/python3.7/site-packages/airflow/example_dags/example_branch_operator.py
[2024-09-21T05:15:07.740+0000] {logging_mixin.py:120} INFO - [2024-09-21T05:15:07.740+0000] {dag.py:2585} INFO - Sync 1 DAGs
[2024-09-21T05:15:07.752+0000] {logging_mixin.py:120} INFO - [2024-09-21T05:15:07.752+0000] {dag.py:3340} INFO - Setting next_dagrun for example_branch_operator to 2024-09-20T00:00:00+00:00, run_after=2024-09-21T00:00:00+00:00
[2024-09-21T05:15:07.761+0000] {processor.py:176} INFO - Processing /home/airflow/.local/lib/python3.7/site-packages/airflow/example_dags/example_branch_operator.py took 0.052 seconds
[2024-09-21T05:15:38.089+0000] {processor.py:154} INFO - Started process (PID=605) to work on /home/airflow/.local/lib/python3.7/site-packages/airflow/example_dags/example_branch_operator.py
[2024-09-21T05:15:38.089+0000] {processor.py:756} INFO - Processing file /home/airflow/.local/lib/python3.7/site-packages/airflow/example_dags/example_branch_operator.py for tasks to queue
[2024-09-21T05:15:38.089+0000] {logging_mixin.py:120} INFO - [2024-09-21T05:15:38.089+0000] {dagbag.py:537} INFO - Filling up the DagBag from /home/airflow/.local/lib/python3.7/site-packages/airflow/example_dags/example_branch_operator.py
[2024-09-21T05:15:38.098+0000] {processor.py:766} INFO - DAG(s) dict_keys(['example_branch_operator']) retrieved from /home/airflow/.local/lib/python3.7/site-packages/airflow/example_dags/example_branch_operator.py
[2024-09-21T05:15:38.118+0000] {logging_mixin.py:120} INFO - [2024-09-21T05:15:38.117+0000] {dag.py:2585} INFO - Sync 1 DAGs
[2024-09-21T05:15:38.131+0000] {logging_mixin.py:120} INFO - [2024-09-21T05:15:38.131+0000] {dag.py:3340} INFO - Setting next_dagrun for example_branch_operator to 2024-09-20T00:00:00+00:00, run_after=2024-09-21T00:00:00+00:00
[2024-09-21T05:15:38.141+0000] {processor.py:176} INFO - Processing /home/airflow/.local/lib/python3.7/site-packages/airflow/example_dags/example_branch_operator.py took 0.054 seconds
[2024-09-21T05:16:08.532+0000] {processor.py:154} INFO - Started process (PID=668) to work on /home/airflow/.local/lib/python3.7/site-packages/airflow/example_dags/example_branch_operator.py
[2024-09-21T05:16:08.533+0000] {processor.py:756} INFO - Processing file /home/airflow/.local/lib/python3.7/site-packages/airflow/example_dags/example_branch_operator.py for tasks to queue
[2024-09-21T05:16:08.533+0000] {logging_mixin.py:120} INFO - [2024-09-21T05:16:08.533+0000] {dagbag.py:537} INFO - Filling up the DagBag from /home/airflow/.local/lib/python3.7/site-packages/airflow/example_dags/example_branch_operator.py
[2024-09-21T05:16:08.541+0000] {processor.py:766} INFO - DAG(s) dict_keys(['example_branch_operator']) retrieved from /home/airflow/.local/lib/python3.7/site-packages/airflow/example_dags/example_branch_operator.py
[2024-09-21T05:16:08.561+0000] {logging_mixin.py:120} INFO - [2024-09-21T05:16:08.561+0000] {dag.py:2585} INFO - Sync 1 DAGs
[2024-09-21T05:16:08.575+0000] {logging_mixin.py:120} INFO - [2024-09-21T05:16:08.575+0000] {dag.py:3340} INFO - Setting next_dagrun for example_branch_operator to 2024-09-20T00:00:00+00:00, run_after=2024-09-21T00:00:00+00:00
[2024-09-21T05:16:08.584+0000] {processor.py:176} INFO - Processing /home/airflow/.local/lib/python3.7/site-packages/airflow/example_dags/example_branch_operator.py took 0.053 seconds
[2024-09-21T05:16:39.005+0000] {processor.py:154} INFO - Started process (PID=731) to work on /home/airflow/.local/lib/python3.7/site-packages/airflow/example_dags/example_branch_operator.py
[2024-09-21T05:16:39.005+0000] {processor.py:756} INFO - Processing file /home/airflow/.local/lib/python3.7/site-packages/airflow/example_dags/example_branch_operator.py for tasks to queue
[2024-09-21T05:16:39.006+0000] {logging_mixin.py:120} INFO - [2024-09-21T05:16:39.006+0000] {dagbag.py:537} INFO - Filling up the DagBag from /home/airflow/.local/lib/python3.7/site-packages/airflow/example_dags/example_branch_operator.py
[2024-09-21T05:16:39.014+0000] {processor.py:766} INFO - DAG(s) dict_keys(['example_branch_operator']) retrieved from /home/airflow/.local/lib/python3.7/site-packages/airflow/example_dags/example_branch_operator.py
[2024-09-21T05:16:39.033+0000] {logging_mixin.py:120} INFO - [2024-09-21T05:16:39.033+0000] {dag.py:2585} INFO - Sync 1 DAGs
[2024-09-21T05:16:39.045+0000] {logging_mixin.py:120} INFO - [2024-09-21T05:16:39.045+0000] {dag.py:3340} INFO - Setting next_dagrun for example_branch_operator to 2024-09-20T00:00:00+00:00, run_after=2024-09-21T00:00:00+00:00
[2024-09-21T05:16:39.052+0000] {processor.py:176} INFO - Processing /home/airflow/.local/lib/python3.7/site-packages/airflow/example_dags/example_branch_operator.py took 0.049 seconds
