[2024-09-21T05:11:03.954+0000] {processor.py:154} INFO - Started process (PID=63) to work on /home/airflow/.local/lib/python3.7/site-packages/airflow/example_dags/example_xcomargs.py
[2024-09-21T05:11:03.954+0000] {processor.py:756} INFO - Processing file /home/airflow/.local/lib/python3.7/site-packages/airflow/example_dags/example_xcomargs.py for tasks to queue
[2024-09-21T05:11:03.955+0000] {logging_mixin.py:120} INFO - [2024-09-21T05:11:03.954+0000] {dagbag.py:537} INFO - Filling up the DagBag from /home/airflow/.local/lib/python3.7/site-packages/airflow/example_dags/example_xcomargs.py
[2024-09-21T05:11:03.968+0000] {processor.py:766} INFO - DAG(s) dict_keys(['example_xcom_args', 'example_xcom_args_with_operators']) retrieved from /home/airflow/.local/lib/python3.7/site-packages/airflow/example_dags/example_xcomargs.py
[2024-09-21T05:11:03.984+0000] {logging_mixin.py:120} INFO - [2024-09-21T05:11:03.984+0000] {dag.py:2585} INFO - Sync 2 DAGs
[2024-09-21T05:11:04.003+0000] {logging_mixin.py:120} INFO - [2024-09-21T05:11:04.003+0000] {dag.py:3340} INFO - Setting next_dagrun for example_xcom_args to None, run_after=None
[2024-09-21T05:11:04.006+0000] {logging_mixin.py:120} INFO - [2024-09-21T05:11:04.005+0000] {dag.py:3340} INFO - Setting next_dagrun for example_xcom_args_with_operators to None, run_after=None
[2024-09-21T05:11:04.015+0000] {processor.py:176} INFO - Processing /home/airflow/.local/lib/python3.7/site-packages/airflow/example_dags/example_xcomargs.py took 0.063 seconds
[2024-09-21T05:11:34.599+0000] {processor.py:154} INFO - Started process (PID=126) to work on /home/airflow/.local/lib/python3.7/site-packages/airflow/example_dags/example_xcomargs.py
[2024-09-21T05:11:34.599+0000] {processor.py:756} INFO - Processing file /home/airflow/.local/lib/python3.7/site-packages/airflow/example_dags/example_xcomargs.py for tasks to queue
[2024-09-21T05:11:34.600+0000] {logging_mixin.py:120} INFO - [2024-09-21T05:11:34.600+0000] {dagbag.py:537} INFO - Filling up the DagBag from /home/airflow/.local/lib/python3.7/site-packages/airflow/example_dags/example_xcomargs.py
[2024-09-21T05:11:34.612+0000] {processor.py:766} INFO - DAG(s) dict_keys(['example_xcom_args', 'example_xcom_args_with_operators']) retrieved from /home/airflow/.local/lib/python3.7/site-packages/airflow/example_dags/example_xcomargs.py
[2024-09-21T05:11:34.631+0000] {logging_mixin.py:120} INFO - [2024-09-21T05:11:34.631+0000] {dag.py:2585} INFO - Sync 2 DAGs
[2024-09-21T05:11:34.642+0000] {logging_mixin.py:120} INFO - [2024-09-21T05:11:34.641+0000] {dag.py:3340} INFO - Setting next_dagrun for example_xcom_args to None, run_after=None
[2024-09-21T05:11:34.643+0000] {logging_mixin.py:120} INFO - [2024-09-21T05:11:34.643+0000] {dag.py:3340} INFO - Setting next_dagrun for example_xcom_args_with_operators to None, run_after=None
[2024-09-21T05:11:34.650+0000] {processor.py:176} INFO - Processing /home/airflow/.local/lib/python3.7/site-packages/airflow/example_dags/example_xcomargs.py took 0.052 seconds
[2024-09-21T05:12:05.112+0000] {processor.py:154} INFO - Started process (PID=190) to work on /home/airflow/.local/lib/python3.7/site-packages/airflow/example_dags/example_xcomargs.py
[2024-09-21T05:12:05.113+0000] {processor.py:756} INFO - Processing file /home/airflow/.local/lib/python3.7/site-packages/airflow/example_dags/example_xcomargs.py for tasks to queue
[2024-09-21T05:12:05.113+0000] {logging_mixin.py:120} INFO - [2024-09-21T05:12:05.113+0000] {dagbag.py:537} INFO - Filling up the DagBag from /home/airflow/.local/lib/python3.7/site-packages/airflow/example_dags/example_xcomargs.py
[2024-09-21T05:12:05.124+0000] {processor.py:766} INFO - DAG(s) dict_keys(['example_xcom_args_with_operators', 'example_xcom_args']) retrieved from /home/airflow/.local/lib/python3.7/site-packages/airflow/example_dags/example_xcomargs.py
[2024-09-21T05:12:05.144+0000] {logging_mixin.py:120} INFO - [2024-09-21T05:12:05.144+0000] {dag.py:2585} INFO - Sync 2 DAGs
[2024-09-21T05:12:05.155+0000] {logging_mixin.py:120} INFO - [2024-09-21T05:12:05.155+0000] {dag.py:3340} INFO - Setting next_dagrun for example_xcom_args to None, run_after=None
[2024-09-21T05:12:05.157+0000] {logging_mixin.py:120} INFO - [2024-09-21T05:12:05.157+0000] {dag.py:3340} INFO - Setting next_dagrun for example_xcom_args_with_operators to None, run_after=None
[2024-09-21T05:12:05.164+0000] {processor.py:176} INFO - Processing /home/airflow/.local/lib/python3.7/site-packages/airflow/example_dags/example_xcomargs.py took 0.053 seconds
[2024-09-21T05:12:35.841+0000] {processor.py:154} INFO - Started process (PID=253) to work on /home/airflow/.local/lib/python3.7/site-packages/airflow/example_dags/example_xcomargs.py
[2024-09-21T05:12:35.844+0000] {processor.py:756} INFO - Processing file /home/airflow/.local/lib/python3.7/site-packages/airflow/example_dags/example_xcomargs.py for tasks to queue
[2024-09-21T05:12:35.844+0000] {logging_mixin.py:120} INFO - [2024-09-21T05:12:35.844+0000] {dagbag.py:537} INFO - Filling up the DagBag from /home/airflow/.local/lib/python3.7/site-packages/airflow/example_dags/example_xcomargs.py
[2024-09-21T05:12:35.855+0000] {processor.py:766} INFO - DAG(s) dict_keys(['example_xcom_args', 'example_xcom_args_with_operators']) retrieved from /home/airflow/.local/lib/python3.7/site-packages/airflow/example_dags/example_xcomargs.py
[2024-09-21T05:12:35.874+0000] {logging_mixin.py:120} INFO - [2024-09-21T05:12:35.874+0000] {dag.py:2585} INFO - Sync 2 DAGs
[2024-09-21T05:12:35.885+0000] {logging_mixin.py:120} INFO - [2024-09-21T05:12:35.885+0000] {dag.py:3340} INFO - Setting next_dagrun for example_xcom_args to None, run_after=None
[2024-09-21T05:12:35.886+0000] {logging_mixin.py:120} INFO - [2024-09-21T05:12:35.886+0000] {dag.py:3340} INFO - Setting next_dagrun for example_xcom_args_with_operators to None, run_after=None
[2024-09-21T05:12:35.893+0000] {processor.py:176} INFO - Processing /home/airflow/.local/lib/python3.7/site-packages/airflow/example_dags/example_xcomargs.py took 0.054 seconds
[2024-09-21T05:13:06.364+0000] {processor.py:154} INFO - Started process (PID=316) to work on /home/airflow/.local/lib/python3.7/site-packages/airflow/example_dags/example_xcomargs.py
[2024-09-21T05:13:06.367+0000] {processor.py:756} INFO - Processing file /home/airflow/.local/lib/python3.7/site-packages/airflow/example_dags/example_xcomargs.py for tasks to queue
[2024-09-21T05:13:06.368+0000] {logging_mixin.py:120} INFO - [2024-09-21T05:13:06.368+0000] {dagbag.py:537} INFO - Filling up the DagBag from /home/airflow/.local/lib/python3.7/site-packages/airflow/example_dags/example_xcomargs.py
[2024-09-21T05:13:06.381+0000] {processor.py:766} INFO - DAG(s) dict_keys(['example_xcom_args', 'example_xcom_args_with_operators']) retrieved from /home/airflow/.local/lib/python3.7/site-packages/airflow/example_dags/example_xcomargs.py
[2024-09-21T05:13:06.405+0000] {logging_mixin.py:120} INFO - [2024-09-21T05:13:06.405+0000] {dag.py:2585} INFO - Sync 2 DAGs
[2024-09-21T05:13:06.419+0000] {logging_mixin.py:120} INFO - [2024-09-21T05:13:06.419+0000] {dag.py:3340} INFO - Setting next_dagrun for example_xcom_args to None, run_after=None
[2024-09-21T05:13:06.421+0000] {logging_mixin.py:120} INFO - [2024-09-21T05:13:06.421+0000] {dag.py:3340} INFO - Setting next_dagrun for example_xcom_args_with_operators to None, run_after=None
[2024-09-21T05:13:06.434+0000] {processor.py:176} INFO - Processing /home/airflow/.local/lib/python3.7/site-packages/airflow/example_dags/example_xcomargs.py took 0.072 seconds
[2024-09-21T05:13:36.867+0000] {processor.py:154} INFO - Started process (PID=379) to work on /home/airflow/.local/lib/python3.7/site-packages/airflow/example_dags/example_xcomargs.py
[2024-09-21T05:13:36.868+0000] {processor.py:756} INFO - Processing file /home/airflow/.local/lib/python3.7/site-packages/airflow/example_dags/example_xcomargs.py for tasks to queue
[2024-09-21T05:13:36.868+0000] {logging_mixin.py:120} INFO - [2024-09-21T05:13:36.868+0000] {dagbag.py:537} INFO - Filling up the DagBag from /home/airflow/.local/lib/python3.7/site-packages/airflow/example_dags/example_xcomargs.py
[2024-09-21T05:13:36.883+0000] {processor.py:766} INFO - DAG(s) dict_keys(['example_xcom_args_with_operators', 'example_xcom_args']) retrieved from /home/airflow/.local/lib/python3.7/site-packages/airflow/example_dags/example_xcomargs.py
[2024-09-21T05:13:36.906+0000] {logging_mixin.py:120} INFO - [2024-09-21T05:13:36.906+0000] {dag.py:2585} INFO - Sync 2 DAGs
[2024-09-21T05:13:36.921+0000] {logging_mixin.py:120} INFO - [2024-09-21T05:13:36.921+0000] {dag.py:3340} INFO - Setting next_dagrun for example_xcom_args to None, run_after=None
[2024-09-21T05:13:36.923+0000] {logging_mixin.py:120} INFO - [2024-09-21T05:13:36.923+0000] {dag.py:3340} INFO - Setting next_dagrun for example_xcom_args_with_operators to None, run_after=None
[2024-09-21T05:13:36.931+0000] {processor.py:176} INFO - Processing /home/airflow/.local/lib/python3.7/site-packages/airflow/example_dags/example_xcomargs.py took 0.066 seconds
[2024-09-21T05:14:07.339+0000] {processor.py:154} INFO - Started process (PID=433) to work on /home/airflow/.local/lib/python3.7/site-packages/airflow/example_dags/example_xcomargs.py
[2024-09-21T05:14:07.340+0000] {processor.py:756} INFO - Processing file /home/airflow/.local/lib/python3.7/site-packages/airflow/example_dags/example_xcomargs.py for tasks to queue
[2024-09-21T05:14:07.340+0000] {logging_mixin.py:120} INFO - [2024-09-21T05:14:07.340+0000] {dagbag.py:537} INFO - Filling up the DagBag from /home/airflow/.local/lib/python3.7/site-packages/airflow/example_dags/example_xcomargs.py
[2024-09-21T05:14:07.352+0000] {processor.py:766} INFO - DAG(s) dict_keys(['example_xcom_args', 'example_xcom_args_with_operators']) retrieved from /home/airflow/.local/lib/python3.7/site-packages/airflow/example_dags/example_xcomargs.py
[2024-09-21T05:14:07.374+0000] {logging_mixin.py:120} INFO - [2024-09-21T05:14:07.374+0000] {dag.py:2585} INFO - Sync 2 DAGs
[2024-09-21T05:14:07.385+0000] {logging_mixin.py:120} INFO - [2024-09-21T05:14:07.385+0000] {dag.py:3340} INFO - Setting next_dagrun for example_xcom_args to None, run_after=None
[2024-09-21T05:14:07.386+0000] {logging_mixin.py:120} INFO - [2024-09-21T05:14:07.386+0000] {dag.py:3340} INFO - Setting next_dagrun for example_xcom_args_with_operators to None, run_after=None
[2024-09-21T05:14:07.393+0000] {processor.py:176} INFO - Processing /home/airflow/.local/lib/python3.7/site-packages/airflow/example_dags/example_xcomargs.py took 0.056 seconds
[2024-09-21T05:14:37.846+0000] {processor.py:154} INFO - Started process (PID=496) to work on /home/airflow/.local/lib/python3.7/site-packages/airflow/example_dags/example_xcomargs.py
[2024-09-21T05:14:37.847+0000] {processor.py:756} INFO - Processing file /home/airflow/.local/lib/python3.7/site-packages/airflow/example_dags/example_xcomargs.py for tasks to queue
[2024-09-21T05:14:37.847+0000] {logging_mixin.py:120} INFO - [2024-09-21T05:14:37.847+0000] {dagbag.py:537} INFO - Filling up the DagBag from /home/airflow/.local/lib/python3.7/site-packages/airflow/example_dags/example_xcomargs.py
[2024-09-21T05:14:37.859+0000] {processor.py:766} INFO - DAG(s) dict_keys(['example_xcom_args', 'example_xcom_args_with_operators']) retrieved from /home/airflow/.local/lib/python3.7/site-packages/airflow/example_dags/example_xcomargs.py
[2024-09-21T05:14:37.879+0000] {logging_mixin.py:120} INFO - [2024-09-21T05:14:37.878+0000] {dag.py:2585} INFO - Sync 2 DAGs
[2024-09-21T05:14:37.889+0000] {logging_mixin.py:120} INFO - [2024-09-21T05:14:37.889+0000] {dag.py:3340} INFO - Setting next_dagrun for example_xcom_args to None, run_after=None
[2024-09-21T05:14:37.890+0000] {logging_mixin.py:120} INFO - [2024-09-21T05:14:37.890+0000] {dag.py:3340} INFO - Setting next_dagrun for example_xcom_args_with_operators to None, run_after=None
[2024-09-21T05:14:37.897+0000] {processor.py:176} INFO - Processing /home/airflow/.local/lib/python3.7/site-packages/airflow/example_dags/example_xcomargs.py took 0.052 seconds
[2024-09-21T05:15:08.259+0000] {processor.py:154} INFO - Started process (PID=558) to work on /home/airflow/.local/lib/python3.7/site-packages/airflow/example_dags/example_xcomargs.py
[2024-09-21T05:15:08.260+0000] {processor.py:756} INFO - Processing file /home/airflow/.local/lib/python3.7/site-packages/airflow/example_dags/example_xcomargs.py for tasks to queue
[2024-09-21T05:15:08.260+0000] {logging_mixin.py:120} INFO - [2024-09-21T05:15:08.260+0000] {dagbag.py:537} INFO - Filling up the DagBag from /home/airflow/.local/lib/python3.7/site-packages/airflow/example_dags/example_xcomargs.py
[2024-09-21T05:15:08.271+0000] {processor.py:766} INFO - DAG(s) dict_keys(['example_xcom_args', 'example_xcom_args_with_operators']) retrieved from /home/airflow/.local/lib/python3.7/site-packages/airflow/example_dags/example_xcomargs.py
[2024-09-21T05:15:08.290+0000] {logging_mixin.py:120} INFO - [2024-09-21T05:15:08.290+0000] {dag.py:2585} INFO - Sync 2 DAGs
[2024-09-21T05:15:08.301+0000] {logging_mixin.py:120} INFO - [2024-09-21T05:15:08.301+0000] {dag.py:3340} INFO - Setting next_dagrun for example_xcom_args to None, run_after=None
[2024-09-21T05:15:08.303+0000] {logging_mixin.py:120} INFO - [2024-09-21T05:15:08.303+0000] {dag.py:3340} INFO - Setting next_dagrun for example_xcom_args_with_operators to None, run_after=None
[2024-09-21T05:15:08.310+0000] {processor.py:176} INFO - Processing /home/airflow/.local/lib/python3.7/site-packages/airflow/example_dags/example_xcomargs.py took 0.052 seconds
[2024-09-21T05:15:38.659+0000] {processor.py:154} INFO - Started process (PID=621) to work on /home/airflow/.local/lib/python3.7/site-packages/airflow/example_dags/example_xcomargs.py
[2024-09-21T05:15:38.659+0000] {processor.py:756} INFO - Processing file /home/airflow/.local/lib/python3.7/site-packages/airflow/example_dags/example_xcomargs.py for tasks to queue
[2024-09-21T05:15:38.659+0000] {logging_mixin.py:120} INFO - [2024-09-21T05:15:38.659+0000] {dagbag.py:537} INFO - Filling up the DagBag from /home/airflow/.local/lib/python3.7/site-packages/airflow/example_dags/example_xcomargs.py
[2024-09-21T05:15:38.670+0000] {processor.py:766} INFO - DAG(s) dict_keys(['example_xcom_args', 'example_xcom_args_with_operators']) retrieved from /home/airflow/.local/lib/python3.7/site-packages/airflow/example_dags/example_xcomargs.py
[2024-09-21T05:15:38.690+0000] {logging_mixin.py:120} INFO - [2024-09-21T05:15:38.690+0000] {dag.py:2585} INFO - Sync 2 DAGs
[2024-09-21T05:15:38.702+0000] {logging_mixin.py:120} INFO - [2024-09-21T05:15:38.702+0000] {dag.py:3340} INFO - Setting next_dagrun for example_xcom_args to None, run_after=None
[2024-09-21T05:15:38.706+0000] {logging_mixin.py:120} INFO - [2024-09-21T05:15:38.706+0000] {dag.py:3340} INFO - Setting next_dagrun for example_xcom_args_with_operators to None, run_after=None
[2024-09-21T05:15:38.713+0000] {processor.py:176} INFO - Processing /home/airflow/.local/lib/python3.7/site-packages/airflow/example_dags/example_xcomargs.py took 0.056 seconds
[2024-09-21T05:16:09.075+0000] {processor.py:154} INFO - Started process (PID=684) to work on /home/airflow/.local/lib/python3.7/site-packages/airflow/example_dags/example_xcomargs.py
[2024-09-21T05:16:09.076+0000] {processor.py:756} INFO - Processing file /home/airflow/.local/lib/python3.7/site-packages/airflow/example_dags/example_xcomargs.py for tasks to queue
[2024-09-21T05:16:09.076+0000] {logging_mixin.py:120} INFO - [2024-09-21T05:16:09.076+0000] {dagbag.py:537} INFO - Filling up the DagBag from /home/airflow/.local/lib/python3.7/site-packages/airflow/example_dags/example_xcomargs.py
[2024-09-21T05:16:09.087+0000] {processor.py:766} INFO - DAG(s) dict_keys(['example_xcom_args_with_operators', 'example_xcom_args']) retrieved from /home/airflow/.local/lib/python3.7/site-packages/airflow/example_dags/example_xcomargs.py
[2024-09-21T05:16:09.107+0000] {logging_mixin.py:120} INFO - [2024-09-21T05:16:09.107+0000] {dag.py:2585} INFO - Sync 2 DAGs
[2024-09-21T05:16:09.117+0000] {logging_mixin.py:120} INFO - [2024-09-21T05:16:09.117+0000] {dag.py:3340} INFO - Setting next_dagrun for example_xcom_args to None, run_after=None
[2024-09-21T05:16:09.118+0000] {logging_mixin.py:120} INFO - [2024-09-21T05:16:09.118+0000] {dag.py:3340} INFO - Setting next_dagrun for example_xcom_args_with_operators to None, run_after=None
[2024-09-21T05:16:09.125+0000] {processor.py:176} INFO - Processing /home/airflow/.local/lib/python3.7/site-packages/airflow/example_dags/example_xcomargs.py took 0.052 seconds
[2024-09-21T05:16:39.543+0000] {processor.py:154} INFO - Started process (PID=747) to work on /home/airflow/.local/lib/python3.7/site-packages/airflow/example_dags/example_xcomargs.py
[2024-09-21T05:16:39.543+0000] {processor.py:756} INFO - Processing file /home/airflow/.local/lib/python3.7/site-packages/airflow/example_dags/example_xcomargs.py for tasks to queue
[2024-09-21T05:16:39.544+0000] {logging_mixin.py:120} INFO - [2024-09-21T05:16:39.544+0000] {dagbag.py:537} INFO - Filling up the DagBag from /home/airflow/.local/lib/python3.7/site-packages/airflow/example_dags/example_xcomargs.py
[2024-09-21T05:16:39.555+0000] {processor.py:766} INFO - DAG(s) dict_keys(['example_xcom_args', 'example_xcom_args_with_operators']) retrieved from /home/airflow/.local/lib/python3.7/site-packages/airflow/example_dags/example_xcomargs.py
[2024-09-21T05:16:39.575+0000] {logging_mixin.py:120} INFO - [2024-09-21T05:16:39.575+0000] {dag.py:2585} INFO - Sync 2 DAGs
[2024-09-21T05:16:39.585+0000] {logging_mixin.py:120} INFO - [2024-09-21T05:16:39.585+0000] {dag.py:3340} INFO - Setting next_dagrun for example_xcom_args to None, run_after=None
[2024-09-21T05:16:39.586+0000] {logging_mixin.py:120} INFO - [2024-09-21T05:16:39.586+0000] {dag.py:3340} INFO - Setting next_dagrun for example_xcom_args_with_operators to None, run_after=None
[2024-09-21T05:16:39.593+0000] {processor.py:176} INFO - Processing /home/airflow/.local/lib/python3.7/site-packages/airflow/example_dags/example_xcomargs.py took 0.052 seconds
