[2024-09-21T05:11:03.865+0000] {processor.py:154} INFO - Started process (PID=61) to work on /home/airflow/.local/lib/python3.7/site-packages/airflow/example_dags/example_branch_datetime_operator.py
[2024-09-21T05:11:03.866+0000] {processor.py:756} INFO - Processing file /home/airflow/.local/lib/python3.7/site-packages/airflow/example_dags/example_branch_datetime_operator.py for tasks to queue
[2024-09-21T05:11:03.867+0000] {logging_mixin.py:120} INFO - [2024-09-21T05:11:03.867+0000] {dagbag.py:537} INFO - Filling up the DagBag from /home/airflow/.local/lib/python3.7/site-packages/airflow/example_dags/example_branch_datetime_operator.py
[2024-09-21T05:11:03.877+0000] {processor.py:766} INFO - DAG(s) dict_keys(['example_branch_datetime_operator', 'example_branch_datetime_operator_3', 'example_branch_datetime_operator_2']) retrieved from /home/airflow/.local/lib/python3.7/site-packages/airflow/example_dags/example_branch_datetime_operator.py
[2024-09-21T05:11:03.907+0000] {logging_mixin.py:120} INFO - [2024-09-21T05:11:03.907+0000] {dag.py:2585} INFO - Sync 3 DAGs
[2024-09-21T05:11:03.923+0000] {logging_mixin.py:120} INFO - [2024-09-21T05:11:03.923+0000] {dag.py:3340} INFO - Setting next_dagrun for example_branch_datetime_operator to 2024-09-20T00:00:00+00:00, run_after=2024-09-21T00:00:00+00:00
[2024-09-21T05:11:03.925+0000] {logging_mixin.py:120} INFO - [2024-09-21T05:11:03.925+0000] {dag.py:3340} INFO - Setting next_dagrun for example_branch_datetime_operator_2 to 2024-09-20T00:00:00+00:00, run_after=2024-09-21T00:00:00+00:00
[2024-09-21T05:11:03.927+0000] {logging_mixin.py:120} INFO - [2024-09-21T05:11:03.927+0000] {dag.py:3340} INFO - Setting next_dagrun for example_branch_datetime_operator_3 to 2024-09-20T00:00:00+00:00, run_after=2024-09-21T00:00:00+00:00
[2024-09-21T05:11:03.937+0000] {processor.py:176} INFO - Processing /home/airflow/.local/lib/python3.7/site-packages/airflow/example_dags/example_branch_datetime_operator.py took 0.073 seconds
[2024-09-21T05:11:34.533+0000] {processor.py:154} INFO - Started process (PID=124) to work on /home/airflow/.local/lib/python3.7/site-packages/airflow/example_dags/example_branch_datetime_operator.py
[2024-09-21T05:11:34.534+0000] {processor.py:756} INFO - Processing file /home/airflow/.local/lib/python3.7/site-packages/airflow/example_dags/example_branch_datetime_operator.py for tasks to queue
[2024-09-21T05:11:34.535+0000] {logging_mixin.py:120} INFO - [2024-09-21T05:11:34.535+0000] {dagbag.py:537} INFO - Filling up the DagBag from /home/airflow/.local/lib/python3.7/site-packages/airflow/example_dags/example_branch_datetime_operator.py
[2024-09-21T05:11:34.545+0000] {processor.py:766} INFO - DAG(s) dict_keys(['example_branch_datetime_operator_2', 'example_branch_datetime_operator', 'example_branch_datetime_operator_3']) retrieved from /home/airflow/.local/lib/python3.7/site-packages/airflow/example_dags/example_branch_datetime_operator.py
[2024-09-21T05:11:34.567+0000] {logging_mixin.py:120} INFO - [2024-09-21T05:11:34.567+0000] {dag.py:2585} INFO - Sync 3 DAGs
[2024-09-21T05:11:34.579+0000] {logging_mixin.py:120} INFO - [2024-09-21T05:11:34.579+0000] {dag.py:3340} INFO - Setting next_dagrun for example_branch_datetime_operator to 2024-09-20T00:00:00+00:00, run_after=2024-09-21T00:00:00+00:00
[2024-09-21T05:11:34.582+0000] {logging_mixin.py:120} INFO - [2024-09-21T05:11:34.582+0000] {dag.py:3340} INFO - Setting next_dagrun for example_branch_datetime_operator_2 to 2024-09-20T00:00:00+00:00, run_after=2024-09-21T00:00:00+00:00
[2024-09-21T05:11:34.583+0000] {logging_mixin.py:120} INFO - [2024-09-21T05:11:34.583+0000] {dag.py:3340} INFO - Setting next_dagrun for example_branch_datetime_operator_3 to 2024-09-20T00:00:00+00:00, run_after=2024-09-21T00:00:00+00:00
[2024-09-21T05:11:34.590+0000] {processor.py:176} INFO - Processing /home/airflow/.local/lib/python3.7/site-packages/airflow/example_dags/example_branch_datetime_operator.py took 0.058 seconds
[2024-09-21T05:12:05.044+0000] {processor.py:154} INFO - Started process (PID=188) to work on /home/airflow/.local/lib/python3.7/site-packages/airflow/example_dags/example_branch_datetime_operator.py
[2024-09-21T05:12:05.045+0000] {processor.py:756} INFO - Processing file /home/airflow/.local/lib/python3.7/site-packages/airflow/example_dags/example_branch_datetime_operator.py for tasks to queue
[2024-09-21T05:12:05.045+0000] {logging_mixin.py:120} INFO - [2024-09-21T05:12:05.045+0000] {dagbag.py:537} INFO - Filling up the DagBag from /home/airflow/.local/lib/python3.7/site-packages/airflow/example_dags/example_branch_datetime_operator.py
[2024-09-21T05:12:05.053+0000] {processor.py:766} INFO - DAG(s) dict_keys(['example_branch_datetime_operator', 'example_branch_datetime_operator_3', 'example_branch_datetime_operator_2']) retrieved from /home/airflow/.local/lib/python3.7/site-packages/airflow/example_dags/example_branch_datetime_operator.py
[2024-09-21T05:12:05.077+0000] {logging_mixin.py:120} INFO - [2024-09-21T05:12:05.077+0000] {dag.py:2585} INFO - Sync 3 DAGs
[2024-09-21T05:12:05.090+0000] {logging_mixin.py:120} INFO - [2024-09-21T05:12:05.090+0000] {dag.py:3340} INFO - Setting next_dagrun for example_branch_datetime_operator to 2024-09-20T00:00:00+00:00, run_after=2024-09-21T00:00:00+00:00
[2024-09-21T05:12:05.093+0000] {logging_mixin.py:120} INFO - [2024-09-21T05:12:05.093+0000] {dag.py:3340} INFO - Setting next_dagrun for example_branch_datetime_operator_2 to 2024-09-20T00:00:00+00:00, run_after=2024-09-21T00:00:00+00:00
[2024-09-21T05:12:05.095+0000] {logging_mixin.py:120} INFO - [2024-09-21T05:12:05.095+0000] {dag.py:3340} INFO - Setting next_dagrun for example_branch_datetime_operator_3 to 2024-09-20T00:00:00+00:00, run_after=2024-09-21T00:00:00+00:00
[2024-09-21T05:12:05.103+0000] {processor.py:176} INFO - Processing /home/airflow/.local/lib/python3.7/site-packages/airflow/example_dags/example_branch_datetime_operator.py took 0.060 seconds
[2024-09-21T05:12:35.774+0000] {processor.py:154} INFO - Started process (PID=251) to work on /home/airflow/.local/lib/python3.7/site-packages/airflow/example_dags/example_branch_datetime_operator.py
[2024-09-21T05:12:35.774+0000] {processor.py:756} INFO - Processing file /home/airflow/.local/lib/python3.7/site-packages/airflow/example_dags/example_branch_datetime_operator.py for tasks to queue
[2024-09-21T05:12:35.775+0000] {logging_mixin.py:120} INFO - [2024-09-21T05:12:35.775+0000] {dagbag.py:537} INFO - Filling up the DagBag from /home/airflow/.local/lib/python3.7/site-packages/airflow/example_dags/example_branch_datetime_operator.py
[2024-09-21T05:12:35.783+0000] {processor.py:766} INFO - DAG(s) dict_keys(['example_branch_datetime_operator_3', 'example_branch_datetime_operator_2', 'example_branch_datetime_operator']) retrieved from /home/airflow/.local/lib/python3.7/site-packages/airflow/example_dags/example_branch_datetime_operator.py
[2024-09-21T05:12:35.804+0000] {logging_mixin.py:120} INFO - [2024-09-21T05:12:35.804+0000] {dag.py:2585} INFO - Sync 3 DAGs
[2024-09-21T05:12:35.816+0000] {logging_mixin.py:120} INFO - [2024-09-21T05:12:35.816+0000] {dag.py:3340} INFO - Setting next_dagrun for example_branch_datetime_operator to 2024-09-20T00:00:00+00:00, run_after=2024-09-21T00:00:00+00:00
[2024-09-21T05:12:35.820+0000] {logging_mixin.py:120} INFO - [2024-09-21T05:12:35.820+0000] {dag.py:3340} INFO - Setting next_dagrun for example_branch_datetime_operator_2 to 2024-09-20T00:00:00+00:00, run_after=2024-09-21T00:00:00+00:00
[2024-09-21T05:12:35.825+0000] {logging_mixin.py:120} INFO - [2024-09-21T05:12:35.825+0000] {dag.py:3340} INFO - Setting next_dagrun for example_branch_datetime_operator_3 to 2024-09-20T00:00:00+00:00, run_after=2024-09-21T00:00:00+00:00
[2024-09-21T05:12:35.832+0000] {processor.py:176} INFO - Processing /home/airflow/.local/lib/python3.7/site-packages/airflow/example_dags/example_branch_datetime_operator.py took 0.059 seconds
[2024-09-21T05:13:06.282+0000] {processor.py:154} INFO - Started process (PID=314) to work on /home/airflow/.local/lib/python3.7/site-packages/airflow/example_dags/example_branch_datetime_operator.py
[2024-09-21T05:13:06.282+0000] {processor.py:756} INFO - Processing file /home/airflow/.local/lib/python3.7/site-packages/airflow/example_dags/example_branch_datetime_operator.py for tasks to queue
[2024-09-21T05:13:06.283+0000] {logging_mixin.py:120} INFO - [2024-09-21T05:13:06.283+0000] {dagbag.py:537} INFO - Filling up the DagBag from /home/airflow/.local/lib/python3.7/site-packages/airflow/example_dags/example_branch_datetime_operator.py
[2024-09-21T05:13:06.293+0000] {processor.py:766} INFO - DAG(s) dict_keys(['example_branch_datetime_operator', 'example_branch_datetime_operator_2', 'example_branch_datetime_operator_3']) retrieved from /home/airflow/.local/lib/python3.7/site-packages/airflow/example_dags/example_branch_datetime_operator.py
[2024-09-21T05:13:06.319+0000] {logging_mixin.py:120} INFO - [2024-09-21T05:13:06.319+0000] {dag.py:2585} INFO - Sync 3 DAGs
[2024-09-21T05:13:06.335+0000] {logging_mixin.py:120} INFO - [2024-09-21T05:13:06.334+0000] {dag.py:3340} INFO - Setting next_dagrun for example_branch_datetime_operator to 2024-09-20T00:00:00+00:00, run_after=2024-09-21T00:00:00+00:00
[2024-09-21T05:13:06.337+0000] {logging_mixin.py:120} INFO - [2024-09-21T05:13:06.337+0000] {dag.py:3340} INFO - Setting next_dagrun for example_branch_datetime_operator_2 to 2024-09-20T00:00:00+00:00, run_after=2024-09-21T00:00:00+00:00
[2024-09-21T05:13:06.340+0000] {logging_mixin.py:120} INFO - [2024-09-21T05:13:06.340+0000] {dag.py:3340} INFO - Setting next_dagrun for example_branch_datetime_operator_3 to 2024-09-20T00:00:00+00:00, run_after=2024-09-21T00:00:00+00:00
[2024-09-21T05:13:06.349+0000] {processor.py:176} INFO - Processing /home/airflow/.local/lib/python3.7/site-packages/airflow/example_dags/example_branch_datetime_operator.py took 0.069 seconds
[2024-09-21T05:13:36.792+0000] {processor.py:154} INFO - Started process (PID=377) to work on /home/airflow/.local/lib/python3.7/site-packages/airflow/example_dags/example_branch_datetime_operator.py
[2024-09-21T05:13:36.793+0000] {processor.py:756} INFO - Processing file /home/airflow/.local/lib/python3.7/site-packages/airflow/example_dags/example_branch_datetime_operator.py for tasks to queue
[2024-09-21T05:13:36.793+0000] {logging_mixin.py:120} INFO - [2024-09-21T05:13:36.793+0000] {dagbag.py:537} INFO - Filling up the DagBag from /home/airflow/.local/lib/python3.7/site-packages/airflow/example_dags/example_branch_datetime_operator.py
[2024-09-21T05:13:36.803+0000] {processor.py:766} INFO - DAG(s) dict_keys(['example_branch_datetime_operator_3', 'example_branch_datetime_operator', 'example_branch_datetime_operator_2']) retrieved from /home/airflow/.local/lib/python3.7/site-packages/airflow/example_dags/example_branch_datetime_operator.py
[2024-09-21T05:13:36.827+0000] {logging_mixin.py:120} INFO - [2024-09-21T05:13:36.827+0000] {dag.py:2585} INFO - Sync 3 DAGs
[2024-09-21T05:13:36.841+0000] {logging_mixin.py:120} INFO - [2024-09-21T05:13:36.841+0000] {dag.py:3340} INFO - Setting next_dagrun for example_branch_datetime_operator to 2024-09-20T00:00:00+00:00, run_after=2024-09-21T00:00:00+00:00
[2024-09-21T05:13:36.844+0000] {logging_mixin.py:120} INFO - [2024-09-21T05:13:36.844+0000] {dag.py:3340} INFO - Setting next_dagrun for example_branch_datetime_operator_2 to 2024-09-20T00:00:00+00:00, run_after=2024-09-21T00:00:00+00:00
[2024-09-21T05:13:36.845+0000] {logging_mixin.py:120} INFO - [2024-09-21T05:13:36.845+0000] {dag.py:3340} INFO - Setting next_dagrun for example_branch_datetime_operator_3 to 2024-09-20T00:00:00+00:00, run_after=2024-09-21T00:00:00+00:00
[2024-09-21T05:13:36.853+0000] {processor.py:176} INFO - Processing /home/airflow/.local/lib/python3.7/site-packages/airflow/example_dags/example_branch_datetime_operator.py took 0.063 seconds
[2024-09-21T05:14:07.277+0000] {processor.py:154} INFO - Started process (PID=431) to work on /home/airflow/.local/lib/python3.7/site-packages/airflow/example_dags/example_branch_datetime_operator.py
[2024-09-21T05:14:07.278+0000] {processor.py:756} INFO - Processing file /home/airflow/.local/lib/python3.7/site-packages/airflow/example_dags/example_branch_datetime_operator.py for tasks to queue
[2024-09-21T05:14:07.278+0000] {logging_mixin.py:120} INFO - [2024-09-21T05:14:07.278+0000] {dagbag.py:537} INFO - Filling up the DagBag from /home/airflow/.local/lib/python3.7/site-packages/airflow/example_dags/example_branch_datetime_operator.py
[2024-09-21T05:14:07.286+0000] {processor.py:766} INFO - DAG(s) dict_keys(['example_branch_datetime_operator_2', 'example_branch_datetime_operator_3', 'example_branch_datetime_operator']) retrieved from /home/airflow/.local/lib/python3.7/site-packages/airflow/example_dags/example_branch_datetime_operator.py
[2024-09-21T05:14:07.306+0000] {logging_mixin.py:120} INFO - [2024-09-21T05:14:07.306+0000] {dag.py:2585} INFO - Sync 3 DAGs
[2024-09-21T05:14:07.318+0000] {logging_mixin.py:120} INFO - [2024-09-21T05:14:07.318+0000] {dag.py:3340} INFO - Setting next_dagrun for example_branch_datetime_operator to 2024-09-20T00:00:00+00:00, run_after=2024-09-21T00:00:00+00:00
[2024-09-21T05:14:07.320+0000] {logging_mixin.py:120} INFO - [2024-09-21T05:14:07.320+0000] {dag.py:3340} INFO - Setting next_dagrun for example_branch_datetime_operator_2 to 2024-09-20T00:00:00+00:00, run_after=2024-09-21T00:00:00+00:00
[2024-09-21T05:14:07.322+0000] {logging_mixin.py:120} INFO - [2024-09-21T05:14:07.322+0000] {dag.py:3340} INFO - Setting next_dagrun for example_branch_datetime_operator_3 to 2024-09-20T00:00:00+00:00, run_after=2024-09-21T00:00:00+00:00
[2024-09-21T05:14:07.328+0000] {processor.py:176} INFO - Processing /home/airflow/.local/lib/python3.7/site-packages/airflow/example_dags/example_branch_datetime_operator.py took 0.053 seconds
[2024-09-21T05:14:37.785+0000] {processor.py:154} INFO - Started process (PID=494) to work on /home/airflow/.local/lib/python3.7/site-packages/airflow/example_dags/example_branch_datetime_operator.py
[2024-09-21T05:14:37.786+0000] {processor.py:756} INFO - Processing file /home/airflow/.local/lib/python3.7/site-packages/airflow/example_dags/example_branch_datetime_operator.py for tasks to queue
[2024-09-21T05:14:37.786+0000] {logging_mixin.py:120} INFO - [2024-09-21T05:14:37.786+0000] {dagbag.py:537} INFO - Filling up the DagBag from /home/airflow/.local/lib/python3.7/site-packages/airflow/example_dags/example_branch_datetime_operator.py
[2024-09-21T05:14:37.795+0000] {processor.py:766} INFO - DAG(s) dict_keys(['example_branch_datetime_operator_3', 'example_branch_datetime_operator', 'example_branch_datetime_operator_2']) retrieved from /home/airflow/.local/lib/python3.7/site-packages/airflow/example_dags/example_branch_datetime_operator.py
[2024-09-21T05:14:37.816+0000] {logging_mixin.py:120} INFO - [2024-09-21T05:14:37.816+0000] {dag.py:2585} INFO - Sync 3 DAGs
[2024-09-21T05:14:37.827+0000] {logging_mixin.py:120} INFO - [2024-09-21T05:14:37.827+0000] {dag.py:3340} INFO - Setting next_dagrun for example_branch_datetime_operator to 2024-09-20T00:00:00+00:00, run_after=2024-09-21T00:00:00+00:00
[2024-09-21T05:14:37.829+0000] {logging_mixin.py:120} INFO - [2024-09-21T05:14:37.829+0000] {dag.py:3340} INFO - Setting next_dagrun for example_branch_datetime_operator_2 to 2024-09-20T00:00:00+00:00, run_after=2024-09-21T00:00:00+00:00
[2024-09-21T05:14:37.830+0000] {logging_mixin.py:120} INFO - [2024-09-21T05:14:37.830+0000] {dag.py:3340} INFO - Setting next_dagrun for example_branch_datetime_operator_3 to 2024-09-20T00:00:00+00:00, run_after=2024-09-21T00:00:00+00:00
[2024-09-21T05:14:37.837+0000] {processor.py:176} INFO - Processing /home/airflow/.local/lib/python3.7/site-packages/airflow/example_dags/example_branch_datetime_operator.py took 0.053 seconds
[2024-09-21T05:15:08.191+0000] {processor.py:154} INFO - Started process (PID=556) to work on /home/airflow/.local/lib/python3.7/site-packages/airflow/example_dags/example_branch_datetime_operator.py
[2024-09-21T05:15:08.192+0000] {processor.py:756} INFO - Processing file /home/airflow/.local/lib/python3.7/site-packages/airflow/example_dags/example_branch_datetime_operator.py for tasks to queue
[2024-09-21T05:15:08.193+0000] {logging_mixin.py:120} INFO - [2024-09-21T05:15:08.193+0000] {dagbag.py:537} INFO - Filling up the DagBag from /home/airflow/.local/lib/python3.7/site-packages/airflow/example_dags/example_branch_datetime_operator.py
[2024-09-21T05:15:08.201+0000] {processor.py:766} INFO - DAG(s) dict_keys(['example_branch_datetime_operator_3', 'example_branch_datetime_operator', 'example_branch_datetime_operator_2']) retrieved from /home/airflow/.local/lib/python3.7/site-packages/airflow/example_dags/example_branch_datetime_operator.py
[2024-09-21T05:15:08.222+0000] {logging_mixin.py:120} INFO - [2024-09-21T05:15:08.222+0000] {dag.py:2585} INFO - Sync 3 DAGs
[2024-09-21T05:15:08.234+0000] {logging_mixin.py:120} INFO - [2024-09-21T05:15:08.234+0000] {dag.py:3340} INFO - Setting next_dagrun for example_branch_datetime_operator to 2024-09-20T00:00:00+00:00, run_after=2024-09-21T00:00:00+00:00
[2024-09-21T05:15:08.238+0000] {logging_mixin.py:120} INFO - [2024-09-21T05:15:08.238+0000] {dag.py:3340} INFO - Setting next_dagrun for example_branch_datetime_operator_2 to 2024-09-20T00:00:00+00:00, run_after=2024-09-21T00:00:00+00:00
[2024-09-21T05:15:08.240+0000] {logging_mixin.py:120} INFO - [2024-09-21T05:15:08.240+0000] {dag.py:3340} INFO - Setting next_dagrun for example_branch_datetime_operator_3 to 2024-09-20T00:00:00+00:00, run_after=2024-09-21T00:00:00+00:00
[2024-09-21T05:15:08.248+0000] {processor.py:176} INFO - Processing /home/airflow/.local/lib/python3.7/site-packages/airflow/example_dags/example_branch_datetime_operator.py took 0.058 seconds
[2024-09-21T05:15:38.595+0000] {processor.py:154} INFO - Started process (PID=619) to work on /home/airflow/.local/lib/python3.7/site-packages/airflow/example_dags/example_branch_datetime_operator.py
[2024-09-21T05:15:38.596+0000] {processor.py:756} INFO - Processing file /home/airflow/.local/lib/python3.7/site-packages/airflow/example_dags/example_branch_datetime_operator.py for tasks to queue
[2024-09-21T05:15:38.596+0000] {logging_mixin.py:120} INFO - [2024-09-21T05:15:38.596+0000] {dagbag.py:537} INFO - Filling up the DagBag from /home/airflow/.local/lib/python3.7/site-packages/airflow/example_dags/example_branch_datetime_operator.py
[2024-09-21T05:15:38.604+0000] {processor.py:766} INFO - DAG(s) dict_keys(['example_branch_datetime_operator_3', 'example_branch_datetime_operator_2', 'example_branch_datetime_operator']) retrieved from /home/airflow/.local/lib/python3.7/site-packages/airflow/example_dags/example_branch_datetime_operator.py
[2024-09-21T05:15:38.624+0000] {logging_mixin.py:120} INFO - [2024-09-21T05:15:38.624+0000] {dag.py:2585} INFO - Sync 3 DAGs
[2024-09-21T05:15:38.636+0000] {logging_mixin.py:120} INFO - [2024-09-21T05:15:38.636+0000] {dag.py:3340} INFO - Setting next_dagrun for example_branch_datetime_operator to 2024-09-20T00:00:00+00:00, run_after=2024-09-21T00:00:00+00:00
[2024-09-21T05:15:38.638+0000] {logging_mixin.py:120} INFO - [2024-09-21T05:15:38.638+0000] {dag.py:3340} INFO - Setting next_dagrun for example_branch_datetime_operator_2 to 2024-09-20T00:00:00+00:00, run_after=2024-09-21T00:00:00+00:00
[2024-09-21T05:15:38.639+0000] {logging_mixin.py:120} INFO - [2024-09-21T05:15:38.639+0000] {dag.py:3340} INFO - Setting next_dagrun for example_branch_datetime_operator_3 to 2024-09-20T00:00:00+00:00, run_after=2024-09-21T00:00:00+00:00
[2024-09-21T05:15:38.647+0000] {processor.py:176} INFO - Processing /home/airflow/.local/lib/python3.7/site-packages/airflow/example_dags/example_branch_datetime_operator.py took 0.053 seconds
[2024-09-21T05:16:09.013+0000] {processor.py:154} INFO - Started process (PID=682) to work on /home/airflow/.local/lib/python3.7/site-packages/airflow/example_dags/example_branch_datetime_operator.py
[2024-09-21T05:16:09.013+0000] {processor.py:756} INFO - Processing file /home/airflow/.local/lib/python3.7/site-packages/airflow/example_dags/example_branch_datetime_operator.py for tasks to queue
[2024-09-21T05:16:09.014+0000] {logging_mixin.py:120} INFO - [2024-09-21T05:16:09.014+0000] {dagbag.py:537} INFO - Filling up the DagBag from /home/airflow/.local/lib/python3.7/site-packages/airflow/example_dags/example_branch_datetime_operator.py
[2024-09-21T05:16:09.023+0000] {processor.py:766} INFO - DAG(s) dict_keys(['example_branch_datetime_operator_2', 'example_branch_datetime_operator_3', 'example_branch_datetime_operator']) retrieved from /home/airflow/.local/lib/python3.7/site-packages/airflow/example_dags/example_branch_datetime_operator.py
[2024-09-21T05:16:09.045+0000] {logging_mixin.py:120} INFO - [2024-09-21T05:16:09.045+0000] {dag.py:2585} INFO - Sync 3 DAGs
[2024-09-21T05:16:09.057+0000] {logging_mixin.py:120} INFO - [2024-09-21T05:16:09.057+0000] {dag.py:3340} INFO - Setting next_dagrun for example_branch_datetime_operator to 2024-09-20T00:00:00+00:00, run_after=2024-09-21T00:00:00+00:00
[2024-09-21T05:16:09.059+0000] {logging_mixin.py:120} INFO - [2024-09-21T05:16:09.059+0000] {dag.py:3340} INFO - Setting next_dagrun for example_branch_datetime_operator_2 to 2024-09-20T00:00:00+00:00, run_after=2024-09-21T00:00:00+00:00
[2024-09-21T05:16:09.059+0000] {logging_mixin.py:120} INFO - [2024-09-21T05:16:09.059+0000] {dag.py:3340} INFO - Setting next_dagrun for example_branch_datetime_operator_3 to 2024-09-20T00:00:00+00:00, run_after=2024-09-21T00:00:00+00:00
[2024-09-21T05:16:09.066+0000] {processor.py:176} INFO - Processing /home/airflow/.local/lib/python3.7/site-packages/airflow/example_dags/example_branch_datetime_operator.py took 0.055 seconds
[2024-09-21T05:16:39.481+0000] {processor.py:154} INFO - Started process (PID=745) to work on /home/airflow/.local/lib/python3.7/site-packages/airflow/example_dags/example_branch_datetime_operator.py
[2024-09-21T05:16:39.482+0000] {processor.py:756} INFO - Processing file /home/airflow/.local/lib/python3.7/site-packages/airflow/example_dags/example_branch_datetime_operator.py for tasks to queue
[2024-09-21T05:16:39.482+0000] {logging_mixin.py:120} INFO - [2024-09-21T05:16:39.482+0000] {dagbag.py:537} INFO - Filling up the DagBag from /home/airflow/.local/lib/python3.7/site-packages/airflow/example_dags/example_branch_datetime_operator.py
[2024-09-21T05:16:39.490+0000] {processor.py:766} INFO - DAG(s) dict_keys(['example_branch_datetime_operator_3', 'example_branch_datetime_operator_2', 'example_branch_datetime_operator']) retrieved from /home/airflow/.local/lib/python3.7/site-packages/airflow/example_dags/example_branch_datetime_operator.py
[2024-09-21T05:16:39.512+0000] {logging_mixin.py:120} INFO - [2024-09-21T05:16:39.512+0000] {dag.py:2585} INFO - Sync 3 DAGs
[2024-09-21T05:16:39.524+0000] {logging_mixin.py:120} INFO - [2024-09-21T05:16:39.523+0000] {dag.py:3340} INFO - Setting next_dagrun for example_branch_datetime_operator to 2024-09-20T00:00:00+00:00, run_after=2024-09-21T00:00:00+00:00
[2024-09-21T05:16:39.525+0000] {logging_mixin.py:120} INFO - [2024-09-21T05:16:39.525+0000] {dag.py:3340} INFO - Setting next_dagrun for example_branch_datetime_operator_2 to 2024-09-20T00:00:00+00:00, run_after=2024-09-21T00:00:00+00:00
[2024-09-21T05:16:39.526+0000] {logging_mixin.py:120} INFO - [2024-09-21T05:16:39.526+0000] {dag.py:3340} INFO - Setting next_dagrun for example_branch_datetime_operator_3 to 2024-09-20T00:00:00+00:00, run_after=2024-09-21T00:00:00+00:00
[2024-09-21T05:16:39.533+0000] {processor.py:176} INFO - Processing /home/airflow/.local/lib/python3.7/site-packages/airflow/example_dags/example_branch_datetime_operator.py took 0.054 seconds
