[2024-09-21T05:11:03.967+0000] {processor.py:154} INFO - Started process (PID=64) to work on /home/airflow/.local/lib/python3.7/site-packages/airflow/example_dags/example_latest_only_with_trigger.py
[2024-09-21T05:11:03.967+0000] {processor.py:756} INFO - Processing file /home/airflow/.local/lib/python3.7/site-packages/airflow/example_dags/example_latest_only_with_trigger.py for tasks to queue
[2024-09-21T05:11:03.968+0000] {logging_mixin.py:120} INFO - [2024-09-21T05:11:03.968+0000] {dagbag.py:537} INFO - Filling up the DagBag from /home/airflow/.local/lib/python3.7/site-packages/airflow/example_dags/example_latest_only_with_trigger.py
[2024-09-21T05:11:03.976+0000] {processor.py:766} INFO - DAG(s) dict_keys(['latest_only_with_trigger']) retrieved from /home/airflow/.local/lib/python3.7/site-packages/airflow/example_dags/example_latest_only_with_trigger.py
[2024-09-21T05:11:03.996+0000] {logging_mixin.py:120} INFO - [2024-09-21T05:11:03.996+0000] {dag.py:2585} INFO - Sync 1 DAGs
[2024-09-21T05:11:04.015+0000] {logging_mixin.py:120} INFO - [2024-09-21T05:11:04.014+0000] {dag.py:3340} INFO - Setting next_dagrun for latest_only_with_trigger to 2024-09-21T01:11:04.014756+00:00, run_after=2024-09-21T05:11:04.014756+00:00
[2024-09-21T05:11:04.029+0000] {processor.py:176} INFO - Processing /home/airflow/.local/lib/python3.7/site-packages/airflow/example_dags/example_latest_only_with_trigger.py took 0.065 seconds
[2024-09-21T05:11:34.660+0000] {processor.py:154} INFO - Started process (PID=127) to work on /home/airflow/.local/lib/python3.7/site-packages/airflow/example_dags/example_latest_only_with_trigger.py
[2024-09-21T05:11:34.660+0000] {processor.py:756} INFO - Processing file /home/airflow/.local/lib/python3.7/site-packages/airflow/example_dags/example_latest_only_with_trigger.py for tasks to queue
[2024-09-21T05:11:34.661+0000] {logging_mixin.py:120} INFO - [2024-09-21T05:11:34.661+0000] {dagbag.py:537} INFO - Filling up the DagBag from /home/airflow/.local/lib/python3.7/site-packages/airflow/example_dags/example_latest_only_with_trigger.py
[2024-09-21T05:11:34.668+0000] {processor.py:766} INFO - DAG(s) dict_keys(['latest_only_with_trigger']) retrieved from /home/airflow/.local/lib/python3.7/site-packages/airflow/example_dags/example_latest_only_with_trigger.py
[2024-09-21T05:11:34.687+0000] {logging_mixin.py:120} INFO - [2024-09-21T05:11:34.686+0000] {dag.py:2585} INFO - Sync 1 DAGs
[2024-09-21T05:11:34.698+0000] {logging_mixin.py:120} INFO - [2024-09-21T05:11:34.698+0000] {dag.py:3340} INFO - Setting next_dagrun for latest_only_with_trigger to 2024-09-21T01:11:34.698185+00:00, run_after=2024-09-21T05:11:34.698185+00:00
[2024-09-21T05:11:34.710+0000] {processor.py:176} INFO - Processing /home/airflow/.local/lib/python3.7/site-packages/airflow/example_dags/example_latest_only_with_trigger.py took 0.052 seconds
[2024-09-21T05:12:05.158+0000] {processor.py:154} INFO - Started process (PID=191) to work on /home/airflow/.local/lib/python3.7/site-packages/airflow/example_dags/example_latest_only_with_trigger.py
[2024-09-21T05:12:05.159+0000] {processor.py:756} INFO - Processing file /home/airflow/.local/lib/python3.7/site-packages/airflow/example_dags/example_latest_only_with_trigger.py for tasks to queue
[2024-09-21T05:12:05.159+0000] {logging_mixin.py:120} INFO - [2024-09-21T05:12:05.159+0000] {dagbag.py:537} INFO - Filling up the DagBag from /home/airflow/.local/lib/python3.7/site-packages/airflow/example_dags/example_latest_only_with_trigger.py
[2024-09-21T05:12:05.167+0000] {processor.py:766} INFO - DAG(s) dict_keys(['latest_only_with_trigger']) retrieved from /home/airflow/.local/lib/python3.7/site-packages/airflow/example_dags/example_latest_only_with_trigger.py
[2024-09-21T05:12:05.186+0000] {logging_mixin.py:120} INFO - [2024-09-21T05:12:05.186+0000] {dag.py:2585} INFO - Sync 1 DAGs
[2024-09-21T05:12:05.203+0000] {logging_mixin.py:120} INFO - [2024-09-21T05:12:05.202+0000] {dag.py:3340} INFO - Setting next_dagrun for latest_only_with_trigger to 2024-09-21T01:12:05.202819+00:00, run_after=2024-09-21T05:12:05.202819+00:00
[2024-09-21T05:12:05.215+0000] {processor.py:176} INFO - Processing /home/airflow/.local/lib/python3.7/site-packages/airflow/example_dags/example_latest_only_with_trigger.py took 0.058 seconds
[2024-09-21T05:12:35.867+0000] {processor.py:154} INFO - Started process (PID=254) to work on /home/airflow/.local/lib/python3.7/site-packages/airflow/example_dags/example_latest_only_with_trigger.py
[2024-09-21T05:12:35.867+0000] {processor.py:756} INFO - Processing file /home/airflow/.local/lib/python3.7/site-packages/airflow/example_dags/example_latest_only_with_trigger.py for tasks to queue
[2024-09-21T05:12:35.868+0000] {logging_mixin.py:120} INFO - [2024-09-21T05:12:35.868+0000] {dagbag.py:537} INFO - Filling up the DagBag from /home/airflow/.local/lib/python3.7/site-packages/airflow/example_dags/example_latest_only_with_trigger.py
[2024-09-21T05:12:35.874+0000] {processor.py:766} INFO - DAG(s) dict_keys(['latest_only_with_trigger']) retrieved from /home/airflow/.local/lib/python3.7/site-packages/airflow/example_dags/example_latest_only_with_trigger.py
[2024-09-21T05:12:35.892+0000] {logging_mixin.py:120} INFO - [2024-09-21T05:12:35.892+0000] {dag.py:2585} INFO - Sync 1 DAGs
[2024-09-21T05:12:35.903+0000] {logging_mixin.py:120} INFO - [2024-09-21T05:12:35.903+0000] {dag.py:3340} INFO - Setting next_dagrun for latest_only_with_trigger to 2024-09-21T01:12:35.903774+00:00, run_after=2024-09-21T05:12:35.903774+00:00
[2024-09-21T05:12:35.912+0000] {processor.py:176} INFO - Processing /home/airflow/.local/lib/python3.7/site-packages/airflow/example_dags/example_latest_only_with_trigger.py took 0.047 seconds
[2024-09-21T05:13:06.392+0000] {processor.py:154} INFO - Started process (PID=317) to work on /home/airflow/.local/lib/python3.7/site-packages/airflow/example_dags/example_latest_only_with_trigger.py
[2024-09-21T05:13:06.392+0000] {processor.py:756} INFO - Processing file /home/airflow/.local/lib/python3.7/site-packages/airflow/example_dags/example_latest_only_with_trigger.py for tasks to queue
[2024-09-21T05:13:06.393+0000] {logging_mixin.py:120} INFO - [2024-09-21T05:13:06.393+0000] {dagbag.py:537} INFO - Filling up the DagBag from /home/airflow/.local/lib/python3.7/site-packages/airflow/example_dags/example_latest_only_with_trigger.py
[2024-09-21T05:13:06.404+0000] {processor.py:766} INFO - DAG(s) dict_keys(['latest_only_with_trigger']) retrieved from /home/airflow/.local/lib/python3.7/site-packages/airflow/example_dags/example_latest_only_with_trigger.py
[2024-09-21T05:13:06.429+0000] {logging_mixin.py:120} INFO - [2024-09-21T05:13:06.429+0000] {dag.py:2585} INFO - Sync 1 DAGs
[2024-09-21T05:13:06.443+0000] {logging_mixin.py:120} INFO - [2024-09-21T05:13:06.443+0000] {dag.py:3340} INFO - Setting next_dagrun for latest_only_with_trigger to 2024-09-21T01:13:06.442923+00:00, run_after=2024-09-21T05:13:06.442923+00:00
[2024-09-21T05:13:06.451+0000] {processor.py:176} INFO - Processing /home/airflow/.local/lib/python3.7/site-packages/airflow/example_dags/example_latest_only_with_trigger.py took 0.061 seconds
[2024-09-21T05:13:36.917+0000] {processor.py:154} INFO - Started process (PID=380) to work on /home/airflow/.local/lib/python3.7/site-packages/airflow/example_dags/example_latest_only_with_trigger.py
[2024-09-21T05:13:36.918+0000] {processor.py:756} INFO - Processing file /home/airflow/.local/lib/python3.7/site-packages/airflow/example_dags/example_latest_only_with_trigger.py for tasks to queue
[2024-09-21T05:13:36.918+0000] {logging_mixin.py:120} INFO - [2024-09-21T05:13:36.918+0000] {dagbag.py:537} INFO - Filling up the DagBag from /home/airflow/.local/lib/python3.7/site-packages/airflow/example_dags/example_latest_only_with_trigger.py
[2024-09-21T05:13:36.927+0000] {processor.py:766} INFO - DAG(s) dict_keys(['latest_only_with_trigger']) retrieved from /home/airflow/.local/lib/python3.7/site-packages/airflow/example_dags/example_latest_only_with_trigger.py
[2024-09-21T05:13:36.950+0000] {logging_mixin.py:120} INFO - [2024-09-21T05:13:36.950+0000] {dag.py:2585} INFO - Sync 1 DAGs
[2024-09-21T05:13:36.963+0000] {logging_mixin.py:120} INFO - [2024-09-21T05:13:36.963+0000] {dag.py:3340} INFO - Setting next_dagrun for latest_only_with_trigger to 2024-09-21T01:13:36.963543+00:00, run_after=2024-09-21T05:13:36.963543+00:00
[2024-09-21T05:13:36.973+0000] {processor.py:176} INFO - Processing /home/airflow/.local/lib/python3.7/site-packages/airflow/example_dags/example_latest_only_with_trigger.py took 0.058 seconds
[2024-09-21T05:14:07.386+0000] {processor.py:154} INFO - Started process (PID=434) to work on /home/airflow/.local/lib/python3.7/site-packages/airflow/example_dags/example_latest_only_with_trigger.py
[2024-09-21T05:14:07.386+0000] {processor.py:756} INFO - Processing file /home/airflow/.local/lib/python3.7/site-packages/airflow/example_dags/example_latest_only_with_trigger.py for tasks to queue
[2024-09-21T05:14:07.387+0000] {logging_mixin.py:120} INFO - [2024-09-21T05:14:07.386+0000] {dagbag.py:537} INFO - Filling up the DagBag from /home/airflow/.local/lib/python3.7/site-packages/airflow/example_dags/example_latest_only_with_trigger.py
[2024-09-21T05:14:07.394+0000] {processor.py:766} INFO - DAG(s) dict_keys(['latest_only_with_trigger']) retrieved from /home/airflow/.local/lib/python3.7/site-packages/airflow/example_dags/example_latest_only_with_trigger.py
[2024-09-21T05:14:07.416+0000] {logging_mixin.py:120} INFO - [2024-09-21T05:14:07.416+0000] {dag.py:2585} INFO - Sync 1 DAGs
[2024-09-21T05:14:07.431+0000] {logging_mixin.py:120} INFO - [2024-09-21T05:14:07.431+0000] {dag.py:3340} INFO - Setting next_dagrun for latest_only_with_trigger to 2024-09-21T01:14:07.431639+00:00, run_after=2024-09-21T05:14:07.431639+00:00
[2024-09-21T05:14:07.443+0000] {processor.py:176} INFO - Processing /home/airflow/.local/lib/python3.7/site-packages/airflow/example_dags/example_latest_only_with_trigger.py took 0.059 seconds
[2024-09-21T05:14:37.853+0000] {processor.py:154} INFO - Started process (PID=497) to work on /home/airflow/.local/lib/python3.7/site-packages/airflow/example_dags/example_latest_only_with_trigger.py
[2024-09-21T05:14:37.854+0000] {processor.py:756} INFO - Processing file /home/airflow/.local/lib/python3.7/site-packages/airflow/example_dags/example_latest_only_with_trigger.py for tasks to queue
[2024-09-21T05:14:37.854+0000] {logging_mixin.py:120} INFO - [2024-09-21T05:14:37.854+0000] {dagbag.py:537} INFO - Filling up the DagBag from /home/airflow/.local/lib/python3.7/site-packages/airflow/example_dags/example_latest_only_with_trigger.py
[2024-09-21T05:14:37.860+0000] {processor.py:766} INFO - DAG(s) dict_keys(['latest_only_with_trigger']) retrieved from /home/airflow/.local/lib/python3.7/site-packages/airflow/example_dags/example_latest_only_with_trigger.py
[2024-09-21T05:14:37.881+0000] {logging_mixin.py:120} INFO - [2024-09-21T05:14:37.881+0000] {dag.py:2585} INFO - Sync 1 DAGs
[2024-09-21T05:14:37.892+0000] {logging_mixin.py:120} INFO - [2024-09-21T05:14:37.892+0000] {dag.py:3340} INFO - Setting next_dagrun for latest_only_with_trigger to 2024-09-21T01:14:37.891956+00:00, run_after=2024-09-21T05:14:37.891956+00:00
[2024-09-21T05:14:37.900+0000] {processor.py:176} INFO - Processing /home/airflow/.local/lib/python3.7/site-packages/airflow/example_dags/example_latest_only_with_trigger.py took 0.049 seconds
[2024-09-21T05:15:08.283+0000] {processor.py:154} INFO - Started process (PID=559) to work on /home/airflow/.local/lib/python3.7/site-packages/airflow/example_dags/example_latest_only_with_trigger.py
[2024-09-21T05:15:08.284+0000] {processor.py:756} INFO - Processing file /home/airflow/.local/lib/python3.7/site-packages/airflow/example_dags/example_latest_only_with_trigger.py for tasks to queue
[2024-09-21T05:15:08.284+0000] {logging_mixin.py:120} INFO - [2024-09-21T05:15:08.284+0000] {dagbag.py:537} INFO - Filling up the DagBag from /home/airflow/.local/lib/python3.7/site-packages/airflow/example_dags/example_latest_only_with_trigger.py
[2024-09-21T05:15:08.291+0000] {processor.py:766} INFO - DAG(s) dict_keys(['latest_only_with_trigger']) retrieved from /home/airflow/.local/lib/python3.7/site-packages/airflow/example_dags/example_latest_only_with_trigger.py
[2024-09-21T05:15:08.309+0000] {logging_mixin.py:120} INFO - [2024-09-21T05:15:08.309+0000] {dag.py:2585} INFO - Sync 1 DAGs
[2024-09-21T05:15:08.320+0000] {logging_mixin.py:120} INFO - [2024-09-21T05:15:08.320+0000] {dag.py:3340} INFO - Setting next_dagrun for latest_only_with_trigger to 2024-09-21T01:15:08.320540+00:00, run_after=2024-09-21T05:15:08.320540+00:00
[2024-09-21T05:15:08.328+0000] {processor.py:176} INFO - Processing /home/airflow/.local/lib/python3.7/site-packages/airflow/example_dags/example_latest_only_with_trigger.py took 0.046 seconds
[2024-09-21T05:15:38.691+0000] {processor.py:154} INFO - Started process (PID=622) to work on /home/airflow/.local/lib/python3.7/site-packages/airflow/example_dags/example_latest_only_with_trigger.py
[2024-09-21T05:15:38.693+0000] {processor.py:756} INFO - Processing file /home/airflow/.local/lib/python3.7/site-packages/airflow/example_dags/example_latest_only_with_trigger.py for tasks to queue
[2024-09-21T05:15:38.694+0000] {logging_mixin.py:120} INFO - [2024-09-21T05:15:38.694+0000] {dagbag.py:537} INFO - Filling up the DagBag from /home/airflow/.local/lib/python3.7/site-packages/airflow/example_dags/example_latest_only_with_trigger.py
[2024-09-21T05:15:38.700+0000] {processor.py:766} INFO - DAG(s) dict_keys(['latest_only_with_trigger']) retrieved from /home/airflow/.local/lib/python3.7/site-packages/airflow/example_dags/example_latest_only_with_trigger.py
[2024-09-21T05:15:38.720+0000] {logging_mixin.py:120} INFO - [2024-09-21T05:15:38.720+0000] {dag.py:2585} INFO - Sync 1 DAGs
[2024-09-21T05:15:38.731+0000] {logging_mixin.py:120} INFO - [2024-09-21T05:15:38.731+0000] {dag.py:3340} INFO - Setting next_dagrun for latest_only_with_trigger to 2024-09-21T01:15:38.730902+00:00, run_after=2024-09-21T05:15:38.730902+00:00
[2024-09-21T05:15:38.739+0000] {processor.py:176} INFO - Processing /home/airflow/.local/lib/python3.7/site-packages/airflow/example_dags/example_latest_only_with_trigger.py took 0.049 seconds
[2024-09-21T05:16:09.081+0000] {processor.py:154} INFO - Started process (PID=685) to work on /home/airflow/.local/lib/python3.7/site-packages/airflow/example_dags/example_latest_only_with_trigger.py
[2024-09-21T05:16:09.082+0000] {processor.py:756} INFO - Processing file /home/airflow/.local/lib/python3.7/site-packages/airflow/example_dags/example_latest_only_with_trigger.py for tasks to queue
[2024-09-21T05:16:09.082+0000] {logging_mixin.py:120} INFO - [2024-09-21T05:16:09.082+0000] {dagbag.py:537} INFO - Filling up the DagBag from /home/airflow/.local/lib/python3.7/site-packages/airflow/example_dags/example_latest_only_with_trigger.py
[2024-09-21T05:16:09.088+0000] {processor.py:766} INFO - DAG(s) dict_keys(['latest_only_with_trigger']) retrieved from /home/airflow/.local/lib/python3.7/site-packages/airflow/example_dags/example_latest_only_with_trigger.py
[2024-09-21T05:16:09.108+0000] {logging_mixin.py:120} INFO - [2024-09-21T05:16:09.108+0000] {dag.py:2585} INFO - Sync 1 DAGs
[2024-09-21T05:16:09.121+0000] {logging_mixin.py:120} INFO - [2024-09-21T05:16:09.121+0000] {dag.py:3340} INFO - Setting next_dagrun for latest_only_with_trigger to 2024-09-21T01:16:09.121073+00:00, run_after=2024-09-21T05:16:09.121073+00:00
[2024-09-21T05:16:09.128+0000] {processor.py:176} INFO - Processing /home/airflow/.local/lib/python3.7/site-packages/airflow/example_dags/example_latest_only_with_trigger.py took 0.048 seconds
[2024-09-21T05:16:39.553+0000] {processor.py:154} INFO - Started process (PID=748) to work on /home/airflow/.local/lib/python3.7/site-packages/airflow/example_dags/example_latest_only_with_trigger.py
[2024-09-21T05:16:39.554+0000] {processor.py:756} INFO - Processing file /home/airflow/.local/lib/python3.7/site-packages/airflow/example_dags/example_latest_only_with_trigger.py for tasks to queue
[2024-09-21T05:16:39.554+0000] {logging_mixin.py:120} INFO - [2024-09-21T05:16:39.554+0000] {dagbag.py:537} INFO - Filling up the DagBag from /home/airflow/.local/lib/python3.7/site-packages/airflow/example_dags/example_latest_only_with_trigger.py
[2024-09-21T05:16:39.560+0000] {processor.py:766} INFO - DAG(s) dict_keys(['latest_only_with_trigger']) retrieved from /home/airflow/.local/lib/python3.7/site-packages/airflow/example_dags/example_latest_only_with_trigger.py
[2024-09-21T05:16:39.579+0000] {logging_mixin.py:120} INFO - [2024-09-21T05:16:39.579+0000] {dag.py:2585} INFO - Sync 1 DAGs
[2024-09-21T05:16:39.590+0000] {logging_mixin.py:120} INFO - [2024-09-21T05:16:39.589+0000] {dag.py:3340} INFO - Setting next_dagrun for latest_only_with_trigger to 2024-09-21T01:16:39.589792+00:00, run_after=2024-09-21T05:16:39.589792+00:00
[2024-09-21T05:16:39.597+0000] {processor.py:176} INFO - Processing /home/airflow/.local/lib/python3.7/site-packages/airflow/example_dags/example_latest_only_with_trigger.py took 0.045 seconds
