[2024-09-21T05:11:04.266+0000] {processor.py:154} INFO - Started process (PID=72) to work on /home/airflow/.local/lib/python3.7/site-packages/airflow/example_dags/example_skip_dag.py
[2024-09-21T05:11:04.266+0000] {processor.py:756} INFO - Processing file /home/airflow/.local/lib/python3.7/site-packages/airflow/example_dags/example_skip_dag.py for tasks to queue
[2024-09-21T05:11:04.267+0000] {logging_mixin.py:120} INFO - [2024-09-21T05:11:04.267+0000] {dagbag.py:537} INFO - Filling up the DagBag from /home/airflow/.local/lib/python3.7/site-packages/airflow/example_dags/example_skip_dag.py
[2024-09-21T05:11:04.275+0000] {processor.py:766} INFO - DAG(s) dict_keys(['example_skip_dag']) retrieved from /home/airflow/.local/lib/python3.7/site-packages/airflow/example_dags/example_skip_dag.py
[2024-09-21T05:11:04.292+0000] {logging_mixin.py:120} INFO - [2024-09-21T05:11:04.292+0000] {dag.py:2585} INFO - Sync 1 DAGs
[2024-09-21T05:11:04.305+0000] {logging_mixin.py:120} INFO - [2024-09-21T05:11:04.305+0000] {dag.py:3340} INFO - Setting next_dagrun for example_skip_dag to 2024-09-20T05:11:04.305249+00:00, run_after=2024-09-21T05:11:04.305249+00:00
[2024-09-21T05:11:04.316+0000] {processor.py:176} INFO - Processing /home/airflow/.local/lib/python3.7/site-packages/airflow/example_dags/example_skip_dag.py took 0.051 seconds
[2024-09-21T05:11:35.037+0000] {processor.py:154} INFO - Started process (PID=135) to work on /home/airflow/.local/lib/python3.7/site-packages/airflow/example_dags/example_skip_dag.py
[2024-09-21T05:11:35.037+0000] {processor.py:756} INFO - Processing file /home/airflow/.local/lib/python3.7/site-packages/airflow/example_dags/example_skip_dag.py for tasks to queue
[2024-09-21T05:11:35.038+0000] {logging_mixin.py:120} INFO - [2024-09-21T05:11:35.038+0000] {dagbag.py:537} INFO - Filling up the DagBag from /home/airflow/.local/lib/python3.7/site-packages/airflow/example_dags/example_skip_dag.py
[2024-09-21T05:11:35.046+0000] {processor.py:766} INFO - DAG(s) dict_keys(['example_skip_dag']) retrieved from /home/airflow/.local/lib/python3.7/site-packages/airflow/example_dags/example_skip_dag.py
[2024-09-21T05:11:35.067+0000] {logging_mixin.py:120} INFO - [2024-09-21T05:11:35.066+0000] {dag.py:2585} INFO - Sync 1 DAGs
[2024-09-21T05:11:35.078+0000] {logging_mixin.py:120} INFO - [2024-09-21T05:11:35.078+0000] {dag.py:3340} INFO - Setting next_dagrun for example_skip_dag to 2024-09-20T05:11:35.078199+00:00, run_after=2024-09-21T05:11:35.078199+00:00
[2024-09-21T05:11:35.087+0000] {processor.py:176} INFO - Processing /home/airflow/.local/lib/python3.7/site-packages/airflow/example_dags/example_skip_dag.py took 0.052 seconds
[2024-09-21T05:12:05.418+0000] {processor.py:154} INFO - Started process (PID=199) to work on /home/airflow/.local/lib/python3.7/site-packages/airflow/example_dags/example_skip_dag.py
[2024-09-21T05:12:05.418+0000] {processor.py:756} INFO - Processing file /home/airflow/.local/lib/python3.7/site-packages/airflow/example_dags/example_skip_dag.py for tasks to queue
[2024-09-21T05:12:05.418+0000] {logging_mixin.py:120} INFO - [2024-09-21T05:12:05.418+0000] {dagbag.py:537} INFO - Filling up the DagBag from /home/airflow/.local/lib/python3.7/site-packages/airflow/example_dags/example_skip_dag.py
[2024-09-21T05:12:05.425+0000] {processor.py:766} INFO - DAG(s) dict_keys(['example_skip_dag']) retrieved from /home/airflow/.local/lib/python3.7/site-packages/airflow/example_dags/example_skip_dag.py
[2024-09-21T05:12:05.443+0000] {logging_mixin.py:120} INFO - [2024-09-21T05:12:05.443+0000] {dag.py:2585} INFO - Sync 1 DAGs
[2024-09-21T05:12:05.454+0000] {logging_mixin.py:120} INFO - [2024-09-21T05:12:05.454+0000] {dag.py:3340} INFO - Setting next_dagrun for example_skip_dag to 2024-09-20T05:12:05.454447+00:00, run_after=2024-09-21T05:12:05.454447+00:00
[2024-09-21T05:12:05.462+0000] {processor.py:176} INFO - Processing /home/airflow/.local/lib/python3.7/site-packages/airflow/example_dags/example_skip_dag.py took 0.046 seconds
[2024-09-21T05:12:36.215+0000] {processor.py:154} INFO - Started process (PID=262) to work on /home/airflow/.local/lib/python3.7/site-packages/airflow/example_dags/example_skip_dag.py
[2024-09-21T05:12:36.215+0000] {processor.py:756} INFO - Processing file /home/airflow/.local/lib/python3.7/site-packages/airflow/example_dags/example_skip_dag.py for tasks to queue
[2024-09-21T05:12:36.215+0000] {logging_mixin.py:120} INFO - [2024-09-21T05:12:36.215+0000] {dagbag.py:537} INFO - Filling up the DagBag from /home/airflow/.local/lib/python3.7/site-packages/airflow/example_dags/example_skip_dag.py
[2024-09-21T05:12:36.222+0000] {processor.py:766} INFO - DAG(s) dict_keys(['example_skip_dag']) retrieved from /home/airflow/.local/lib/python3.7/site-packages/airflow/example_dags/example_skip_dag.py
[2024-09-21T05:12:36.242+0000] {logging_mixin.py:120} INFO - [2024-09-21T05:12:36.242+0000] {dag.py:2585} INFO - Sync 1 DAGs
[2024-09-21T05:12:36.253+0000] {logging_mixin.py:120} INFO - [2024-09-21T05:12:36.253+0000] {dag.py:3340} INFO - Setting next_dagrun for example_skip_dag to 2024-09-20T05:12:36.253374+00:00, run_after=2024-09-21T05:12:36.253374+00:00
[2024-09-21T05:12:36.261+0000] {processor.py:176} INFO - Processing /home/airflow/.local/lib/python3.7/site-packages/airflow/example_dags/example_skip_dag.py took 0.048 seconds
[2024-09-21T05:13:06.657+0000] {processor.py:154} INFO - Started process (PID=325) to work on /home/airflow/.local/lib/python3.7/site-packages/airflow/example_dags/example_skip_dag.py
[2024-09-21T05:13:06.658+0000] {processor.py:756} INFO - Processing file /home/airflow/.local/lib/python3.7/site-packages/airflow/example_dags/example_skip_dag.py for tasks to queue
[2024-09-21T05:13:06.658+0000] {logging_mixin.py:120} INFO - [2024-09-21T05:13:06.658+0000] {dagbag.py:537} INFO - Filling up the DagBag from /home/airflow/.local/lib/python3.7/site-packages/airflow/example_dags/example_skip_dag.py
[2024-09-21T05:13:06.665+0000] {processor.py:766} INFO - DAG(s) dict_keys(['example_skip_dag']) retrieved from /home/airflow/.local/lib/python3.7/site-packages/airflow/example_dags/example_skip_dag.py
[2024-09-21T05:13:06.691+0000] {logging_mixin.py:120} INFO - [2024-09-21T05:13:06.691+0000] {dag.py:2585} INFO - Sync 1 DAGs
[2024-09-21T05:13:06.701+0000] {logging_mixin.py:120} INFO - [2024-09-21T05:13:06.701+0000] {dag.py:3340} INFO - Setting next_dagrun for example_skip_dag to 2024-09-20T05:13:06.701656+00:00, run_after=2024-09-21T05:13:06.701656+00:00
[2024-09-21T05:13:06.709+0000] {processor.py:176} INFO - Processing /home/airflow/.local/lib/python3.7/site-packages/airflow/example_dags/example_skip_dag.py took 0.053 seconds
[2024-09-21T05:13:37.187+0000] {processor.py:154} INFO - Started process (PID=388) to work on /home/airflow/.local/lib/python3.7/site-packages/airflow/example_dags/example_skip_dag.py
[2024-09-21T05:13:37.187+0000] {processor.py:756} INFO - Processing file /home/airflow/.local/lib/python3.7/site-packages/airflow/example_dags/example_skip_dag.py for tasks to queue
[2024-09-21T05:13:37.187+0000] {logging_mixin.py:120} INFO - [2024-09-21T05:13:37.187+0000] {dagbag.py:537} INFO - Filling up the DagBag from /home/airflow/.local/lib/python3.7/site-packages/airflow/example_dags/example_skip_dag.py
[2024-09-21T05:13:37.194+0000] {processor.py:766} INFO - DAG(s) dict_keys(['example_skip_dag']) retrieved from /home/airflow/.local/lib/python3.7/site-packages/airflow/example_dags/example_skip_dag.py
[2024-09-21T05:13:37.213+0000] {logging_mixin.py:120} INFO - [2024-09-21T05:13:37.213+0000] {dag.py:2585} INFO - Sync 1 DAGs
[2024-09-21T05:13:37.225+0000] {logging_mixin.py:120} INFO - [2024-09-21T05:13:37.225+0000] {dag.py:3340} INFO - Setting next_dagrun for example_skip_dag to 2024-09-20T05:13:37.225589+00:00, run_after=2024-09-21T05:13:37.225589+00:00
[2024-09-21T05:13:37.235+0000] {processor.py:176} INFO - Processing /home/airflow/.local/lib/python3.7/site-packages/airflow/example_dags/example_skip_dag.py took 0.050 seconds
[2024-09-21T05:14:07.632+0000] {processor.py:154} INFO - Started process (PID=442) to work on /home/airflow/.local/lib/python3.7/site-packages/airflow/example_dags/example_skip_dag.py
[2024-09-21T05:14:07.636+0000] {processor.py:756} INFO - Processing file /home/airflow/.local/lib/python3.7/site-packages/airflow/example_dags/example_skip_dag.py for tasks to queue
[2024-09-21T05:14:07.636+0000] {logging_mixin.py:120} INFO - [2024-09-21T05:14:07.636+0000] {dagbag.py:537} INFO - Filling up the DagBag from /home/airflow/.local/lib/python3.7/site-packages/airflow/example_dags/example_skip_dag.py
[2024-09-21T05:14:07.643+0000] {processor.py:766} INFO - DAG(s) dict_keys(['example_skip_dag']) retrieved from /home/airflow/.local/lib/python3.7/site-packages/airflow/example_dags/example_skip_dag.py
[2024-09-21T05:14:07.660+0000] {logging_mixin.py:120} INFO - [2024-09-21T05:14:07.660+0000] {dag.py:2585} INFO - Sync 1 DAGs
[2024-09-21T05:14:07.672+0000] {logging_mixin.py:120} INFO - [2024-09-21T05:14:07.672+0000] {dag.py:3340} INFO - Setting next_dagrun for example_skip_dag to 2024-09-20T05:14:07.672241+00:00, run_after=2024-09-21T05:14:07.672241+00:00
[2024-09-21T05:14:07.680+0000] {processor.py:176} INFO - Processing /home/airflow/.local/lib/python3.7/site-packages/airflow/example_dags/example_skip_dag.py took 0.050 seconds
[2024-09-21T05:14:38.137+0000] {processor.py:154} INFO - Started process (PID=505) to work on /home/airflow/.local/lib/python3.7/site-packages/airflow/example_dags/example_skip_dag.py
[2024-09-21T05:14:38.137+0000] {processor.py:756} INFO - Processing file /home/airflow/.local/lib/python3.7/site-packages/airflow/example_dags/example_skip_dag.py for tasks to queue
[2024-09-21T05:14:38.138+0000] {logging_mixin.py:120} INFO - [2024-09-21T05:14:38.138+0000] {dagbag.py:537} INFO - Filling up the DagBag from /home/airflow/.local/lib/python3.7/site-packages/airflow/example_dags/example_skip_dag.py
[2024-09-21T05:14:38.145+0000] {processor.py:766} INFO - DAG(s) dict_keys(['example_skip_dag']) retrieved from /home/airflow/.local/lib/python3.7/site-packages/airflow/example_dags/example_skip_dag.py
[2024-09-21T05:14:38.168+0000] {logging_mixin.py:120} INFO - [2024-09-21T05:14:38.167+0000] {dag.py:2585} INFO - Sync 1 DAGs
[2024-09-21T05:14:38.183+0000] {logging_mixin.py:120} INFO - [2024-09-21T05:14:38.183+0000] {dag.py:3340} INFO - Setting next_dagrun for example_skip_dag to 2024-09-20T05:14:38.183249+00:00, run_after=2024-09-21T05:14:38.183249+00:00
[2024-09-21T05:14:38.193+0000] {processor.py:176} INFO - Processing /home/airflow/.local/lib/python3.7/site-packages/airflow/example_dags/example_skip_dag.py took 0.058 seconds
[2024-09-21T05:15:08.499+0000] {processor.py:154} INFO - Started process (PID=566) to work on /home/airflow/.local/lib/python3.7/site-packages/airflow/example_dags/example_skip_dag.py
[2024-09-21T05:15:08.500+0000] {processor.py:756} INFO - Processing file /home/airflow/.local/lib/python3.7/site-packages/airflow/example_dags/example_skip_dag.py for tasks to queue
[2024-09-21T05:15:08.501+0000] {logging_mixin.py:120} INFO - [2024-09-21T05:15:08.501+0000] {dagbag.py:537} INFO - Filling up the DagBag from /home/airflow/.local/lib/python3.7/site-packages/airflow/example_dags/example_skip_dag.py
[2024-09-21T05:15:08.509+0000] {processor.py:766} INFO - DAG(s) dict_keys(['example_skip_dag']) retrieved from /home/airflow/.local/lib/python3.7/site-packages/airflow/example_dags/example_skip_dag.py
[2024-09-21T05:15:08.529+0000] {logging_mixin.py:120} INFO - [2024-09-21T05:15:08.529+0000] {dag.py:2585} INFO - Sync 1 DAGs
[2024-09-21T05:15:08.541+0000] {logging_mixin.py:120} INFO - [2024-09-21T05:15:08.541+0000] {dag.py:3340} INFO - Setting next_dagrun for example_skip_dag to 2024-09-20T05:15:08.541089+00:00, run_after=2024-09-21T05:15:08.541089+00:00
[2024-09-21T05:15:08.550+0000] {processor.py:176} INFO - Processing /home/airflow/.local/lib/python3.7/site-packages/airflow/example_dags/example_skip_dag.py took 0.052 seconds
[2024-09-21T05:15:38.907+0000] {processor.py:154} INFO - Started process (PID=629) to work on /home/airflow/.local/lib/python3.7/site-packages/airflow/example_dags/example_skip_dag.py
[2024-09-21T05:15:38.907+0000] {processor.py:756} INFO - Processing file /home/airflow/.local/lib/python3.7/site-packages/airflow/example_dags/example_skip_dag.py for tasks to queue
[2024-09-21T05:15:38.908+0000] {logging_mixin.py:120} INFO - [2024-09-21T05:15:38.908+0000] {dagbag.py:537} INFO - Filling up the DagBag from /home/airflow/.local/lib/python3.7/site-packages/airflow/example_dags/example_skip_dag.py
[2024-09-21T05:15:38.917+0000] {processor.py:766} INFO - DAG(s) dict_keys(['example_skip_dag']) retrieved from /home/airflow/.local/lib/python3.7/site-packages/airflow/example_dags/example_skip_dag.py
[2024-09-21T05:15:38.934+0000] {logging_mixin.py:120} INFO - [2024-09-21T05:15:38.934+0000] {dag.py:2585} INFO - Sync 1 DAGs
[2024-09-21T05:15:38.945+0000] {logging_mixin.py:120} INFO - [2024-09-21T05:15:38.945+0000] {dag.py:3340} INFO - Setting next_dagrun for example_skip_dag to 2024-09-20T05:15:38.945081+00:00, run_after=2024-09-21T05:15:38.945081+00:00
[2024-09-21T05:15:38.953+0000] {processor.py:176} INFO - Processing /home/airflow/.local/lib/python3.7/site-packages/airflow/example_dags/example_skip_dag.py took 0.048 seconds
[2024-09-21T05:16:09.314+0000] {processor.py:154} INFO - Started process (PID=692) to work on /home/airflow/.local/lib/python3.7/site-packages/airflow/example_dags/example_skip_dag.py
[2024-09-21T05:16:09.315+0000] {processor.py:756} INFO - Processing file /home/airflow/.local/lib/python3.7/site-packages/airflow/example_dags/example_skip_dag.py for tasks to queue
[2024-09-21T05:16:09.316+0000] {logging_mixin.py:120} INFO - [2024-09-21T05:16:09.316+0000] {dagbag.py:537} INFO - Filling up the DagBag from /home/airflow/.local/lib/python3.7/site-packages/airflow/example_dags/example_skip_dag.py
[2024-09-21T05:16:09.323+0000] {processor.py:766} INFO - DAG(s) dict_keys(['example_skip_dag']) retrieved from /home/airflow/.local/lib/python3.7/site-packages/airflow/example_dags/example_skip_dag.py
[2024-09-21T05:16:09.340+0000] {logging_mixin.py:120} INFO - [2024-09-21T05:16:09.340+0000] {dag.py:2585} INFO - Sync 1 DAGs
[2024-09-21T05:16:09.351+0000] {logging_mixin.py:120} INFO - [2024-09-21T05:16:09.351+0000] {dag.py:3340} INFO - Setting next_dagrun for example_skip_dag to 2024-09-20T05:16:09.350973+00:00, run_after=2024-09-21T05:16:09.350973+00:00
[2024-09-21T05:16:09.360+0000] {processor.py:176} INFO - Processing /home/airflow/.local/lib/python3.7/site-packages/airflow/example_dags/example_skip_dag.py took 0.047 seconds
[2024-09-21T05:16:39.790+0000] {processor.py:154} INFO - Started process (PID=756) to work on /home/airflow/.local/lib/python3.7/site-packages/airflow/example_dags/example_skip_dag.py
[2024-09-21T05:16:39.791+0000] {processor.py:756} INFO - Processing file /home/airflow/.local/lib/python3.7/site-packages/airflow/example_dags/example_skip_dag.py for tasks to queue
[2024-09-21T05:16:39.791+0000] {logging_mixin.py:120} INFO - [2024-09-21T05:16:39.791+0000] {dagbag.py:537} INFO - Filling up the DagBag from /home/airflow/.local/lib/python3.7/site-packages/airflow/example_dags/example_skip_dag.py
[2024-09-21T05:16:39.797+0000] {processor.py:766} INFO - DAG(s) dict_keys(['example_skip_dag']) retrieved from /home/airflow/.local/lib/python3.7/site-packages/airflow/example_dags/example_skip_dag.py
[2024-09-21T05:16:39.815+0000] {logging_mixin.py:120} INFO - [2024-09-21T05:16:39.815+0000] {dag.py:2585} INFO - Sync 1 DAGs
[2024-09-21T05:16:39.829+0000] {logging_mixin.py:120} INFO - [2024-09-21T05:16:39.829+0000] {dag.py:3340} INFO - Setting next_dagrun for example_skip_dag to 2024-09-20T05:16:39.829780+00:00, run_after=2024-09-21T05:16:39.829780+00:00
[2024-09-21T05:16:39.837+0000] {processor.py:176} INFO - Processing /home/airflow/.local/lib/python3.7/site-packages/airflow/example_dags/example_skip_dag.py took 0.048 seconds
