[2024-09-21T05:11:03.491+0000] {processor.py:154} INFO - Started process (PID=55) to work on /home/airflow/.local/lib/python3.7/site-packages/airflow/example_dags/tutorial_taskflow_api.py
[2024-09-21T05:11:03.494+0000] {processor.py:756} INFO - Processing file /home/airflow/.local/lib/python3.7/site-packages/airflow/example_dags/tutorial_taskflow_api.py for tasks to queue
[2024-09-21T05:11:03.504+0000] {logging_mixin.py:120} INFO - [2024-09-21T05:11:03.504+0000] {dagbag.py:537} INFO - Filling up the DagBag from /home/airflow/.local/lib/python3.7/site-packages/airflow/example_dags/tutorial_taskflow_api.py
[2024-09-21T05:11:03.516+0000] {processor.py:766} INFO - DAG(s) dict_keys(['tutorial_taskflow_api']) retrieved from /home/airflow/.local/lib/python3.7/site-packages/airflow/example_dags/tutorial_taskflow_api.py
[2024-09-21T05:11:03.535+0000] {logging_mixin.py:120} INFO - [2024-09-21T05:11:03.535+0000] {dag.py:2585} INFO - Sync 1 DAGs
[2024-09-21T05:11:03.554+0000] {logging_mixin.py:120} INFO - [2024-09-21T05:11:03.554+0000] {dag.py:3340} INFO - Setting next_dagrun for tutorial_taskflow_api to None, run_after=None
[2024-09-21T05:11:03.567+0000] {processor.py:176} INFO - Processing /home/airflow/.local/lib/python3.7/site-packages/airflow/example_dags/tutorial_taskflow_api.py took 0.078 seconds
[2024-09-21T05:11:34.258+0000] {processor.py:154} INFO - Started process (PID=118) to work on /home/airflow/.local/lib/python3.7/site-packages/airflow/example_dags/tutorial_taskflow_api.py
[2024-09-21T05:11:34.258+0000] {processor.py:756} INFO - Processing file /home/airflow/.local/lib/python3.7/site-packages/airflow/example_dags/tutorial_taskflow_api.py for tasks to queue
[2024-09-21T05:11:34.259+0000] {logging_mixin.py:120} INFO - [2024-09-21T05:11:34.259+0000] {dagbag.py:537} INFO - Filling up the DagBag from /home/airflow/.local/lib/python3.7/site-packages/airflow/example_dags/tutorial_taskflow_api.py
[2024-09-21T05:11:34.270+0000] {processor.py:766} INFO - DAG(s) dict_keys(['tutorial_taskflow_api']) retrieved from /home/airflow/.local/lib/python3.7/site-packages/airflow/example_dags/tutorial_taskflow_api.py
[2024-09-21T05:11:34.290+0000] {logging_mixin.py:120} INFO - [2024-09-21T05:11:34.290+0000] {dag.py:2585} INFO - Sync 1 DAGs
[2024-09-21T05:11:34.303+0000] {logging_mixin.py:120} INFO - [2024-09-21T05:11:34.303+0000] {dag.py:3340} INFO - Setting next_dagrun for tutorial_taskflow_api to None, run_after=None
[2024-09-21T05:11:34.311+0000] {processor.py:176} INFO - Processing /home/airflow/.local/lib/python3.7/site-packages/airflow/example_dags/tutorial_taskflow_api.py took 0.056 seconds
[2024-09-21T05:12:04.849+0000] {processor.py:154} INFO - Started process (PID=182) to work on /home/airflow/.local/lib/python3.7/site-packages/airflow/example_dags/tutorial_taskflow_api.py
[2024-09-21T05:12:04.850+0000] {processor.py:756} INFO - Processing file /home/airflow/.local/lib/python3.7/site-packages/airflow/example_dags/tutorial_taskflow_api.py for tasks to queue
[2024-09-21T05:12:04.850+0000] {logging_mixin.py:120} INFO - [2024-09-21T05:12:04.850+0000] {dagbag.py:537} INFO - Filling up the DagBag from /home/airflow/.local/lib/python3.7/site-packages/airflow/example_dags/tutorial_taskflow_api.py
[2024-09-21T05:12:04.858+0000] {processor.py:766} INFO - DAG(s) dict_keys(['tutorial_taskflow_api']) retrieved from /home/airflow/.local/lib/python3.7/site-packages/airflow/example_dags/tutorial_taskflow_api.py
[2024-09-21T05:12:04.877+0000] {logging_mixin.py:120} INFO - [2024-09-21T05:12:04.877+0000] {dag.py:2585} INFO - Sync 1 DAGs
[2024-09-21T05:12:04.887+0000] {logging_mixin.py:120} INFO - [2024-09-21T05:12:04.887+0000] {dag.py:3340} INFO - Setting next_dagrun for tutorial_taskflow_api to None, run_after=None
[2024-09-21T05:12:04.895+0000] {processor.py:176} INFO - Processing /home/airflow/.local/lib/python3.7/site-packages/airflow/example_dags/tutorial_taskflow_api.py took 0.048 seconds
[2024-09-21T05:12:35.584+0000] {processor.py:154} INFO - Started process (PID=245) to work on /home/airflow/.local/lib/python3.7/site-packages/airflow/example_dags/tutorial_taskflow_api.py
[2024-09-21T05:12:35.585+0000] {processor.py:756} INFO - Processing file /home/airflow/.local/lib/python3.7/site-packages/airflow/example_dags/tutorial_taskflow_api.py for tasks to queue
[2024-09-21T05:12:35.585+0000] {logging_mixin.py:120} INFO - [2024-09-21T05:12:35.585+0000] {dagbag.py:537} INFO - Filling up the DagBag from /home/airflow/.local/lib/python3.7/site-packages/airflow/example_dags/tutorial_taskflow_api.py
[2024-09-21T05:12:35.595+0000] {processor.py:766} INFO - DAG(s) dict_keys(['tutorial_taskflow_api']) retrieved from /home/airflow/.local/lib/python3.7/site-packages/airflow/example_dags/tutorial_taskflow_api.py
[2024-09-21T05:12:35.616+0000] {logging_mixin.py:120} INFO - [2024-09-21T05:12:35.616+0000] {dag.py:2585} INFO - Sync 1 DAGs
[2024-09-21T05:12:35.627+0000] {logging_mixin.py:120} INFO - [2024-09-21T05:12:35.627+0000] {dag.py:3340} INFO - Setting next_dagrun for tutorial_taskflow_api to None, run_after=None
[2024-09-21T05:12:35.636+0000] {processor.py:176} INFO - Processing /home/airflow/.local/lib/python3.7/site-packages/airflow/example_dags/tutorial_taskflow_api.py took 0.054 seconds
[2024-09-21T05:13:06.061+0000] {processor.py:154} INFO - Started process (PID=308) to work on /home/airflow/.local/lib/python3.7/site-packages/airflow/example_dags/tutorial_taskflow_api.py
[2024-09-21T05:13:06.062+0000] {processor.py:756} INFO - Processing file /home/airflow/.local/lib/python3.7/site-packages/airflow/example_dags/tutorial_taskflow_api.py for tasks to queue
[2024-09-21T05:13:06.062+0000] {logging_mixin.py:120} INFO - [2024-09-21T05:13:06.062+0000] {dagbag.py:537} INFO - Filling up the DagBag from /home/airflow/.local/lib/python3.7/site-packages/airflow/example_dags/tutorial_taskflow_api.py
[2024-09-21T05:13:06.071+0000] {processor.py:766} INFO - DAG(s) dict_keys(['tutorial_taskflow_api']) retrieved from /home/airflow/.local/lib/python3.7/site-packages/airflow/example_dags/tutorial_taskflow_api.py
[2024-09-21T05:13:06.093+0000] {logging_mixin.py:120} INFO - [2024-09-21T05:13:06.093+0000] {dag.py:2585} INFO - Sync 1 DAGs
[2024-09-21T05:13:06.106+0000] {logging_mixin.py:120} INFO - [2024-09-21T05:13:06.106+0000] {dag.py:3340} INFO - Setting next_dagrun for tutorial_taskflow_api to None, run_after=None
[2024-09-21T05:13:06.116+0000] {processor.py:176} INFO - Processing /home/airflow/.local/lib/python3.7/site-packages/airflow/example_dags/tutorial_taskflow_api.py took 0.056 seconds
[2024-09-21T05:13:36.562+0000] {processor.py:154} INFO - Started process (PID=371) to work on /home/airflow/.local/lib/python3.7/site-packages/airflow/example_dags/tutorial_taskflow_api.py
[2024-09-21T05:13:36.563+0000] {processor.py:756} INFO - Processing file /home/airflow/.local/lib/python3.7/site-packages/airflow/example_dags/tutorial_taskflow_api.py for tasks to queue
[2024-09-21T05:13:36.563+0000] {logging_mixin.py:120} INFO - [2024-09-21T05:13:36.563+0000] {dagbag.py:537} INFO - Filling up the DagBag from /home/airflow/.local/lib/python3.7/site-packages/airflow/example_dags/tutorial_taskflow_api.py
[2024-09-21T05:13:36.574+0000] {processor.py:766} INFO - DAG(s) dict_keys(['tutorial_taskflow_api']) retrieved from /home/airflow/.local/lib/python3.7/site-packages/airflow/example_dags/tutorial_taskflow_api.py
[2024-09-21T05:13:36.594+0000] {logging_mixin.py:120} INFO - [2024-09-21T05:13:36.594+0000] {dag.py:2585} INFO - Sync 1 DAGs
[2024-09-21T05:13:36.608+0000] {logging_mixin.py:120} INFO - [2024-09-21T05:13:36.608+0000] {dag.py:3340} INFO - Setting next_dagrun for tutorial_taskflow_api to None, run_after=None
[2024-09-21T05:13:36.619+0000] {processor.py:176} INFO - Processing /home/airflow/.local/lib/python3.7/site-packages/airflow/example_dags/tutorial_taskflow_api.py took 0.058 seconds
[2024-09-21T05:14:07.089+0000] {processor.py:154} INFO - Started process (PID=425) to work on /home/airflow/.local/lib/python3.7/site-packages/airflow/example_dags/tutorial_taskflow_api.py
[2024-09-21T05:14:07.089+0000] {processor.py:756} INFO - Processing file /home/airflow/.local/lib/python3.7/site-packages/airflow/example_dags/tutorial_taskflow_api.py for tasks to queue
[2024-09-21T05:14:07.089+0000] {logging_mixin.py:120} INFO - [2024-09-21T05:14:07.089+0000] {dagbag.py:537} INFO - Filling up the DagBag from /home/airflow/.local/lib/python3.7/site-packages/airflow/example_dags/tutorial_taskflow_api.py
[2024-09-21T05:14:07.099+0000] {processor.py:766} INFO - DAG(s) dict_keys(['tutorial_taskflow_api']) retrieved from /home/airflow/.local/lib/python3.7/site-packages/airflow/example_dags/tutorial_taskflow_api.py
[2024-09-21T05:14:07.117+0000] {logging_mixin.py:120} INFO - [2024-09-21T05:14:07.117+0000] {dag.py:2585} INFO - Sync 1 DAGs
[2024-09-21T05:14:07.128+0000] {logging_mixin.py:120} INFO - [2024-09-21T05:14:07.128+0000] {dag.py:3340} INFO - Setting next_dagrun for tutorial_taskflow_api to None, run_after=None
[2024-09-21T05:14:07.135+0000] {processor.py:176} INFO - Processing /home/airflow/.local/lib/python3.7/site-packages/airflow/example_dags/tutorial_taskflow_api.py took 0.048 seconds
[2024-09-21T05:14:37.594+0000] {processor.py:154} INFO - Started process (PID=488) to work on /home/airflow/.local/lib/python3.7/site-packages/airflow/example_dags/tutorial_taskflow_api.py
[2024-09-21T05:14:37.595+0000] {processor.py:756} INFO - Processing file /home/airflow/.local/lib/python3.7/site-packages/airflow/example_dags/tutorial_taskflow_api.py for tasks to queue
[2024-09-21T05:14:37.595+0000] {logging_mixin.py:120} INFO - [2024-09-21T05:14:37.595+0000] {dagbag.py:537} INFO - Filling up the DagBag from /home/airflow/.local/lib/python3.7/site-packages/airflow/example_dags/tutorial_taskflow_api.py
[2024-09-21T05:14:37.605+0000] {processor.py:766} INFO - DAG(s) dict_keys(['tutorial_taskflow_api']) retrieved from /home/airflow/.local/lib/python3.7/site-packages/airflow/example_dags/tutorial_taskflow_api.py
[2024-09-21T05:14:37.624+0000] {logging_mixin.py:120} INFO - [2024-09-21T05:14:37.624+0000] {dag.py:2585} INFO - Sync 1 DAGs
[2024-09-21T05:14:37.635+0000] {logging_mixin.py:120} INFO - [2024-09-21T05:14:37.635+0000] {dag.py:3340} INFO - Setting next_dagrun for tutorial_taskflow_api to None, run_after=None
[2024-09-21T05:14:37.646+0000] {processor.py:176} INFO - Processing /home/airflow/.local/lib/python3.7/site-packages/airflow/example_dags/tutorial_taskflow_api.py took 0.054 seconds
[2024-09-21T05:15:08.004+0000] {processor.py:154} INFO - Started process (PID=550) to work on /home/airflow/.local/lib/python3.7/site-packages/airflow/example_dags/tutorial_taskflow_api.py
[2024-09-21T05:15:08.005+0000] {processor.py:756} INFO - Processing file /home/airflow/.local/lib/python3.7/site-packages/airflow/example_dags/tutorial_taskflow_api.py for tasks to queue
[2024-09-21T05:15:08.005+0000] {logging_mixin.py:120} INFO - [2024-09-21T05:15:08.005+0000] {dagbag.py:537} INFO - Filling up the DagBag from /home/airflow/.local/lib/python3.7/site-packages/airflow/example_dags/tutorial_taskflow_api.py
[2024-09-21T05:15:08.014+0000] {processor.py:766} INFO - DAG(s) dict_keys(['tutorial_taskflow_api']) retrieved from /home/airflow/.local/lib/python3.7/site-packages/airflow/example_dags/tutorial_taskflow_api.py
[2024-09-21T05:15:08.032+0000] {logging_mixin.py:120} INFO - [2024-09-21T05:15:08.032+0000] {dag.py:2585} INFO - Sync 1 DAGs
[2024-09-21T05:15:08.043+0000] {logging_mixin.py:120} INFO - [2024-09-21T05:15:08.043+0000] {dag.py:3340} INFO - Setting next_dagrun for tutorial_taskflow_api to None, run_after=None
[2024-09-21T05:15:08.051+0000] {processor.py:176} INFO - Processing /home/airflow/.local/lib/python3.7/site-packages/airflow/example_dags/tutorial_taskflow_api.py took 0.048 seconds
[2024-09-21T05:15:38.410+0000] {processor.py:154} INFO - Started process (PID=613) to work on /home/airflow/.local/lib/python3.7/site-packages/airflow/example_dags/tutorial_taskflow_api.py
[2024-09-21T05:15:38.411+0000] {processor.py:756} INFO - Processing file /home/airflow/.local/lib/python3.7/site-packages/airflow/example_dags/tutorial_taskflow_api.py for tasks to queue
[2024-09-21T05:15:38.411+0000] {logging_mixin.py:120} INFO - [2024-09-21T05:15:38.411+0000] {dagbag.py:537} INFO - Filling up the DagBag from /home/airflow/.local/lib/python3.7/site-packages/airflow/example_dags/tutorial_taskflow_api.py
[2024-09-21T05:15:38.421+0000] {processor.py:766} INFO - DAG(s) dict_keys(['tutorial_taskflow_api']) retrieved from /home/airflow/.local/lib/python3.7/site-packages/airflow/example_dags/tutorial_taskflow_api.py
[2024-09-21T05:15:38.438+0000] {logging_mixin.py:120} INFO - [2024-09-21T05:15:38.438+0000] {dag.py:2585} INFO - Sync 1 DAGs
[2024-09-21T05:15:38.451+0000] {logging_mixin.py:120} INFO - [2024-09-21T05:15:38.451+0000] {dag.py:3340} INFO - Setting next_dagrun for tutorial_taskflow_api to None, run_after=None
[2024-09-21T05:15:38.458+0000] {processor.py:176} INFO - Processing /home/airflow/.local/lib/python3.7/site-packages/airflow/example_dags/tutorial_taskflow_api.py took 0.049 seconds
[2024-09-21T05:16:08.828+0000] {processor.py:154} INFO - Started process (PID=676) to work on /home/airflow/.local/lib/python3.7/site-packages/airflow/example_dags/tutorial_taskflow_api.py
[2024-09-21T05:16:08.832+0000] {processor.py:756} INFO - Processing file /home/airflow/.local/lib/python3.7/site-packages/airflow/example_dags/tutorial_taskflow_api.py for tasks to queue
[2024-09-21T05:16:08.832+0000] {logging_mixin.py:120} INFO - [2024-09-21T05:16:08.832+0000] {dagbag.py:537} INFO - Filling up the DagBag from /home/airflow/.local/lib/python3.7/site-packages/airflow/example_dags/tutorial_taskflow_api.py
[2024-09-21T05:16:08.842+0000] {processor.py:766} INFO - DAG(s) dict_keys(['tutorial_taskflow_api']) retrieved from /home/airflow/.local/lib/python3.7/site-packages/airflow/example_dags/tutorial_taskflow_api.py
[2024-09-21T05:16:08.863+0000] {logging_mixin.py:120} INFO - [2024-09-21T05:16:08.863+0000] {dag.py:2585} INFO - Sync 1 DAGs
[2024-09-21T05:16:08.874+0000] {logging_mixin.py:120} INFO - [2024-09-21T05:16:08.874+0000] {dag.py:3340} INFO - Setting next_dagrun for tutorial_taskflow_api to None, run_after=None
[2024-09-21T05:16:08.882+0000] {processor.py:176} INFO - Processing /home/airflow/.local/lib/python3.7/site-packages/airflow/example_dags/tutorial_taskflow_api.py took 0.055 seconds
[2024-09-21T05:16:39.257+0000] {processor.py:154} INFO - Started process (PID=739) to work on /home/airflow/.local/lib/python3.7/site-packages/airflow/example_dags/tutorial_taskflow_api.py
[2024-09-21T05:16:39.257+0000] {processor.py:756} INFO - Processing file /home/airflow/.local/lib/python3.7/site-packages/airflow/example_dags/tutorial_taskflow_api.py for tasks to queue
[2024-09-21T05:16:39.257+0000] {logging_mixin.py:120} INFO - [2024-09-21T05:16:39.257+0000] {dagbag.py:537} INFO - Filling up the DagBag from /home/airflow/.local/lib/python3.7/site-packages/airflow/example_dags/tutorial_taskflow_api.py
[2024-09-21T05:16:39.266+0000] {processor.py:766} INFO - DAG(s) dict_keys(['tutorial_taskflow_api']) retrieved from /home/airflow/.local/lib/python3.7/site-packages/airflow/example_dags/tutorial_taskflow_api.py
[2024-09-21T05:16:39.285+0000] {logging_mixin.py:120} INFO - [2024-09-21T05:16:39.285+0000] {dag.py:2585} INFO - Sync 1 DAGs
[2024-09-21T05:16:39.297+0000] {logging_mixin.py:120} INFO - [2024-09-21T05:16:39.297+0000] {dag.py:3340} INFO - Setting next_dagrun for tutorial_taskflow_api to None, run_after=None
[2024-09-21T05:16:39.305+0000] {processor.py:176} INFO - Processing /home/airflow/.local/lib/python3.7/site-packages/airflow/example_dags/tutorial_taskflow_api.py took 0.050 seconds
